

Microchip Technology PIC18 LITE Macro Assembler V1.45 build -152302408 
                                                                                               Tue May 22 12:16:51 2018

Microchip Technology Omniscient Code Generator v1.45 (Free mode) build 201711160504
     1                           	processor	18F4550
     2                           	fnconf	rparam,??,?,0
     3                           	opt	pw 120
     4                           	opt	lm
     5                           	psect	idataCOMRAM,global,class=CODE,delta=1,noexec
     6                           	psect	nvCOMRAM,global,class=COMRAM,space=1,delta=1,noexec
     7                           	psect	cinit,global,reloc=2,class=CODE,delta=1
     8                           	psect	dataCOMRAM,global,class=COMRAM,space=1,delta=1,noexec
     9                           	psect	cstackCOMRAM,global,class=COMRAM,space=1,delta=1,noexec
    10                           	psect	text0,global,reloc=2,class=CODE,delta=1
    11                           	psect	intcode,global,reloc=2,class=CODE,delta=1
    12                           	psect	intcode_body,global,reloc=2,class=CODE,delta=1
    13                           	psect	intsave_regs,global,class=BIGRAM,space=1,delta=1,noexec
    14                           	psect	rparam,global,class=COMRAM,space=1,delta=1,noexec
    15                           	psect	temp,global,ovrld,common,class=COMRAM,space=1,delta=1
    16  0000                     
    17                           ; Version 1.45
    18                           ; Generated 16/11/2017 GMT
    19                           ; 
    20                           ; Copyright © 2017, Microchip Technology Inc. and its subsidiaries ("Microchip")
    21                           ; All rights reserved.
    22                           ; 
    23                           ; This software is developed by Microchip Technology Inc. and its subsidiaries ("Microch
      +                          ip").
    24                           ; 
    25                           ; Redistribution and use in source and binary forms, with or without modification, are
    26                           ; permitted provided that the following conditions are met:
    27                           ; 
    28                           ;     1. Redistributions of source code must retain the above copyright notice, this lis
      +                          t of
    29                           ;        conditions and the following disclaimer.
    30                           ; 
    31                           ;     2. Redistributions in binary form must reproduce the above copyright notice, this 
      +                          list
    32                           ;        of conditions and the following disclaimer in the documentation and/or other
    33                           ;        materials provided with the distribution.
    34                           ; 
    35                           ;     3. Microchip's name may not be used to endorse or promote products derived from th
      +                          is
    36                           ;        software without specific prior written permission.
    37                           ; 
    38                           ; THIS SOFTWARE IS PROVIDED BY MICROCHIP "AS IS" AND ANY EXPRESS OR IMPLIED WARRANTIES,
    39                           ; INCLUDING, BUT NOT LIMITED TO, THE IMPLIED WARRANTIES OF MERCHANTABILITY AND FITNESS F
      +                          OR
    40                           ; PURPOSE ARE DISCLAIMED.  IN NO EVENT SHALL MICROCHIP BE LIABLE FOR ANY DIRECT, INDIREC
      +                          T,
    41                           ; INCIDENTAL, SPECIAL, EXEMPLARY, OR CONSEQUENTIAL DAMAGES (INCLUDING BUT NOT LIMITED TO
    42                           ; PROCUREMENT OF SUBSTITUTE GOODS OR SERVICES; LOSS OF USE, DATA OR PROFITS; OR BUSINESS
    43                           ; INTERRUPTION) HOWSOEVER CAUSED AND ON ANY THEORY OF LIABILITY, WHETHER IN CONTRACT, ST
      +                          RICT
    44                           ; LIABILITY, OR TORT (INCLUDING NEGLIGENCE OR OTHERWISE) ARISING IN ANY WAY OUT OF THE U
      +                          SE OF
    45                           ; THIS SOFTWARE, EVEN IF ADVISED OF THE POSSIBILITY OF SUCH DAMAGE.
    46                           ; 
    47                           ; 
    48                           ; Code-generator required, PIC18F4550 Definitions
    49                           ; 
    50                           ; SFR Addresses
    51  0000                     
    52                           	psect	idataCOMRAM
    53  0001A6                     __pidataCOMRAM:
    54                           	opt stack 0
    55                           
    56                           ;initializer for _tblinf
    57  0001A6  00                 	db	0
    58  0001A7  00                 	db	0
    59  0001A8  11                 	db	17
    60  0001A9  01                 	db	1
    61  0001AA  18                 	db	24
    62  0001AB  00                 	db	0
    63  0001AC  00                 	db	0
    64  0001AD  00                 	db	0
    65                           
    66                           ;initializer for _tblsup
    67  0001AE  00                 	db	0
    68  0001AF  00                 	db	0
    69  0001B0  E3                 	db	227
    70  0001B1  CF                 	db	207
    71  0001B2  E3                 	db	227
    72  0001B3  3F                 	db	63
    73  0001B4  00                 	db	0
    74  0001B5  00                 	db	0
    75                           
    76                           	psect	nvCOMRAM
    77  000027                     __pnvCOMRAM:
    78                           	opt stack 0
    79  000027                     _cuenta:
    80                           	opt stack 0
    81  000027                     	ds	1
    82  0000                     _LATCbits	set	3979
    83  0000                     _LATD	set	3980
    84  0000                     _LATB	set	3978
    85  0000                     _INTCON	set	4082
    86  0000                     _T0CON	set	4053
    87  0000                     _TRISC	set	3988
    88  0000                     _TRISB	set	3987
    89  0000                     _TRISD	set	3989
    90  0000                     _TMR0IF	set	32658
    91  0000                     _TMR0IE	set	32661
    92                           
    93                           ; #config settings
    94  0000                     
    95                           	psect	cinit
    96  00017C                     __pcinit:
    97                           	opt stack 0
    98  00017C                     start_initialization:
    99                           	opt stack 0
   100  00017C                     __initialization:
   101                           	opt stack 0
   102                           
   103                           ; Initialize objects allocated to COMRAM (16 bytes)
   104                           ; load TBLPTR registers with __pidataCOMRAM
   105  00017C  0EA6               	movlw	low __pidataCOMRAM
   106  00017E  6EF6               	movwf	tblptrl,c
   107  000180  0E01               	movlw	high __pidataCOMRAM
   108  000182  6EF7               	movwf	tblptrh,c
   109  000184  0E00               	movlw	low (__pidataCOMRAM shr (0+16))
   110  000186  6EF8               	movwf	tblptru,c
   111  000188  EE00  F017         	lfsr	0,__pdataCOMRAM
   112  00018C  EE10 F010          	lfsr	1,16
   113  000190                     copy_data0:
   114  000190  0009               	tblrd		*+
   115  000192  CFF5 FFEE          	movff	tablat,postinc0
   116  000196  50E5               	movf	postdec1,w,c
   117  000198  50E1               	movf	fsr1l,w,c
   118  00019A  E1FA               	bnz	copy_data0
   119  00019C                     end_of_initialization:
   120                           	opt stack 0
   121  00019C                     __end_of__initialization:
   122                           	opt stack 0
   123  00019C  9028               	bcf	int$flags,0,c	;clear compiler interrupt flag (level 1)
   124  00019E  9228               	bcf	int$flags,1,c	;clear compiler interrupt flag (level 2)
   125  0001A0  0100               	movlb	0
   126  0001A2  EFA0  F000         	goto	_main	;jump to C main() function
   127                           tblptru	equ	0xFF8
   128                           tblptrh	equ	0xFF7
   129                           tblptrl	equ	0xFF6
   130                           tablat	equ	0xFF5
   131                           postinc0	equ	0xFEE
   132                           postdec1	equ	0xFE5
   133                           fsr1l	equ	0xFE1
   134                           
   135                           	psect	dataCOMRAM
   136  000017                     __pdataCOMRAM:
   137                           	opt stack 0
   138  000017                     _tblinf:
   139                           	opt stack 0
   140  000017                     	ds	8
   141  00001F                     _tblsup:
   142                           	opt stack 0
   143  00001F                     	ds	8
   144                           tblptru	equ	0xFF8
   145                           tblptrh	equ	0xFF7
   146                           tblptrl	equ	0xFF6
   147                           tablat	equ	0xFF5
   148                           postinc0	equ	0xFEE
   149                           postdec1	equ	0xFE5
   150                           fsr1l	equ	0xFE1
   151                           
   152                           	psect	cstackCOMRAM
   153  000001                     __pcstackCOMRAM:
   154                           	opt stack 0
   155  000001                     ??_pizarro:
   156                           
   157                           ; 1 bytes @ 0x0
   158  000001                     	ds	20
   159  000015                     ??_main:
   160                           
   161                           ; 1 bytes @ 0x14
   162  000015                     	ds	2
   163                           tblptru	equ	0xFF8
   164                           tblptrh	equ	0xFF7
   165                           tblptrl	equ	0xFF6
   166                           tablat	equ	0xFF5
   167                           postinc0	equ	0xFEE
   168                           postdec1	equ	0xFE5
   169                           fsr1l	equ	0xFE1
   170                           
   171 ;;
   172 ;;Main: autosize = 0, tempsize = 2, incstack = 0, save=0
   173 ;;
   174 ;; *************** function _main *****************
   175 ;; Defined at:
   176 ;;		line 22 in file "newmain.c"
   177 ;; Parameters:    Size  Location     Type
   178 ;;		None
   179 ;; Auto vars:     Size  Location     Type
   180 ;;		None
   181 ;; Return value:  Size  Location     Type
   182 ;;                  1    wreg      void 
   183 ;; Registers used:
   184 ;;		wreg, status,2, status,0
   185 ;; Tracked objects:
   186 ;;		On entry : 0/0
   187 ;;		On exit  : 0/0
   188 ;;		Unchanged: 0/0
   189 ;; Data sizes:     COMRAM   BANK0   BANK1   BANK2   BANK3   BANK4   BANK5   BANK6   BANK7
   190 ;;      Params:         0       0       0       0       0       0       0       0       0
   191 ;;      Locals:         0       0       0       0       0       0       0       0       0
   192 ;;      Temps:          2       0       0       0       0       0       0       0       0
   193 ;;      Totals:         2       0       0       0       0       0       0       0       0
   194 ;;Total ram usage:        2 bytes
   195 ;; Hardware stack levels required when called:    1
   196 ;; This function calls:
   197 ;;		Nothing
   198 ;; This function is called by:
   199 ;;		Startup code after reset
   200 ;; This function uses a non-reentrant model
   201 ;;
   202                           
   203                           	psect	text0
   204  000140                     __ptext0:
   205                           	opt stack 0
   206  000140                     _main:
   207                           	opt stack 30
   208                           
   209                           ;newmain.c: 23: TRISD = 0x00;
   210                           
   211                           ;incstack = 0
   212  000140  0E00               	movlw	0
   213  000142  6E95               	movwf	3989,c	;volatile
   214                           
   215                           ;newmain.c: 24: TRISB = 0x00;
   216  000144  0E00               	movlw	0
   217  000146  6E93               	movwf	3987,c	;volatile
   218                           
   219                           ;newmain.c: 25: TRISC = 0xFC;
   220  000148  0EFC               	movlw	252
   221  00014A  6E94               	movwf	3988,c	;volatile
   222                           
   223                           ;newmain.c: 27: T0CON = 0xC7;
   224  00014C  0EC7               	movlw	199
   225  00014E  6ED5               	movwf	4053,c	;volatile
   226                           
   227                           ;newmain.c: 28: INTCON = 0xA0;
   228  000150  0EA0               	movlw	160
   229  000152  6EF2               	movwf	intcon,c	;volatile
   230  000154                     
   231                           ;newmain.c: 32: cuenta = cuenta + 1;
   232  000154  2827               	incf	_cuenta,w,c
   233  000156  6E27               	movwf	_cuenta,c
   234                           
   235                           ;newmain.c: 33: if (cuenta == 8){
   236  000158  0E08               	movlw	8
   237  00015A  1827               	xorwf	_cuenta,w,c
   238  00015C  A4D8               	btfss	status,2,c
   239  00015E  D002               	goto	l34
   240                           
   241                           ;newmain.c: 34: cuenta = 0;
   242  000160  0E00               	movlw	0
   243  000162  6E27               	movwf	_cuenta,c
   244  000164                     l34:
   245                           
   246                           ;newmain.c: 35: }
   247                           ;newmain.c: 36: _delay((unsigned long)((1000)*(48000000UL/4000.0)));
   248  000164  0E3D               	movlw	61
   249  000166  6E16               	movwf	(??_main+1)& (0+255),c
   250  000168  0EE1               	movlw	225
   251  00016A  6E15               	movwf	??_main& (0+255),c
   252  00016C  0E40               	movlw	64
   253  00016E                     u67:
   254  00016E  2EE8               	decfsz	wreg,f,c
   255  000170  D7FE               	bra	u67
   256  000172  2E15               	decfsz	??_main& (0+255),f,c
   257  000174  D7FC               	bra	u67
   258  000176  2E16               	decfsz	(??_main+1)& (0+255),f,c
   259  000178  D7FA               	bra	u67
   260  00017A  D7EC               	goto	l33
   261  00017C                     __end_of_main:
   262                           	opt stack 0
   263                           tblptru	equ	0xFF8
   264                           tblptrh	equ	0xFF7
   265                           tblptrl	equ	0xFF6
   266                           tablat	equ	0xFF5
   267                           intcon	equ	0xFF2
   268                           postinc0	equ	0xFEE
   269                           wreg	equ	0xFE8
   270                           postdec1	equ	0xFE5
   271                           fsr1l	equ	0xFE1
   272                           status	equ	0xFD8
   273                           
   274 ;; *************** function _pizarro *****************
   275 ;; Defined at:
   276 ;;		line 40 in file "newmain.c"
   277 ;; Parameters:    Size  Location     Type
   278 ;;		None
   279 ;; Auto vars:     Size  Location     Type
   280 ;;		None
   281 ;; Return value:  Size  Location     Type
   282 ;;                  1    wreg      void 
   283 ;; Registers used:
   284 ;;		wreg, fsr2l, fsr2h, status,2, status,0, prodl, prodh
   285 ;; Tracked objects:
   286 ;;		On entry : 0/0
   287 ;;		On exit  : 0/0
   288 ;;		Unchanged: 0/0
   289 ;; Data sizes:     COMRAM   BANK0   BANK1   BANK2   BANK3   BANK4   BANK5   BANK6   BANK7
   290 ;;      Params:         0       0       0       0       0       0       0       0       0
   291 ;;      Locals:         0       0       0       0       0       0       0       0       0
   292 ;;      Temps:         20       0       0       0       0       0       0       0       0
   293 ;;      Totals:        20       0       0       0       0       0       0       0       0
   294 ;;Total ram usage:       20 bytes
   295 ;; Hardware stack levels used:    1
   296 ;; This function calls:
   297 ;;		Nothing
   298 ;; This function is called by:
   299 ;;		Interrupt level 2
   300 ;; This function uses a non-reentrant model
   301 ;;
   302                           
   303                           	psect	intcode
   304  000008                     __pintcode:
   305                           	opt stack 0
   306  000008                     _pizarro:
   307                           	opt stack 30
   308                           
   309                           ;incstack = 0
   310  000008  8228               	bsf	btemp,1,c	;set compiler interrupt flag (level 2)
   311  00000A  ED09  F000         	call	int_func,f	;refresh shadow registers
   312                           tblptru	equ	0xFF8
   313                           tblptrh	equ	0xFF7
   314                           tblptrl	equ	0xFF6
   315                           tablat	equ	0xFF5
   316                           intcon	equ	0xFF2
   317                           postinc0	equ	0xFEE
   318                           wreg	equ	0xFE8
   319                           postdec1	equ	0xFE5
   320                           fsr1l	equ	0xFE1
   321                           status	equ	0xFD8
   322                           
   323                           	psect	intcode_body
   324  000012                     __pintcode_body:
   325                           	opt stack 30
   326  000012                     int_func:
   327                           	opt stack 30
   328  000012  0006               	pop		; remove dummy address from shadow register refresh
   329  000014  CFFA F003          	movff	pclath,??_pizarro+2
   330  000018  CFFB F004          	movff	pclatu,??_pizarro+3
   331  00001C  CFE9 F005          	movff	fsr0l,??_pizarro+4
   332  000020  CFEA F006          	movff	fsr0h,??_pizarro+5
   333  000024  CFE1 F007          	movff	fsr1l,??_pizarro+6
   334  000028  CFE2 F008          	movff	fsr1h,??_pizarro+7
   335  00002C  CFD9 F009          	movff	fsr2l,??_pizarro+8
   336  000030  CFDA F00A          	movff	fsr2h,??_pizarro+9
   337  000034  CFF3 F00B          	movff	prodl,??_pizarro+10
   338  000038  CFF4 F00C          	movff	prodh,??_pizarro+11
   339  00003C  CFF6 F00D          	movff	tblptrl,??_pizarro+12
   340  000040  CFF7 F00E          	movff	tblptrh,??_pizarro+13
   341  000044  CFF8 F00F          	movff	tblptru,??_pizarro+14
   342  000048  CFF5 F010          	movff	tablat,??_pizarro+15
   343  00004C  C028  F011         	movff	btemp,??_pizarro+16
   344  000050  C029  F012         	movff	btemp+1,??_pizarro+17
   345  000054  C02A  F013         	movff	btemp+2,??_pizarro+18
   346  000058  C02B  F014         	movff	btemp+3,??_pizarro+19
   347                           
   348                           ;newmain.c: 41: if (TMR0IE && TMR0IF) {
   349  00005C  BAF2               	btfsc	intcon,5,c	;volatile
   350  00005E  A4F2               	btfss	intcon,2,c	;volatile
   351  000060  D049               	goto	i2l733
   352                           
   353                           ;newmain.c: 42: TMR0IF=0;
   354  000062  94F2               	bcf	intcon,2,c	;volatile
   355                           
   356                           ;newmain.c: 43: LATB = tblsup[cuenta];
   357  000064  5027               	movf	_cuenta,w,c
   358  000066  0D01               	mullw	1
   359  000068  0E1F               	movlw	low _tblsup
   360  00006A  24F3               	addwf	prodl,w,c
   361  00006C  6ED9               	movwf	fsr2l,c
   362  00006E  0E00               	movlw	high _tblsup
   363  000070  20F4               	addwfc	prodh,w,c
   364  000072  6EDA               	movwf	fsr2h,c
   365  000074  50DF               	movf	indf2,w,c
   366  000076  6E8A               	movwf	3978,c	;volatile
   367                           
   368                           ;newmain.c: 44: LATD = tblinf[cuenta];
   369  000078  5027               	movf	_cuenta,w,c
   370  00007A  0D01               	mullw	1
   371  00007C  0E17               	movlw	low _tblinf
   372  00007E  24F3               	addwf	prodl,w,c
   373  000080  6ED9               	movwf	fsr2l,c
   374  000082  0E00               	movlw	high _tblinf
   375  000084  20F4               	addwfc	prodh,w,c
   376  000086  6EDA               	movwf	fsr2h,c
   377  000088  50DF               	movf	indf2,w,c
   378  00008A  6E8C               	movwf	3980,c	;volatile
   379                           
   380                           ;newmain.c: 45: LATCbits.LC0 = 0;
   381  00008C  908B               	bcf	3979,0,c	;volatile
   382                           
   383                           ;newmain.c: 46: LATCbits.LC1 = 1;
   384  00008E  828B               	bsf	3979,1,c	;volatile
   385                           
   386                           ;newmain.c: 47: _delay((unsigned long)((5)*(48000000UL/4000.0)));
   387  000090  0E4E               	movlw	78
   388  000092  6E01               	movwf	??_pizarro& (0+255),c
   389  000094  0EEB               	movlw	235
   390  000096                     i2u7_47:
   391  000096  2EE8               	decfsz	wreg,f,c
   392  000098  D7FE               	bra	i2u7_47
   393  00009A  2E01               	decfsz	??_pizarro& (0+255),f,c
   394  00009C  D7FC               	bra	i2u7_47
   395  00009E  F000               	nop	
   396                           
   397                           ;newmain.c: 48: LATB = tblsup[cuenta+1];
   398  0000A0  5027               	movf	_cuenta,w,c
   399  0000A2  6E01               	movwf	??_pizarro& (0+255),c
   400  0000A4  6A02               	clrf	(??_pizarro+1)& (0+255),c
   401  0000A6  0E01               	movlw	1
   402  0000A8  2601               	addwf	??_pizarro,f,c
   403  0000AA  0E00               	movlw	0
   404  0000AC  2202               	addwfc	??_pizarro+1,f,c
   405  0000AE  0E1F               	movlw	low _tblsup
   406  0000B0  2401               	addwf	??_pizarro,w,c
   407  0000B2  6ED9               	movwf	fsr2l,c
   408  0000B4  0E00               	movlw	high _tblsup
   409  0000B6  2002               	addwfc	??_pizarro+1,w,c
   410  0000B8  6EDA               	movwf	fsr2h,c
   411  0000BA  50DF               	movf	indf2,w,c
   412  0000BC  6E8A               	movwf	3978,c	;volatile
   413                           
   414                           ;newmain.c: 49: LATD = tblinf[cuenta+1];
   415  0000BE  5027               	movf	_cuenta,w,c
   416  0000C0  6E01               	movwf	??_pizarro& (0+255),c
   417  0000C2  6A02               	clrf	(??_pizarro+1)& (0+255),c
   418  0000C4  0E01               	movlw	1
   419  0000C6  2601               	addwf	??_pizarro,f,c
   420  0000C8  0E00               	movlw	0
   421  0000CA  2202               	addwfc	??_pizarro+1,f,c
   422  0000CC  0E17               	movlw	low _tblinf
   423  0000CE  2401               	addwf	??_pizarro,w,c
   424  0000D0  6ED9               	movwf	fsr2l,c
   425  0000D2  0E00               	movlw	high _tblinf
   426  0000D4  2002               	addwfc	??_pizarro+1,w,c
   427  0000D6  6EDA               	movwf	fsr2h,c
   428  0000D8  50DF               	movf	indf2,w,c
   429  0000DA  6E8C               	movwf	3980,c	;volatile
   430                           
   431                           ;newmain.c: 50: LATCbits.LC0 = 1;
   432  0000DC  808B               	bsf	3979,0,c	;volatile
   433                           
   434                           ;newmain.c: 51: LATCbits.LC1 = 0;
   435  0000DE  928B               	bcf	3979,1,c	;volatile
   436                           
   437                           ;newmain.c: 52: _delay((unsigned long)((5)*(48000000UL/4000.0)));
   438  0000E0  0E4E               	movlw	78
   439  0000E2  6E01               	movwf	??_pizarro& (0+255),c
   440  0000E4  0EEB               	movlw	235
   441  0000E6                     i2u8_47:
   442  0000E6  2EE8               	decfsz	wreg,f,c
   443  0000E8  D7FE               	bra	i2u8_47
   444  0000EA  2E01               	decfsz	??_pizarro& (0+255),f,c
   445  0000EC  D7FC               	bra	i2u8_47
   446  0000EE  F000               	nop	
   447                           
   448                           ;newmain.c: 53: LATCbits.LC0 = 1;
   449  0000F0  808B               	bsf	3979,0,c	;volatile
   450                           
   451                           ;newmain.c: 54: LATCbits.LC1 = 1;
   452  0000F2  828B               	bsf	3979,1,c	;volatile
   453  0000F4                     i2l733:
   454                           
   455                           ;newmain.c: 55: return;
   456  0000F4  C014  F02B         	movff	??_pizarro+19,btemp+3
   457  0000F8  C013  F02A         	movff	??_pizarro+18,btemp+2
   458  0000FC  C012  F029         	movff	??_pizarro+17,btemp+1
   459  000100  C011  F028         	movff	??_pizarro+16,btemp
   460  000104  C010  FFF5         	movff	??_pizarro+15,tablat
   461  000108  C00F  FFF8         	movff	??_pizarro+14,tblptru
   462  00010C  C00E  FFF7         	movff	??_pizarro+13,tblptrh
   463  000110  C00D  FFF6         	movff	??_pizarro+12,tblptrl
   464  000114  C00C  FFF4         	movff	??_pizarro+11,prodh
   465  000118  C00B  FFF3         	movff	??_pizarro+10,prodl
   466  00011C  C00A  FFDA         	movff	??_pizarro+9,fsr2h
   467  000120  C009  FFD9         	movff	??_pizarro+8,fsr2l
   468  000124  C008  FFE2         	movff	??_pizarro+7,fsr1h
   469  000128  C007  FFE1         	movff	??_pizarro+6,fsr1l
   470  00012C  C006  FFEA         	movff	??_pizarro+5,fsr0h
   471  000130  C005  FFE9         	movff	??_pizarro+4,fsr0l
   472  000134  C004  FFFB         	movff	??_pizarro+3,pclatu
   473  000138  C003  FFFA         	movff	??_pizarro+2,pclath
   474  00013C  9228               	bcf	btemp,1,c	;clear compiler interrupt flag (level 2)
   475  00013E  0011               	retfie		f
   476  000140                     __end_of_pizarro:
   477                           	opt stack 0
   478  0000                     pclatu	equ	0xFFB
   479                           pclath	equ	0xFFA
   480                           tblptru	equ	0xFF8
   481                           tblptrh	equ	0xFF7
   482                           tblptrl	equ	0xFF6
   483                           tablat	equ	0xFF5
   484                           prodh	equ	0xFF4
   485                           prodl	equ	0xFF3
   486                           intcon	equ	0xFF2
   487                           postinc0	equ	0xFEE
   488                           fsr0h	equ	0xFEA
   489                           fsr0l	equ	0xFE9
   490                           wreg	equ	0xFE8
   491                           postdec1	equ	0xFE5
   492                           fsr1h	equ	0xFE2
   493                           fsr1l	equ	0xFE1
   494                           indf2	equ	0xFDF
   495                           fsr2h	equ	0xFDA
   496                           fsr2l	equ	0xFD9
   497                           status	equ	0xFD8
   498                           pclatu	equ	0xFFB
   499                           pclath	equ	0xFFA
   500                           tblptru	equ	0xFF8
   501                           tblptrh	equ	0xFF7
   502                           tblptrl	equ	0xFF6
   503                           tablat	equ	0xFF5
   504                           prodh	equ	0xFF4
   505                           prodl	equ	0xFF3
   506                           intcon	equ	0xFF2
   507                           postinc0	equ	0xFEE
   508                           fsr0h	equ	0xFEA
   509                           fsr0l	equ	0xFE9
   510                           wreg	equ	0xFE8
   511                           postdec1	equ	0xFE5
   512                           fsr1h	equ	0xFE2
   513                           fsr1l	equ	0xFE1
   514                           indf2	equ	0xFDF
   515                           fsr2h	equ	0xFDA
   516                           fsr2l	equ	0xFD9
   517                           status	equ	0xFD8
   518                           
   519                           	psect	rparam
   520  0000                     pclatu	equ	0xFFB
   521                           pclath	equ	0xFFA
   522                           tblptru	equ	0xFF8
   523                           tblptrh	equ	0xFF7
   524                           tblptrl	equ	0xFF6
   525                           tablat	equ	0xFF5
   526                           prodh	equ	0xFF4
   527                           prodl	equ	0xFF3
   528                           intcon	equ	0xFF2
   529                           postinc0	equ	0xFEE
   530                           fsr0h	equ	0xFEA
   531                           fsr0l	equ	0xFE9
   532                           wreg	equ	0xFE8
   533                           postdec1	equ	0xFE5
   534                           fsr1h	equ	0xFE2
   535                           fsr1l	equ	0xFE1
   536                           indf2	equ	0xFDF
   537                           fsr2h	equ	0xFDA
   538                           fsr2l	equ	0xFD9
   539                           status	equ	0xFD8
   540                           
   541                           	psect	temp
   542  000028                     btemp:
   543                           	opt stack 0
   544  000028                     	ds	1
   545  0000                     int$flags	set	btemp
   546  0000                     wtemp6	set	btemp+1
   547                           pclatu	equ	0xFFB
   548                           pclath	equ	0xFFA
   549                           tblptru	equ	0xFF8
   550                           tblptrh	equ	0xFF7
   551                           tblptrl	equ	0xFF6
   552                           tablat	equ	0xFF5
   553                           prodh	equ	0xFF4
   554                           prodl	equ	0xFF3
   555                           intcon	equ	0xFF2
   556                           postinc0	equ	0xFEE
   557                           fsr0h	equ	0xFEA
   558                           fsr0l	equ	0xFE9
   559                           wreg	equ	0xFE8
   560                           postdec1	equ	0xFE5
   561                           fsr1h	equ	0xFE2
   562                           fsr1l	equ	0xFE1
   563                           indf2	equ	0xFDF
   564                           fsr2h	equ	0xFDA
   565                           fsr2l	equ	0xFD9
   566                           status	equ	0xFD8


Data Sizes:
    Strings     0
    Constant    0
    Data        16
    BSS         0
    Persistent  1
    Stack       0

Auto Spaces:
    Space          Size  Autos    Used
    COMRAM           94     22      39
    BANK0           160      0       0
    BANK1           256      0       0
    BANK2           256      0       0
    BANK3           256      0       0
    BANK4           256      0       0
    BANK5           256      0       0
    BANK6           256      0       0
    BANK7           256      0       0

Pointer List with Targets:

    None.

Critical Paths under _main in COMRAM

    None.

Critical Paths under _pizarro in COMRAM

    None.

Critical Paths under _main in BANK0

    None.

Critical Paths under _pizarro in BANK0

    None.

Critical Paths under _main in BANK1

    None.

Critical Paths under _pizarro in BANK1

    None.

Critical Paths under _main in BANK2

    None.

Critical Paths under _pizarro in BANK2

    None.

Critical Paths under _main in BANK3

    None.

Critical Paths under _pizarro in BANK3

    None.

Critical Paths under _main in BANK4

    None.

Critical Paths under _pizarro in BANK4

    None.

Critical Paths under _main in BANK5

    None.

Critical Paths under _pizarro in BANK5

    None.

Critical Paths under _main in BANK6

    None.

Critical Paths under _pizarro in BANK6

    None.

Critical Paths under _main in BANK7

    None.

Critical Paths under _pizarro in BANK7

    None.

Call Graph Tables:

 ---------------------------------------------------------------------------------
 (Depth) Function   	        Calls       Base Space   Used Autos Params    Refs
 ---------------------------------------------------------------------------------
 (0) _main                                                 2     2      0       0
                                             20 COMRAM     2     2      0
 ---------------------------------------------------------------------------------
 Estimated maximum stack depth 0
 ---------------------------------------------------------------------------------
 (Depth) Function   	        Calls       Base Space   Used Autos Params    Refs
 ---------------------------------------------------------------------------------
 (1) _pizarro                                             20    20      0       0
                                              0 COMRAM    20    20      0
 ---------------------------------------------------------------------------------
 Estimated maximum stack depth 1
 ---------------------------------------------------------------------------------

 Call Graph Graphs:

 _main (ROOT)

 _pizarro (ROOT)

 Address spaces:
Name               Size   Autos  Total    Cost      Usage
BIGRAM             7FF      0       0      21        0.0%
EEDATA             100      0       0       0        0.0%
BITBANK7           100      0       0      18        0.0%
BANK7              100      0       0      19        0.0%
BITBANK6           100      0       0      16        0.0%
BANK6              100      0       0      17        0.0%
BITBANK5           100      0       0      14        0.0%
BANK5              100      0       0      15        0.0%
BITBANK4           100      0       0      12        0.0%
BANK4              100      0       0      13        0.0%
BITBANK3           100      0       0      10        0.0%
BANK3              100      0       0      11        0.0%
BITBANK2           100      0       0       8        0.0%
BANK2              100      0       0       9        0.0%
BITBANK1           100      0       0       6        0.0%
BANK1              100      0       0       7        0.0%
BITBANK0            A0      0       0       4        0.0%
BANK0               A0      0       0       5        0.0%
BITCOMRAM           5E      0       0       0        0.0%
COMRAM              5E     16      27       1       41.5%
BITSFR               0      0       0     200        0.0%
SFR                  0      0       0     200        0.0%
STACK                0      0       0       2        0.0%
NULL                 0      0       0       0        0.0%
ABS                  0      0      27      20        0.0%
DATA                 0      0      27       3        0.0%
CODE                 0      0       0       0        0.0%


Microchip Technology PIC18 Macro Assembler V1.45 build -152302408 
Symbol Table                                                                                   Tue May 22 12:16:51 2018

                     l33 0154                       l34 0164                       u67 016E  
     __CFG_FOSC$XTPLL_XT 000000             __CFG_BOR$OFF 000000                      prod 000FF3  
                    wreg 000FE8             __CFG_LVP$OFF 000000             __CFG_WDT$OFF 000000  
                   _LATB 000F8A                     _LATD 000F8C             __CFG_PWRT$ON 000000  
                   _main 0140                     fsr0h 000FEA                     fsr1h 000FE2  
                   fsr2h 000FDA                     fsr0l 000FE9                     indf2 000FDF  
                   fsr1l 000FE1                     fsr2l 000FD9                     btemp 0028  
                   prodh 000FF4                     prodl 000FF3                     start 000E  
          __CFG_MCLRE$ON 000000             ___param_bank 000000            __CFG_PLLDIV$1 000000  
         __CFG_CCP2MX$ON 000000                    ?_main 0001                    _T0CON 000FD5  
                  i2l733 00F4                    _TRISB 000F93                    _TRISC 000F94  
                  _TRISD 000F95                    pclath 000FFA                    tablat 000FF5  
        __end_of_pizarro 0140                    status 000FD8                    wtemp6 0029  
         __CFG_PBADEN$ON 000000          __initialization 017C             __end_of_main 017C  
                 ??_main 0015            __activetblptr 000000                   _INTCON 000FF2  
                 _TMR0IE 007F95                   _TMR0IF 007F92                   i2u7_47 0096  
                 i2u8_47 00E6                   _cuenta 0027                   _tblinf 0017  
                 _tblsup 001F             __pdataCOMRAM 0017                   tblptrh 000FF7  
                 tblptrl 000FF6                   tblptru 000FF8                ??_pizarro 0001  
             __accesstop 0060  __end_of__initialization 019C            ___rparam_used 000001  
         __pcstackCOMRAM 0001               __pnvCOMRAM 0027                  __Hparam 0000  
                __Lparam 0000                  __pcinit 017C                  __ramtop 0800  
                __ptext0 0140                  _pizarro 0008           __pintcode_body 0012  
   end_of_initialization 019C                  int_func 0012                  postdec1 000FE5  
                postinc0 000FEE            __pidataCOMRAM 01A6      start_initialization 017C  
              __pintcode 0008                 ?_pizarro 0001                 _LATCbits 000F8B  
              copy_data0 0190                 __Hrparam 0000                 __Lrparam 0000  
       __size_of_pizarro 0138            __size_of_main 003C                 int$flags 0028  
  __CFG_CPUDIV$OSC1_PLL2 000000                 intlevel2 0000  
