

Microchip MPLAB XC8 Assembler V2.31 build 20201012212115 
                                                                                               Thu Feb 18 10:26:25 2021

Microchip MPLAB XC8 C Compiler v2.31 (Free license) build 20201012212115 Og1 
     1                           	processor	18F4550
     2                           	fnconf	rparam,??,?,0
     3                           	pagewidth 120
     4                           	opt	flic
     5                           	psect	idataCOMRAM,global,class=CODE,delta=1,noexec
     6                           	psect	cinit,global,reloc=2,class=CODE,delta=1
     7                           	psect	bssCOMRAM,global,class=COMRAM,space=1,delta=1,lowdata,noexec
     8                           	psect	dataCOMRAM,global,class=COMRAM,space=1,delta=1,lowdata,noexec
     9                           	psect	cstackCOMRAM,global,class=COMRAM,space=1,delta=1,lowdata,noexec
    10                           	psect	text0,global,reloc=2,class=CODE,delta=1
    11                           	psect	text1,global,reloc=2,class=CODE,delta=1
    12                           	psect	text2,global,reloc=2,class=CODE,delta=1
    13                           	psect	intsave_regs,global,class=BIGRAM,space=1,delta=1,noexec
    14                           	psect	rparam,global,class=COMRAM,space=1,delta=1,noexec
    15                           	psect	idloc,global,abs,ovrld,class=IDLOC,space=5,delta=1,noexec
    16                           	psect	config,global,abs,ovrld,class=CONFIG,space=4,delta=1,noexec
    17  0000                     
    18                           ; Version 2.20
    19                           ; Generated 12/02/2020 GMT
    20                           ; 
    21                           ; Copyright © 2020, Microchip Technology Inc. and its subsidiaries ("Microchip")
    22                           ; All rights reserved.
    23                           ; 
    24                           ; This software is developed by Microchip Technology Inc. and its subsidiaries ("Microch
      +                          ip").
    25                           ; 
    26                           ; Redistribution and use in source and binary forms, with or without modification, are
    27                           ; permitted provided that the following conditions are met:
    28                           ; 
    29                           ;     1. Redistributions of source code must retain the above copyright notice, this lis
      +                          t of
    30                           ;        conditions and the following disclaimer.
    31                           ; 
    32                           ;     2. Redistributions in binary form must reproduce the above copyright notice, this 
      +                          list
    33                           ;        of conditions and the following disclaimer in the documentation and/or other
    34                           ;        materials provided with the distribution.
    35                           ; 
    36                           ;     3. Microchip's name may not be used to endorse or promote products derived from th
      +                          is
    37                           ;        software without specific prior written permission.
    38                           ; 
    39                           ; THIS SOFTWARE IS PROVIDED BY MICROCHIP "AS IS" AND ANY EXPRESS OR IMPLIED WARRANTIES,
    40                           ; INCLUDING, BUT NOT LIMITED TO, THE IMPLIED WARRANTIES OF MERCHANTABILITY AND FITNESS F
      +                          OR
    41                           ; PURPOSE ARE DISCLAIMED.  IN NO EVENT SHALL MICROCHIP BE LIABLE FOR ANY DIRECT, INDIREC
      +                          T,
    42                           ; INCIDENTAL, SPECIAL, EXEMPLARY, OR CONSEQUENTIAL DAMAGES (INCLUDING BUT NOT LIMITED TO
    43                           ; PROCUREMENT OF SUBSTITUTE GOODS OR SERVICES; LOSS OF USE, DATA OR PROFITS; OR BUSINESS
    44                           ; INTERRUPTION) HOWSOEVER CAUSED AND ON ANY THEORY OF LIABILITY, WHETHER IN CONTRACT, ST
      +                          RICT
    45                           ; LIABILITY, OR TORT (INCLUDING NEGLIGENCE OR OTHERWISE) ARISING IN ANY WAY OUT OF THE U
      +                          SE OF
    46                           ; THIS SOFTWARE, EVEN IF ADVISED OF THE POSSIBILITY OF SUCH DAMAGE.
    47                           ; 
    48                           ; 
    49                           ; Code-generator required, PIC18F4550 Definitions
    50                           ; 
    51                           ; SFR Addresses
    52  0000                     
    53                           	psect	idataCOMRAM
    54  007E7C                     __pidataCOMRAM:
    55                           	callstack 0
    56                           
    57                           ;initializer for _msg
    58  007E7C  20                 	db	32
    59  007E7D  20                 	db	32
    60  007E7E  20                 	db	32
    61  007E7F  20                 	db	32
    62  007E80  20                 	db	32
    63  007E81  20                 	db	32
    64  007E82  20                 	db	32
    65  007E83  20                 	db	32
    66  007E84  4D                 	db	77
    67  007E85  49                 	db	73
    68  007E86  20                 	db	32
    69  007E87  4E                 	db	78
    70  007E88  4F                 	db	79
    71  007E89  4D                 	db	77
    72  007E8A  42                 	db	66
    73  007E8B  52                 	db	82
    74  007E8C  45                 	db	69
    75  007E8D  20                 	db	32
    76  007E8E  45                 	db	69
    77  007E8F  53                 	db	83
    78  007E90  20                 	db	32
    79  007E91  4B                 	db	75
    80  007E92  41                 	db	65
    81  007E93  4C                 	db	76
    82  007E94  55                 	db	85
    83  007E95  4E                 	db	78
    84  007E96  20                 	db	32
    85  007E97  4A                 	db	74
    86  007E98  4F                 	db	79
    87  007E99  53                 	db	83
    88  007E9A  45                 	db	69
    89  007E9B  20                 	db	32
    90  007E9C  4C                 	db	76
    91  007E9D  41                 	db	65
    92  007E9E  55                 	db	85
    93  007E9F  20                 	db	32
    94  007EA0  47                 	db	71
    95  007EA1  41                 	db	65
    96  007EA2  4E                 	db	78
    97  007EA3  20                 	db	32
    98  007EA4  59                 	db	89
    99  007EA5  20                 	db	32
   100  007EA6  53                 	db	83
   101  007EA7  4F                 	db	79
   102  007EA8  59                 	db	89
   103  007EA9  20                 	db	32
   104  007EAA  55                 	db	85
   105  007EAB  50                 	db	80
   106  007EAC  43                 	db	67
   107  007EAD  49                 	db	73
   108  007EAE  4E                 	db	78
   109  007EAF  4F                 	db	79
   110  007EB0  20                 	db	32
   111  007EB1  20                 	db	32
   112  007EB2  20                 	db	32
   113  007EB3  20                 	db	32
   114  007EB4  20                 	db	32
   115  007EB5  20                 	db	32
   116  007EB6  20                 	db	32
   117  007EB7  00                 	db	0
   118                           
   119                           ;initializer for _romcharacter
   120  007EB8  5F                 	db	95
   121  007EB9  7C                 	db	124
   122  007EBA  58                 	db	88
   123  007EBB  5E                 	db	94
   124  007EBC  79                 	db	121
   125  007EBD  71                 	db	113
   126  007EBE  3D                 	db	61
   127  007EBF  74                 	db	116
   128  007EC0  11                 	db	17
   129  007EC1  0D                 	db	13
   130  007EC2  75                 	db	117
   131  007EC3  38                 	db	56
   132  007EC4  55                 	db	85
   133  007EC5  54                 	db	84
   134  007EC6  5C                 	db	92
   135  007EC7  73                 	db	115
   136  007EC8  67                 	db	103
   137  007EC9  50                 	db	80
   138  007ECA  6D                 	db	109
   139  007ECB  78                 	db	120
   140  007ECC  1C                 	db	28
   141  007ECD  2A                 	db	42
   142  007ECE  6A                 	db	106
   143  007ECF  14                 	db	20
   144  007ED0  6E                 	db	110
   145  007ED1  1B                 	db	27
   146  0000                     _SSPSTATbits	set	4039
   147  0000                     _SSPBUF	set	4041
   148  0000                     _SSPCON2bits	set	4037
   149  0000                     _SSPADD	set	4040
   150  0000                     _SSPCON1bits	set	4038
   151                           
   152                           ; #config settings
   153                           
   154                           	psect	cinit
   155  007E54                     __pcinit:
   156                           	callstack 0
   157  007E54                     start_initialization:
   158                           	callstack 0
   159  007E54                     __initialization:
   160                           	callstack 0
   161                           
   162                           ; Initialize objects allocated to COMRAM (86 bytes)
   163                           ; load TBLPTR registers with __pidataCOMRAM
   164  007E54  0E7C               	movlw	low __pidataCOMRAM
   165  007E56  6EF6               	movwf	tblptrl,c
   166  007E58  0E7E               	movlw	high __pidataCOMRAM
   167  007E5A  6EF7               	movwf	tblptrh,c
   168  007E5C  0E00               	movlw	low (__pidataCOMRAM shr (0+16))
   169  007E5E  6EF8               	movwf	tblptru,c
   170  007E60  EE00  F001         	lfsr	0,__pdataCOMRAM
   171  007E64  EE10 F056          	lfsr	1,86
   172  007E68                     copy_data0:
   173  007E68  0009               	tblrd		*+
   174  007E6A  CFF5 FFEE          	movff	tablat,postinc0
   175  007E6E  50E5               	movf	postdec1,w,c
   176  007E70  50E1               	movf	fsr1l,w,c
   177  007E72  E1FA               	bnz	copy_data0
   178                           
   179                           ; Clear objects allocated to COMRAM (1 bytes)
   180  007E74  6A5F               	clrf	__pbssCOMRAM& (0+255),c
   181  007E76                     end_of_initialization:
   182                           	callstack 0
   183  007E76                     __end_of__initialization:
   184                           	callstack 0
   185  007E76  0100               	movlb	0
   186  007E78  EF9E  F03F         	goto	_main	;jump to C main() function
   187                           
   188                           	psect	bssCOMRAM
   189  00005F                     __pbssCOMRAM:
   190                           	callstack 0
   191  00005F                     _temporal:
   192                           	callstack 0
   193  00005F                     	ds	1
   194                           
   195                           	psect	dataCOMRAM
   196  000001                     __pdataCOMRAM:
   197                           	callstack 0
   198  000001                     _msg:
   199                           	callstack 0
   200  000001                     	ds	60
   201  00003D                     _romcharacter:
   202                           	callstack 0
   203  00003D                     	ds	26
   204                           
   205                           	psect	cstackCOMRAM
   206  000057                     __pcstackCOMRAM:
   207                           	callstack 0
   208  000057                     pcf8574_escribir@disp:
   209                           	callstack 0
   210                           
   211                           ; 1 bytes @ 0x0
   212  000057                     	ds	1
   213  000058                     pcf8574_escribir@dato:
   214                           	callstack 0
   215                           
   216                           ; 1 bytes @ 0x1
   217  000058                     	ds	1
   218  000059                     ??_main:
   219                           
   220                           ; 1 bytes @ 0x2
   221  000059                     	ds	4
   222  00005D                     main@i:
   223                           	callstack 0
   224                           
   225                           ; 1 bytes @ 0x6
   226  00005D                     	ds	1
   227  00005E                     main@disp:
   228                           	callstack 0
   229                           
   230                           ; 1 bytes @ 0x7
   231  00005E                     	ds	1
   232                           
   233 ;;
   234 ;;Main: autosize = 0, tempsize = 4, incstack = 0, save=0
   235 ;;
   236 ;; *************** function _main *****************
   237 ;; Defined at:
   238 ;;		line 43 in file "maincode4.c"
   239 ;; Parameters:    Size  Location     Type
   240 ;;		None
   241 ;; Auto vars:     Size  Location     Type
   242 ;;  disp            1    7[COMRAM] unsigned char 
   243 ;;  i               1    6[COMRAM] unsigned char 
   244 ;; Return value:  Size  Location     Type
   245 ;;                  1    wreg      void 
   246 ;; Registers used:
   247 ;;		wreg, fsr2l, fsr2h, status,2, status,0, prodl, prodh, cstack
   248 ;; Tracked objects:
   249 ;;		On entry : 0/0
   250 ;;		On exit  : 0/0
   251 ;;		Unchanged: 0/0
   252 ;; Data sizes:     COMRAM   BANK0   BANK1   BANK2   BANK3   BANK4   BANK5   BANK6   BANK7
   253 ;;      Params:         0       0       0       0       0       0       0       0       0
   254 ;;      Locals:         2       0       0       0       0       0       0       0       0
   255 ;;      Temps:          4       0       0       0       0       0       0       0       0
   256 ;;      Totals:         6       0       0       0       0       0       0       0       0
   257 ;;Total ram usage:        6 bytes
   258 ;; Hardware stack levels required when called:    1
   259 ;; This function calls:
   260 ;;		_init_config
   261 ;;		_pcf8574_escribir
   262 ;; This function is called by:
   263 ;;		Startup code after reset
   264 ;; This function uses a non-reentrant model
   265 ;;
   266                           
   267                           	psect	text0
   268  007F3C                     __ptext0:
   269                           	callstack 0
   270  007F3C                     _main:
   271                           	callstack 30
   272  007F3C                     
   273                           ;maincode4.c: 44:     init_config();
   274  007F3C  EC22  F03F         	call	_init_config	;wreg free
   275  007F40                     l774:
   276                           
   277                           ;maincode4.c: 46:         for (unsigned char i=0;i<64;i++){
   278  007F40  0E00               	movlw	0
   279  007F42  6E5D               	movwf	main@i^0,c
   280  007F44                     l780:
   281                           
   282                           ;maincode4.c: 47:             for (unsigned char disp=0;disp<8;disp++){
   283  007F44  0E00               	movlw	0
   284  007F46  6E5E               	movwf	main@disp^0,c
   285  007F48                     l786:
   286                           
   287                           ;maincode4.c: 48:                 if (msg[i+disp] == 0x20){
   288  007F48  0E01               	movlw	low _msg
   289  007F4A  6E59               	movwf	??_main^0,c
   290  007F4C  0E00               	movlw	high _msg
   291  007F4E  6E5A               	movwf	(??_main+1)^0,c
   292  007F50  505D               	movf	main@i^0,w,c
   293  007F52  2659               	addwf	??_main^0,f,c
   294  007F54  0E00               	movlw	0
   295  007F56  225A               	addwfc	(??_main+1)^0,f,c
   296  007F58  505E               	movf	main@disp^0,w,c
   297  007F5A  2459               	addwf	??_main^0,w,c
   298  007F5C  6ED9               	movwf	fsr2l,c
   299  007F5E  0E00               	movlw	0
   300  007F60  205A               	addwfc	(??_main+1)^0,w,c
   301  007F62  6EDA               	movwf	fsr2h,c
   302  007F64  0E20               	movlw	32
   303  007F66  18DE               	xorwf	postinc2,w,c
   304  007F68  A4D8               	btfss	status,2,c
   305  007F6A  EFB9  F03F         	goto	u161
   306  007F6E  EFBB  F03F         	goto	u160
   307  007F72                     u161:
   308  007F72  EFC2  F03F         	goto	l790
   309  007F76                     u160:
   310  007F76                     
   311                           ;maincode4.c: 49:                     pcf8574_escribir(0x00, disp);
   312  007F76  C05E  F057         	movff	main@disp,pcf8574_escribir@disp
   313  007F7A  0E00               	movlw	0
   314  007F7C  EC69  F03F         	call	_pcf8574_escribir
   315                           
   316                           ;maincode4.c: 50:                 }
   317  007F80  EFDE  F03F         	goto	l792
   318  007F84                     l790:
   319                           
   320                           ;maincode4.c: 52:                     pcf8574_escribir(romcharacter[(msg[i+disp]-0x41)],
      +                           disp);
   321  007F84  C05E  F057         	movff	main@disp,pcf8574_escribir@disp
   322  007F88  0E01               	movlw	low _msg
   323  007F8A  6E59               	movwf	??_main^0,c
   324  007F8C  0E00               	movlw	high _msg
   325  007F8E  6E5A               	movwf	(??_main+1)^0,c
   326  007F90  505D               	movf	main@i^0,w,c
   327  007F92  2659               	addwf	??_main^0,f,c
   328  007F94  0E00               	movlw	0
   329  007F96  225A               	addwfc	(??_main+1)^0,f,c
   330  007F98  505E               	movf	main@disp^0,w,c
   331  007F9A  2459               	addwf	??_main^0,w,c
   332  007F9C  6ED9               	movwf	fsr2l,c
   333  007F9E  0E00               	movlw	0
   334  007FA0  205A               	addwfc	(??_main+1)^0,w,c
   335  007FA2  6EDA               	movwf	fsr2h,c
   336  007FA4  50DF               	movf	indf2,w,c
   337  007FA6  6E5B               	movwf	(??_main+2)^0,c
   338  007FA8  6A5C               	clrf	(??_main+3)^0,c
   339  007FAA  0EFC               	movlw	low (_romcharacter+65471)
   340  007FAC  245B               	addwf	(??_main+2)^0,w,c
   341  007FAE  6ED9               	movwf	fsr2l,c
   342  007FB0  0EFF               	movlw	high (_romcharacter+65471)
   343  007FB2  205C               	addwfc	(??_main+3)^0,w,c
   344  007FB4  6EDA               	movwf	fsr2h,c
   345  007FB6  50DF               	movf	indf2,w,c
   346  007FB8  EC69  F03F         	call	_pcf8574_escribir
   347  007FBC                     l792:
   348                           
   349                           ;maincode4.c: 54:             }
   350  007FBC  2A5E               	incf	main@disp^0,f,c
   351  007FBE  0E07               	movlw	7
   352  007FC0  645E               	cpfsgt	main@disp^0,c
   353  007FC2  EFE5  F03F         	goto	u171
   354  007FC6  EFE7  F03F         	goto	u170
   355  007FCA                     u171:
   356  007FCA  EFA4  F03F         	goto	l786
   357  007FCE                     u170:
   358  007FCE                     
   359                           ;maincode4.c: 55:             _delay((unsigned long)((150)*(48000000UL/4000.0)));
   360  007FCE  0E0A               	movlw	10
   361  007FD0  6E5A               	movwf	(??_main+1)^0,c
   362  007FD2  0E22               	movlw	34
   363  007FD4  6E59               	movwf	??_main^0,c
   364  007FD6  0EA1               	movlw	161
   365  007FD8                     u197:
   366  007FD8  2EE8               	decfsz	wreg,f,c
   367  007FDA  D7FE               	bra	u197
   368  007FDC  2E59               	decfsz	??_main^0,f,c
   369  007FDE  D7FC               	bra	u197
   370  007FE0  2E5A               	decfsz	(??_main+1)^0,f,c
   371  007FE2  D7FA               	bra	u197
   372  007FE4  F000               	nop	
   373  007FE6                     
   374                           ;maincode4.c: 56:         }
   375  007FE6  2A5D               	incf	main@i^0,f,c
   376  007FE8  0E3F               	movlw	63
   377  007FEA  645D               	cpfsgt	main@i^0,c
   378  007FEC  EFFA  F03F         	goto	u181
   379  007FF0  EFFC  F03F         	goto	u180
   380  007FF4                     u181:
   381  007FF4  EFA2  F03F         	goto	l780
   382  007FF8                     u180:
   383  007FF8  EFA0  F03F         	goto	l774
   384  007FFC  EF00  F000         	goto	start
   385  008000                     __end_of_main:
   386                           	callstack 0
   387                           
   388 ;; *************** function _pcf8574_escribir *****************
   389 ;; Defined at:
   390 ;;		line 30 in file "maincode4.c"
   391 ;; Parameters:    Size  Location     Type
   392 ;;  dato            1    wreg     unsigned char 
   393 ;;  disp            1    0[COMRAM] unsigned char 
   394 ;; Auto vars:     Size  Location     Type
   395 ;;  dato            1    1[COMRAM] unsigned char 
   396 ;; Return value:  Size  Location     Type
   397 ;;                  1    wreg      void 
   398 ;; Registers used:
   399 ;;		wreg, status,2, status,0, prodl, prodh
   400 ;; Tracked objects:
   401 ;;		On entry : 0/0
   402 ;;		On exit  : 0/0
   403 ;;		Unchanged: 0/0
   404 ;; Data sizes:     COMRAM   BANK0   BANK1   BANK2   BANK3   BANK4   BANK5   BANK6   BANK7
   405 ;;      Params:         1       0       0       0       0       0       0       0       0
   406 ;;      Locals:         1       0       0       0       0       0       0       0       0
   407 ;;      Temps:          0       0       0       0       0       0       0       0       0
   408 ;;      Totals:         2       0       0       0       0       0       0       0       0
   409 ;;Total ram usage:        2 bytes
   410 ;; Hardware stack levels used:    1
   411 ;; This function calls:
   412 ;;		Nothing
   413 ;; This function is called by:
   414 ;;		_main
   415 ;; This function uses a non-reentrant model
   416 ;;
   417                           
   418                           	psect	text1
   419  007ED2                     __ptext1:
   420                           	callstack 0
   421  007ED2                     _pcf8574_escribir:
   422                           	callstack 30
   423                           
   424                           ;incstack = 0
   425                           ;pcf8574_escribir@dato stored from wreg
   426  007ED2  6E58               	movwf	pcf8574_escribir@dato^0,c
   427  007ED4                     
   428                           ;maincode4.c: 31:     SSPCON2bits.SEN = 1;
   429  007ED4  80C5               	bsf	197,0,c	;volatile
   430  007ED6                     l24:
   431  007ED6  B0C5               	btfsc	197,0,c	;volatile
   432  007ED8  EF70  F03F         	goto	u101
   433  007EDC  EF72  F03F         	goto	u100
   434  007EE0                     u101:
   435  007EE0  EF6B  F03F         	goto	l24
   436  007EE4                     u100:
   437  007EE4                     
   438                           ;maincode4.c: 33:     SSPBUF = (0x40 + (disp*2));
   439  007EE4  5057               	movf	pcf8574_escribir@disp^0,w,c
   440  007EE6  0D02               	mullw	2
   441  007EE8  50F3               	movf	243,w,c
   442  007EEA  0F40               	addlw	64
   443  007EEC  6EC9               	movwf	201,c	;volatile
   444  007EEE                     l27:
   445  007EEE  B0C7               	btfsc	199,0,c	;volatile
   446  007EF0  EF7C  F03F         	goto	u111
   447  007EF4  EF7E  F03F         	goto	u110
   448  007EF8                     u111:
   449  007EF8  EF77  F03F         	goto	l27
   450  007EFC                     u110:
   451  007EFC                     l30:
   452  007EFC  B4C7               	btfsc	199,2,c	;volatile
   453  007EFE  EF83  F03F         	goto	u121
   454  007F02  EF85  F03F         	goto	u120
   455  007F06                     u121:
   456  007F06  EF7E  F03F         	goto	l30
   457  007F0A                     u120:
   458  007F0A                     
   459                           ;maincode4.c: 36:     SSPBUF = dato;
   460  007F0A  C058  FFC9         	movff	pcf8574_escribir@dato,4041	;volatile
   461  007F0E                     l33:
   462  007F0E  B0C7               	btfsc	199,0,c	;volatile
   463  007F10  EF8C  F03F         	goto	u131
   464  007F14  EF8E  F03F         	goto	u130
   465  007F18                     u131:
   466  007F18  EF87  F03F         	goto	l33
   467  007F1C                     u130:
   468  007F1C                     l36:
   469  007F1C  B4C7               	btfsc	199,2,c	;volatile
   470  007F1E  EF93  F03F         	goto	u141
   471  007F22  EF95  F03F         	goto	u140
   472  007F26                     u141:
   473  007F26  EF8E  F03F         	goto	l36
   474  007F2A                     u140:
   475  007F2A                     
   476                           ;maincode4.c: 39:     SSPCON2bits.PEN = 1;
   477  007F2A  84C5               	bsf	197,2,c	;volatile
   478  007F2C                     l39:
   479  007F2C  B4C5               	btfsc	197,2,c	;volatile
   480  007F2E  EF9B  F03F         	goto	u151
   481  007F32  EF9D  F03F         	goto	u150
   482  007F36                     u151:
   483  007F36  EF96  F03F         	goto	l39
   484  007F3A                     u150:
   485  007F3A  0012               	return		;funcret
   486  007F3C                     __end_of_pcf8574_escribir:
   487                           	callstack 0
   488                           
   489 ;; *************** function _init_config *****************
   490 ;; Defined at:
   491 ;;		line 21 in file "maincode4.c"
   492 ;; Parameters:    Size  Location     Type
   493 ;;		None
   494 ;; Auto vars:     Size  Location     Type
   495 ;;		None
   496 ;; Return value:  Size  Location     Type
   497 ;;                  1    wreg      void 
   498 ;; Registers used:
   499 ;;		wreg, status,2
   500 ;; Tracked objects:
   501 ;;		On entry : 0/0
   502 ;;		On exit  : 0/0
   503 ;;		Unchanged: 0/0
   504 ;; Data sizes:     COMRAM   BANK0   BANK1   BANK2   BANK3   BANK4   BANK5   BANK6   BANK7
   505 ;;      Params:         0       0       0       0       0       0       0       0       0
   506 ;;      Locals:         0       0       0       0       0       0       0       0       0
   507 ;;      Temps:          0       0       0       0       0       0       0       0       0
   508 ;;      Totals:         0       0       0       0       0       0       0       0       0
   509 ;;Total ram usage:        0 bytes
   510 ;; Hardware stack levels used:    1
   511 ;; This function calls:
   512 ;;		Nothing
   513 ;; This function is called by:
   514 ;;		_main
   515 ;; This function uses a non-reentrant model
   516 ;;
   517                           
   518                           	psect	text2
   519  007E44                     __ptext2:
   520                           	callstack 0
   521  007E44                     _init_config:
   522                           	callstack 30
   523  007E44                     
   524                           ;maincode4.c: 22:     SSPCON1bits.SSPEN = 1;
   525  007E44  8AC6               	bsf	198,5,c	;volatile
   526                           
   527                           ;maincode4.c: 23:     SSPCON1bits.SSPM3 = 1;
   528  007E46  86C6               	bsf	198,3,c	;volatile
   529                           
   530                           ;maincode4.c: 24:     SSPCON1bits.SSPM2 = 0;
   531  007E48  94C6               	bcf	198,2,c	;volatile
   532                           
   533                           ;maincode4.c: 25:     SSPCON1bits.SSPM1 = 0;
   534  007E4A  92C6               	bcf	198,1,c	;volatile
   535                           
   536                           ;maincode4.c: 26:     SSPCON1bits.SSPM0 = 0;
   537  007E4C  90C6               	bcf	198,0,c	;volatile
   538  007E4E                     
   539                           ;maincode4.c: 27:     SSPADD = 119;
   540  007E4E  0E77               	movlw	119
   541  007E50  6EC8               	movwf	200,c	;volatile
   542  007E52  0012               	return		;funcret
   543  007E54                     __end_of_init_config:
   544                           	callstack 0
   545  0000                     
   546                           	psect	rparam
   547  0000                     
   548                           	psect	idloc
   549                           
   550                           ;Config register IDLOC0 @ 0x200000
   551                           ;	unspecified, using default values
   552  200000                     	org	2097152
   553  200000  FF                 	db	255
   554                           
   555                           ;Config register IDLOC1 @ 0x200001
   556                           ;	unspecified, using default values
   557  200001                     	org	2097153
   558  200001  FF                 	db	255
   559                           
   560                           ;Config register IDLOC2 @ 0x200002
   561                           ;	unspecified, using default values
   562  200002                     	org	2097154
   563  200002  FF                 	db	255
   564                           
   565                           ;Config register IDLOC3 @ 0x200003
   566                           ;	unspecified, using default values
   567  200003                     	org	2097155
   568  200003  FF                 	db	255
   569                           
   570                           ;Config register IDLOC4 @ 0x200004
   571                           ;	unspecified, using default values
   572  200004                     	org	2097156
   573  200004  FF                 	db	255
   574                           
   575                           ;Config register IDLOC5 @ 0x200005
   576                           ;	unspecified, using default values
   577  200005                     	org	2097157
   578  200005  FF                 	db	255
   579                           
   580                           ;Config register IDLOC6 @ 0x200006
   581                           ;	unspecified, using default values
   582  200006                     	org	2097158
   583  200006  FF                 	db	255
   584                           
   585                           ;Config register IDLOC7 @ 0x200007
   586                           ;	unspecified, using default values
   587  200007                     	org	2097159
   588  200007  FF                 	db	255
   589                           
   590                           	psect	config
   591                           
   592                           ;Config register CONFIG1L @ 0x300000
   593                           ;	PLL Prescaler Selection bits
   594                           ;	PLLDIV = 1, No prescale (4 MHz oscillator input drives PLL directly)
   595                           ;	System Clock Postscaler Selection bits
   596                           ;	CPUDIV = OSC1_PLL2, [Primary Oscillator Src: /1][96 MHz PLL Src: /2]
   597                           ;	USB Clock Selection bit (used in Full-Speed USB mode only; UCFG:FSEN = 1)
   598                           ;	USBDIV = 0x0, unprogrammed default
   599  300000                     	org	3145728
   600  300000  00                 	db	0
   601                           
   602                           ;Config register CONFIG1H @ 0x300001
   603                           ;	Oscillator Selection bits
   604                           ;	FOSC = XTPLL_XT, XT oscillator, PLL enabled (XTPLL)
   605                           ;	Fail-Safe Clock Monitor Enable bit
   606                           ;	FCMEN = 0x0, unprogrammed default
   607                           ;	Internal/External Oscillator Switchover bit
   608                           ;	IESO = 0x0, unprogrammed default
   609  300001                     	org	3145729
   610  300001  02                 	db	2
   611                           
   612                           ;Config register CONFIG2L @ 0x300002
   613                           ;	Power-up Timer Enable bit
   614                           ;	PWRT = ON, PWRT enabled
   615                           ;	Brown-out Reset Enable bits
   616                           ;	BOR = OFF, Brown-out Reset disabled in hardware and software
   617                           ;	Brown-out Reset Voltage bits
   618                           ;	BORV = 0x3, unprogrammed default
   619                           ;	USB Voltage Regulator Enable bit
   620                           ;	VREGEN = 0x0, unprogrammed default
   621  300002                     	org	3145730
   622  300002  18                 	db	24
   623                           
   624                           ;Config register CONFIG2H @ 0x300003
   625                           ;	Watchdog Timer Enable bit
   626                           ;	WDT = OFF, WDT disabled (control is placed on the SWDTEN bit)
   627                           ;	Watchdog Timer Postscale Select bits
   628                           ;	WDTPS = 0xF, unprogrammed default
   629  300003                     	org	3145731
   630  300003  1E                 	db	30
   631                           
   632                           ; Padding undefined space
   633  300004                     	org	3145732
   634  300004  FF                 	db	255
   635                           
   636                           ;Config register CONFIG3H @ 0x300005
   637                           ;	CCP2 MUX bit
   638                           ;	CCP2MX = OFF, CCP2 input/output is multiplexed with RB3
   639                           ;	PORTB A/D Enable bit
   640                           ;	PBADEN = OFF, PORTB<4:0> pins are configured as digital I/O on Reset
   641                           ;	Low-Power Timer 1 Oscillator Enable bit
   642                           ;	LPT1OSC = 0x0, unprogrammed default
   643                           ;	MCLR Pin Enable bit
   644                           ;	MCLRE = ON, MCLR pin enabled; RE3 input pin disabled
   645  300005                     	org	3145733
   646  300005  80                 	db	128
   647                           
   648                           ;Config register CONFIG4L @ 0x300006
   649                           ;	Stack Full/Underflow Reset Enable bit
   650                           ;	STVREN = 0x1, unprogrammed default
   651                           ;	Single-Supply ICSP Enable bit
   652                           ;	LVP = OFF, Single-Supply ICSP disabled
   653                           ;	Dedicated In-Circuit Debug/Programming Port (ICPORT) Enable bit
   654                           ;	ICPRT = 0x0, unprogrammed default
   655                           ;	Extended Instruction Set Enable bit
   656                           ;	XINST = 0x0, unprogrammed default
   657                           ;	Background Debugger Enable bit
   658                           ;	DEBUG = 0x1, unprogrammed default
   659  300006                     	org	3145734
   660  300006  81                 	db	129
   661                           
   662                           ; Padding undefined space
   663  300007                     	org	3145735
   664  300007  FF                 	db	255
   665                           
   666                           ;Config register CONFIG5L @ 0x300008
   667                           ;	unspecified, using default values
   668                           ;	Code Protection bit
   669                           ;	CP0 = 0x1, unprogrammed default
   670                           ;	Code Protection bit
   671                           ;	CP1 = 0x1, unprogrammed default
   672                           ;	Code Protection bit
   673                           ;	CP2 = 0x1, unprogrammed default
   674                           ;	Code Protection bit
   675                           ;	CP3 = 0x1, unprogrammed default
   676  300008                     	org	3145736
   677  300008  0F                 	db	15
   678                           
   679                           ;Config register CONFIG5H @ 0x300009
   680                           ;	unspecified, using default values
   681                           ;	Boot Block Code Protection bit
   682                           ;	CPB = 0x1, unprogrammed default
   683                           ;	Data EEPROM Code Protection bit
   684                           ;	CPD = 0x1, unprogrammed default
   685  300009                     	org	3145737
   686  300009  C0                 	db	192
   687                           
   688                           ;Config register CONFIG6L @ 0x30000A
   689                           ;	unspecified, using default values
   690                           ;	Write Protection bit
   691                           ;	WRT0 = 0x1, unprogrammed default
   692                           ;	Write Protection bit
   693                           ;	WRT1 = 0x1, unprogrammed default
   694                           ;	Write Protection bit
   695                           ;	WRT2 = 0x1, unprogrammed default
   696                           ;	Write Protection bit
   697                           ;	WRT3 = 0x1, unprogrammed default
   698  30000A                     	org	3145738
   699  30000A  0F                 	db	15
   700                           
   701                           ;Config register CONFIG6H @ 0x30000B
   702                           ;	unspecified, using default values
   703                           ;	Configuration Register Write Protection bit
   704                           ;	WRTC = 0x1, unprogrammed default
   705                           ;	Boot Block Write Protection bit
   706                           ;	WRTB = 0x1, unprogrammed default
   707                           ;	Data EEPROM Write Protection bit
   708                           ;	WRTD = 0x1, unprogrammed default
   709  30000B                     	org	3145739
   710  30000B  E0                 	db	224
   711                           
   712                           ;Config register CONFIG7L @ 0x30000C
   713                           ;	unspecified, using default values
   714                           ;	Table Read Protection bit
   715                           ;	EBTR0 = 0x1, unprogrammed default
   716                           ;	Table Read Protection bit
   717                           ;	EBTR1 = 0x1, unprogrammed default
   718                           ;	Table Read Protection bit
   719                           ;	EBTR2 = 0x1, unprogrammed default
   720                           ;	Table Read Protection bit
   721                           ;	EBTR3 = 0x1, unprogrammed default
   722  30000C                     	org	3145740
   723  30000C  0F                 	db	15
   724                           
   725                           ;Config register CONFIG7H @ 0x30000D
   726                           ;	unspecified, using default values
   727                           ;	Boot Block Table Read Protection bit
   728                           ;	EBTRB = 0x1, unprogrammed default
   729  30000D                     	org	3145741
   730  30000D  40                 	db	64
   731                           tosu	equ	0xFFF
   732                           tosh	equ	0xFFE
   733                           tosl	equ	0xFFD
   734                           stkptr	equ	0xFFC
   735                           pclatu	equ	0xFFB
   736                           pclath	equ	0xFFA
   737                           pcl	equ	0xFF9
   738                           tblptru	equ	0xFF8
   739                           tblptrh	equ	0xFF7
   740                           tblptrl	equ	0xFF6
   741                           tablat	equ	0xFF5
   742                           prodh	equ	0xFF4
   743                           prodl	equ	0xFF3
   744                           indf0	equ	0xFEF
   745                           postinc0	equ	0xFEE
   746                           postdec0	equ	0xFED
   747                           preinc0	equ	0xFEC
   748                           plusw0	equ	0xFEB
   749                           fsr0h	equ	0xFEA
   750                           fsr0l	equ	0xFE9
   751                           wreg	equ	0xFE8
   752                           indf1	equ	0xFE7
   753                           postinc1	equ	0xFE6
   754                           postdec1	equ	0xFE5
   755                           preinc1	equ	0xFE4
   756                           plusw1	equ	0xFE3
   757                           fsr1h	equ	0xFE2
   758                           fsr1l	equ	0xFE1
   759                           bsr	equ	0xFE0
   760                           indf2	equ	0xFDF
   761                           postinc2	equ	0xFDE
   762                           postdec2	equ	0xFDD
   763                           preinc2	equ	0xFDC
   764                           plusw2	equ	0xFDB
   765                           fsr2h	equ	0xFDA
   766                           fsr2l	equ	0xFD9
   767                           status	equ	0xFD8

Data Sizes:
    Strings     0
    Constant    0
    Data        86
    BSS         1
    Persistent  0
    Stack       0

Auto Spaces:
    Space          Size  Autos    Used
    COMRAM           95      8      95
    BANK0           160      0       0
    BANK1           256      0       0
    BANK2           256      0       0
    BANK3           256      0       0
    BANK4           256      0       0
    BANK5           256      0       0
    BANK6           256      0       0
    BANK7           256      0       0

Pointer List with Targets:

    None.

Critical Paths under _main in COMRAM

    _main->_pcf8574_escribir

Critical Paths under _main in BANK0

    None.

Critical Paths under _main in BANK1

    None.

Critical Paths under _main in BANK2

    None.

Critical Paths under _main in BANK3

    None.

Critical Paths under _main in BANK4

    None.

Critical Paths under _main in BANK5

    None.

Critical Paths under _main in BANK6

    None.

Critical Paths under _main in BANK7

    None.

Call Graph Tables:

 ---------------------------------------------------------------------------------
 (Depth) Function   	        Calls       Base Space   Used Autos Params    Refs
 ---------------------------------------------------------------------------------
 (0) _main                                                 6     6      0     420
                                              2 COMRAM     6     6      0
                        _init_config
                   _pcf8574_escribir
 ---------------------------------------------------------------------------------
 (1) _pcf8574_escribir                                     2     1      1     196
                                              0 COMRAM     2     1      1
 ---------------------------------------------------------------------------------
 (1) _init_config                                          0     0      0       0
 ---------------------------------------------------------------------------------
 Estimated maximum stack depth 1
 ---------------------------------------------------------------------------------

 Call Graph Graphs:

 _main (ROOT)
   _init_config
   _pcf8574_escribir

 Address spaces:
Name               Size   Autos  Total    Cost      Usage
BIGRAM             7FF      0       0      21        0.0%
EEDATA             100      0       0       0        0.0%
BITBANK7           100      0       0      18        0.0%
BANK7              100      0       0      19        0.0%
BITBANK6           100      0       0      16        0.0%
BANK6              100      0       0      17        0.0%
BITBANK5           100      0       0      14        0.0%
BANK5              100      0       0      15        0.0%
BITBANK4           100      0       0      12        0.0%
BANK4              100      0       0      13        0.0%
BITBANK3           100      0       0      10        0.0%
BANK3              100      0       0      11        0.0%
BITBANK2           100      0       0       8        0.0%
BANK2              100      0       0       9        0.0%
BITBANK1           100      0       0       6        0.0%
BANK1              100      0       0       7        0.0%
BITBANK0            A0      0       0       4        0.0%
BANK0               A0      0       0       5        0.0%
BITCOMRAM           5F      0       0       0        0.0%
COMRAM              5F      8      5F       1      100.0%
BITSFR               0      0       0     200        0.0%
SFR                  0      0       0     200        0.0%
STACK                0      0       0       2        0.0%
NULL                 0      0       0       0        0.0%
ABS                  0      0      5F      20        0.0%
DATA                 0      0      5F       3        0.0%
CODE                 0      0       0       0        0.0%


Microchip Technology PIC18 Macro Assembler V2.31 build 20201012212115 
Symbol Table                                                                                   Thu Feb 18 10:26:25 2021

              _SSPSTATbits 000FC7                         l21 7E52                         l30 7EFC  
                       l32 7F0A                         l24 7ED6                         l33 7F0E  
                       l42 7F3A                         l27 7EEE                         l36 7F1C  
                       l38 7F2A                         l39 7F2C           _pcf8574_escribir 7ED2  
                      l732 7E44                        l734 7E4E                        l770 7EE4  
                      l780 7F44                        l772 7F3C                        l790 7F84  
                      l774 7F40                        l768 7ED4                        l792 7FBC  
                      l794 7FBE                        l786 7F48                        l796 7FCE  
                      l788 7F76                        l798 7FE6                        u100 7EE4  
                      u101 7EE0                        u110 7EFC                        u111 7EF8  
                      u120 7F0A                        u121 7F06                        u130 7F1C  
                      u131 7F18                        u140 7F2A                        u141 7F26  
                      u150 7F3A                        u151 7F36                        u160 7F76  
                      u161 7F72                        u170 7FCE                        u171 7FCA  
                      u180 7FF8                        u181 7FF4                        u197 7FD8  
                      _msg 0001                        wreg 000FE8                       _main 7F3C  
                     indf2 000FDF                       fsr1l 000FE1                       fsr2l 000FD9  
                     prodl 000FF3                       start 0000               ___param_bank 000000  
                    ?_main 0057               ?_init_config 0057                      main@i 005D  
                    tablat 000FF5                      status 000FD8            __initialization 7E54  
             __end_of_main 8000                     ??_main 0059              __activetblptr 000000  
     pcf8574_escribir@dato 0058       pcf8574_escribir@disp 0057                     _SSPADD 000FC8  
                   _SSPBUF 000FC9               __pdataCOMRAM 0001                     tblptrh 000FF7  
                   tblptrl 000FF6                     tblptru 000FF8                 __accesstop 0060  
  __end_of__initialization 7E76   __end_of_pcf8574_escribir 7F3C              ___rparam_used 000001  
           __pcstackCOMRAM 0057       __size_of_init_config 0010                    __Hparam 0000  
                  __Lparam 0000                    __pcinit 7E54                    __ramtop 0800  
                  __ptext0 7F3C                    __ptext1 7ED2                    __ptext2 7E44  
     end_of_initialization 7E76                    postdec1 000FE5                    postinc0 000FEE  
                  postinc2 000FDE          ?_pcf8574_escribir 0057         ??_pcf8574_escribir 0058  
            __pidataCOMRAM 7E7C        start_initialization 7E54              ??_init_config 0057  
              __pbssCOMRAM 005F        __end_of_init_config 7E54                  copy_data0 7E68  
                 __Hrparam 0000                   __Lrparam 0000  __size_of_pcf8574_escribir 006A  
              _init_config 7E44              __size_of_main 00C4                   _temporal 005F  
                 main@disp 005E               _romcharacter 003D                _SSPCON1bits 000FC6  
              _SSPCON2bits 000FC5  
