

Microchip MPLAB XC8 Assembler V2.05 build -831301201 
                                                                                               Wed May 15 11:29:50 2019

Microchip MPLAB XC8 C Compiler v2.05 (Free license) build 20181220022703 Og1 
     1                           	processor	18F4550
     2                           	fnconf	rparam,??,?,0
     3                           	opt	pw 120
     4                           	opt	flic
     5                           	psect	cinit,global,reloc=2,class=CODE,delta=1
     6                           	psect	cstackCOMRAM,global,class=COMRAM,space=1,delta=1,noexec
     7                           	psect	text0,global,reloc=2,class=CODE,delta=1
     8                           	psect	intsave_regs,global,class=BIGRAM,space=1,delta=1,noexec
     9                           	psect	rparam,global,class=COMRAM,space=1,delta=1,noexec
    10  0000                     
    11                           ; Version 2.05
    12                           ; Generated 20/12/2018 GMT
    13                           ; 
    14                           ; Copyright © 2018, Microchip Technology Inc. and its subsidiaries ("Microchip")
    15                           ; All rights reserved.
    16                           ; 
    17                           ; This software is developed by Microchip Technology Inc. and its subsidiaries ("Microch
      +                          ip").
    18                           ; 
    19                           ; Redistribution and use in source and binary forms, with or without modification, are
    20                           ; permitted provided that the following conditions are met:
    21                           ; 
    22                           ;     1. Redistributions of source code must retain the above copyright notice, this lis
      +                          t of
    23                           ;        conditions and the following disclaimer.
    24                           ; 
    25                           ;     2. Redistributions in binary form must reproduce the above copyright notice, this 
      +                          list
    26                           ;        of conditions and the following disclaimer in the documentation and/or other
    27                           ;        materials provided with the distribution.
    28                           ; 
    29                           ;     3. Microchip's name may not be used to endorse or promote products derived from th
      +                          is
    30                           ;        software without specific prior written permission.
    31                           ; 
    32                           ; THIS SOFTWARE IS PROVIDED BY MICROCHIP "AS IS" AND ANY EXPRESS OR IMPLIED WARRANTIES,
    33                           ; INCLUDING, BUT NOT LIMITED TO, THE IMPLIED WARRANTIES OF MERCHANTABILITY AND FITNESS F
      +                          OR
    34                           ; PURPOSE ARE DISCLAIMED.  IN NO EVENT SHALL MICROCHIP BE LIABLE FOR ANY DIRECT, INDIREC
      +                          T,
    35                           ; INCIDENTAL, SPECIAL, EXEMPLARY, OR CONSEQUENTIAL DAMAGES (INCLUDING BUT NOT LIMITED TO
    36                           ; PROCUREMENT OF SUBSTITUTE GOODS OR SERVICES; LOSS OF USE, DATA OR PROFITS; OR BUSINESS
    37                           ; INTERRUPTION) HOWSOEVER CAUSED AND ON ANY THEORY OF LIABILITY, WHETHER IN CONTRACT, ST
      +                          RICT
    38                           ; LIABILITY, OR TORT (INCLUDING NEGLIGENCE OR OTHERWISE) ARISING IN ANY WAY OUT OF THE U
      +                          SE OF
    39                           ; THIS SOFTWARE, EVEN IF ADVISED OF THE POSSIBILITY OF SUCH DAMAGE.
    40                           ; 
    41                           ; 
    42                           ; Code-generator required, PIC18F4550 Definitions
    43                           ; 
    44                           ; SFR Addresses
    45  0000                     _LATD	set	3980
    46  0000                     _TRISD	set	3989
    47                           
    48                           ; #config settings
    49  0000                     
    50                           	psect	cinit
    51  007F94                     __pcinit:
    52                           	opt callstack 0
    53  007F94                     start_initialization:
    54                           	opt callstack 0
    55  007F94                     __initialization:
    56                           	opt callstack 0
    57  007F94                     end_of_initialization:
    58                           	opt callstack 0
    59  007F94                     __end_of__initialization:
    60                           	opt callstack 0
    61  007F94  0100               	movlb	0
    62  007F96  EFCD  F03F         	goto	_main	;jump to C main() function
    63                           
    64                           	psect	cstackCOMRAM
    65  000001                     __pcstackCOMRAM:
    66                           	opt callstack 0
    67  000001                     ??_main:
    68                           
    69                           ; 1 bytes @ 0x0
    70  000001                     	ds	1
    71  000002                     main@i:
    72                           	opt callstack 0
    73                           
    74                           ; 1 bytes @ 0x1
    75  000002                     	ds	1
    76  000003                     main@i_38:
    77                           	opt callstack 0
    78                           
    79                           ; 1 bytes @ 0x2
    80  000003                     	ds	1
    81                           
    82 ;;
    83 ;;Main: autosize = 0, tempsize = 1, incstack = 0, save=0
    84 ;;
    85 ;; *************** function _main *****************
    86 ;; Defined at:
    87 ;;		line 26 in file "wantan4.c"
    88 ;; Parameters:    Size  Location     Type
    89 ;;		None
    90 ;; Auto vars:     Size  Location     Type
    91 ;;  i               1    2[COMRAM] unsigned char 
    92 ;;  i               1    1[COMRAM] unsigned char 
    93 ;; Return value:  Size  Location     Type
    94 ;;                  1    wreg      void 
    95 ;; Registers used:
    96 ;;		wreg, status,2, status,0
    97 ;; Tracked objects:
    98 ;;		On entry : 0/0
    99 ;;		On exit  : 0/0
   100 ;;		Unchanged: 0/0
   101 ;; Data sizes:     COMRAM   BANK0   BANK1   BANK2   BANK3   BANK4   BANK5   BANK6   BANK7
   102 ;;      Params:         0       0       0       0       0       0       0       0       0
   103 ;;      Locals:         2       0       0       0       0       0       0       0       0
   104 ;;      Temps:          1       0       0       0       0       0       0       0       0
   105 ;;      Totals:         3       0       0       0       0       0       0       0       0
   106 ;;Total ram usage:        3 bytes
   107 ;; This function calls:
   108 ;;		Nothing
   109 ;; This function is called by:
   110 ;;		Startup code after reset
   111 ;; This function uses a non-reentrant model
   112 ;;
   113                           
   114                           	psect	text0
   115  007F9A                     __ptext0:
   116                           	opt callstack 0
   117  007F9A                     _main:
   118                           	opt callstack 31
   119                           
   120                           ;wantan4.c: 29:     TRISD = 0xFC;
   121                           
   122                           ;incstack = 0
   123  007F9A  0EFC               	movlw	252
   124  007F9C  6E95               	movwf	3989,c	;volatile
   125  007F9E                     l11:
   126                           
   127                           ;wantan4.c: 31:         for (char i=0;i<3;i++){
   128  007F9E  0E00               	movlw	0
   129  007FA0  6E02               	movwf	main@i,c
   130  007FA2                     l700:
   131                           
   132                           ;wantan4.c: 32:             LATD = 0x01;
   133  007FA2  0E01               	movlw	1
   134  007FA4  6E8C               	movwf	3980,c	;volatile
   135                           
   136                           ;wantan4.c: 33:             _delay((unsigned long)((100)*(4000000UL/4000.0)));
   137  007FA6  0E82               	movlw	130
   138  007FA8  6E01               	movwf	??_main& (0+255),c
   139  007FAA  0EDE               	movlw	222
   140  007FAC                     u37:
   141  007FAC  2EE8               	decfsz	wreg,f,c
   142  007FAE  D7FE               	bra	u37
   143  007FB0  2E01               	decfsz	??_main& (0+255),f,c
   144  007FB2  D7FC               	bra	u37
   145                           
   146                           ;wantan4.c: 34:             LATD = 0x00;
   147  007FB4  0E00               	movlw	0
   148  007FB6  6E8C               	movwf	3980,c	;volatile
   149                           
   150                           ;wantan4.c: 35:             _delay((unsigned long)((100)*(4000000UL/4000.0)));
   151  007FB8  0E82               	movlw	130
   152  007FBA  6E01               	movwf	??_main& (0+255),c
   153  007FBC  0EDE               	movlw	222
   154  007FBE                     u47:
   155  007FBE  2EE8               	decfsz	wreg,f,c
   156  007FC0  D7FE               	bra	u47
   157  007FC2  2E01               	decfsz	??_main& (0+255),f,c
   158  007FC4  D7FC               	bra	u47
   159                           
   160                           ;wantan4.c: 36:         }
   161  007FC6  2A02               	incf	main@i,f,c
   162  007FC8  0E02               	movlw	2
   163  007FCA  6402               	cpfsgt	main@i,c
   164  007FCC  D7EA               	goto	l700
   165                           
   166                           ;wantan4.c: 37:         for (char i=0;i<3;i++){
   167  007FCE  0E00               	movlw	0
   168  007FD0  6E03               	movwf	main@i_38,c
   169  007FD2                     l714:
   170                           
   171                           ;wantan4.c: 38:             LATD = 0x02;
   172  007FD2  0E02               	movlw	2
   173  007FD4  6E8C               	movwf	3980,c	;volatile
   174                           
   175                           ;wantan4.c: 39:             _delay((unsigned long)((100)*(4000000UL/4000.0)));
   176  007FD6  0E82               	movlw	130
   177  007FD8  6E01               	movwf	??_main& (0+255),c
   178  007FDA  0EDE               	movlw	222
   179  007FDC                     u57:
   180  007FDC  2EE8               	decfsz	wreg,f,c
   181  007FDE  D7FE               	bra	u57
   182  007FE0  2E01               	decfsz	??_main& (0+255),f,c
   183  007FE2  D7FC               	bra	u57
   184                           
   185                           ;wantan4.c: 40:             LATD = 0x00;
   186  007FE4  0E00               	movlw	0
   187  007FE6  6E8C               	movwf	3980,c	;volatile
   188                           
   189                           ;wantan4.c: 41:             _delay((unsigned long)((100)*(4000000UL/4000.0)));
   190  007FE8  0E82               	movlw	130
   191  007FEA  6E01               	movwf	??_main& (0+255),c
   192  007FEC  0EDE               	movlw	222
   193  007FEE                     u67:
   194  007FEE  2EE8               	decfsz	wreg,f,c
   195  007FF0  D7FE               	bra	u67
   196  007FF2  2E01               	decfsz	??_main& (0+255),f,c
   197  007FF4  D7FC               	bra	u67
   198                           
   199                           ;wantan4.c: 42:         }
   200  007FF6  2A03               	incf	main@i_38,f,c
   201  007FF8  0E02               	movlw	2
   202  007FFA  6403               	cpfsgt	main@i_38,c
   203  007FFC  D7EA               	goto	l714
   204  007FFE  D7CF               	goto	l11
   205  008000                     __end_of_main:
   206                           	opt callstack 0
   207  0000                     
   208                           	psect	rparam
   209  0000                     tosu	equ	0xFFF
   210                           tosh	equ	0xFFE
   211                           tosl	equ	0xFFD
   212                           stkptr	equ	0xFFC
   213                           pclatu	equ	0xFFB
   214                           pclath	equ	0xFFA
   215                           pcl	equ	0xFF9
   216                           tblptru	equ	0xFF8
   217                           tblptrh	equ	0xFF7
   218                           tblptrl	equ	0xFF6
   219                           tablat	equ	0xFF5
   220                           prodh	equ	0xFF4
   221                           prodl	equ	0xFF3
   222                           indf0	equ	0xFEF
   223                           postinc0	equ	0xFEE
   224                           postdec0	equ	0xFED
   225                           preinc0	equ	0xFEC
   226                           plusw0	equ	0xFEB
   227                           fsr0h	equ	0xFEA
   228                           fsr0l	equ	0xFE9
   229                           wreg	equ	0xFE8
   230                           indf1	equ	0xFE7
   231                           postinc1	equ	0xFE6
   232                           postdec1	equ	0xFE5
   233                           preinc1	equ	0xFE4
   234                           plusw1	equ	0xFE3
   235                           fsr1h	equ	0xFE2
   236                           fsr1l	equ	0xFE1
   237                           bsr	equ	0xFE0
   238                           indf2	equ	0xFDF
   239                           postinc2	equ	0xFDE
   240                           postdec2	equ	0xFDD
   241                           preinc2	equ	0xFDC
   242                           plusw2	equ	0xFDB
   243                           fsr2h	equ	0xFDA
   244                           fsr2l	equ	0xFD9
   245                           status	equ	0xFD8


Data Sizes:
    Strings     0
    Constant    0
    Data        0
    BSS         0
    Persistent  0
    Stack       0

Auto Spaces:
    Space          Size  Autos    Used
    COMRAM           95      3       3
    BANK0           160      0       0
    BANK1           256      0       0
    BANK2           256      0       0
    BANK3           256      0       0
    BANK4           256      0       0
    BANK5           256      0       0
    BANK6           256      0       0
    BANK7           256      0       0

Pointer List with Targets:

    None.

Critical Paths under _main in COMRAM

    None.

Critical Paths under _main in BANK0

    None.

Critical Paths under _main in BANK1

    None.

Critical Paths under _main in BANK2

    None.

Critical Paths under _main in BANK3

    None.

Critical Paths under _main in BANK4

    None.

Critical Paths under _main in BANK5

    None.

Critical Paths under _main in BANK6

    None.

Critical Paths under _main in BANK7

    None.

Call Graph Tables:

 ---------------------------------------------------------------------------------
 (Depth) Function   	        Calls       Base Space   Used Autos Params    Refs
 ---------------------------------------------------------------------------------
 (0) _main                                                 3     3      0      60
                                              0 COMRAM     3     3      0
 ---------------------------------------------------------------------------------
 Estimated maximum stack depth 0
 ---------------------------------------------------------------------------------

 Call Graph Graphs:

 _main (ROOT)

 Address spaces:
Name               Size   Autos  Total    Cost      Usage
BITCOMRAM           5F      0       0       0        0.0%
EEDATA             100      0       0       0        0.0%
NULL                 0      0       0       0        0.0%
CODE                 0      0       0       0        0.0%
COMRAM              5F      3       3       1        3.2%
STACK                0      0       0       2        0.0%
DATA                 0      0       0       3        0.0%
BITBANK0            A0      0       0       4        0.0%
BANK0               A0      0       0       5        0.0%
BITBANK1           100      0       0       6        0.0%
BANK1              100      0       0       7        0.0%
BITBANK2           100      0       0       8        0.0%
BANK2              100      0       0       9        0.0%
BITBANK3           100      0       0      10        0.0%
BANK3              100      0       0      11        0.0%
BITBANK4           100      0       0      12        0.0%
BANK4              100      0       0      13        0.0%
BITBANK5           100      0       0      14        0.0%
BANK5              100      0       0      15        0.0%
BITBANK6           100      0       0      16        0.0%
BANK6              100      0       0      17        0.0%
BITBANK7           100      0       0      18        0.0%
BANK7              100      0       0      19        0.0%
ABS                  0      0       0      20        0.0%
BIGRAM             7FF      0       0      21        0.0%
BITSFR               0      0       0     200        0.0%
SFR                  0      0       0     200        0.0%


Microchip Technology PIC18 Macro Assembler V2.05 build -831301201 
Symbol Table                                                                                   Wed May 15 11:29:50 2019

                     l11 7F9E                       u37 7FAC                       u47 7FBE  
                     u57 7FDC                       u67 7FEE                      l700 7FA2  
                    l714 7FD2             __CFG_BOR$OFF 000000                      wreg 000FE8  
           __CFG_LVP$OFF 000000             __CFG_WDT$OFF 000000                     _LATD 000F8C  
           __CFG_PWRT$ON 000000                     _main 7F9A                     start 0000  
           ___param_bank 000000                    ?_main 0001                    _TRISD 000F95  
                  main@i 0002          __initialization 7F94             __end_of_main 8000  
                 ??_main 0001            __activetblptr 000000               __accesstop 0060  
__end_of__initialization 7F94          __CFG_PBADEN$OFF 000000          __CFG_FOSC$XT_XT 000000  
          ___rparam_used 000001           __pcstackCOMRAM 0001                  __Hparam 0000  
                __Lparam 0000                  __pcinit 7F94                  __ramtop 0800  
                __ptext0 7F9A     end_of_initialization 7F94      start_initialization 7F94  
               __Hrparam 0000                 __Lrparam 0000            __size_of_main 0066  
               main@i_38 0003  
