

Microchip Technology PIC18 LITE Macro Assembler V1.45 build -152302408 
                                                                                               Wed May 30 12:29:53 2018

Microchip Technology Omniscient Code Generator v1.45 (Free mode) build 201711160504
     1                           	processor	18F4550
     2                           	fnconf	rparam,??,?,0
     3                           	opt	pw 120
     4                           	opt	lm
     5                           	psect	idataCOMRAM,global,class=CODE,delta=1,noexec
     6                           	psect	cinit,global,reloc=2,class=CODE,delta=1
     7                           	psect	bssCOMRAM,global,class=COMRAM,space=1,delta=1,noexec
     8                           	psect	dataCOMRAM,global,class=COMRAM,space=1,delta=1,noexec
     9                           	psect	cstackCOMRAM,global,class=COMRAM,space=1,delta=1,noexec
    10                           	psect	text0,global,reloc=2,class=CODE,delta=1
    11                           	psect	text1,global,reloc=2,class=CODE,delta=1
    12                           	psect	intsave_regs,global,class=BIGRAM,space=1,delta=1,noexec
    13                           	psect	rparam,global,class=COMRAM,space=1,delta=1,noexec
    14  0000                     
    15                           ; Version 1.45
    16                           ; Generated 16/11/2017 GMT
    17                           ; 
    18                           ; Copyright © 2017, Microchip Technology Inc. and its subsidiaries ("Microchip")
    19                           ; All rights reserved.
    20                           ; 
    21                           ; This software is developed by Microchip Technology Inc. and its subsidiaries ("Microch
      +                          ip").
    22                           ; 
    23                           ; Redistribution and use in source and binary forms, with or without modification, are
    24                           ; permitted provided that the following conditions are met:
    25                           ; 
    26                           ;     1. Redistributions of source code must retain the above copyright notice, this lis
      +                          t of
    27                           ;        conditions and the following disclaimer.
    28                           ; 
    29                           ;     2. Redistributions in binary form must reproduce the above copyright notice, this 
      +                          list
    30                           ;        of conditions and the following disclaimer in the documentation and/or other
    31                           ;        materials provided with the distribution.
    32                           ; 
    33                           ;     3. Microchip's name may not be used to endorse or promote products derived from th
      +                          is
    34                           ;        software without specific prior written permission.
    35                           ; 
    36                           ; THIS SOFTWARE IS PROVIDED BY MICROCHIP "AS IS" AND ANY EXPRESS OR IMPLIED WARRANTIES,
    37                           ; INCLUDING, BUT NOT LIMITED TO, THE IMPLIED WARRANTIES OF MERCHANTABILITY AND FITNESS F
      +                          OR
    38                           ; PURPOSE ARE DISCLAIMED.  IN NO EVENT SHALL MICROCHIP BE LIABLE FOR ANY DIRECT, INDIREC
      +                          T,
    39                           ; INCIDENTAL, SPECIAL, EXEMPLARY, OR CONSEQUENTIAL DAMAGES (INCLUDING BUT NOT LIMITED TO
    40                           ; PROCUREMENT OF SUBSTITUTE GOODS OR SERVICES; LOSS OF USE, DATA OR PROFITS; OR BUSINESS
    41                           ; INTERRUPTION) HOWSOEVER CAUSED AND ON ANY THEORY OF LIABILITY, WHETHER IN CONTRACT, ST
      +                          RICT
    42                           ; LIABILITY, OR TORT (INCLUDING NEGLIGENCE OR OTHERWISE) ARISING IN ANY WAY OUT OF THE U
      +                          SE OF
    43                           ; THIS SOFTWARE, EVEN IF ADVISED OF THE POSSIBILITY OF SUCH DAMAGE.
    44                           ; 
    45                           ; 
    46                           ; Code-generator required, PIC18F4550 Definitions
    47                           ; 
    48                           ; SFR Addresses
    49  0000                     
    50                           	psect	idataCOMRAM
    51  007F52                     __pidataCOMRAM:
    52                           	opt stack 0
    53                           
    54                           ;initializer for _cadenon
    55  007F52  4D                 	db	77
    56  007F53  61                 	db	97
    57  007F54  F1                 	db	241
    58  007F55  61                 	db	97
    59  007F56  6E                 	db	110
    60  007F57  61                 	db	97
    61  007F58  20                 	db	32
    62  007F59  68                 	db	104
    63  007F5A  61                 	db	97
    64  007F5B  79                 	db	121
    65  007F5C  20                 	db	32
    66  007F5D  73                 	db	115
    67  007F5E  69                 	db	105
    68  007F5F  6D                 	db	109
    69  007F60  75                 	db	117
    70  007F61  6C                 	db	108
    71  007F62  61                 	db	97
    72  007F63  63                 	db	99
    73  007F64  72                 	db	114
    74  007F65  6F                 	db	111
    75  007F66  20                 	db	32
    76  007F67  64                 	db	100
    77  007F68  65                 	db	101
    78  007F69  20                 	db	32
    79  007F6A  73                 	db	115
    80  007F6B  69                 	db	105
    81  007F6C  73                 	db	115
    82  007F6D  6D                 	db	109
    83  007F6E  6F                 	db	111
    84  007F6F  2C                 	db	44
    85  007F70  20                 	db	32
    86  007F71  68                 	db	104
    87  007F72  61                 	db	97
    88  007F73  79                 	db	121
    89  007F74  20                 	db	32
    90  007F75  71                 	db	113
    91  007F76  75                 	db	117
    92  007F77  65                 	db	101
    93  007F78  20                 	db	32
    94  007F79  63                 	db	99
    95  007F7A  6F                 	db	111
    96  007F7B  72                 	db	114
    97  007F7C  72                 	db	114
    98  007F7D  65                 	db	101
    99  007F7E  72                 	db	114
   100  007F7F  20                 	db	32
   101  007F80  72                 	db	114
   102  007F81  61                 	db	97
   103  007F82  70                 	db	112
   104  007F83  69                 	db	105
   105  007F84  64                 	db	100
   106  007F85  6F                 	db	111
   107  007F86  24                 	db	36
   108  007F87  00                 	db	0
   109  0000                     _TRISCbits	set	3988
   110  0000                     _RCSTAbits	set	4011
   111  0000                     _BAUDCONbits	set	4024
   112  0000                     _TXSTAbits	set	4012
   113  0000                     _SPBRG	set	4015
   114  0000                     _SPBRGH	set	4016
   115  0000                     _LATDbits	set	3980
   116  0000                     _RCREG	set	4014
   117  0000                     _PIR1bits	set	3998
   118  0000                     _TXREG	set	4013
   119  0000                     _TRISDbits	set	3989
   120                           
   121                           ; #config settings
   122  0000                     
   123                           	psect	cinit
   124  007F2A                     __pcinit:
   125                           	opt stack 0
   126  007F2A                     start_initialization:
   127                           	opt stack 0
   128  007F2A                     __initialization:
   129                           	opt stack 0
   130                           
   131                           ; Initialize objects allocated to COMRAM (54 bytes)
   132                           ; load TBLPTR registers with __pidataCOMRAM
   133  007F2A  0E52               	movlw	low __pidataCOMRAM
   134  007F2C  6EF6               	movwf	tblptrl,c
   135  007F2E  0E7F               	movlw	high __pidataCOMRAM
   136  007F30  6EF7               	movwf	tblptrh,c
   137  007F32  0E00               	movlw	low (__pidataCOMRAM shr (0+16))
   138  007F34  6EF8               	movwf	tblptru,c
   139  007F36  EE00  F001         	lfsr	0,__pdataCOMRAM
   140  007F3A  EE10 F036          	lfsr	1,54
   141  007F3E                     copy_data0:
   142  007F3E  0009               	tblrd		*+
   143  007F40  CFF5 FFEE          	movff	tablat,postinc0
   144  007F44  50E5               	movf	postdec1,w,c
   145  007F46  50E1               	movf	fsr1l,w,c
   146  007F48  E1FA               	bnz	copy_data0
   147                           
   148                           ; Clear objects allocated to COMRAM (1 bytes)
   149  007F4A  6A37               	clrf	__pbssCOMRAM& (0+255),c
   150  007F4C                     end_of_initialization:
   151                           	opt stack 0
   152  007F4C                     __end_of__initialization:
   153                           	opt stack 0
   154  007F4C  0100               	movlb	0
   155  007F4E  EFC4  F03F         	goto	_main	;jump to C main() function
   156                           tblptru	equ	0xFF8
   157                           tblptrh	equ	0xFF7
   158                           tblptrl	equ	0xFF6
   159                           tablat	equ	0xFF5
   160                           postinc0	equ	0xFEE
   161                           postdec1	equ	0xFE5
   162                           fsr1l	equ	0xFE1
   163                           
   164                           	psect	bssCOMRAM
   165  000037                     __pbssCOMRAM:
   166                           	opt stack 0
   167  000037                     _i:
   168                           	opt stack 0
   169  000037                     	ds	1
   170                           tblptru	equ	0xFF8
   171                           tblptrh	equ	0xFF7
   172                           tblptrl	equ	0xFF6
   173                           tablat	equ	0xFF5
   174                           postinc0	equ	0xFEE
   175                           postdec1	equ	0xFE5
   176                           fsr1l	equ	0xFE1
   177                           
   178                           	psect	dataCOMRAM
   179  000001                     __pdataCOMRAM:
   180                           	opt stack 0
   181  000001                     _cadenon:
   182                           	opt stack 0
   183  000001                     	ds	54
   184                           tblptru	equ	0xFF8
   185                           tblptrh	equ	0xFF7
   186                           tblptrl	equ	0xFF6
   187                           tablat	equ	0xFF5
   188                           postinc0	equ	0xFEE
   189                           postdec1	equ	0xFE5
   190                           fsr1l	equ	0xFE1
   191                           
   192                           	psect	cstackCOMRAM
   193  000038                     __pcstackCOMRAM:
   194                           	opt stack 0
   195  000038                     ??_main:
   196  000038                     
   197                           ; 2 bytes @ 0x0
   198  000038                     	ds	1
   199                           tblptru	equ	0xFF8
   200                           tblptrh	equ	0xFF7
   201                           tblptrl	equ	0xFF6
   202                           tablat	equ	0xFF5
   203                           postinc0	equ	0xFEE
   204                           postdec1	equ	0xFE5
   205                           fsr1l	equ	0xFE1
   206                           
   207 ;;
   208 ;;Main: autosize = 0, tempsize = 1, incstack = 0, save=0
   209 ;;
   210 ;; *************** function _main *****************
   211 ;; Defined at:
   212 ;;		line 22 in file "newmain.c"
   213 ;; Parameters:    Size  Location     Type
   214 ;;		None
   215 ;; Auto vars:     Size  Location     Type
   216 ;;		None
   217 ;; Return value:  Size  Location     Type
   218 ;;                  1    wreg      void 
   219 ;; Registers used:
   220 ;;		wreg, fsr2l, fsr2h, status,2, status,0, prodl, prodh, cstack
   221 ;; Tracked objects:
   222 ;;		On entry : 0/0
   223 ;;		On exit  : 0/0
   224 ;;		Unchanged: 0/0
   225 ;; Data sizes:     COMRAM   BANK0   BANK1   BANK2   BANK3   BANK4   BANK5   BANK6   BANK7
   226 ;;      Params:         0       0       0       0       0       0       0       0       0
   227 ;;      Locals:         0       0       0       0       0       0       0       0       0
   228 ;;      Temps:          1       0       0       0       0       0       0       0       0
   229 ;;      Totals:         1       0       0       0       0       0       0       0       0
   230 ;;Total ram usage:        1 bytes
   231 ;; Hardware stack levels required when called:    1
   232 ;; This function calls:
   233 ;;		_configCOM
   234 ;; This function is called by:
   235 ;;		Startup code after reset
   236 ;; This function uses a non-reentrant model
   237 ;;
   238                           
   239                           	psect	text0
   240  007F88                     __ptext0:
   241                           	opt stack 0
   242  007F88                     _main:
   243                           	opt stack 30
   244                           
   245                           ;newmain.c: 23: configCOM();
   246                           
   247                           ;incstack = 0
   248  007F88  EC89  F03F         	call	_configCOM	;wreg free
   249                           
   250                           ;newmain.c: 24: TRISDbits.RD0 = 0;
   251  007F8C  9095               	bcf	3989,0,c	;volatile
   252                           
   253                           ;newmain.c: 26: while(cadenon[i] != '$'){
   254                           
   255                           ;newmain.c: 25: while(1){
   256  007F8E  D00F               	goto	l36
   257  007F90                     
   258                           ;newmain.c: 27: TXREG = cadenon[i];
   259  007F90  5037               	movf	_i,w,c
   260  007F92  0D01               	mullw	1
   261  007F94  0E01               	movlw	low _cadenon
   262  007F96  24F3               	addwf	prodl,w,c
   263  007F98  6ED9               	movwf	fsr2l,c
   264  007F9A  0E00               	movlw	high _cadenon
   265  007F9C  20F4               	addwfc	prodh,w,c
   266  007F9E  6EDA               	movwf	fsr2h,c
   267  007FA0  50DF               	movf	indf2,w,c
   268  007FA2  6EAD               	movwf	4013,c	;volatile
   269                           
   270                           ;newmain.c: 28: _delay((unsigned long)((1)*(4000000UL/4000.0)));
   271  007FA4  0EC8               	movlw	200
   272  007FA6                     u97:
   273  007FA6  D000               	nop2	
   274  007FA8  2EE8               	decfsz	wreg,f,c
   275  007FAA  D7FD               	bra	u97
   276                           
   277                           ;newmain.c: 29: i++;
   278  007FAC  2A37               	incf	_i,f,c
   279  007FAE                     l36:
   280  007FAE  5037               	movf	_i,w,c
   281  007FB0  0D01               	mullw	1
   282  007FB2  0E01               	movlw	low _cadenon
   283  007FB4  24F3               	addwf	prodl,w,c
   284  007FB6  6ED9               	movwf	fsr2l,c
   285  007FB8  0E00               	movlw	high _cadenon
   286  007FBA  20F4               	addwfc	prodh,w,c
   287  007FBC  6EDA               	movwf	fsr2h,c
   288  007FBE  0E24               	movlw	36
   289  007FC0  18DE               	xorwf	postinc2,w,c
   290  007FC2  A4D8               	btfss	status,2,c
   291  007FC4  D7E5               	goto	l37
   292                           
   293                           ;newmain.c: 30: }
   294                           ;newmain.c: 31: i = 0;
   295  007FC6  0E00               	movlw	0
   296  007FC8  6E37               	movwf	_i,c
   297                           
   298                           ;newmain.c: 32: TXREG = 0x0A;
   299  007FCA  0E0A               	movlw	10
   300  007FCC  6EAD               	movwf	4013,c	;volatile
   301                           
   302                           ;newmain.c: 33: _delay((unsigned long)((1)*(4000000UL/4000.0)));
   303  007FCE  0EC8               	movlw	200
   304  007FD0                     u107:
   305  007FD0  D000               	nop2	
   306  007FD2  2EE8               	decfsz	wreg,f,c
   307  007FD4  D7FD               	bra	u107
   308                           
   309                           ;newmain.c: 34: TXREG = 0x0D;
   310  007FD6  0E0D               	movlw	13
   311  007FD8  6EAD               	movwf	4013,c	;volatile
   312                           
   313                           ;newmain.c: 35: _delay((unsigned long)((101)*(4000000UL/4000.0)));
   314  007FDA  0E84               	movlw	132
   315  007FDC  6E38               	movwf	??_main& (0+255),c
   316  007FDE  0E2A               	movlw	42
   317  007FE0                     u117:
   318  007FE0  2EE8               	decfsz	wreg,f,c
   319  007FE2  D7FE               	bra	u117
   320  007FE4  2E38               	decfsz	??_main& (0+255),f,c
   321  007FE6  D7FC               	bra	u117
   322                           
   323                           ;newmain.c: 36: if(PIR1bits.RCIF ==1){
   324  007FE8  AA9E               	btfss	3998,5,c	;volatile
   325  007FEA  D7E1               	goto	l36
   326                           
   327                           ;newmain.c: 37: if(RCREG == '1'){
   328  007FEC  0E31               	movlw	49
   329  007FEE  18AE               	xorwf	4014,w,c	;volatile
   330  007FF0  B4D8               	btfsc	status,2,c
   331                           
   332                           ;newmain.c: 38: LATDbits.LD0 = 1;
   333  007FF2  808C               	bsf	3980,0,c	;volatile
   334                           
   335                           ;newmain.c: 39: }
   336                           ;newmain.c: 40: if(RCREG =='0'){
   337  007FF4  0E30               	movlw	48
   338  007FF6  18AE               	xorwf	4014,w,c	;volatile
   339  007FF8  B4D8               	btfsc	status,2,c
   340                           
   341                           ;newmain.c: 41: LATDbits.LD0 = 0;
   342  007FFA  908C               	bcf	3980,0,c	;volatile
   343                           
   344                           ;newmain.c: 42: }
   345                           ;newmain.c: 43: PIR1bits.RCIF = 0;
   346  007FFC  9A9E               	bcf	3998,5,c	;volatile
   347  007FFE  D7D7               	goto	l36
   348  008000                     __end_of_main:
   349                           	opt stack 0
   350                           tblptru	equ	0xFF8
   351                           tblptrh	equ	0xFF7
   352                           tblptrl	equ	0xFF6
   353                           tablat	equ	0xFF5
   354                           prodh	equ	0xFF4
   355                           prodl	equ	0xFF3
   356                           postinc0	equ	0xFEE
   357                           wreg	equ	0xFE8
   358                           postdec1	equ	0xFE5
   359                           fsr1l	equ	0xFE1
   360                           indf2	equ	0xFDF
   361                           postinc2	equ	0xFDE
   362                           fsr2h	equ	0xFDA
   363                           fsr2l	equ	0xFD9
   364                           status	equ	0xFD8
   365                           
   366 ;; *************** function _configCOM *****************
   367 ;; Defined at:
   368 ;;		line 48 in file "newmain.c"
   369 ;; Parameters:    Size  Location     Type
   370 ;;		None
   371 ;; Auto vars:     Size  Location     Type
   372 ;;		None
   373 ;; Return value:  Size  Location     Type
   374 ;;                  2    2[None  ] int 
   375 ;; Registers used:
   376 ;;		wreg, status,2
   377 ;; Tracked objects:
   378 ;;		On entry : 0/0
   379 ;;		On exit  : 0/0
   380 ;;		Unchanged: 0/0
   381 ;; Data sizes:     COMRAM   BANK0   BANK1   BANK2   BANK3   BANK4   BANK5   BANK6   BANK7
   382 ;;      Params:         0       0       0       0       0       0       0       0       0
   383 ;;      Locals:         0       0       0       0       0       0       0       0       0
   384 ;;      Temps:          0       0       0       0       0       0       0       0       0
   385 ;;      Totals:         0       0       0       0       0       0       0       0       0
   386 ;;Total ram usage:        0 bytes
   387 ;; Hardware stack levels used:    1
   388 ;; This function calls:
   389 ;;		Nothing
   390 ;; This function is called by:
   391 ;;		_main
   392 ;; This function uses a non-reentrant model
   393 ;;
   394                           
   395                           	psect	text1
   396  007F12                     __ptext1:
   397                           	opt stack 0
   398  007F12                     _configCOM:
   399                           	opt stack 30
   400                           
   401                           ;newmain.c: 49: SPBRGH = 0;
   402                           
   403                           ;incstack = 0
   404  007F12  0E00               	movlw	0
   405  007F14  6EB0               	movwf	4016,c	;volatile
   406                           
   407                           ;newmain.c: 50: SPBRG = 25;
   408  007F16  0E19               	movlw	25
   409  007F18  6EAF               	movwf	4015,c	;volatile
   410                           
   411                           ;newmain.c: 51: TXSTAbits.BRGH = 1;
   412  007F1A  84AC               	bsf	4012,2,c	;volatile
   413                           
   414                           ;newmain.c: 52: BAUDCONbits.BRG16 = 0;
   415  007F1C  96B8               	bcf	4024,3,c	;volatile
   416                           
   417                           ;newmain.c: 53: TXSTAbits.SYNC = 0;
   418  007F1E  98AC               	bcf	4012,4,c	;volatile
   419                           
   420                           ;newmain.c: 54: RCSTAbits.SPEN = 1;
   421  007F20  8EAB               	bsf	4011,7,c	;volatile
   422                           
   423                           ;newmain.c: 55: RCSTAbits.CREN = 1;
   424  007F22  88AB               	bsf	4011,4,c	;volatile
   425                           
   426                           ;newmain.c: 56: TXSTAbits.TXEN = 1;
   427  007F24  8AAC               	bsf	4012,5,c	;volatile
   428                           
   429                           ;newmain.c: 57: TRISCbits.RC6 = 0;
   430  007F26  9C94               	bcf	3988,6,c	;volatile
   431  007F28  0012               	return		;funcret
   432  007F2A                     __end_of_configCOM:
   433                           	opt stack 0
   434  0000                     tblptru	equ	0xFF8
   435                           tblptrh	equ	0xFF7
   436                           tblptrl	equ	0xFF6
   437                           tablat	equ	0xFF5
   438                           prodh	equ	0xFF4
   439                           prodl	equ	0xFF3
   440                           postinc0	equ	0xFEE
   441                           wreg	equ	0xFE8
   442                           postdec1	equ	0xFE5
   443                           fsr1l	equ	0xFE1
   444                           indf2	equ	0xFDF
   445                           postinc2	equ	0xFDE
   446                           fsr2h	equ	0xFDA
   447                           fsr2l	equ	0xFD9
   448                           status	equ	0xFD8
   449                           tblptru	equ	0xFF8
   450                           tblptrh	equ	0xFF7
   451                           tblptrl	equ	0xFF6
   452                           tablat	equ	0xFF5
   453                           prodh	equ	0xFF4
   454                           prodl	equ	0xFF3
   455                           postinc0	equ	0xFEE
   456                           wreg	equ	0xFE8
   457                           postdec1	equ	0xFE5
   458                           fsr1l	equ	0xFE1
   459                           indf2	equ	0xFDF
   460                           postinc2	equ	0xFDE
   461                           fsr2h	equ	0xFDA
   462                           fsr2l	equ	0xFD9
   463                           status	equ	0xFD8
   464                           
   465                           	psect	rparam
   466  0000                     tblptru	equ	0xFF8
   467                           tblptrh	equ	0xFF7
   468                           tblptrl	equ	0xFF6
   469                           tablat	equ	0xFF5
   470                           prodh	equ	0xFF4
   471                           prodl	equ	0xFF3
   472                           postinc0	equ	0xFEE
   473                           wreg	equ	0xFE8
   474                           postdec1	equ	0xFE5
   475                           fsr1l	equ	0xFE1
   476                           indf2	equ	0xFDF
   477                           postinc2	equ	0xFDE
   478                           fsr2h	equ	0xFDA
   479                           fsr2l	equ	0xFD9
   480                           status	equ	0xFD8


Data Sizes:
    Strings     0
    Constant    0
    Data        54
    BSS         1
    Persistent  0
    Stack       0

Auto Spaces:
    Space          Size  Autos    Used
    COMRAM           95      1      56
    BANK0           160      0       0
    BANK1           256      0       0
    BANK2           256      0       0
    BANK3           256      0       0
    BANK4           256      0       0
    BANK5           256      0       0
    BANK6           256      0       0
    BANK7           256      0       0

Pointer List with Targets:

    None.

Critical Paths under _main in COMRAM

    None.

Critical Paths under _main in BANK0

    None.

Critical Paths under _main in BANK1

    None.

Critical Paths under _main in BANK2

    None.

Critical Paths under _main in BANK3

    None.

Critical Paths under _main in BANK4

    None.

Critical Paths under _main in BANK5

    None.

Critical Paths under _main in BANK6

    None.

Critical Paths under _main in BANK7

    None.

Call Graph Tables:

 ---------------------------------------------------------------------------------
 (Depth) Function   	        Calls       Base Space   Used Autos Params    Refs
 ---------------------------------------------------------------------------------
 (0) _main                                                 1     1      0       0
                                              0 COMRAM     1     1      0
                          _configCOM
 ---------------------------------------------------------------------------------
 (1) _configCOM                                            0     0      0       0
 ---------------------------------------------------------------------------------
 Estimated maximum stack depth 1
 ---------------------------------------------------------------------------------

 Call Graph Graphs:

 _main (ROOT)
   _configCOM

 Address spaces:
Name               Size   Autos  Total    Cost      Usage
BIGRAM             7FF      0       0      21        0.0%
EEDATA             100      0       0       0        0.0%
BITBANK7           100      0       0      18        0.0%
BANK7              100      0       0      19        0.0%
BITBANK6           100      0       0      16        0.0%
BANK6              100      0       0      17        0.0%
BITBANK5           100      0       0      14        0.0%
BANK5              100      0       0      15        0.0%
BITBANK4           100      0       0      12        0.0%
BANK4              100      0       0      13        0.0%
BITBANK3           100      0       0      10        0.0%
BANK3              100      0       0      11        0.0%
BITBANK2           100      0       0       8        0.0%
BANK2              100      0       0       9        0.0%
BITBANK1           100      0       0       6        0.0%
BANK1              100      0       0       7        0.0%
BITBANK0            A0      0       0       4        0.0%
BANK0               A0      0       0       5        0.0%
BITCOMRAM           5F      0       0       0        0.0%
COMRAM              5F      1      38       1       58.9%
BITSFR               0      0       0     200        0.0%
SFR                  0      0       0     200        0.0%
STACK                0      0       0       2        0.0%
NULL                 0      0       0       0        0.0%
ABS                  0      0      38      20        0.0%
DATA                 0      0      38       3        0.0%
CODE                 0      0       0       0        0.0%


Microchip Technology PIC18 Macro Assembler V1.45 build -152302408 
Symbol Table                                                                                   Wed May 30 12:29:53 2018

                      _i 0037                       l36 7FAE                       l37 7F90  
                     u97 7FA6                      u107 7FD0                      u117 7FE0  
           __CFG_BOR$OFF 000000                      prod 000FF3                      wreg 000FE8  
           __CFG_LVP$OFF 000000             __CFG_WDT$OFF 000000             __CFG_PWRT$ON 000000  
                   _main 7F88                     indf2 000FDF                     fsr1l 000FE1  
                   fsr2l 000FD9                     prodl 000FF3                     start 0000  
          __CFG_MCLRE$ON 000000             ___param_bank 000000            __CFG_PLLDIV$1 000000  
         __CFG_CCP2MX$ON 000000                    ?_main 0038                    _RCREG 000FAE  
                  _SPBRG 000FAF                    _TXREG 000FAD                    tablat 000FF5  
                  status 000FD8          __initialization 7F2A             __end_of_main 8000  
                 ??_main 0038            __activetblptr 000000                   _SPBRGH 000FB0  
           __pdataCOMRAM 0001                   tblptrh 000FF7                   tblptrl 000FF6  
                 tblptru 000FF8               __accesstop 0060  __end_of__initialization 7F4C  
        __CFG_PBADEN$OFF 000000          __CFG_FOSC$XT_XT 000000            ___rparam_used 000001  
         __pcstackCOMRAM 0038       __size_of_configCOM 0018                  __Hparam 0000  
                __Lparam 0000        __end_of_configCOM 7F2A                  _cadenon 0001  
                __pcinit 7F2A                  __ramtop 0800                  __ptext0 7F88  
                __ptext1 7F12     end_of_initialization 7F4C                _RCSTAbits 000FAB  
                postdec1 000FE5                  postinc0 000FEE                  postinc2 000FDE  
              _TRISCbits 000F94                _TRISDbits 000F95                _TXSTAbits 000FAC  
            _BAUDCONbits 000FB8            __pidataCOMRAM 7F52      start_initialization 7F2A  
            __pbssCOMRAM 0037                _configCOM 7F12                 _LATDbits 000F8C  
               _PIR1bits 000F9E               ?_configCOM 0038                copy_data0 7F3E  
               __Hrparam 0000                 __Lrparam 0000            __size_of_main 0078  
            ??_configCOM 0038    __CFG_CPUDIV$OSC1_PLL2 000000  
