

Microchip MPLAB XC8 Assembler V2.10 build 88905656 
                                                                                               Fri Oct 11 17:33:06 2019

Microchip MPLAB XC8 C Compiler v2.10 (Free license) build 20190730164152 Og1 
     1                           	processor	18F4550
     2                           	fnconf	rparam,??,?,0
     3                           	opt	pw 120
     4                           	opt	flic
     5                           	psect	cinit,global,reloc=2,class=CODE,delta=1
     6                           	psect	bssCOMRAM,global,class=COMRAM,space=1,delta=1,noexec
     7                           	psect	cstackCOMRAM,global,class=COMRAM,space=1,delta=1,noexec
     8                           	psect	text0,global,reloc=2,class=CODE,delta=1
     9                           	psect	intcode,global,reloc=2,class=CODE,delta=1
    10                           	psect	intcode_body,global,reloc=2,class=CODE,delta=1
    11                           	psect	intsave_regs,global,class=BIGRAM,space=1,delta=1,noexec
    12                           	psect	rparam,global,class=COMRAM,space=1,delta=1,noexec
    13                           	psect	temp,global,ovrld,common,class=COMRAM,space=1,delta=1
    14  0000                     
    15                           ; Version 2.10
    16                           ; Generated 31/07/2019 GMT
    17                           ; 
    18                           ; Copyright © 2019, Microchip Technology Inc. and its subsidiaries ("Microchip")
    19                           ; All rights reserved.
    20                           ; 
    21                           ; This software is developed by Microchip Technology Inc. and its subsidiaries ("Microch
      +                          ip").
    22                           ; 
    23                           ; Redistribution and use in source and binary forms, with or without modification, are
    24                           ; permitted provided that the following conditions are met:
    25                           ; 
    26                           ;     1. Redistributions of source code must retain the above copyright notice, this lis
      +                          t of
    27                           ;        conditions and the following disclaimer.
    28                           ; 
    29                           ;     2. Redistributions in binary form must reproduce the above copyright notice, this 
      +                          list
    30                           ;        of conditions and the following disclaimer in the documentation and/or other
    31                           ;        materials provided with the distribution.
    32                           ; 
    33                           ;     3. Microchip's name may not be used to endorse or promote products derived from th
      +                          is
    34                           ;        software without specific prior written permission.
    35                           ; 
    36                           ; THIS SOFTWARE IS PROVIDED BY MICROCHIP "AS IS" AND ANY EXPRESS OR IMPLIED WARRANTIES,
    37                           ; INCLUDING, BUT NOT LIMITED TO, THE IMPLIED WARRANTIES OF MERCHANTABILITY AND FITNESS F
      +                          OR
    38                           ; PURPOSE ARE DISCLAIMED.  IN NO EVENT SHALL MICROCHIP BE LIABLE FOR ANY DIRECT, INDIREC
      +                          T,
    39                           ; INCIDENTAL, SPECIAL, EXEMPLARY, OR CONSEQUENTIAL DAMAGES (INCLUDING BUT NOT LIMITED TO
    40                           ; PROCUREMENT OF SUBSTITUTE GOODS OR SERVICES; LOSS OF USE, DATA OR PROFITS; OR BUSINESS
    41                           ; INTERRUPTION) HOWSOEVER CAUSED AND ON ANY THEORY OF LIABILITY, WHETHER IN CONTRACT, ST
      +                          RICT
    42                           ; LIABILITY, OR TORT (INCLUDING NEGLIGENCE OR OTHERWISE) ARISING IN ANY WAY OUT OF THE U
      +                          SE OF
    43                           ; THIS SOFTWARE, EVEN IF ADVISED OF THE POSSIBILITY OF SUCH DAMAGE.
    44                           ; 
    45                           ; 
    46                           ; Code-generator required, PIC18F4550 Definitions
    47                           ; 
    48                           ; SFR Addresses
    49  0000                     _LATDbits	set	3980
    50  0000                     _INTCONbits	set	4082
    51  0000                     _TRISD	set	3989
    52                           
    53                           ; #config settings
    54  0000                     
    55                           	psect	cinit
    56  000142                     __pcinit:
    57                           	opt callstack 0
    58  000142                     start_initialization:
    59                           	opt callstack 0
    60  000142                     __initialization:
    61                           	opt callstack 0
    62                           
    63                           ; Clear objects allocated to COMRAM (1 bytes)
    64  000142  6A05               	clrf	__pbssCOMRAM& (0+255),c
    65  000144                     end_of_initialization:
    66                           	opt callstack 0
    67  000144                     __end_of__initialization:
    68                           	opt callstack 0
    69  000144  9006               	bcf	int$flags,0,c	;clear compiler interrupt flag (level 1)
    70  000146  9206               	bcf	int$flags,1,c	;clear compiler interrupt flag (level 2)
    71  000148  0E00               	movlw	low (__Lmediumconst shr (0+16))
    72  00014A  6EF8               	movwf	tblptru,c
    73  00014C  0100               	movlb	0
    74  00014E  EF09  F000         	goto	_main	;jump to C main() function
    75                           
    76                           	psect	bssCOMRAM
    77  000005                     __pbssCOMRAM:
    78                           	opt callstack 0
    79  000005                     _estado:
    80                           	opt callstack 0
    81  000005                     	ds	1
    82                           
    83                           	psect	cstackCOMRAM
    84  000001                     __pcstackCOMRAM:
    85                           	opt callstack 0
    86  000001                     ??_Int0ISR:
    87                           
    88                           ; 1 bytes @ 0x0
    89  000001                     	ds	2
    90  000003                     ??_main:
    91                           
    92                           ; 1 bytes @ 0x2
    93  000003                     	ds	2
    94                           
    95 ;;
    96 ;;Main: autosize = 0, tempsize = 2, incstack = 0, save=0
    97 ;;
    98 ;; *************** function _main *****************
    99 ;; Defined at:
   100 ;;		line 23 in file "newmain3.c"
   101 ;; Parameters:    Size  Location     Type
   102 ;;		None
   103 ;; Auto vars:     Size  Location     Type
   104 ;;		None
   105 ;; Return value:  Size  Location     Type
   106 ;;                  1    wreg      void 
   107 ;; Registers used:
   108 ;;		wreg, status,2, status,0
   109 ;; Tracked objects:
   110 ;;		On entry : 0/0
   111 ;;		On exit  : 0/0
   112 ;;		Unchanged: 0/0
   113 ;; Data sizes:     COMRAM   BANK0   BANK1   BANK2   BANK3   BANK4   BANK5   BANK6   BANK7
   114 ;;      Params:         0       0       0       0       0       0       0       0       0
   115 ;;      Locals:         0       0       0       0       0       0       0       0       0
   116 ;;      Temps:          2       0       0       0       0       0       0       0       0
   117 ;;      Totals:         2       0       0       0       0       0       0       0       0
   118 ;;Total ram usage:        2 bytes
   119 ;; Hardware stack levels required when called:    1
   120 ;; This function calls:
   121 ;;		Nothing
   122 ;; This function is called by:
   123 ;;		Startup code after reset
   124 ;; This function uses a non-reentrant model
   125 ;;
   126                           
   127                           	psect	text0
   128  000012                     __ptext0:
   129                           	opt callstack 0
   130  000012                     _main:
   131                           	opt callstack 30
   132  000012                     
   133                           ;newmain3.c: 24:     TRISD = 0xFC;
   134  000012  0EFC               	movlw	252
   135  000014  6E95               	movwf	149,c	;volatile
   136  000016                     
   137                           ;newmain3.c: 25:     INTCONbits.GIE = 1;
   138  000016  8EF2               	bsf	242,7,c	;volatile
   139  000018                     
   140                           ;newmain3.c: 26:     INTCONbits.INT0IE = 1;
   141  000018  88F2               	bsf	242,4,c	;volatile
   142  00001A  EF60  F000         	goto	l734
   143  00001E                     l17:
   144                           
   145                           ;newmain3.c: 30:                 LATDbits.LD0 = 1;
   146  00001E  808C               	bsf	140,0,c	;volatile
   147  000020                     
   148                           ;newmain3.c: 31:                 _delay((unsigned long)((100)*(48000000UL/4000000.0)));
   149  000020  0EF0               	movlw	240
   150  000022                     u27:
   151  000022  D000               	nop2	
   152  000024  2EE8               	decfsz	wreg,f,c
   153  000026  D7FD               	bra	u27
   154  000028                     
   155                           ;newmain3.c: 32:                 LATDbits.LD0 = 0;
   156  000028  908C               	bcf	140,0,c	;volatile
   157                           
   158                           ;newmain3.c: 33:                 _delay((unsigned long)((900)*(48000000UL/4000000.0)));
   159  00002A  0E0F               	movlw	15
   160  00002C  6E03               	movwf	??_main^0,c
   161  00002E  0E05               	movlw	5
   162  000030                     u37:
   163  000030  2EE8               	decfsz	wreg,f,c
   164  000032  D7FE               	bra	u37
   165  000034  2E03               	decfsz	??_main^0,f,c
   166  000036  D7FC               	bra	u37
   167  000038  F000               	nop	
   168  00003A                     
   169                           ;newmain3.c: 34:                 LATDbits.LD1 = 1;
   170  00003A  828C               	bsf	140,1,c	;volatile
   171                           
   172                           ;newmain3.c: 35:                 break;
   173  00003C  EF60  F000         	goto	l734
   174  000040                     l19:
   175                           
   176                           ;newmain3.c: 37:                 LATDbits.LD0 = 1;
   177  000040  808C               	bsf	140,0,c	;volatile
   178                           
   179                           ;newmain3.c: 38:                 LATDbits.LD1 = 1;
   180  000042  828C               	bsf	140,1,c	;volatile
   181                           
   182                           ;newmain3.c: 39:                 break;
   183  000044  EF60  F000         	goto	l734
   184  000048                     l20:
   185                           
   186                           ;newmain3.c: 41:                 LATDbits.LD0 = 1;
   187  000048  808C               	bsf	140,0,c	;volatile
   188                           
   189                           ;newmain3.c: 42:                 LATDbits.LD1 = 0;
   190  00004A  928C               	bcf	140,1,c	;volatile
   191  00004C                     
   192                           ;newmain3.c: 43:                 _delay((unsigned long)((100)*(48000000UL/4000.0)));
   193  00004C  0E07               	movlw	7
   194  00004E  6E04               	movwf	(??_main+1)^0,c
   195  000050  0E17               	movlw	23
   196  000052  6E03               	movwf	??_main^0,c
   197  000054  0E6A               	movlw	106
   198  000056                     u47:
   199  000056  2EE8               	decfsz	wreg,f,c
   200  000058  D7FE               	bra	u47
   201  00005A  2E03               	decfsz	??_main^0,f,c
   202  00005C  D7FC               	bra	u47
   203  00005E  2E04               	decfsz	(??_main+1)^0,f,c
   204  000060  D7FA               	bra	u47
   205  000062  D000               	nop2	
   206  000064                     
   207                           ;newmain3.c: 44:                 LATDbits.LD0 = 0;
   208  000064  908C               	bcf	140,0,c	;volatile
   209  000066                     
   210                           ;newmain3.c: 45:                 LATDbits.LD1 = 1;
   211  000066  828C               	bsf	140,1,c	;volatile
   212                           
   213                           ;newmain3.c: 46:                 _delay((unsigned long)((100)*(48000000UL/4000.0)));
   214  000068  0E07               	movlw	7
   215  00006A  6E04               	movwf	(??_main+1)^0,c
   216  00006C  0E17               	movlw	23
   217  00006E  6E03               	movwf	??_main^0,c
   218  000070  0E6A               	movlw	106
   219  000072                     u57:
   220  000072  2EE8               	decfsz	wreg,f,c
   221  000074  D7FE               	bra	u57
   222  000076  2E03               	decfsz	??_main^0,f,c
   223  000078  D7FC               	bra	u57
   224  00007A  2E04               	decfsz	(??_main+1)^0,f,c
   225  00007C  D7FA               	bra	u57
   226  00007E  D000               	nop2	
   227                           
   228                           ;newmain3.c: 47:                 break;
   229  000080  EF60  F000         	goto	l734
   230  000084                     l21:
   231                           
   232                           ;newmain3.c: 49:                 LATDbits.LD0 = 1;
   233  000084  808C               	bsf	140,0,c	;volatile
   234                           
   235                           ;newmain3.c: 50:                 LATDbits.LD1 = 0;
   236  000086  928C               	bcf	140,1,c	;volatile
   237  000088                     
   238                           ;newmain3.c: 51:                 _delay((unsigned long)((200)*(48000000UL/4000.0)));
   239  000088  0E0D               	movlw	13
   240  00008A  6E04               	movwf	(??_main+1)^0,c
   241  00008C  0E2D               	movlw	45
   242  00008E  6E03               	movwf	??_main^0,c
   243  000090  0ED8               	movlw	216
   244  000092                     u67:
   245  000092  2EE8               	decfsz	wreg,f,c
   246  000094  D7FE               	bra	u67
   247  000096  2E03               	decfsz	??_main^0,f,c
   248  000098  D7FC               	bra	u67
   249  00009A  2E04               	decfsz	(??_main+1)^0,f,c
   250  00009C  D7FA               	bra	u67
   251  00009E                     
   252                           ;newmain3.c: 52:                 LATDbits.LD0 = 0;
   253  00009E  908C               	bcf	140,0,c	;volatile
   254  0000A0                     
   255                           ;newmain3.c: 53:                 LATDbits.LD1 = 1;
   256  0000A0  828C               	bsf	140,1,c	;volatile
   257                           
   258                           ;newmain3.c: 54:                 _delay((unsigned long)((200)*(48000000UL/4000.0)));
   259  0000A2  0E0D               	movlw	13
   260  0000A4  6E04               	movwf	(??_main+1)^0,c
   261  0000A6  0E2D               	movlw	45
   262  0000A8  6E03               	movwf	??_main^0,c
   263  0000AA  0ED8               	movlw	216
   264  0000AC                     u77:
   265  0000AC  2EE8               	decfsz	wreg,f,c
   266  0000AE  D7FE               	bra	u77
   267  0000B0  2E03               	decfsz	??_main^0,f,c
   268  0000B2  D7FC               	bra	u77
   269  0000B4  2E04               	decfsz	(??_main+1)^0,f,c
   270  0000B6  D7FA               	bra	u77
   271                           
   272                           ;newmain3.c: 55:                 break;
   273  0000B8  EF60  F000         	goto	l734
   274  0000BC                     l22:
   275                           
   276                           ;newmain3.c: 57:                 LATDbits.LD0 = 0;
   277  0000BC  908C               	bcf	140,0,c	;volatile
   278                           
   279                           ;newmain3.c: 58:                 LATDbits.LD1 = 0;
   280  0000BE  928C               	bcf	140,1,c	;volatile
   281  0000C0                     l734:
   282  0000C0  5005               	movf	_estado^0,w,c
   283  0000C2  6E03               	movwf	??_main^0,c
   284  0000C4  6A04               	clrf	(??_main+1)^0,c
   285                           
   286                           ; Switch on 2 bytes has been partitioned into a top level switch of size 1, and 1 sub-sw
      +                          itches
   287                           ; Switch size 1, requested type "simple"
   288                           ; Number of cases is 1, Range of values is 0 to 0
   289                           ; switch strategies available:
   290                           ; Name         Instructions Cycles
   291                           ; simple_byte            4     3 (average)
   292                           ;	Chosen strategy is simple_byte
   293  0000C6  5004               	movf	(??_main+1)^0,w,c
   294  0000C8  0A00               	xorlw	0	; case 0
   295  0000CA  B4D8               	btfsc	status,2,c
   296  0000CC  EF6A  F000         	goto	l754
   297  0000D0  EF60  F000         	goto	l734
   298  0000D4                     l754:
   299                           
   300                           ; Switch size 1, requested type "simple"
   301                           ; Number of cases is 5, Range of values is 0 to 4
   302                           ; switch strategies available:
   303                           ; Name         Instructions Cycles
   304                           ; simple_byte           16     9 (average)
   305                           ;	Chosen strategy is simple_byte
   306  0000D4  5003               	movf	??_main^0,w,c
   307  0000D6  0A00               	xorlw	0	; case 0
   308  0000D8  B4D8               	btfsc	status,2,c
   309  0000DA  EF5E  F000         	goto	l22
   310  0000DE  0A01               	xorlw	1	; case 1
   311  0000E0  B4D8               	btfsc	status,2,c
   312  0000E2  EF42  F000         	goto	l21
   313  0000E6  0A03               	xorlw	3	; case 2
   314  0000E8  B4D8               	btfsc	status,2,c
   315  0000EA  EF24  F000         	goto	l20
   316  0000EE  0A01               	xorlw	1	; case 3
   317  0000F0  B4D8               	btfsc	status,2,c
   318  0000F2  EF20  F000         	goto	l19
   319  0000F6  0A07               	xorlw	7	; case 4
   320  0000F8  B4D8               	btfsc	status,2,c
   321  0000FA  EF0F  F000         	goto	l17
   322  0000FE  EF60  F000         	goto	l734
   323  000102  EF07  F000         	goto	start
   324  000106                     __end_of_main:
   325                           	opt callstack 0
   326                           
   327 ;; *************** function _Int0ISR *****************
   328 ;; Defined at:
   329 ;;		line 64 in file "newmain3.c"
   330 ;; Parameters:    Size  Location     Type
   331 ;;		None
   332 ;; Auto vars:     Size  Location     Type
   333 ;;		None
   334 ;; Return value:  Size  Location     Type
   335 ;;                  1    wreg      void 
   336 ;; Registers used:
   337 ;;		wreg, status,2, status,0
   338 ;; Tracked objects:
   339 ;;		On entry : 0/0
   340 ;;		On exit  : 0/0
   341 ;;		Unchanged: 0/0
   342 ;; Data sizes:     COMRAM   BANK0   BANK1   BANK2   BANK3   BANK4   BANK5   BANK6   BANK7
   343 ;;      Params:         0       0       0       0       0       0       0       0       0
   344 ;;      Locals:         0       0       0       0       0       0       0       0       0
   345 ;;      Temps:          2       0       0       0       0       0       0       0       0
   346 ;;      Totals:         2       0       0       0       0       0       0       0       0
   347 ;;Total ram usage:        2 bytes
   348 ;; Hardware stack levels used:    1
   349 ;; This function calls:
   350 ;;		Nothing
   351 ;; This function is called by:
   352 ;;		Interrupt level 2
   353 ;; This function uses a non-reentrant model
   354 ;;
   355                           
   356                           	psect	intcode
   357  000008                     __pintcode:
   358                           	opt callstack 0
   359  000008                     _Int0ISR:
   360                           	opt callstack 30
   361                           
   362                           ;incstack = 0
   363  000008  8206               	bsf	int$flags,1,c	;set compiler interrupt flag (level 2)
   364  00000A  ED83  F000         	call	int_func,f	;refresh shadow registers
   365                           
   366                           	psect	intcode_body
   367  000106                     __pintcode_body:
   368                           	opt callstack 30
   369  000106                     int_func:
   370                           	opt callstack 30
   371  000106  0006               	pop		; remove dummy address from shadow register refresh
   372  000108                     
   373                           ;newmain3.c: 65:     _delay((unsigned long)((100)*(48000000UL/4000.0)));
   374  000108  0E07               	movlw	7
   375  00010A  6E02               	movwf	(??_Int0ISR+1)^0,c
   376  00010C  0E17               	movlw	23
   377  00010E  6E01               	movwf	??_Int0ISR^0,c
   378  000110  0E6A               	movlw	106
   379  000112                     i2u8_47:
   380  000112  2EE8               	decfsz	wreg,f,c
   381  000114  D7FE               	bra	i2u8_47
   382  000116  2E01               	decfsz	??_Int0ISR^0,f,c
   383  000118  D7FC               	bra	i2u8_47
   384  00011A  2E02               	decfsz	(??_Int0ISR+1)^0,f,c
   385  00011C  D7FA               	bra	i2u8_47
   386  00011E  D000               	nop2	
   387  000120                     
   388                           ;newmain3.c: 66:     if (estado == 4){
   389  000120  0E04               	movlw	4
   390  000122  1805               	xorwf	_estado^0,w,c
   391  000124  A4D8               	btfss	status,2,c
   392  000126  EF97  F000         	goto	i2u1_41
   393  00012A  EF99  F000         	goto	i2u1_40
   394  00012E                     i2u1_41:
   395  00012E  EF9D  F000         	goto	i2l746
   396  000132                     i2u1_40:
   397  000132                     
   398                           ;newmain3.c: 67:         estado = 0;
   399  000132  0E00               	movlw	0
   400  000134  6E05               	movwf	_estado^0,c
   401                           
   402                           ;newmain3.c: 68:     }
   403  000136  EF9E  F000         	goto	i2l748
   404  00013A                     i2l746:
   405                           
   406                           ;newmain3.c: 70:         estado++;
   407  00013A  2A05               	incf	_estado^0,f,c
   408  00013C                     i2l748:
   409                           
   410                           ;newmain3.c: 72:     INTCONbits.INT0IF = 0;
   411  00013C  92F2               	bcf	242,1,c	;volatile
   412  00013E  9206               	bcf	int$flags,1,c	;clear compiler interrupt flag (level 2)
   413  000140  0011               	retfie		f
   414  000142                     __end_of_Int0ISR:
   415                           	opt callstack 0
   416  0000                     
   417                           	psect	rparam
   418  0000                     
   419                           	psect	temp
   420  000006                     btemp:
   421                           	opt callstack 0
   422  000006                     	ds	1
   423  0000                     int$flags	set	btemp
   424  0000                     wtemp8	set	btemp+1
   425  0000                     ttemp5	set	btemp+1
   426  0000                     ttemp6	set	btemp+4
   427  0000                     ttemp7	set	btemp+8
   428                           tosu	equ	0xFFF
   429                           tosh	equ	0xFFE
   430                           tosl	equ	0xFFD
   431                           stkptr	equ	0xFFC
   432                           pclatu	equ	0xFFB
   433                           pclath	equ	0xFFA
   434                           pcl	equ	0xFF9
   435                           tblptru	equ	0xFF8
   436                           tblptrh	equ	0xFF7
   437                           tblptrl	equ	0xFF6
   438                           tablat	equ	0xFF5
   439                           prodh	equ	0xFF4
   440                           prodl	equ	0xFF3
   441                           indf0	equ	0xFEF
   442                           postinc0	equ	0xFEE
   443                           postdec0	equ	0xFED
   444                           preinc0	equ	0xFEC
   445                           plusw0	equ	0xFEB
   446                           fsr0h	equ	0xFEA
   447                           fsr0l	equ	0xFE9
   448                           wreg	equ	0xFE8
   449                           indf1	equ	0xFE7
   450                           postinc1	equ	0xFE6
   451                           postdec1	equ	0xFE5
   452                           preinc1	equ	0xFE4
   453                           plusw1	equ	0xFE3
   454                           fsr1h	equ	0xFE2
   455                           fsr1l	equ	0xFE1
   456                           bsr	equ	0xFE0
   457                           indf2	equ	0xFDF
   458                           postinc2	equ	0xFDE
   459                           postdec2	equ	0xFDD
   460                           preinc2	equ	0xFDC
   461                           plusw2	equ	0xFDB
   462                           fsr2h	equ	0xFDA
   463                           fsr2l	equ	0xFD9
   464                           status	equ	0xFD8


Data Sizes:
    Strings     0
    Constant    0
    Data        0
    BSS         1
    Persistent  0
    Stack       0

Auto Spaces:
    Space          Size  Autos    Used
    COMRAM           94      4       5
    BANK0           160      0       0
    BANK1           256      0       0
    BANK2           256      0       0
    BANK3           256      0       0
    BANK4           256      0       0
    BANK5           256      0       0
    BANK6           256      0       0
    BANK7           256      0       0

Pointer List with Targets:

    None.

Critical Paths under _main in COMRAM

    None.

Critical Paths under _Int0ISR in COMRAM

    None.

Critical Paths under _main in BANK0

    None.

Critical Paths under _Int0ISR in BANK0

    None.

Critical Paths under _main in BANK1

    None.

Critical Paths under _Int0ISR in BANK1

    None.

Critical Paths under _main in BANK2

    None.

Critical Paths under _Int0ISR in BANK2

    None.

Critical Paths under _main in BANK3

    None.

Critical Paths under _Int0ISR in BANK3

    None.

Critical Paths under _main in BANK4

    None.

Critical Paths under _Int0ISR in BANK4

    None.

Critical Paths under _main in BANK5

    None.

Critical Paths under _Int0ISR in BANK5

    None.

Critical Paths under _main in BANK6

    None.

Critical Paths under _Int0ISR in BANK6

    None.

Critical Paths under _main in BANK7

    None.

Critical Paths under _Int0ISR in BANK7

    None.

Call Graph Tables:

 ---------------------------------------------------------------------------------
 (Depth) Function   	        Calls       Base Space   Used Autos Params    Refs
 ---------------------------------------------------------------------------------
 (0) _main                                                 2     2      0       0
                                              2 COMRAM     2     2      0
 ---------------------------------------------------------------------------------
 Estimated maximum stack depth 0
 ---------------------------------------------------------------------------------
 (Depth) Function   	        Calls       Base Space   Used Autos Params    Refs
 ---------------------------------------------------------------------------------
 (1) _Int0ISR                                              2     2      0       0
                                              0 COMRAM     2     2      0
 ---------------------------------------------------------------------------------
 Estimated maximum stack depth 1
 ---------------------------------------------------------------------------------

 Call Graph Graphs:

 _main (ROOT)

 _Int0ISR (ROOT)

 Address spaces:
Name               Size   Autos  Total    Cost      Usage
BIGRAM             7FF      0       0      21        0.0%
EEDATA             100      0       0       0        0.0%
BITBANK7           100      0       0      18        0.0%
BANK7              100      0       0      19        0.0%
BITBANK6           100      0       0      16        0.0%
BANK6              100      0       0      17        0.0%
BITBANK5           100      0       0      14        0.0%
BANK5              100      0       0      15        0.0%
BITBANK4           100      0       0      12        0.0%
BANK4              100      0       0      13        0.0%
BITBANK3           100      0       0      10        0.0%
BANK3              100      0       0      11        0.0%
BITBANK2           100      0       0       8        0.0%
BANK2              100      0       0       9        0.0%
BITBANK1           100      0       0       6        0.0%
BANK1              100      0       0       7        0.0%
BITBANK0            A0      0       0       4        0.0%
BANK0               A0      0       0       5        0.0%
BITCOMRAM           5E      0       0       0        0.0%
COMRAM              5E      4       5       1        5.3%
BITSFR               0      0       0     200        0.0%
SFR                  0      0       0     200        0.0%
STACK                0      0       0       2        0.0%
NULL                 0      0       0       0        0.0%
ABS                  0      0       5      20        0.0%
DATA                 0      0       5       3        0.0%
CODE                 0      0       0       0        0.0%


Microchip Technology PIC18 Macro Assembler V2.10 build 88905656 
Symbol Table                                                                                   Fri Oct 11 17:33:06 2019

                     l20 0048                       l21 0084                       l22 00BC  
                     l17 001E                       l19 0040                       u27 0022  
                     u37 0030                       u47 0056                       u57 0072  
                     u67 0092                       u77 00AC              __CFG_BORV$3 000000  
     __CFG_FOSC$XTPLL_XT 000000                      l710 0016                      l720 004C  
                    l712 0018                      l730 00A0                      l722 0064  
                    l714 0020                      l724 0066                      l716 0028  
                    l708 0012                      l726 0088                      l718 003A  
                    l734 00C0                      l728 009E                      l754 00D4  
           __CFG_BOR$OFF 000000                      wreg 000FE8             __CFG_LVP$OFF 000000  
           __CFG_WDT$OFF 000000                     i2l32 013E             __CFG_PWRT$ON 000000  
                   _main 0012                     btemp 0006                     start 000E  
        __end_of_Int0ISR 0142            __CFG_MCLRE$ON 000000             ___param_bank 000000  
          __CFG_PLLDIV$1 000000           __CFG_CCP2MX$ON 000000                    ?_main 0001  
                  i2l740 0108                    i2l742 0120                    i2l744 0132  
                  i2l746 013A                    i2l748 013C                    _TRISD 000F95  
                  ttemp5 0007                    ttemp6 000A                    ttemp7 000E  
                  status 000FD8                    wtemp8 0007          __initialization 0142  
           __end_of_main 0106                   ??_main 0003            __activetblptr 000002  
              ??_Int0ISR 0001                   i2u1_40 0132                   i2u1_41 012E  
                 i2u8_47 0112                   _estado 0005                   tblptru 000FF8  
             __accesstop 0060  __end_of__initialization 0144          __CFG_PBADEN$OFF 000000  
          ___rparam_used 000001           __pcstackCOMRAM 0001                  _Int0ISR 0008  
                __Hparam 0000                  __Lparam 0000                  __pcinit 0142  
                __ramtop 0800                  __ptext0 0012           __pintcode_body 0106  
   end_of_initialization 0144            __Lmediumconst 0000                  int_func 0106  
    start_initialization 0142         __CFG_LPT1OSC$OFF 000000              __pbssCOMRAM 0005  
               ?_Int0ISR 0001                __pintcode 0008                 _LATDbits 000F8C  
       __CFG_WDTPS$32768 000000         __size_of_Int0ISR 013A                 __Hrparam 0000  
               __Lrparam 0000            __size_of_main 00F4                 int$flags 0006  
  __CFG_CPUDIV$OSC1_PLL2 000000               _INTCONbits 000FF2                 intlevel2 0000  
