

Microchip MPLAB XC8 Assembler V2.05 build -831301201 
                                                                                               Tue May 21 21:14:08 2019

Microchip MPLAB XC8 C Compiler v2.05 (Free license) build 20181220022703 Og1 
     1                           	processor	18F4550
     2                           	fnconf	rparam,??,?,0
     3                           	opt	pw 120
     4                           	opt	flic
     5                           	psect	cinit,global,reloc=2,class=CODE,delta=1
     6                           	psect	cstackCOMRAM,global,class=COMRAM,space=1,delta=1,noexec
     7                           	psect	text0,global,reloc=2,class=CODE,delta=1
     8                           	psect	intsave_regs,global,class=BIGRAM,space=1,delta=1,noexec
     9                           	psect	rparam,global,class=COMRAM,space=1,delta=1,noexec
    10  0000                     
    11                           ; Version 2.05
    12                           ; Generated 20/12/2018 GMT
    13                           ; 
    14                           ; Copyright © 2018, Microchip Technology Inc. and its subsidiaries ("Microchip")
    15                           ; All rights reserved.
    16                           ; 
    17                           ; This software is developed by Microchip Technology Inc. and its subsidiaries ("Microch
      +                          ip").
    18                           ; 
    19                           ; Redistribution and use in source and binary forms, with or without modification, are
    20                           ; permitted provided that the following conditions are met:
    21                           ; 
    22                           ;     1. Redistributions of source code must retain the above copyright notice, this lis
      +                          t of
    23                           ;        conditions and the following disclaimer.
    24                           ; 
    25                           ;     2. Redistributions in binary form must reproduce the above copyright notice, this 
      +                          list
    26                           ;        of conditions and the following disclaimer in the documentation and/or other
    27                           ;        materials provided with the distribution.
    28                           ; 
    29                           ;     3. Microchip's name may not be used to endorse or promote products derived from th
      +                          is
    30                           ;        software without specific prior written permission.
    31                           ; 
    32                           ; THIS SOFTWARE IS PROVIDED BY MICROCHIP "AS IS" AND ANY EXPRESS OR IMPLIED WARRANTIES,
    33                           ; INCLUDING, BUT NOT LIMITED TO, THE IMPLIED WARRANTIES OF MERCHANTABILITY AND FITNESS F
      +                          OR
    34                           ; PURPOSE ARE DISCLAIMED.  IN NO EVENT SHALL MICROCHIP BE LIABLE FOR ANY DIRECT, INDIREC
      +                          T,
    35                           ; INCIDENTAL, SPECIAL, EXEMPLARY, OR CONSEQUENTIAL DAMAGES (INCLUDING BUT NOT LIMITED TO
    36                           ; PROCUREMENT OF SUBSTITUTE GOODS OR SERVICES; LOSS OF USE, DATA OR PROFITS; OR BUSINESS
    37                           ; INTERRUPTION) HOWSOEVER CAUSED AND ON ANY THEORY OF LIABILITY, WHETHER IN CONTRACT, ST
      +                          RICT
    38                           ; LIABILITY, OR TORT (INCLUDING NEGLIGENCE OR OTHERWISE) ARISING IN ANY WAY OUT OF THE U
      +                          SE OF
    39                           ; THIS SOFTWARE, EVEN IF ADVISED OF THE POSSIBILITY OF SUCH DAMAGE.
    40                           ; 
    41                           ; 
    42                           ; Code-generator required, PIC18F4550 Definitions
    43                           ; 
    44                           ; SFR Addresses
    45  0000                     _CCP1CONbits	set	4029
    46  0000                     _PORTBbits	set	3969
    47  0000                     _CCP1CON	set	4029
    48  0000                     _T2CON	set	4042
    49  0000                     _TRISCbits	set	3988
    50  0000                     _CCPR1L	set	4030
    51  0000                     _PR2	set	4043
    52                           
    53                           ; #config settings
    54  0000                     
    55                           	psect	cinit
    56  007FD6                     __pcinit:
    57                           	opt callstack 0
    58  007FD6                     start_initialization:
    59                           	opt callstack 0
    60  007FD6                     __initialization:
    61                           	opt callstack 0
    62  007FD6                     end_of_initialization:
    63                           	opt callstack 0
    64  007FD6                     __end_of__initialization:
    65                           	opt callstack 0
    66  007FD6  0100               	movlb	0
    67  007FD8  EFEE  F03F         	goto	_main	;jump to C main() function
    68                           
    69                           	psect	cstackCOMRAM
    70  000000                     __pcstackCOMRAM:
    71                           	opt callstack 0
    72  000000                     
    73                           ; 1 bytes @ 0x0
    74 ;;
    75 ;;Main: autosize = 0, tempsize = 0, incstack = 0, save=0
    76 ;;
    77 ;; *************** function _main *****************
    78 ;; Defined at:
    79 ;;		line 17 in file "comocancha.c"
    80 ;; Parameters:    Size  Location     Type
    81 ;;		None
    82 ;; Auto vars:     Size  Location     Type
    83 ;;		None
    84 ;; Return value:  Size  Location     Type
    85 ;;                  1    wreg      void 
    86 ;; Registers used:
    87 ;;		wreg, status,2
    88 ;; Tracked objects:
    89 ;;		On entry : 0/0
    90 ;;		On exit  : 0/0
    91 ;;		Unchanged: 0/0
    92 ;; Data sizes:     COMRAM   BANK0   BANK1   BANK2   BANK3   BANK4   BANK5   BANK6   BANK7
    93 ;;      Params:         0       0       0       0       0       0       0       0       0
    94 ;;      Locals:         0       0       0       0       0       0       0       0       0
    95 ;;      Temps:          0       0       0       0       0       0       0       0       0
    96 ;;      Totals:         0       0       0       0       0       0       0       0       0
    97 ;;Total ram usage:        0 bytes
    98 ;; This function calls:
    99 ;;		Nothing
   100 ;; This function is called by:
   101 ;;		Startup code after reset
   102 ;; This function uses a non-reentrant model
   103 ;;
   104                           
   105                           	psect	text0
   106  007FDC                     __ptext0:
   107                           	opt callstack 0
   108  007FDC                     _main:
   109                           	opt callstack 31
   110                           
   111                           ;comocancha.c: 18:     PR2 = 249;
   112                           
   113                           ;incstack = 0
   114  007FDC  0EF9               	movlw	249
   115  007FDE  6ECB               	movwf	4043,c	;volatile
   116                           
   117                           ;comocancha.c: 19:     CCPR1L = 50;
   118  007FE0  0E32               	movlw	50
   119  007FE2  6EBE               	movwf	4030,c	;volatile
   120                           
   121                           ;comocancha.c: 20:     TRISCbits.RC2 = 0;
   122  007FE4  9494               	bcf	3988,2,c	;volatile
   123                           
   124                           ;comocancha.c: 21:     T2CON = 0x05;
   125  007FE6  0E05               	movlw	5
   126  007FE8  6ECA               	movwf	4042,c	;volatile
   127                           
   128                           ;comocancha.c: 22:     CCP1CON = 0x0C;
   129  007FEA  0E0C               	movlw	12
   130  007FEC  6EBD               	movwf	4029,c	;volatile
   131  007FEE                     l704:
   132                           
   133                           ;comocancha.c: 24:         if(PORTBbits.RB0 == 1){
   134  007FEE  A081               	btfss	3969,0,c	;volatile
   135  007FF0  D004               	goto	l710
   136                           
   137                           ;comocancha.c: 25:             CCP1CONbits.DC1B1 = 0;
   138  007FF2  9ABD               	bcf	4029,5,c	;volatile
   139                           
   140                           ;comocancha.c: 26:             CCP1CONbits.DC1B0 = 0;
   141  007FF4  98BD               	bcf	4029,4,c	;volatile
   142                           
   143                           ;comocancha.c: 27:             CCPR1L = 249;
   144  007FF6  0EF9               	movlw	249
   145  007FF8  D001               	goto	L1
   146  007FFA                     l710:
   147                           
   148                           ;comocancha.c: 30:             CCPR1L = 50;
   149  007FFA  0E32               	movlw	50
   150  007FFC                     L1:
   151  007FFC  6EBE               	movwf	4030,c	;volatile
   152  007FFE  D7F7               	goto	l704
   153  008000                     __end_of_main:
   154                           	opt callstack 0
   155  0000                     
   156                           	psect	rparam
   157  0000                     tosu	equ	0xFFF
   158                           tosh	equ	0xFFE
   159                           tosl	equ	0xFFD
   160                           stkptr	equ	0xFFC
   161                           pclatu	equ	0xFFB
   162                           pclath	equ	0xFFA
   163                           pcl	equ	0xFF9
   164                           tblptru	equ	0xFF8
   165                           tblptrh	equ	0xFF7
   166                           tblptrl	equ	0xFF6
   167                           tablat	equ	0xFF5
   168                           prodh	equ	0xFF4
   169                           prodl	equ	0xFF3
   170                           indf0	equ	0xFEF
   171                           postinc0	equ	0xFEE
   172                           postdec0	equ	0xFED
   173                           preinc0	equ	0xFEC
   174                           plusw0	equ	0xFEB
   175                           fsr0h	equ	0xFEA
   176                           fsr0l	equ	0xFE9
   177                           wreg	equ	0xFE8
   178                           indf1	equ	0xFE7
   179                           postinc1	equ	0xFE6
   180                           postdec1	equ	0xFE5
   181                           preinc1	equ	0xFE4
   182                           plusw1	equ	0xFE3
   183                           fsr1h	equ	0xFE2
   184                           fsr1l	equ	0xFE1
   185                           bsr	equ	0xFE0
   186                           indf2	equ	0xFDF
   187                           postinc2	equ	0xFDE
   188                           postdec2	equ	0xFDD
   189                           preinc2	equ	0xFDC
   190                           plusw2	equ	0xFDB
   191                           fsr2h	equ	0xFDA
   192                           fsr2l	equ	0xFD9
   193                           status	equ	0xFD8


Data Sizes:
    Strings     0
    Constant    0
    Data        0
    BSS         0
    Persistent  0
    Stack       0

Auto Spaces:
    Space          Size  Autos    Used
    COMRAM           95      0       0
    BANK0           160      0       0
    BANK1           256      0       0
    BANK2           256      0       0
    BANK3           256      0       0
    BANK4           256      0       0
    BANK5           256      0       0
    BANK6           256      0       0
    BANK7           256      0       0

Pointer List with Targets:

    None.

Critical Paths under _main in COMRAM

    None.

Critical Paths under _main in BANK0

    None.

Critical Paths under _main in BANK1

    None.

Critical Paths under _main in BANK2

    None.

Critical Paths under _main in BANK3

    None.

Critical Paths under _main in BANK4

    None.

Critical Paths under _main in BANK5

    None.

Critical Paths under _main in BANK6

    None.

Critical Paths under _main in BANK7

    None.

Call Graph Tables:

 ---------------------------------------------------------------------------------
 (Depth) Function   	        Calls       Base Space   Used Autos Params    Refs
 ---------------------------------------------------------------------------------
 (0) _main                                                 0     0      0       0
 ---------------------------------------------------------------------------------
 Estimated maximum stack depth 0
 ---------------------------------------------------------------------------------

 Call Graph Graphs:

 _main (ROOT)

 Address spaces:
Name               Size   Autos  Total    Cost      Usage
BITCOMRAM           5F      0       0       0        0.0%
EEDATA             100      0       0       0        0.0%
NULL                 0      0       0       0        0.0%
CODE                 0      0       0       0        0.0%
COMRAM              5F      0       0       1        0.0%
STACK                0      0       0       2        0.0%
DATA                 0      0       0       3        0.0%
BITBANK0            A0      0       0       4        0.0%
BANK0               A0      0       0       5        0.0%
BITBANK1           100      0       0       6        0.0%
BANK1              100      0       0       7        0.0%
BITBANK2           100      0       0       8        0.0%
BANK2              100      0       0       9        0.0%
BITBANK3           100      0       0      10        0.0%
BANK3              100      0       0      11        0.0%
BITBANK4           100      0       0      12        0.0%
BANK4              100      0       0      13        0.0%
BITBANK5           100      0       0      14        0.0%
BANK5              100      0       0      15        0.0%
BITBANK6           100      0       0      16        0.0%
BANK6              100      0       0      17        0.0%
BITBANK7           100      0       0      18        0.0%
BANK7              100      0       0      19        0.0%
ABS                  0      0       0      20        0.0%
BIGRAM             7FF      0       0      21        0.0%
BITSFR               0      0       0     200        0.0%
SFR                  0      0       0     200        0.0%


Microchip Technology PIC18 Macro Assembler V2.05 build -831301201 
Symbol Table                                                                                   Tue May 21 21:14:08 2019

                    l710 7FFA                      l704 7FEE                      _PR2 000FCB  
           __CFG_BOR$OFF 000000             __CFG_LVP$OFF 000000             __CFG_WDT$OFF 000000  
           __CFG_PWRT$ON 000000                     _main 7FDC                     start 0000  
           ___param_bank 000000                    ?_main 0000                    _T2CON 000FCA  
        __initialization 7FD6             __end_of_main 8000                   ??_main 0000  
          __activetblptr 000000                   _CCPR1L 000FBE               __accesstop 0060  
__end_of__initialization 7FD6          __CFG_PBADEN$OFF 000000          __CFG_FOSC$XT_XT 000000  
          ___rparam_used 000001           __pcstackCOMRAM 0000                  _CCP1CON 000FBD  
                __Hparam 0000                  __Lparam 0000                  __pcinit 7FD6  
                __ramtop 0800                  __ptext0 7FDC     end_of_initialization 7FD6  
              _PORTBbits 000F81                _TRISCbits 000F94              _CCP1CONbits 000FBD  
    start_initialization 7FD6                 __Hrparam 0000                 __Lrparam 0000  
          __size_of_main 0024  
