

Microchip MPLAB XC8 Assembler V2.05 build -831301201 
                                                                                               Fri May 24 17:40:38 2019

Microchip MPLAB XC8 C Compiler v2.05 (Free license) build 20181220022703 Og1 
     1                           	processor	18F4550
     2                           	fnconf	rparam,??,?,0
     3                           	opt	pw 120
     4                           	opt	flic
     5                           	psect	cinit,global,reloc=2,class=CODE,delta=1
     6                           	psect	cstackCOMRAM,global,class=COMRAM,space=1,delta=1,noexec
     7                           	psect	text0,global,reloc=2,class=CODE,delta=1
     8                           	psect	intsave_regs,global,class=BIGRAM,space=1,delta=1,noexec
     9                           	psect	rparam,global,class=COMRAM,space=1,delta=1,noexec
    10  0000                     
    11                           ; Version 2.05
    12                           ; Generated 20/12/2018 GMT
    13                           ; 
    14                           ; Copyright © 2018, Microchip Technology Inc. and its subsidiaries ("Microchip")
    15                           ; All rights reserved.
    16                           ; 
    17                           ; This software is developed by Microchip Technology Inc. and its subsidiaries ("Microch
      +                          ip").
    18                           ; 
    19                           ; Redistribution and use in source and binary forms, with or without modification, are
    20                           ; permitted provided that the following conditions are met:
    21                           ; 
    22                           ;     1. Redistributions of source code must retain the above copyright notice, this lis
      +                          t of
    23                           ;        conditions and the following disclaimer.
    24                           ; 
    25                           ;     2. Redistributions in binary form must reproduce the above copyright notice, this 
      +                          list
    26                           ;        of conditions and the following disclaimer in the documentation and/or other
    27                           ;        materials provided with the distribution.
    28                           ; 
    29                           ;     3. Microchip's name may not be used to endorse or promote products derived from th
      +                          is
    30                           ;        software without specific prior written permission.
    31                           ; 
    32                           ; THIS SOFTWARE IS PROVIDED BY MICROCHIP "AS IS" AND ANY EXPRESS OR IMPLIED WARRANTIES,
    33                           ; INCLUDING, BUT NOT LIMITED TO, THE IMPLIED WARRANTIES OF MERCHANTABILITY AND FITNESS F
      +                          OR
    34                           ; PURPOSE ARE DISCLAIMED.  IN NO EVENT SHALL MICROCHIP BE LIABLE FOR ANY DIRECT, INDIREC
      +                          T,
    35                           ; INCIDENTAL, SPECIAL, EXEMPLARY, OR CONSEQUENTIAL DAMAGES (INCLUDING BUT NOT LIMITED TO
    36                           ; PROCUREMENT OF SUBSTITUTE GOODS OR SERVICES; LOSS OF USE, DATA OR PROFITS; OR BUSINESS
    37                           ; INTERRUPTION) HOWSOEVER CAUSED AND ON ANY THEORY OF LIABILITY, WHETHER IN CONTRACT, ST
      +                          RICT
    38                           ; LIABILITY, OR TORT (INCLUDING NEGLIGENCE OR OTHERWISE) ARISING IN ANY WAY OUT OF THE U
      +                          SE OF
    39                           ; THIS SOFTWARE, EVEN IF ADVISED OF THE POSSIBILITY OF SUCH DAMAGE.
    40                           ; 
    41                           ; 
    42                           ; Code-generator required, PIC18F4550 Definitions
    43                           ; 
    44                           ; SFR Addresses
    45  0000                     _LATBbits	set	3978
    46  0000                     _PORTBbits	set	3969
    47  0000                     _TRISBbits	set	3987
    48                           
    49                           ; #config settings
    50  0000                     
    51                           	psect	cinit
    52  007F7E                     __pcinit:
    53                           	opt callstack 0
    54  007F7E                     start_initialization:
    55                           	opt callstack 0
    56  007F7E                     __initialization:
    57                           	opt callstack 0
    58  007F7E                     end_of_initialization:
    59                           	opt callstack 0
    60  007F7E                     __end_of__initialization:
    61                           	opt callstack 0
    62  007F7E  0100               	movlb	0
    63  007F80  EFC2  F03F         	goto	_main	;jump to C main() function
    64                           
    65                           	psect	cstackCOMRAM
    66  000001                     __pcstackCOMRAM:
    67                           	opt callstack 0
    68  000001                     ??_main:
    69                           
    70                           ; 1 bytes @ 0x0
    71  000001                     	ds	2
    72                           
    73 ;;
    74 ;;Main: autosize = 0, tempsize = 2, incstack = 0, save=0
    75 ;;
    76 ;; *************** function _main *****************
    77 ;; Defined at:
    78 ;;		line 25 in file "palaizqyder.c"
    79 ;; Parameters:    Size  Location     Type
    80 ;;		None
    81 ;; Auto vars:     Size  Location     Type
    82 ;;		None
    83 ;; Return value:  Size  Location     Type
    84 ;;                  1    wreg      void 
    85 ;; Registers used:
    86 ;;		wreg
    87 ;; Tracked objects:
    88 ;;		On entry : 0/0
    89 ;;		On exit  : 0/0
    90 ;;		Unchanged: 0/0
    91 ;; Data sizes:     COMRAM   BANK0   BANK1   BANK2   BANK3   BANK4   BANK5   BANK6   BANK7
    92 ;;      Params:         0       0       0       0       0       0       0       0       0
    93 ;;      Locals:         0       0       0       0       0       0       0       0       0
    94 ;;      Temps:          2       0       0       0       0       0       0       0       0
    95 ;;      Totals:         2       0       0       0       0       0       0       0       0
    96 ;;Total ram usage:        2 bytes
    97 ;; This function calls:
    98 ;;		Nothing
    99 ;; This function is called by:
   100 ;;		Startup code after reset
   101 ;; This function uses a non-reentrant model
   102 ;;
   103                           
   104                           	psect	text0
   105  007F84                     __ptext0:
   106                           	opt callstack 0
   107  007F84                     _main:
   108                           	opt callstack 31
   109                           
   110                           ;palaizqyder.c: 26:     TRISBbits.RB1 = 0;
   111                           
   112                           ;incstack = 0
   113  007F84  9293               	bcf	3987,1,c	;volatile
   114  007F86                     l13:
   115                           
   116                           ;palaizqyder.c: 28:         if (PORTBbits.RB0 == 0){
   117  007F86  B081               	btfsc	3969,0,c	;volatile
   118  007F88  D01D               	goto	l14
   119                           
   120                           ;palaizqyder.c: 29:             LATBbits.LB1 = 1;
   121  007F8A  828A               	bsf	3978,1,c	;volatile
   122                           
   123                           ;palaizqyder.c: 30:             _delay((unsigned long)((700)*(48000000UL/4000000.0)));
   124  007F8C  0E0B               	movlw	11
   125  007F8E  6E01               	movwf	??_main& (0+255),c
   126  007F90  0EE8               	movlw	232
   127  007F92                     u27:
   128  007F92  2EE8               	decfsz	wreg,f,c
   129  007F94  D7FE               	bra	u27
   130  007F96  2E01               	decfsz	??_main& (0+255),f,c
   131  007F98  D7FC               	bra	u27
   132                           
   133                           ;palaizqyder.c: 31:             LATBbits.LB1 = 0;
   134  007F9A  928A               	bcf	3978,1,c	;volatile
   135                           
   136                           ;palaizqyder.c: 32:             _delay((unsigned long)((19)*(48000000UL/4000.0)));
   137  007F9C  0E02               	movlw	2
   138  007F9E  6E02               	movwf	(??_main+1)& (0+255),c
   139  007FA0  0E29               	movlw	41
   140  007FA2  6E01               	movwf	??_main& (0+255),c
   141  007FA4  0E17               	movlw	23
   142  007FA6                     u37:
   143  007FA6  2EE8               	decfsz	wreg,f,c
   144  007FA8  D7FE               	bra	u37
   145  007FAA  2E01               	decfsz	??_main& (0+255),f,c
   146  007FAC  D7FC               	bra	u37
   147  007FAE  2E02               	decfsz	(??_main+1)& (0+255),f,c
   148  007FB0  D7FA               	bra	u37
   149  007FB2  F000               	nop	
   150                           
   151                           ;palaizqyder.c: 33:             _delay((unsigned long)((300)*(48000000UL/4000000.0)));
   152  007FB4  0E05               	movlw	5
   153  007FB6  6E01               	movwf	??_main& (0+255),c
   154  007FB8  0EAC               	movlw	172
   155  007FBA                     u47:
   156  007FBA  2EE8               	decfsz	wreg,f,c
   157  007FBC  D7FE               	bra	u47
   158  007FBE  2E01               	decfsz	??_main& (0+255),f,c
   159  007FC0  D7FC               	bra	u47
   160                           
   161                           ;palaizqyder.c: 34:         }
   162  007FC2  D7E1               	goto	l13
   163  007FC4                     l14:
   164                           
   165                           ;palaizqyder.c: 36:             LATBbits.LB1 = 1;
   166  007FC4  828A               	bsf	3978,1,c	;volatile
   167                           
   168                           ;palaizqyder.c: 37:             _delay((unsigned long)((2300)*(48000000UL/4000000.0)));
   169  007FC6  0E24               	movlw	36
   170  007FC8  6E01               	movwf	??_main& (0+255),c
   171  007FCA  0ED7               	movlw	215
   172  007FCC                     u57:
   173  007FCC  2EE8               	decfsz	wreg,f,c
   174  007FCE  D7FE               	bra	u57
   175  007FD0  2E01               	decfsz	??_main& (0+255),f,c
   176  007FD2  D7FC               	bra	u57
   177  007FD4  F000               	nop	
   178                           
   179                           ;palaizqyder.c: 38:             LATBbits.LB1 = 0;
   180  007FD6  928A               	bcf	3978,1,c	;volatile
   181                           
   182                           ;palaizqyder.c: 39:             _delay((unsigned long)((17)*(48000000UL/4000.0)));
   183  007FD8  0E02               	movlw	2
   184  007FDA  6E02               	movwf	(??_main+1)& (0+255),c
   185  007FDC  0E09               	movlw	9
   186  007FDE  6E01               	movwf	??_main& (0+255),c
   187  007FE0  0EEC               	movlw	236
   188  007FE2                     u67:
   189  007FE2  2EE8               	decfsz	wreg,f,c
   190  007FE4  D7FE               	bra	u67
   191  007FE6  2E01               	decfsz	??_main& (0+255),f,c
   192  007FE8  D7FC               	bra	u67
   193  007FEA  2E02               	decfsz	(??_main+1)& (0+255),f,c
   194  007FEC  D7FA               	bra	u67
   195  007FEE  D000               	nop2	
   196                           
   197                           ;palaizqyder.c: 40:             _delay((unsigned long)((700)*(48000000UL/4000000.0)));
   198  007FF0  0E0B               	movlw	11
   199  007FF2  6E01               	movwf	??_main& (0+255),c
   200  007FF4  0EE8               	movlw	232
   201  007FF6                     u77:
   202  007FF6  2EE8               	decfsz	wreg,f,c
   203  007FF8  D7FE               	bra	u77
   204  007FFA  2E01               	decfsz	??_main& (0+255),f,c
   205  007FFC  D7FC               	bra	u77
   206  007FFE  D7C3               	goto	l13
   207  008000                     __end_of_main:
   208                           	opt callstack 0
   209  0000                     
   210                           	psect	rparam
   211  0000                     tosu	equ	0xFFF
   212                           tosh	equ	0xFFE
   213                           tosl	equ	0xFFD
   214                           stkptr	equ	0xFFC
   215                           pclatu	equ	0xFFB
   216                           pclath	equ	0xFFA
   217                           pcl	equ	0xFF9
   218                           tblptru	equ	0xFF8
   219                           tblptrh	equ	0xFF7
   220                           tblptrl	equ	0xFF6
   221                           tablat	equ	0xFF5
   222                           prodh	equ	0xFF4
   223                           prodl	equ	0xFF3
   224                           indf0	equ	0xFEF
   225                           postinc0	equ	0xFEE
   226                           postdec0	equ	0xFED
   227                           preinc0	equ	0xFEC
   228                           plusw0	equ	0xFEB
   229                           fsr0h	equ	0xFEA
   230                           fsr0l	equ	0xFE9
   231                           wreg	equ	0xFE8
   232                           indf1	equ	0xFE7
   233                           postinc1	equ	0xFE6
   234                           postdec1	equ	0xFE5
   235                           preinc1	equ	0xFE4
   236                           plusw1	equ	0xFE3
   237                           fsr1h	equ	0xFE2
   238                           fsr1l	equ	0xFE1
   239                           bsr	equ	0xFE0
   240                           indf2	equ	0xFDF
   241                           postinc2	equ	0xFDE
   242                           postdec2	equ	0xFDD
   243                           preinc2	equ	0xFDC
   244                           plusw2	equ	0xFDB
   245                           fsr2h	equ	0xFDA
   246                           fsr2l	equ	0xFD9
   247                           status	equ	0xFD8


Data Sizes:
    Strings     0
    Constant    0
    Data        0
    BSS         0
    Persistent  0
    Stack       0

Auto Spaces:
    Space          Size  Autos    Used
    COMRAM           95      2       2
    BANK0           160      0       0
    BANK1           256      0       0
    BANK2           256      0       0
    BANK3           256      0       0
    BANK4           256      0       0
    BANK5           256      0       0
    BANK6           256      0       0
    BANK7           256      0       0

Pointer List with Targets:

    None.

Critical Paths under _main in COMRAM

    None.

Critical Paths under _main in BANK0

    None.

Critical Paths under _main in BANK1

    None.

Critical Paths under _main in BANK2

    None.

Critical Paths under _main in BANK3

    None.

Critical Paths under _main in BANK4

    None.

Critical Paths under _main in BANK5

    None.

Critical Paths under _main in BANK6

    None.

Critical Paths under _main in BANK7

    None.

Call Graph Tables:

 ---------------------------------------------------------------------------------
 (Depth) Function   	        Calls       Base Space   Used Autos Params    Refs
 ---------------------------------------------------------------------------------
 (0) _main                                                 2     2      0       0
                                              0 COMRAM     2     2      0
 ---------------------------------------------------------------------------------
 Estimated maximum stack depth 0
 ---------------------------------------------------------------------------------

 Call Graph Graphs:

 _main (ROOT)

 Address spaces:
Name               Size   Autos  Total    Cost      Usage
BITCOMRAM           5F      0       0       0        0.0%
EEDATA             100      0       0       0        0.0%
NULL                 0      0       0       0        0.0%
CODE                 0      0       0       0        0.0%
COMRAM              5F      2       2       1        2.1%
STACK                0      0       0       2        0.0%
DATA                 0      0       0       3        0.0%
BITBANK0            A0      0       0       4        0.0%
BANK0               A0      0       0       5        0.0%
BITBANK1           100      0       0       6        0.0%
BANK1              100      0       0       7        0.0%
BITBANK2           100      0       0       8        0.0%
BANK2              100      0       0       9        0.0%
BITBANK3           100      0       0      10        0.0%
BANK3              100      0       0      11        0.0%
BITBANK4           100      0       0      12        0.0%
BANK4              100      0       0      13        0.0%
BITBANK5           100      0       0      14        0.0%
BANK5              100      0       0      15        0.0%
BITBANK6           100      0       0      16        0.0%
BANK6              100      0       0      17        0.0%
BITBANK7           100      0       0      18        0.0%
BANK7              100      0       0      19        0.0%
ABS                  0      0       0      20        0.0%
BIGRAM             7FF      0       0      21        0.0%
BITSFR               0      0       0     200        0.0%
SFR                  0      0       0     200        0.0%


Microchip Technology PIC18 Macro Assembler V2.05 build -831301201 
Symbol Table                                                                                   Fri May 24 17:40:38 2019

                     l13 7F86                       l14 7FC4                       u27 7F92  
                     u37 7FA6                       u47 7FBA                       u57 7FCC  
                     u67 7FE2                       u77 7FF6              __CFG_BORV$3 000000  
     __CFG_FOSC$XTPLL_XT 000000             __CFG_BOR$OFF 000000                      wreg 000FE8  
           __CFG_LVP$OFF 000000             __CFG_WDT$OFF 000000             __CFG_PWRT$ON 000000  
                   _main 7F84                     start 0000            __CFG_MCLRE$ON 000000  
           ___param_bank 000000            __CFG_PLLDIV$1 000000           __CFG_CCP2MX$ON 000000  
                  ?_main 0001          __initialization 7F7E             __end_of_main 8000  
                 ??_main 0001            __activetblptr 000000               __accesstop 0060  
__end_of__initialization 7F7E          __CFG_PBADEN$OFF 000000            ___rparam_used 000001  
         __pcstackCOMRAM 0001                  __Hparam 0000                  __Lparam 0000  
                __pcinit 7F7E                  __ramtop 0800                  __ptext0 7F84  
   end_of_initialization 7F7E                _PORTBbits 000F81                _TRISBbits 000F93  
    start_initialization 7F7E                 _LATBbits 000F8A         __CFG_WDTPS$32768 000000  
               __Hrparam 0000                 __Lrparam 0000            __size_of_main 007C  
  __CFG_CPUDIV$OSC1_PLL2 000000  
