

Microchip MPLAB XC8 Assembler V2.05 build -831301201 
                                                                                               Wed Oct 09 18:27:05 2019

Microchip MPLAB XC8 C Compiler v2.05 (Free license) build 20181220022703 Og1 
     1                           	processor	18F4550
     2                           	fnconf	rparam,??,?,0
     3                           	opt	pw 120
     4                           	opt	flic
     5                           	psect	cinit,global,reloc=2,class=CODE,delta=1
     6                           	psect	bssCOMRAM,global,class=COMRAM,space=1,delta=1,noexec
     7                           	psect	cstackCOMRAM,global,class=COMRAM,space=1,delta=1,noexec
     8                           	psect	text0,global,reloc=2,class=CODE,delta=1
     9                           	psect	text1,global,reloc=2,class=CODE,delta=1
    10                           	psect	text2,global,reloc=2,class=CODE,delta=1
    11                           	psect	text3,global,reloc=2,class=CODE,delta=1
    12                           	psect	text4,global,reloc=2,class=CODE,delta=1
    13                           	psect	intcode,global,reloc=2,class=CODE,delta=1
    14                           	psect	intcode_body,global,reloc=2,class=CODE,delta=1
    15                           	psect	intsave_regs,global,class=BIGRAM,space=1,delta=1,noexec
    16                           	psect	rparam,global,class=COMRAM,space=1,delta=1,noexec
    17                           	psect	temp,global,ovrld,common,class=COMRAM,space=1,delta=1
    18  0000                     
    19                           ; Version 2.05
    20                           ; Generated 20/12/2018 GMT
    21                           ; 
    22                           ; Copyright © 2018, Microchip Technology Inc. and its subsidiaries ("Microchip")
    23                           ; All rights reserved.
    24                           ; 
    25                           ; This software is developed by Microchip Technology Inc. and its subsidiaries ("Microch
      +                          ip").
    26                           ; 
    27                           ; Redistribution and use in source and binary forms, with or without modification, are
    28                           ; permitted provided that the following conditions are met:
    29                           ; 
    30                           ;     1. Redistributions of source code must retain the above copyright notice, this lis
      +                          t of
    31                           ;        conditions and the following disclaimer.
    32                           ; 
    33                           ;     2. Redistributions in binary form must reproduce the above copyright notice, this 
      +                          list
    34                           ;        of conditions and the following disclaimer in the documentation and/or other
    35                           ;        materials provided with the distribution.
    36                           ; 
    37                           ;     3. Microchip's name may not be used to endorse or promote products derived from th
      +                          is
    38                           ;        software without specific prior written permission.
    39                           ; 
    40                           ; THIS SOFTWARE IS PROVIDED BY MICROCHIP "AS IS" AND ANY EXPRESS OR IMPLIED WARRANTIES,
    41                           ; INCLUDING, BUT NOT LIMITED TO, THE IMPLIED WARRANTIES OF MERCHANTABILITY AND FITNESS F
      +                          OR
    42                           ; PURPOSE ARE DISCLAIMED.  IN NO EVENT SHALL MICROCHIP BE LIABLE FOR ANY DIRECT, INDIREC
      +                          T,
    43                           ; INCIDENTAL, SPECIAL, EXEMPLARY, OR CONSEQUENTIAL DAMAGES (INCLUDING BUT NOT LIMITED TO
    44                           ; PROCUREMENT OF SUBSTITUTE GOODS OR SERVICES; LOSS OF USE, DATA OR PROFITS; OR BUSINESS
    45                           ; INTERRUPTION) HOWSOEVER CAUSED AND ON ANY THEORY OF LIABILITY, WHETHER IN CONTRACT, ST
      +                          RICT
    46                           ; LIABILITY, OR TORT (INCLUDING NEGLIGENCE OR OTHERWISE) ARISING IN ANY WAY OUT OF THE U
      +                          SE OF
    47                           ; THIS SOFTWARE, EVEN IF ADVISED OF THE POSSIBILITY OF SUCH DAMAGE.
    48                           ; 
    49                           ; 
    50                           ; Code-generator required, PIC18F4550 Definitions
    51                           ; 
    52                           ; SFR Addresses
    53  0000                     _INTCONbits	set	4082
    54  0000                     _TRISDbits	set	3989
    55  0000                     _LATDbits	set	3980
    56                           
    57                           ; #config settings
    58  0000                     
    59                           	psect	cinit
    60  0000F6                     __pcinit:
    61                           	opt callstack 0
    62  0000F6                     start_initialization:
    63                           	opt callstack 0
    64  0000F6                     __initialization:
    65                           	opt callstack 0
    66                           
    67                           ; Clear objects allocated to COMRAM (1 bytes)
    68  0000F6  6A07               	clrf	__pbssCOMRAM& (0+255),c
    69  0000F8                     end_of_initialization:
    70                           	opt callstack 0
    71  0000F8                     __end_of__initialization:
    72                           	opt callstack 0
    73  0000F8  9008               	bcf	int$flags,0,c	;clear compiler interrupt flag (level 1)
    74  0000FA  9208               	bcf	int$flags,1,c	;clear compiler interrupt flag (level 2)
    75  0000FC  0E00               	movlw	low (__Lmediumconst shr (0+16))
    76  0000FE  6EF8               	movwf	tblptru,c
    77  000100  0100               	movlb	0
    78  000102  EF09  F000         	goto	_main	;jump to C main() function
    79                           
    80                           	psect	bssCOMRAM
    81  000007                     __pbssCOMRAM:
    82                           	opt callstack 0
    83  000007                     _modo:
    84                           	opt callstack 0
    85  000007                     	ds	1
    86                           
    87                           	psect	cstackCOMRAM
    88  000001                     __pcstackCOMRAM:
    89                           	opt callstack 0
    90  000001                     ??_Int0ISR:
    91  000001                     
    92                           ; 2 bytes @ 0x0
    93  000001                     	ds	2
    94  000003                     ??_parpadeo:
    95  000003                     ??_parpadeo_l:
    96  000003                     
    97                           ; 1 bytes @ 0x2
    98  000003                     	ds	2
    99  000005                     ??_main:
   100                           
   101                           ; 1 bytes @ 0x4
   102  000005                     	ds	2
   103                           
   104 ;;
   105 ;;Main: autosize = 0, tempsize = 2, incstack = 0, save=0
   106 ;;
   107 ;; *************** function _main *****************
   108 ;; Defined at:
   109 ;;		line 46 in file "newmain4.c"
   110 ;; Parameters:    Size  Location     Type
   111 ;;		None
   112 ;; Auto vars:     Size  Location     Type
   113 ;;		None
   114 ;; Return value:  Size  Location     Type
   115 ;;                  1    wreg      void 
   116 ;; Registers used:
   117 ;;		wreg, status,2, status,0, cstack
   118 ;; Tracked objects:
   119 ;;		On entry : 0/0
   120 ;;		On exit  : 0/0
   121 ;;		Unchanged: 0/0
   122 ;; Data sizes:     COMRAM   BANK0   BANK1   BANK2   BANK3   BANK4   BANK5   BANK6   BANK7
   123 ;;      Params:         0       0       0       0       0       0       0       0       0
   124 ;;      Locals:         0       0       0       0       0       0       0       0       0
   125 ;;      Temps:          2       0       0       0       0       0       0       0       0
   126 ;;      Totals:         2       0       0       0       0       0       0       0       0
   127 ;;Total ram usage:        2 bytes
   128 ;; Hardware stack levels required when called:    2
   129 ;; This function calls:
   130 ;;		_apagao
   131 ;;		_encendido
   132 ;;		_parpadeo
   133 ;;		_parpadeo_l
   134 ;; This function is called by:
   135 ;;		Startup code after reset
   136 ;; This function uses a non-reentrant model
   137 ;;
   138                           
   139                           	psect	text0
   140  000012                     __ptext0:
   141                           	opt callstack 0
   142  000012                     _main:
   143                           	opt callstack 29
   144                           
   145                           ;newmain4.c: 47:     TRISDbits.TRISD0 = 0;
   146                           
   147                           ;incstack = 0
   148  000012  9095               	bcf	3989,0,c	;volatile
   149                           
   150                           ;newmain4.c: 48:     INTCONbits.GIE = 1;
   151  000014  8EF2               	bsf	4082,7,c	;volatile
   152                           
   153                           ;newmain4.c: 49:     INTCONbits.INT0E = 1;
   154  000016  88F2               	bsf	4082,4,c	;volatile
   155  000018  D00B               	goto	l747
   156  00001A                     l737:
   157                           
   158                           ;newmain4.c: 53:                 apagao();
   159  00001A  EC85  F000         	call	_apagao	;wreg free
   160                           
   161                           ;newmain4.c: 54:                 break;
   162  00001E  D008               	goto	l747
   163  000020                     l739:
   164                           
   165                           ;newmain4.c: 56:                 parpadeo();
   166  000020  EC48  F000         	call	_parpadeo	;wreg free
   167                           
   168                           ;newmain4.c: 57:                 break;
   169  000024  D005               	goto	l747
   170  000026                     l741:
   171                           
   172                           ;newmain4.c: 59:                 parpadeo_l();
   173  000026  EC2D  F000         	call	_parpadeo_l	;wreg free
   174                           
   175                           ;newmain4.c: 60:                 break;
   176  00002A  D002               	goto	l747
   177  00002C                     l743:
   178                           
   179                           ;newmain4.c: 62:                 encendido();
   180  00002C  EC83  F000         	call	_encendido	;wreg free
   181  000030                     l747:
   182  000030  5007               	movf	_modo,w,c
   183  000032  6E05               	movwf	??_main& (0+255),c
   184  000034  6A06               	clrf	(??_main+1)& (0+255),c
   185                           
   186                           ; Switch on 2 bytes has been partitioned into a top level switch of size 1, and 1 sub-sw
      +                          itches
   187                           ; Switch size 1, requested type "simple"
   188                           ; Number of cases is 1, Range of values is 0 to 0
   189                           ; switch strategies available:
   190                           ; Name         Instructions Cycles
   191                           ; simple_byte            4     3 (average)
   192                           ;	Chosen strategy is simple_byte
   193  000036  5006               	movf	??_main+1,w,c
   194  000038  0A00               	xorlw	0	; case 0
   195  00003A  A4D8               	btfss	status,2,c
   196  00003C  D7F9               	goto	l747
   197                           
   198                           ; Switch size 1, requested type "simple"
   199                           ; Number of cases is 4, Range of values is 0 to 3
   200                           ; switch strategies available:
   201                           ; Name         Instructions Cycles
   202                           ; simple_byte           13     7 (average)
   203                           ;	Chosen strategy is simple_byte
   204  00003E  5005               	movf	??_main,w,c
   205  000040  0A00               	xorlw	0	; case 0
   206  000042  B4D8               	btfsc	status,2,c
   207  000044  D7EA               	goto	l737
   208  000046  0A01               	xorlw	1	; case 1
   209  000048  B4D8               	btfsc	status,2,c
   210  00004A  D7EA               	goto	l739
   211  00004C  0A03               	xorlw	3	; case 2
   212  00004E  B4D8               	btfsc	status,2,c
   213  000050  D7EA               	goto	l741
   214  000052  0A01               	xorlw	1	; case 3
   215  000054  B4D8               	btfsc	status,2,c
   216  000056  D7EA               	goto	l743
   217  000058  D7EB               	goto	l747
   218  00005A                     __end_of_main:
   219                           	opt callstack 0
   220                           
   221 ;; *************** function _parpadeo_l *****************
   222 ;; Defined at:
   223 ;;		line 31 in file "newmain4.c"
   224 ;; Parameters:    Size  Location     Type
   225 ;;		None
   226 ;; Auto vars:     Size  Location     Type
   227 ;;		None
   228 ;; Return value:  Size  Location     Type
   229 ;;                  2   15[None  ] int 
   230 ;; Registers used:
   231 ;;		wreg
   232 ;; Tracked objects:
   233 ;;		On entry : 0/0
   234 ;;		On exit  : 0/0
   235 ;;		Unchanged: 0/0
   236 ;; Data sizes:     COMRAM   BANK0   BANK1   BANK2   BANK3   BANK4   BANK5   BANK6   BANK7
   237 ;;      Params:         0       0       0       0       0       0       0       0       0
   238 ;;      Locals:         0       0       0       0       0       0       0       0       0
   239 ;;      Temps:          2       0       0       0       0       0       0       0       0
   240 ;;      Totals:         2       0       0       0       0       0       0       0       0
   241 ;;Total ram usage:        2 bytes
   242 ;; Hardware stack levels used:    1
   243 ;; Hardware stack levels required when called:    1
   244 ;; This function calls:
   245 ;;		Nothing
   246 ;; This function is called by:
   247 ;;		_main
   248 ;; This function uses a non-reentrant model
   249 ;;
   250                           
   251                           	psect	text1
   252  00005A                     __ptext1:
   253                           	opt callstack 0
   254  00005A                     _parpadeo_l:
   255                           	opt callstack 29
   256                           
   257                           ;newmain4.c: 32:     LATDbits.LD0 = 1;
   258                           
   259                           ;incstack = 0
   260  00005A  808C               	bsf	3980,0,c	;volatile
   261                           
   262                           ;newmain4.c: 33:     _delay((unsigned long)((300)*(48000000UL/4000.0)));
   263  00005C  0E13               	movlw	19
   264  00005E  6E04               	movwf	(??_parpadeo_l+1)& (0+255),c
   265  000060  0E44               	movlw	68
   266  000062  6E03               	movwf	??_parpadeo_l& (0+255),c
   267  000064  0E44               	movlw	68
   268  000066                     u27:
   269  000066  2EE8               	decfsz	wreg,f,c
   270  000068  D7FE               	bra	u27
   271  00006A  2E03               	decfsz	??_parpadeo_l& (0+255),f,c
   272  00006C  D7FC               	bra	u27
   273  00006E  2E04               	decfsz	(??_parpadeo_l+1)& (0+255),f,c
   274  000070  D7FA               	bra	u27
   275  000072  D000               	nop2	
   276                           
   277                           ;newmain4.c: 34:     LATDbits.LD0 = 0;
   278  000074  908C               	bcf	3980,0,c	;volatile
   279                           
   280                           ;newmain4.c: 35:     _delay((unsigned long)((300)*(48000000UL/4000.0)));
   281  000076  0E13               	movlw	19
   282  000078  6E04               	movwf	(??_parpadeo_l+1)& (0+255),c
   283  00007A  0E44               	movlw	68
   284  00007C  6E03               	movwf	??_parpadeo_l& (0+255),c
   285  00007E  0E44               	movlw	68
   286  000080                     u37:
   287  000080  2EE8               	decfsz	wreg,f,c
   288  000082  D7FE               	bra	u37
   289  000084  2E03               	decfsz	??_parpadeo_l& (0+255),f,c
   290  000086  D7FC               	bra	u37
   291  000088  2E04               	decfsz	(??_parpadeo_l+1)& (0+255),f,c
   292  00008A  D7FA               	bra	u37
   293  00008C  D000               	nop2	
   294  00008E  0012               	return		;funcret
   295  000090                     __end_of_parpadeo_l:
   296                           	opt callstack 0
   297                           
   298 ;; *************** function _parpadeo *****************
   299 ;; Defined at:
   300 ;;		line 24 in file "newmain4.c"
   301 ;; Parameters:    Size  Location     Type
   302 ;;		None
   303 ;; Auto vars:     Size  Location     Type
   304 ;;		None
   305 ;; Return value:  Size  Location     Type
   306 ;;                  2   12[None  ] int 
   307 ;; Registers used:
   308 ;;		wreg
   309 ;; Tracked objects:
   310 ;;		On entry : 0/0
   311 ;;		On exit  : 0/0
   312 ;;		Unchanged: 0/0
   313 ;; Data sizes:     COMRAM   BANK0   BANK1   BANK2   BANK3   BANK4   BANK5   BANK6   BANK7
   314 ;;      Params:         0       0       0       0       0       0       0       0       0
   315 ;;      Locals:         0       0       0       0       0       0       0       0       0
   316 ;;      Temps:          2       0       0       0       0       0       0       0       0
   317 ;;      Totals:         2       0       0       0       0       0       0       0       0
   318 ;;Total ram usage:        2 bytes
   319 ;; Hardware stack levels used:    1
   320 ;; Hardware stack levels required when called:    1
   321 ;; This function calls:
   322 ;;		Nothing
   323 ;; This function is called by:
   324 ;;		_main
   325 ;; This function uses a non-reentrant model
   326 ;;
   327                           
   328                           	psect	text2
   329  000090                     __ptext2:
   330                           	opt callstack 0
   331  000090                     _parpadeo:
   332                           	opt callstack 29
   333                           
   334                           ;newmain4.c: 25:     LATDbits.LD0 = 1;
   335                           
   336                           ;incstack = 0
   337  000090  808C               	bsf	3980,0,c	;volatile
   338                           
   339                           ;newmain4.c: 26:     _delay((unsigned long)((100)*(48000000UL/4000.0)));
   340  000092  0E07               	movlw	7
   341  000094  6E04               	movwf	(??_parpadeo+1)& (0+255),c
   342  000096  0E17               	movlw	23
   343  000098  6E03               	movwf	??_parpadeo& (0+255),c
   344  00009A  0E6A               	movlw	106
   345  00009C                     u47:
   346  00009C  2EE8               	decfsz	wreg,f,c
   347  00009E  D7FE               	bra	u47
   348  0000A0  2E03               	decfsz	??_parpadeo& (0+255),f,c
   349  0000A2  D7FC               	bra	u47
   350  0000A4  2E04               	decfsz	(??_parpadeo+1)& (0+255),f,c
   351  0000A6  D7FA               	bra	u47
   352  0000A8  D000               	nop2	
   353                           
   354                           ;newmain4.c: 27:     LATDbits.LD0 = 0;
   355  0000AA  908C               	bcf	3980,0,c	;volatile
   356                           
   357                           ;newmain4.c: 28:     _delay((unsigned long)((100)*(48000000UL/4000.0)));
   358  0000AC  0E07               	movlw	7
   359  0000AE  6E04               	movwf	(??_parpadeo+1)& (0+255),c
   360  0000B0  0E17               	movlw	23
   361  0000B2  6E03               	movwf	??_parpadeo& (0+255),c
   362  0000B4  0E6A               	movlw	106
   363  0000B6                     u57:
   364  0000B6  2EE8               	decfsz	wreg,f,c
   365  0000B8  D7FE               	bra	u57
   366  0000BA  2E03               	decfsz	??_parpadeo& (0+255),f,c
   367  0000BC  D7FC               	bra	u57
   368  0000BE  2E04               	decfsz	(??_parpadeo+1)& (0+255),f,c
   369  0000C0  D7FA               	bra	u57
   370  0000C2  D000               	nop2	
   371  0000C4  0012               	return		;funcret
   372  0000C6                     __end_of_parpadeo:
   373                           	opt callstack 0
   374                           
   375 ;; *************** function _encendido *****************
   376 ;; Defined at:
   377 ;;		line 38 in file "newmain4.c"
   378 ;; Parameters:    Size  Location     Type
   379 ;;		None
   380 ;; Auto vars:     Size  Location     Type
   381 ;;		None
   382 ;; Return value:  Size  Location     Type
   383 ;;                  2   18[None  ] int 
   384 ;; Registers used:
   385 ;;		None
   386 ;; Tracked objects:
   387 ;;		On entry : 0/0
   388 ;;		On exit  : 0/0
   389 ;;		Unchanged: 0/0
   390 ;; Data sizes:     COMRAM   BANK0   BANK1   BANK2   BANK3   BANK4   BANK5   BANK6   BANK7
   391 ;;      Params:         0       0       0       0       0       0       0       0       0
   392 ;;      Locals:         0       0       0       0       0       0       0       0       0
   393 ;;      Temps:          0       0       0       0       0       0       0       0       0
   394 ;;      Totals:         0       0       0       0       0       0       0       0       0
   395 ;;Total ram usage:        0 bytes
   396 ;; Hardware stack levels used:    1
   397 ;; Hardware stack levels required when called:    1
   398 ;; This function calls:
   399 ;;		Nothing
   400 ;; This function is called by:
   401 ;;		_main
   402 ;; This function uses a non-reentrant model
   403 ;;
   404                           
   405                           	psect	text3
   406  000106                     __ptext3:
   407                           	opt callstack 0
   408  000106                     _encendido:
   409                           	opt callstack 29
   410                           
   411                           ;newmain4.c: 39:     LATDbits.LD0 = 1;
   412                           
   413                           ;incstack = 0
   414  000106  808C               	bsf	3980,0,c	;volatile
   415  000108  0012               	return		;funcret
   416  00010A                     __end_of_encendido:
   417                           	opt callstack 0
   418                           
   419 ;; *************** function _apagao *****************
   420 ;; Defined at:
   421 ;;		line 42 in file "newmain4.c"
   422 ;; Parameters:    Size  Location     Type
   423 ;;		None
   424 ;; Auto vars:     Size  Location     Type
   425 ;;		None
   426 ;; Return value:  Size  Location     Type
   427 ;;                  2   21[None  ] int 
   428 ;; Registers used:
   429 ;;		None
   430 ;; Tracked objects:
   431 ;;		On entry : 0/0
   432 ;;		On exit  : 0/0
   433 ;;		Unchanged: 0/0
   434 ;; Data sizes:     COMRAM   BANK0   BANK1   BANK2   BANK3   BANK4   BANK5   BANK6   BANK7
   435 ;;      Params:         0       0       0       0       0       0       0       0       0
   436 ;;      Locals:         0       0       0       0       0       0       0       0       0
   437 ;;      Temps:          0       0       0       0       0       0       0       0       0
   438 ;;      Totals:         0       0       0       0       0       0       0       0       0
   439 ;;Total ram usage:        0 bytes
   440 ;; Hardware stack levels used:    1
   441 ;; Hardware stack levels required when called:    1
   442 ;; This function calls:
   443 ;;		Nothing
   444 ;; This function is called by:
   445 ;;		_main
   446 ;; This function uses a non-reentrant model
   447 ;;
   448                           
   449                           	psect	text4
   450  00010A                     __ptext4:
   451                           	opt callstack 0
   452  00010A                     _apagao:
   453                           	opt callstack 29
   454                           
   455                           ;newmain4.c: 43:     LATDbits.LD0 = 0;
   456                           
   457                           ;incstack = 0
   458  00010A  908C               	bcf	3980,0,c	;volatile
   459  00010C  0012               	return		;funcret
   460  00010E                     __end_of_apagao:
   461                           	opt callstack 0
   462                           
   463 ;; *************** function _Int0ISR *****************
   464 ;; Defined at:
   465 ;;		line 68 in file "newmain4.c"
   466 ;; Parameters:    Size  Location     Type
   467 ;;		None
   468 ;; Auto vars:     Size  Location     Type
   469 ;;		None
   470 ;; Return value:  Size  Location     Type
   471 ;;                  1    wreg      void 
   472 ;; Registers used:
   473 ;;		wreg, status,2, status,0
   474 ;; Tracked objects:
   475 ;;		On entry : 0/0
   476 ;;		On exit  : 0/0
   477 ;;		Unchanged: 0/0
   478 ;; Data sizes:     COMRAM   BANK0   BANK1   BANK2   BANK3   BANK4   BANK5   BANK6   BANK7
   479 ;;      Params:         0       0       0       0       0       0       0       0       0
   480 ;;      Locals:         0       0       0       0       0       0       0       0       0
   481 ;;      Temps:          2       0       0       0       0       0       0       0       0
   482 ;;      Totals:         2       0       0       0       0       0       0       0       0
   483 ;;Total ram usage:        2 bytes
   484 ;; Hardware stack levels used:    1
   485 ;; This function calls:
   486 ;;		Nothing
   487 ;; This function is called by:
   488 ;;		Interrupt level 2
   489 ;; This function uses a non-reentrant model
   490 ;;
   491                           
   492                           	psect	intcode
   493  000008                     __pintcode:
   494                           	opt callstack 0
   495  000008                     _Int0ISR:
   496                           	opt callstack 29
   497                           
   498                           ;incstack = 0
   499  000008  8208               	bsf	btemp,1,c	;set compiler interrupt flag (level 2)
   500  00000A  ED63  F000         	call	int_func,f	;refresh shadow registers
   501                           
   502                           	psect	intcode_body
   503  0000C6                     __pintcode_body:
   504                           	opt callstack 29
   505  0000C6                     int_func:
   506                           	opt callstack 29
   507  0000C6  0006               	pop		; remove dummy address from shadow register refresh
   508                           
   509                           ;newmain4.c: 69:     _delay((unsigned long)((150)*(48000000UL/4000.0)));
   510  0000C8  0E0A               	movlw	10
   511  0000CA  6E02               	movwf	(??_Int0ISR+1)& (0+255),c
   512  0000CC  0E22               	movlw	34
   513  0000CE  6E01               	movwf	??_Int0ISR& (0+255),c
   514  0000D0  0EA1               	movlw	161
   515  0000D2                     i2u6_47:
   516  0000D2  2EE8               	decfsz	wreg,f,c
   517  0000D4  D7FE               	bra	i2u6_47
   518  0000D6  2E01               	decfsz	??_Int0ISR& (0+255),f,c
   519  0000D8  D7FC               	bra	i2u6_47
   520  0000DA  2E02               	decfsz	(??_Int0ISR+1)& (0+255),f,c
   521  0000DC  D7FA               	bra	i2u6_47
   522  0000DE  F000               	nop	
   523                           
   524                           ;newmain4.c: 70:     if(modo == 3){
   525  0000E0  0E03               	movlw	3
   526  0000E2  1807               	xorwf	_modo,w,c
   527  0000E4  A4D8               	btfss	status,2,c
   528  0000E6  D003               	goto	i2l759
   529                           
   530                           ;newmain4.c: 71:         modo = 0;
   531  0000E8  0E00               	movlw	0
   532  0000EA  6E07               	movwf	_modo,c
   533                           
   534                           ;newmain4.c: 72:     }
   535  0000EC  D001               	goto	i2l761
   536  0000EE                     i2l759:
   537                           
   538                           ;newmain4.c: 74:         modo++;
   539  0000EE  2A07               	incf	_modo,f,c
   540  0000F0                     i2l761:
   541                           
   542                           ;newmain4.c: 76:     INTCONbits.INT0IF = 0;
   543  0000F0  92F2               	bcf	4082,1,c	;volatile
   544  0000F2  9208               	bcf	btemp,1,c	;clear compiler interrupt flag (level 2)
   545  0000F4  0011               	retfie		f
   546  0000F6                     __end_of_Int0ISR:
   547                           	opt callstack 0
   548  0000                     
   549                           	psect	rparam
   550  0000                     
   551                           	psect	temp
   552  000008                     btemp:
   553                           	opt callstack 0
   554  000008                     	ds	1
   555  0000                     int$flags	set	btemp
   556  0000                     wtemp8	set	btemp+1
   557  0000                     ttemp5	set	btemp+1
   558  0000                     ttemp6	set	btemp+4
   559  0000                     ttemp7	set	btemp+8
   560                           tosu	equ	0xFFF
   561                           tosh	equ	0xFFE
   562                           tosl	equ	0xFFD
   563                           stkptr	equ	0xFFC
   564                           pclatu	equ	0xFFB
   565                           pclath	equ	0xFFA
   566                           pcl	equ	0xFF9
   567                           tblptru	equ	0xFF8
   568                           tblptrh	equ	0xFF7
   569                           tblptrl	equ	0xFF6
   570                           tablat	equ	0xFF5
   571                           prodh	equ	0xFF4
   572                           prodl	equ	0xFF3
   573                           indf0	equ	0xFEF
   574                           postinc0	equ	0xFEE
   575                           postdec0	equ	0xFED
   576                           preinc0	equ	0xFEC
   577                           plusw0	equ	0xFEB
   578                           fsr0h	equ	0xFEA
   579                           fsr0l	equ	0xFE9
   580                           wreg	equ	0xFE8
   581                           indf1	equ	0xFE7
   582                           postinc1	equ	0xFE6
   583                           postdec1	equ	0xFE5
   584                           preinc1	equ	0xFE4
   585                           plusw1	equ	0xFE3
   586                           fsr1h	equ	0xFE2
   587                           fsr1l	equ	0xFE1
   588                           bsr	equ	0xFE0
   589                           indf2	equ	0xFDF
   590                           postinc2	equ	0xFDE
   591                           postdec2	equ	0xFDD
   592                           preinc2	equ	0xFDC
   593                           plusw2	equ	0xFDB
   594                           fsr2h	equ	0xFDA
   595                           fsr2l	equ	0xFD9
   596                           status	equ	0xFD8


Data Sizes:
    Strings     0
    Constant    0
    Data        0
    BSS         1
    Persistent  0
    Stack       0

Auto Spaces:
    Space          Size  Autos    Used
    COMRAM           94      6       7
    BANK0           160      0       0
    BANK1           256      0       0
    BANK2           256      0       0
    BANK3           256      0       0
    BANK4           256      0       0
    BANK5           256      0       0
    BANK6           256      0       0
    BANK7           256      0       0

Pointer List with Targets:

    None.

Critical Paths under _main in COMRAM

    _main->_parpadeo
    _main->_parpadeo_l

Critical Paths under _Int0ISR in COMRAM

    None.

Critical Paths under _main in BANK0

    None.

Critical Paths under _Int0ISR in BANK0

    None.

Critical Paths under _main in BANK1

    None.

Critical Paths under _Int0ISR in BANK1

    None.

Critical Paths under _main in BANK2

    None.

Critical Paths under _Int0ISR in BANK2

    None.

Critical Paths under _main in BANK3

    None.

Critical Paths under _Int0ISR in BANK3

    None.

Critical Paths under _main in BANK4

    None.

Critical Paths under _Int0ISR in BANK4

    None.

Critical Paths under _main in BANK5

    None.

Critical Paths under _Int0ISR in BANK5

    None.

Critical Paths under _main in BANK6

    None.

Critical Paths under _Int0ISR in BANK6

    None.

Critical Paths under _main in BANK7

    None.

Critical Paths under _Int0ISR in BANK7

    None.

Call Graph Tables:

 ---------------------------------------------------------------------------------
 (Depth) Function   	        Calls       Base Space   Used Autos Params    Refs
 ---------------------------------------------------------------------------------
 (0) _main                                                 2     2      0       0
                                              4 COMRAM     2     2      0
                             _apagao
                          _encendido
                           _parpadeo
                         _parpadeo_l
 ---------------------------------------------------------------------------------
 (1) _parpadeo_l                                           2     2      0       0
                                              2 COMRAM     2     2      0
 ---------------------------------------------------------------------------------
 (1) _parpadeo                                             2     2      0       0
                                              2 COMRAM     2     2      0
 ---------------------------------------------------------------------------------
 (1) _encendido                                            0     0      0       0
 ---------------------------------------------------------------------------------
 (1) _apagao                                               0     0      0       0
 ---------------------------------------------------------------------------------
 Estimated maximum stack depth 1
 ---------------------------------------------------------------------------------
 (Depth) Function   	        Calls       Base Space   Used Autos Params    Refs
 ---------------------------------------------------------------------------------
 (2) _Int0ISR                                              2     2      0       0
                                              0 COMRAM     2     2      0
 ---------------------------------------------------------------------------------
 Estimated maximum stack depth 2
 ---------------------------------------------------------------------------------

 Call Graph Graphs:

 _main (ROOT)
   _apagao
   _encendido
   _parpadeo
   _parpadeo_l

 _Int0ISR (ROOT)

 Address spaces:
Name               Size   Autos  Total    Cost      Usage
BIGRAM             7FF      0       0      21        0.0%
EEDATA             100      0       0       0        0.0%
BITBANK7           100      0       0      18        0.0%
BANK7              100      0       0      19        0.0%
BITBANK6           100      0       0      16        0.0%
BANK6              100      0       0      17        0.0%
BITBANK5           100      0       0      14        0.0%
BANK5              100      0       0      15        0.0%
BITBANK4           100      0       0      12        0.0%
BANK4              100      0       0      13        0.0%
BITBANK3           100      0       0      10        0.0%
BANK3              100      0       0      11        0.0%
BITBANK2           100      0       0       8        0.0%
BANK2              100      0       0       9        0.0%
BITBANK1           100      0       0       6        0.0%
BANK1              100      0       0       7        0.0%
BITBANK0            A0      0       0       4        0.0%
BANK0               A0      0       0       5        0.0%
BITCOMRAM           5E      0       0       0        0.0%
COMRAM              5E      6       7       1        7.4%
BITSFR               0      0       0     200        0.0%
SFR                  0      0       0     200        0.0%
STACK                0      0       0       2        0.0%
NULL                 0      0       0       0        0.0%
ABS                  0      0       7      20        0.0%
DATA                 0      0       7       3        0.0%
CODE                 0      0       0       0        0.0%


Microchip Technology PIC18 Macro Assembler V2.05 build -831301201 
Symbol Table                                                                                   Wed Oct 09 18:27:05 2019

                     u27 0066                       u37 0080                       u47 009C  
                     u57 00B6              __CFG_BORV$3 000000       __CFG_FOSC$XTPLL_XT 000000  
                    l741 0026                      l743 002C                      l737 001A  
                    l739 0020                      l747 0030             __CFG_BOR$OFF 000000  
                    wreg 000FE8             __CFG_LVP$OFF 000000             __CFG_WDT$OFF 000000  
           __CFG_PWRT$ON 000000                     _main 0012                     _modo 0007  
                   btemp 0008                     start 000E          __end_of_Int0ISR 00F6  
          __CFG_MCLRE$ON 000000             ___param_bank 000000            __CFG_PLLDIV$1 000000  
         __CFG_CCP2MX$ON 000000                    ?_main 0001                    i2l761 00F0  
                  i2l759 00EE                    ttemp5 0009                    ttemp6 000C  
                  ttemp7 0010                    status 000FD8                    wtemp8 0009  
        __initialization 00F6             __end_of_main 005A                   ??_main 0005  
          __activetblptr 000002                ??_Int0ISR 0001                   i2u6_47 00D2  
                 _apagao 010A         __end_of_parpadeo 00C6                   tblptru 000FF8  
             __accesstop 0060  __end_of__initialization 00F8          __CFG_PBADEN$OFF 000000  
          ___rparam_used 000001           __pcstackCOMRAM 0001       __size_of_encendido 0004  
                ?_apagao 0001                  _Int0ISR 0008                ?_parpadeo 0001  
                __Hparam 0000                  __Lparam 0000        __end_of_encendido 010A  
        __size_of_apagao 0004                  __pcinit 00F6                  __ramtop 0800  
                __ptext0 0012                  __ptext1 005A                  __ptext2 0090  
                __ptext3 0106                  __ptext4 010A               _parpadeo_l 005A  
         __pintcode_body 00C6     end_of_initialization 00F8            __Lmediumconst 0000  
                int_func 00C6               ??_parpadeo 0003                _TRISDbits 000F95  
         __end_of_apagao 010E      start_initialization 00F6              ?_parpadeo_l 0001  
               ??_apagao 0003         __CFG_LPT1OSC$OFF 000000              __pbssCOMRAM 0007  
               ?_Int0ISR 0001        __size_of_parpadeo 0036      __size_of_parpadeo_l 0036  
              __pintcode 0008                _encendido 0106                 _LATDbits 000F8C  
       __CFG_WDTPS$32768 000000               ?_encendido 0001         __size_of_Int0ISR 00EE  
               __Hrparam 0000                 __Lrparam 0000             ??_parpadeo_l 0003  
          __size_of_main 0048                 _parpadeo 0090       __end_of_parpadeo_l 0090  
               int$flags 0008              ??_encendido 0003    __CFG_CPUDIV$OSC1_PLL2 000000  
             _INTCONbits 000FF2                 intlevel2 0000  
