

Microchip Technology PIC18 LITE Macro Assembler V1.45 build -152302408 
                                                                                               Thu May 17 13:04:22 2018

Microchip Technology Omniscient Code Generator v1.45 (Free mode) build 201711160504
     1                           	processor	18F4550
     2                           	fnconf	rparam,??,?,0
     3                           	opt	pw 120
     4                           	opt	lm
     5                           	psect	idataCOMRAM,global,class=CODE,delta=1,noexec
     6                           	psect	cinit,global,reloc=2,class=CODE,delta=1
     7                           	psect	dataCOMRAM,global,class=COMRAM,space=1,delta=1,noexec
     8                           	psect	cstackCOMRAM,global,class=COMRAM,space=1,delta=1,noexec
     9                           	psect	text0,global,reloc=2,class=CODE,delta=1
    10                           	psect	intsave_regs,global,class=BIGRAM,space=1,delta=1,noexec
    11                           	psect	rparam,global,class=COMRAM,space=1,delta=1,noexec
    12  0000                     
    13                           ; Version 1.45
    14                           ; Generated 16/11/2017 GMT
    15                           ; 
    16                           ; Copyright © 2017, Microchip Technology Inc. and its subsidiaries ("Microchip")
    17                           ; All rights reserved.
    18                           ; 
    19                           ; This software is developed by Microchip Technology Inc. and its subsidiaries ("Microch
      +                          ip").
    20                           ; 
    21                           ; Redistribution and use in source and binary forms, with or without modification, are
    22                           ; permitted provided that the following conditions are met:
    23                           ; 
    24                           ;     1. Redistributions of source code must retain the above copyright notice, this lis
      +                          t of
    25                           ;        conditions and the following disclaimer.
    26                           ; 
    27                           ;     2. Redistributions in binary form must reproduce the above copyright notice, this 
      +                          list
    28                           ;        of conditions and the following disclaimer in the documentation and/or other
    29                           ;        materials provided with the distribution.
    30                           ; 
    31                           ;     3. Microchip's name may not be used to endorse or promote products derived from th
      +                          is
    32                           ;        software without specific prior written permission.
    33                           ; 
    34                           ; THIS SOFTWARE IS PROVIDED BY MICROCHIP "AS IS" AND ANY EXPRESS OR IMPLIED WARRANTIES,
    35                           ; INCLUDING, BUT NOT LIMITED TO, THE IMPLIED WARRANTIES OF MERCHANTABILITY AND FITNESS F
      +                          OR
    36                           ; PURPOSE ARE DISCLAIMED.  IN NO EVENT SHALL MICROCHIP BE LIABLE FOR ANY DIRECT, INDIREC
      +                          T,
    37                           ; INCIDENTAL, SPECIAL, EXEMPLARY, OR CONSEQUENTIAL DAMAGES (INCLUDING BUT NOT LIMITED TO
    38                           ; PROCUREMENT OF SUBSTITUTE GOODS OR SERVICES; LOSS OF USE, DATA OR PROFITS; OR BUSINESS
    39                           ; INTERRUPTION) HOWSOEVER CAUSED AND ON ANY THEORY OF LIABILITY, WHETHER IN CONTRACT, ST
      +                          RICT
    40                           ; LIABILITY, OR TORT (INCLUDING NEGLIGENCE OR OTHERWISE) ARISING IN ANY WAY OUT OF THE U
      +                          SE OF
    41                           ; THIS SOFTWARE, EVEN IF ADVISED OF THE POSSIBILITY OF SUCH DAMAGE.
    42                           ; 
    43                           ; 
    44                           ; Code-generator required, PIC18F4550 Definitions
    45                           ; 
    46                           ; SFR Addresses
    47  0000                     
    48                           	psect	idataCOMRAM
    49  007F49                     __pidataCOMRAM:
    50                           	opt stack 0
    51                           
    52                           ;initializer for _papanatas2
    53  007F49  A1                 	db	161
    54  007F4A  86                 	db	134
    55  007F4B  92                 	db	146
    56  007F4C  88                 	db	136
    57  007F4D  8C                 	db	140
    58  007F4E  AF                 	db	175
    59  007F4F  A3                 	db	163
    60  007F50  83                 	db	131
    61  007F51  88                 	db	136
    62  007F52  A1                 	db	161
    63  007F53  A3                 	db	163
    64  007F54  FF                 	db	255
    65                           
    66                           ;initializer for _papanatas1
    67  007F55  88                 	db	136
    68  007F56  8C                 	db	140
    69  007F57  AF                 	db	175
    70  007F58  A3                 	db	163
    71  007F59  83                 	db	131
    72  007F5A  88                 	db	136
    73  007F5B  A1                 	db	161
    74  007F5C  A3                 	db	163
    75  007F5D  FF                 	db	255
    76  0000                     _LATB	set	3978
    77  0000                     _PORTCbits	set	3970
    78  0000                     _TRISCbits	set	3988
    79  0000                     _TRISB	set	3987
    80                           
    81                           ; #config settings
    82  0000                     
    83                           	psect	cinit
    84  007F5E                     __pcinit:
    85                           	opt stack 0
    86  007F5E                     start_initialization:
    87                           	opt stack 0
    88  007F5E                     __initialization:
    89                           	opt stack 0
    90                           
    91                           ; Initialize objects allocated to COMRAM (21 bytes)
    92                           ; load TBLPTR registers with __pidataCOMRAM
    93  007F5E  0E49               	movlw	low __pidataCOMRAM
    94  007F60  6EF6               	movwf	tblptrl,c
    95  007F62  0E7F               	movlw	high __pidataCOMRAM
    96  007F64  6EF7               	movwf	tblptrh,c
    97  007F66  0E00               	movlw	low (__pidataCOMRAM shr (0+16))
    98  007F68  6EF8               	movwf	tblptru,c
    99  007F6A  EE00  F001         	lfsr	0,__pdataCOMRAM
   100  007F6E  EE10 F015          	lfsr	1,21
   101  007F72                     copy_data0:
   102  007F72  0009               	tblrd		*+
   103  007F74  CFF5 FFEE          	movff	tablat,postinc0
   104  007F78  50E5               	movf	postdec1,w,c
   105  007F7A  50E1               	movf	fsr1l,w,c
   106  007F7C  E1FA               	bnz	copy_data0
   107  007F7E                     end_of_initialization:
   108                           	opt stack 0
   109  007F7E                     __end_of__initialization:
   110                           	opt stack 0
   111  007F7E  0100               	movlb	0
   112  007F80  EFC2  F03F         	goto	_main	;jump to C main() function
   113                           tblptru	equ	0xFF8
   114                           tblptrh	equ	0xFF7
   115                           tblptrl	equ	0xFF6
   116                           tablat	equ	0xFF5
   117                           postinc0	equ	0xFEE
   118                           postdec1	equ	0xFE5
   119                           fsr1l	equ	0xFE1
   120                           
   121                           	psect	dataCOMRAM
   122  000001                     __pdataCOMRAM:
   123                           	opt stack 0
   124  000001                     _papanatas2:
   125                           	opt stack 0
   126  000001                     	ds	12
   127  00000D                     _papanatas1:
   128                           	opt stack 0
   129  00000D                     	ds	9
   130                           tblptru	equ	0xFF8
   131                           tblptrh	equ	0xFF7
   132                           tblptrl	equ	0xFF6
   133                           tablat	equ	0xFF5
   134                           postinc0	equ	0xFEE
   135                           postdec1	equ	0xFE5
   136                           fsr1l	equ	0xFE1
   137                           
   138                           	psect	cstackCOMRAM
   139  000016                     __pcstackCOMRAM:
   140                           	opt stack 0
   141  000016                     ??_main:
   142                           
   143                           ; 1 bytes @ 0x0
   144  000016                     	ds	2
   145  000018                     main@i:
   146                           	opt stack 0
   147                           
   148                           ; 1 bytes @ 0x2
   149  000018                     	ds	1
   150  000019                     main@i_150:
   151                           	opt stack 0
   152                           
   153                           ; 1 bytes @ 0x3
   154  000019                     	ds	1
   155                           tblptru	equ	0xFF8
   156                           tblptrh	equ	0xFF7
   157                           tblptrl	equ	0xFF6
   158                           tablat	equ	0xFF5
   159                           postinc0	equ	0xFEE
   160                           postdec1	equ	0xFE5
   161                           fsr1l	equ	0xFE1
   162                           
   163 ;;
   164 ;;Main: autosize = 0, tempsize = 2, incstack = 0, save=0
   165 ;;
   166 ;; *************** function _main *****************
   167 ;; Defined at:
   168 ;;		line 21 in file "maincomon.c"
   169 ;; Parameters:    Size  Location     Type
   170 ;;		None
   171 ;; Auto vars:     Size  Location     Type
   172 ;;  i               1    3[COMRAM] unsigned char 
   173 ;;  i               1    2[COMRAM] unsigned char 
   174 ;; Return value:  Size  Location     Type
   175 ;;                  1    wreg      void 
   176 ;; Registers used:
   177 ;;		wreg, fsr2l, fsr2h, status,2, status,0, prodl, prodh
   178 ;; Tracked objects:
   179 ;;		On entry : 0/0
   180 ;;		On exit  : 0/0
   181 ;;		Unchanged: 0/0
   182 ;; Data sizes:     COMRAM   BANK0   BANK1   BANK2   BANK3   BANK4   BANK5   BANK6   BANK7
   183 ;;      Params:         0       0       0       0       0       0       0       0       0
   184 ;;      Locals:         2       0       0       0       0       0       0       0       0
   185 ;;      Temps:          2       0       0       0       0       0       0       0       0
   186 ;;      Totals:         4       0       0       0       0       0       0       0       0
   187 ;;Total ram usage:        4 bytes
   188 ;; This function calls:
   189 ;;		Nothing
   190 ;; This function is called by:
   191 ;;		Startup code after reset
   192 ;; This function uses a non-reentrant model
   193 ;;
   194                           
   195                           	psect	text0
   196  007F84                     __ptext0:
   197                           	opt stack 0
   198  007F84                     _main:
   199                           	opt stack 31
   200                           
   201                           ;maincomon.c: 22: TRISB = 0x80;
   202                           
   203                           ;incstack = 0
   204  007F84  0E80               	movlw	128
   205  007F86  6E93               	movwf	3987,c	;volatile
   206                           
   207                           ;maincomon.c: 23: TRISCbits.RC0 = 1;
   208  007F88  8094               	bsf	3988,0,c	;volatile
   209  007F8A                     
   210                           ;maincomon.c: 25: if (PORTCbits.RC0 = 1){
   211  007F8A  8082               	bsf	3970,0,c	;volatile
   212                           
   213                           ;maincomon.c: 26: for (char i=0;i<9;i++){
   214  007F8C  0E00               	movlw	0
   215  007F8E  6E18               	movwf	main@i,c
   216  007F90                     l688:
   217  007F90  0E08               	movlw	8
   218  007F92  6418               	cpfsgt	main@i,c
   219  007F94  D001               	goto	l21
   220  007F96  D7F9               	goto	l19
   221  007F98                     l21:
   222                           
   223                           ;maincomon.c: 27: LATB = papanatas1[i];
   224  007F98  5018               	movf	main@i,w,c
   225  007F9A  0D01               	mullw	1
   226  007F9C  0E0D               	movlw	low _papanatas1
   227  007F9E  24F3               	addwf	prodl,w,c
   228  007FA0  6ED9               	movwf	fsr2l,c
   229  007FA2  0E00               	movlw	high _papanatas1
   230  007FA4  20F4               	addwfc	prodh,w,c
   231  007FA6  6EDA               	movwf	fsr2h,c
   232  007FA8  50DF               	movf	indf2,w,c
   233  007FAA  6E8A               	movwf	3978,c	;volatile
   234                           
   235                           ;maincomon.c: 28: _delay((unsigned long)((300)*(48000000UL/4000.0)));}
   236  007FAC  0E13               	movlw	19
   237  007FAE  6E17               	movwf	(??_main+1)& (0+255),c
   238  007FB0  0E44               	movlw	68
   239  007FB2  6E16               	movwf	??_main& (0+255),c
   240  007FB4  0E44               	movlw	68
   241  007FB6                     u97:
   242  007FB6  2EE8               	decfsz	wreg,f,c
   243  007FB8  D7FE               	bra	u97
   244  007FBA  2E16               	decfsz	??_main& (0+255),f,c
   245  007FBC  D7FC               	bra	u97
   246  007FBE  2E17               	decfsz	(??_main+1)& (0+255),f,c
   247  007FC0  D7FA               	bra	u97
   248  007FC2  D000               	nop2	
   249  007FC4  2A18               	incf	main@i,f,c
   250  007FC6  D7E4               	goto	l688
   251  007FC8                     l702:
   252  007FC8  0E0B               	movlw	11
   253  007FCA  6419               	cpfsgt	main@i_150,c
   254  007FCC  D001               	goto	l24
   255  007FCE  D7DD               	goto	l19
   256  007FD0                     l24:
   257                           
   258                           ;maincomon.c: 32: LATB = papanatas2[i];
   259  007FD0  5019               	movf	main@i_150,w,c
   260  007FD2  0D01               	mullw	1
   261  007FD4  0E01               	movlw	low _papanatas2
   262  007FD6  24F3               	addwf	prodl,w,c
   263  007FD8  6ED9               	movwf	fsr2l,c
   264  007FDA  0E00               	movlw	high _papanatas2
   265  007FDC  20F4               	addwfc	prodh,w,c
   266  007FDE  6EDA               	movwf	fsr2h,c
   267  007FE0  50DF               	movf	indf2,w,c
   268  007FE2  6E8A               	movwf	3978,c	;volatile
   269                           
   270                           ;maincomon.c: 33: _delay((unsigned long)((300)*(48000000UL/4000.0)));}
   271  007FE4  0E13               	movlw	19
   272  007FE6  6E17               	movwf	(??_main+1)& (0+255),c
   273  007FE8  0E44               	movlw	68
   274  007FEA  6E16               	movwf	??_main& (0+255),c
   275  007FEC  0E44               	movlw	68
   276  007FEE                     u107:
   277  007FEE  2EE8               	decfsz	wreg,f,c
   278  007FF0  D7FE               	bra	u107
   279  007FF2  2E16               	decfsz	??_main& (0+255),f,c
   280  007FF4  D7FC               	bra	u107
   281  007FF6  2E17               	decfsz	(??_main+1)& (0+255),f,c
   282  007FF8  D7FA               	bra	u107
   283  007FFA  D000               	nop2	
   284  007FFC  2A19               	incf	main@i_150,f,c
   285  007FFE  D7E4               	goto	l702
   286  008000                     __end_of_main:
   287                           	opt stack 0
   288  0000                     tblptru	equ	0xFF8
   289                           tblptrh	equ	0xFF7
   290                           tblptrl	equ	0xFF6
   291                           tablat	equ	0xFF5
   292                           prodh	equ	0xFF4
   293                           prodl	equ	0xFF3
   294                           postinc0	equ	0xFEE
   295                           wreg	equ	0xFE8
   296                           postdec1	equ	0xFE5
   297                           fsr1l	equ	0xFE1
   298                           indf2	equ	0xFDF
   299                           fsr2h	equ	0xFDA
   300                           fsr2l	equ	0xFD9
   301                           tblptru	equ	0xFF8
   302                           tblptrh	equ	0xFF7
   303                           tblptrl	equ	0xFF6
   304                           tablat	equ	0xFF5
   305                           prodh	equ	0xFF4
   306                           prodl	equ	0xFF3
   307                           postinc0	equ	0xFEE
   308                           wreg	equ	0xFE8
   309                           postdec1	equ	0xFE5
   310                           fsr1l	equ	0xFE1
   311                           indf2	equ	0xFDF
   312                           fsr2h	equ	0xFDA
   313                           fsr2l	equ	0xFD9
   314                           
   315                           	psect	rparam
   316  0000                     tblptru	equ	0xFF8
   317                           tblptrh	equ	0xFF7
   318                           tblptrl	equ	0xFF6
   319                           tablat	equ	0xFF5
   320                           prodh	equ	0xFF4
   321                           prodl	equ	0xFF3
   322                           postinc0	equ	0xFEE
   323                           wreg	equ	0xFE8
   324                           postdec1	equ	0xFE5
   325                           fsr1l	equ	0xFE1
   326                           indf2	equ	0xFDF
   327                           fsr2h	equ	0xFDA
   328                           fsr2l	equ	0xFD9


Data Sizes:
    Strings     0
    Constant    0
    Data        21
    BSS         0
    Persistent  0
    Stack       0

Auto Spaces:
    Space          Size  Autos    Used
    COMRAM           95      4      25
    BANK0           160      0       0
    BANK1           256      0       0
    BANK2           256      0       0
    BANK3           256      0       0
    BANK4           256      0       0
    BANK5           256      0       0
    BANK6           256      0       0
    BANK7           256      0       0

Pointer List with Targets:

    None.

Critical Paths under _main in COMRAM

    None.

Critical Paths under _main in BANK0

    None.

Critical Paths under _main in BANK1

    None.

Critical Paths under _main in BANK2

    None.

Critical Paths under _main in BANK3

    None.

Critical Paths under _main in BANK4

    None.

Critical Paths under _main in BANK5

    None.

Critical Paths under _main in BANK6

    None.

Critical Paths under _main in BANK7

    None.

Call Graph Tables:

 ---------------------------------------------------------------------------------
 (Depth) Function   	        Calls       Base Space   Used Autos Params    Refs
 ---------------------------------------------------------------------------------
 (0) _main                                                 4     4      0     136
                                              0 COMRAM     4     4      0
 ---------------------------------------------------------------------------------
 Estimated maximum stack depth 0
 ---------------------------------------------------------------------------------

 Call Graph Graphs:

 _main (ROOT)

 Address spaces:
Name               Size   Autos  Total    Cost      Usage
BIGRAM             7FF      0       0      21        0.0%
EEDATA             100      0       0       0        0.0%
BITBANK7           100      0       0      18        0.0%
BANK7              100      0       0      19        0.0%
BITBANK6           100      0       0      16        0.0%
BANK6              100      0       0      17        0.0%
BITBANK5           100      0       0      14        0.0%
BANK5              100      0       0      15        0.0%
BITBANK4           100      0       0      12        0.0%
BANK4              100      0       0      13        0.0%
BITBANK3           100      0       0      10        0.0%
BANK3              100      0       0      11        0.0%
BITBANK2           100      0       0       8        0.0%
BANK2              100      0       0       9        0.0%
BITBANK1           100      0       0       6        0.0%
BANK1              100      0       0       7        0.0%
BITBANK0            A0      0       0       4        0.0%
BANK0               A0      0       0       5        0.0%
BITCOMRAM           5F      0       0       0        0.0%
COMRAM              5F      4      19       1       26.3%
BITSFR               0      0       0     200        0.0%
SFR                  0      0       0     200        0.0%
STACK                0      0       0       2        0.0%
NULL                 0      0       0       0        0.0%
ABS                  0      0      19      20        0.0%
DATA                 0      0      19       3        0.0%
CODE                 0      0       0       0        0.0%


Microchip Technology PIC18 Macro Assembler V1.45 build -152302408 
Symbol Table                                                                                   Thu May 17 13:04:22 2018

                     l21 7F98                       l24 7FD0                       l19 7F8A  
                     u97 7FB6       __CFG_FOSC$XTPLL_XT 000000                      l702 7FC8  
                    l688 7F90                      u107 7FEE             __CFG_BOR$OFF 000000  
                    prod 000FF3                      wreg 000FE8             __CFG_LVP$OFF 000000  
           __CFG_WDT$OFF 000000                     _LATB 000F8A             __CFG_PWRT$ON 000000  
                   _main 7F84                     indf2 000FDF                     fsr1l 000FE1  
                   fsr2l 000FD9                     prodl 000FF3                     start 0000  
          __CFG_MCLRE$ON 000000             ___param_bank 000000            __CFG_PLLDIV$1 000000  
         __CFG_CCP2MX$ON 000000                    ?_main 0016                    _TRISB 000F93  
                  main@i 0018                    tablat 000FF5          __initialization 7F5E  
           __end_of_main 8000                   ??_main 0016            __activetblptr 000000  
           __pdataCOMRAM 0001                   tblptrh 000FF7                   tblptrl 000FF6  
                 tblptru 000FF8               __accesstop 0060  __end_of__initialization 7F7E  
        __CFG_PBADEN$OFF 000000            ___rparam_used 000001           __pcstackCOMRAM 0016  
                __Hparam 0000                  __Lparam 0000                  __pcinit 7F5E  
                __ramtop 0800               _papanatas1 000D               _papanatas2 0001  
                __ptext0 7F84     end_of_initialization 7F7E                  postdec1 000FE5  
                postinc0 000FEE                _PORTCbits 000F82                _TRISCbits 000F94  
          __pidataCOMRAM 7F49      start_initialization 7F5E                main@i_150 0019  
              copy_data0 7F72                 __Hrparam 0000                 __Lrparam 0000  
          __size_of_main 007C    __CFG_CPUDIV$OSC1_PLL2 000000  
