

Microchip MPLAB XC8 Assembler V2.10 build 88905656 
                                                                                               Tue May 19 12:27:18 2020

Microchip MPLAB XC8 C Compiler v2.10 (Free license) build 20190730164152 Og1 
     1                           	processor	18F4550
     2                           	fnconf	rparam,??,?,0
     3                           	opt	pw 120
     4                           	opt	flic
     5                           	psect	cinit,global,reloc=2,class=CODE,delta=1
     6                           	psect	cstackCOMRAM,global,class=COMRAM,space=1,delta=1,noexec
     7                           	psect	text0,global,reloc=2,class=CODE,delta=1
     8                           	psect	text1,global,reloc=2,class=CODE,delta=1
     9                           	psect	intsave_regs,global,class=BIGRAM,space=1,delta=1,noexec
    10                           	psect	rparam,global,class=COMRAM,space=1,delta=1,noexec
    11  0000                     
    12                           ; Version 2.10
    13                           ; Generated 31/07/2019 GMT
    14                           ; 
    15                           ; Copyright © 2019, Microchip Technology Inc. and its subsidiaries ("Microchip")
    16                           ; All rights reserved.
    17                           ; 
    18                           ; This software is developed by Microchip Technology Inc. and its subsidiaries ("Microch
      +                          ip").
    19                           ; 
    20                           ; Redistribution and use in source and binary forms, with or without modification, are
    21                           ; permitted provided that the following conditions are met:
    22                           ; 
    23                           ;     1. Redistributions of source code must retain the above copyright notice, this lis
      +                          t of
    24                           ;        conditions and the following disclaimer.
    25                           ; 
    26                           ;     2. Redistributions in binary form must reproduce the above copyright notice, this 
      +                          list
    27                           ;        of conditions and the following disclaimer in the documentation and/or other
    28                           ;        materials provided with the distribution.
    29                           ; 
    30                           ;     3. Microchip's name may not be used to endorse or promote products derived from th
      +                          is
    31                           ;        software without specific prior written permission.
    32                           ; 
    33                           ; THIS SOFTWARE IS PROVIDED BY MICROCHIP "AS IS" AND ANY EXPRESS OR IMPLIED WARRANTIES,
    34                           ; INCLUDING, BUT NOT LIMITED TO, THE IMPLIED WARRANTIES OF MERCHANTABILITY AND FITNESS F
      +                          OR
    35                           ; PURPOSE ARE DISCLAIMED.  IN NO EVENT SHALL MICROCHIP BE LIABLE FOR ANY DIRECT, INDIREC
      +                          T,
    36                           ; INCIDENTAL, SPECIAL, EXEMPLARY, OR CONSEQUENTIAL DAMAGES (INCLUDING BUT NOT LIMITED TO
    37                           ; PROCUREMENT OF SUBSTITUTE GOODS OR SERVICES; LOSS OF USE, DATA OR PROFITS; OR BUSINESS
    38                           ; INTERRUPTION) HOWSOEVER CAUSED AND ON ANY THEORY OF LIABILITY, WHETHER IN CONTRACT, ST
      +                          RICT
    39                           ; LIABILITY, OR TORT (INCLUDING NEGLIGENCE OR OTHERWISE) ARISING IN ANY WAY OUT OF THE U
      +                          SE OF
    40                           ; THIS SOFTWARE, EVEN IF ADVISED OF THE POSSIBILITY OF SUCH DAMAGE.
    41                           ; 
    42                           ; 
    43                           ; Code-generator required, PIC18F4550 Definitions
    44                           ; 
    45                           ; SFR Addresses
    46  0000                     _LATDbits	set	3980
    47  0000                     _PORTBbits	set	3969
    48  0000                     _TRISD	set	3989
    49                           
    50                           ; #config settings
    51  0000                     
    52                           	psect	cinit
    53  007FA0                     __pcinit:
    54                           	opt callstack 0
    55  007FA0                     start_initialization:
    56                           	opt callstack 0
    57  007FA0                     __initialization:
    58                           	opt callstack 0
    59  007FA0                     end_of_initialization:
    60                           	opt callstack 0
    61  007FA0                     __end_of__initialization:
    62                           	opt callstack 0
    63  007FA0  0100               	movlb	0
    64  007FA2  EFD3  F03F         	goto	_main	;jump to C main() function
    65                           
    66                           	psect	cstackCOMRAM
    67  000001                     __pcstackCOMRAM:
    68                           	opt callstack 0
    69  000001                     ??_main:
    70                           
    71                           ; 1 bytes @ 0x0
    72  000001                     	ds	2
    73                           
    74 ;;
    75 ;;Main: autosize = 0, tempsize = 2, incstack = 0, save=0
    76 ;;
    77 ;; *************** function _main *****************
    78 ;; Defined at:
    79 ;;		line 36 in file "maincode.c"
    80 ;; Parameters:    Size  Location     Type
    81 ;;		None
    82 ;; Auto vars:     Size  Location     Type
    83 ;;		None
    84 ;; Return value:  Size  Location     Type
    85 ;;                  1    wreg      void 
    86 ;; Registers used:
    87 ;;		wreg, status,2, cstack
    88 ;; Tracked objects:
    89 ;;		On entry : 0/0
    90 ;;		On exit  : 0/0
    91 ;;		Unchanged: 0/0
    92 ;; Data sizes:     COMRAM   BANK0   BANK1   BANK2   BANK3   BANK4   BANK5   BANK6   BANK7
    93 ;;      Params:         0       0       0       0       0       0       0       0       0
    94 ;;      Locals:         0       0       0       0       0       0       0       0       0
    95 ;;      Temps:          2       0       0       0       0       0       0       0       0
    96 ;;      Totals:         2       0       0       0       0       0       0       0       0
    97 ;;Total ram usage:        2 bytes
    98 ;; Hardware stack levels required when called:    1
    99 ;; This function calls:
   100 ;;		_configuracion
   101 ;; This function is called by:
   102 ;;		Startup code after reset
   103 ;; This function uses a non-reentrant model
   104 ;;
   105                           
   106                           	psect	text0
   107  007FA6                     __ptext0:
   108                           	opt callstack 0
   109  007FA6                     _main:
   110                           	opt callstack 30
   111  007FA6                     
   112                           ;maincode.c: 37:     configuracion();
   113  007FA6  ECCD  F03F         	call	_configuracion	;wreg free
   114  007FAA                     l701:
   115                           
   116                           ;maincode.c: 40:         if (PORTBbits.RB0 == 1){
   117  007FAA  A081               	btfss	129,0,c	;volatile
   118  007FAC  EFDA  F03F         	goto	u11
   119  007FB0  EFDC  F03F         	goto	u10
   120  007FB4                     u11:
   121  007FB4  EFF9  F03F         	goto	l17
   122  007FB8                     u10:
   123  007FB8                     
   124                           ;maincode.c: 42:             LATDbits.LD2 = 0;
   125  007FB8  948C               	bcf	140,2,c	;volatile
   126                           
   127                           ;maincode.c: 43:             LATDbits.LD0 = 1;
   128  007FBA  808C               	bsf	140,0,c	;volatile
   129                           
   130                           ;maincode.c: 44:             LATDbits.LD1 = 0;
   131  007FBC  928C               	bcf	140,1,c	;volatile
   132  007FBE                     
   133                           ;maincode.c: 45:             _delay((unsigned long)((250)*(48000000UL/4000.0)));
   134  007FBE  0E10               	movlw	16
   135  007FC0  6E02               	movwf	(??_main+1)^0,c
   136  007FC2  0E39               	movlw	57
   137  007FC4  6E01               	movwf	??_main^0,c
   138  007FC6  0E0E               	movlw	14
   139  007FC8                     u27:
   140  007FC8  2EE8               	decfsz	wreg,f,c
   141  007FCA  D7FE               	bra	u27
   142  007FCC  2E01               	decfsz	??_main^0,f,c
   143  007FCE  D7FC               	bra	u27
   144  007FD0  2E02               	decfsz	(??_main+1)^0,f,c
   145  007FD2  D7FA               	bra	u27
   146  007FD4                     
   147                           ;maincode.c: 46:             LATDbits.LD0 = 0;
   148  007FD4  908C               	bcf	140,0,c	;volatile
   149  007FD6                     
   150                           ;maincode.c: 47:             LATDbits.LD1 = 1;
   151  007FD6  828C               	bsf	140,1,c	;volatile
   152                           
   153                           ;maincode.c: 48:             _delay((unsigned long)((250)*(48000000UL/4000.0)));
   154  007FD8  0E10               	movlw	16
   155  007FDA  6E02               	movwf	(??_main+1)^0,c
   156  007FDC  0E39               	movlw	57
   157  007FDE  6E01               	movwf	??_main^0,c
   158  007FE0  0E0E               	movlw	14
   159  007FE2                     u37:
   160  007FE2  2EE8               	decfsz	wreg,f,c
   161  007FE4  D7FE               	bra	u37
   162  007FE6  2E01               	decfsz	??_main^0,f,c
   163  007FE8  D7FC               	bra	u37
   164  007FEA  2E02               	decfsz	(??_main+1)^0,f,c
   165  007FEC  D7FA               	bra	u37
   166                           
   167                           ;maincode.c: 49:         }
   168  007FEE  EFD5  F03F         	goto	l701
   169  007FF2                     l17:
   170                           
   171                           ;maincode.c: 52:             LATDbits.LD2 = 1;
   172  007FF2  848C               	bsf	140,2,c	;volatile
   173                           
   174                           ;maincode.c: 53:             LATDbits.LD0 = 0;
   175  007FF4  908C               	bcf	140,0,c	;volatile
   176                           
   177                           ;maincode.c: 54:             LATDbits.LD1 = 0;
   178  007FF6  928C               	bcf	140,1,c	;volatile
   179  007FF8  EFD5  F03F         	goto	l701
   180  007FFC  EF00  F000         	goto	start
   181  008000                     __end_of_main:
   182                           	opt callstack 0
   183                           
   184 ;; *************** function _configuracion *****************
   185 ;; Defined at:
   186 ;;		line 31 in file "maincode.c"
   187 ;; Parameters:    Size  Location     Type
   188 ;;		None
   189 ;; Auto vars:     Size  Location     Type
   190 ;;		None
   191 ;; Return value:  Size  Location     Type
   192 ;;                  1    wreg      void 
   193 ;; Registers used:
   194 ;;		wreg, status,2
   195 ;; Tracked objects:
   196 ;;		On entry : 0/0
   197 ;;		On exit  : 0/0
   198 ;;		Unchanged: 0/0
   199 ;; Data sizes:     COMRAM   BANK0   BANK1   BANK2   BANK3   BANK4   BANK5   BANK6   BANK7
   200 ;;      Params:         0       0       0       0       0       0       0       0       0
   201 ;;      Locals:         0       0       0       0       0       0       0       0       0
   202 ;;      Temps:          0       0       0       0       0       0       0       0       0
   203 ;;      Totals:         0       0       0       0       0       0       0       0       0
   204 ;;Total ram usage:        0 bytes
   205 ;; Hardware stack levels used:    1
   206 ;; This function calls:
   207 ;;		Nothing
   208 ;; This function is called by:
   209 ;;		_main
   210 ;; This function uses a non-reentrant model
   211 ;;
   212                           
   213                           	psect	text1
   214  007F9A                     __ptext1:
   215                           	opt callstack 0
   216  007F9A                     _configuracion:
   217                           	opt callstack 30
   218  007F9A                     
   219                           ;maincode.c: 33:     TRISD = 0xF8;
   220  007F9A  0EF8               	movlw	248
   221  007F9C  6E95               	movwf	149,c	;volatile
   222  007F9E  0012               	return		;funcret
   223  007FA0                     __end_of_configuracion:
   224                           	opt callstack 0
   225  0000                     
   226                           	psect	rparam
   227  0000                     tosu	equ	0xFFF
   228                           tosh	equ	0xFFE
   229                           tosl	equ	0xFFD
   230                           stkptr	equ	0xFFC
   231                           pclatu	equ	0xFFB
   232                           pclath	equ	0xFFA
   233                           pcl	equ	0xFF9
   234                           tblptru	equ	0xFF8
   235                           tblptrh	equ	0xFF7
   236                           tblptrl	equ	0xFF6
   237                           tablat	equ	0xFF5
   238                           prodh	equ	0xFF4
   239                           prodl	equ	0xFF3
   240                           indf0	equ	0xFEF
   241                           postinc0	equ	0xFEE
   242                           postdec0	equ	0xFED
   243                           preinc0	equ	0xFEC
   244                           plusw0	equ	0xFEB
   245                           fsr0h	equ	0xFEA
   246                           fsr0l	equ	0xFE9
   247                           wreg	equ	0xFE8
   248                           indf1	equ	0xFE7
   249                           postinc1	equ	0xFE6
   250                           postdec1	equ	0xFE5
   251                           preinc1	equ	0xFE4
   252                           plusw1	equ	0xFE3
   253                           fsr1h	equ	0xFE2
   254                           fsr1l	equ	0xFE1
   255                           bsr	equ	0xFE0
   256                           indf2	equ	0xFDF
   257                           postinc2	equ	0xFDE
   258                           postdec2	equ	0xFDD
   259                           preinc2	equ	0xFDC
   260                           plusw2	equ	0xFDB
   261                           fsr2h	equ	0xFDA
   262                           fsr2l	equ	0xFD9
   263                           status	equ	0xFD8


Data Sizes:
    Strings     0
    Constant    0
    Data        0
    BSS         0
    Persistent  0
    Stack       0

Auto Spaces:
    Space          Size  Autos    Used
    COMRAM           95      2       2
    BANK0           160      0       0
    BANK1           256      0       0
    BANK2           256      0       0
    BANK3           256      0       0
    BANK4           256      0       0
    BANK5           256      0       0
    BANK6           256      0       0
    BANK7           256      0       0

Pointer List with Targets:

    None.

Critical Paths under _main in COMRAM

    None.

Critical Paths under _main in BANK0

    None.

Critical Paths under _main in BANK1

    None.

Critical Paths under _main in BANK2

    None.

Critical Paths under _main in BANK3

    None.

Critical Paths under _main in BANK4

    None.

Critical Paths under _main in BANK5

    None.

Critical Paths under _main in BANK6

    None.

Critical Paths under _main in BANK7

    None.

Call Graph Tables:

 ---------------------------------------------------------------------------------
 (Depth) Function   	        Calls       Base Space   Used Autos Params    Refs
 ---------------------------------------------------------------------------------
 (0) _main                                                 2     2      0       0
                                              0 COMRAM     2     2      0
                      _configuracion
 ---------------------------------------------------------------------------------
 (1) _configuracion                                        0     0      0       0
 ---------------------------------------------------------------------------------
 Estimated maximum stack depth 1
 ---------------------------------------------------------------------------------

 Call Graph Graphs:

 _main (ROOT)
   _configuracion

 Address spaces:
Name               Size   Autos  Total    Cost      Usage
BITCOMRAM           5F      0       0       0        0.0%
EEDATA             100      0       0       0        0.0%
NULL                 0      0       0       0        0.0%
CODE                 0      0       0       0        0.0%
COMRAM              5F      2       2       1        2.1%
STACK                0      0       0       2        0.0%
DATA                 0      0       0       3        0.0%
BITBANK0            A0      0       0       4        0.0%
BANK0               A0      0       0       5        0.0%
BITBANK1           100      0       0       6        0.0%
BANK1              100      0       0       7        0.0%
BITBANK2           100      0       0       8        0.0%
BANK2              100      0       0       9        0.0%
BITBANK3           100      0       0      10        0.0%
BANK3              100      0       0      11        0.0%
BITBANK4           100      0       0      12        0.0%
BANK4              100      0       0      13        0.0%
BITBANK5           100      0       0      14        0.0%
BANK5              100      0       0      15        0.0%
BITBANK6           100      0       0      16        0.0%
BANK6              100      0       0      17        0.0%
BITBANK7           100      0       0      18        0.0%
BANK7              100      0       0      19        0.0%
ABS                  0      0       0      20        0.0%
BIGRAM             7FF      0       0      21        0.0%
BITSFR               0      0       0     200        0.0%
SFR                  0      0       0     200        0.0%


Microchip Technology PIC18 Macro Assembler V2.10 build 88905656 
Symbol Table                                                                                   Tue May 19 12:27:18 2020

                     l11 7F9E                       l17 7FF2                       u10 7FB8  
                     u11 7FB4                       u27 7FC8                       u37 7FE2  
         ?_configuracion 0001              __CFG_BORV$3 000000       __CFG_FOSC$XTPLL_XT 000000  
                    l701 7FAA                      l703 7FB8                      l705 7FBE  
                    l707 7FD4                      l709 7FD6                      l697 7F9A  
                    l699 7FA6             __CFG_BOR$OFF 000000                      wreg 000FE8  
           __CFG_LVP$OFF 000000             __CFG_WDT$OFF 000000             __CFG_PWRT$ON 000000  
                   _main 7FA6                     start 0000            __CFG_MCLRE$ON 000000  
           ___param_bank 000000            __CFG_PLLDIV$1 000000           __CFG_CCP2MX$ON 000000  
                  ?_main 0001            __CFG_USBDIV$1 000000                    _TRISD 000F95  
        __initialization 7FA0             __end_of_main 8000          ??_configuracion 0001  
                 ??_main 0001            __activetblptr 000000               __accesstop 0060  
__end_of__initialization 7FA0          __CFG_PBADEN$OFF 000000            ___rparam_used 000001  
         __pcstackCOMRAM 0001                  __Hparam 0000                  __Lparam 0000  
                __pcinit 7FA0                  __ramtop 0800                  __ptext0 7FA6  
                __ptext1 7F9A     end_of_initialization 7FA0    __end_of_configuracion 7FA0  
              _PORTBbits 000F81      start_initialization 7FA0                 _LATDbits 000F8C  
       __CFG_WDTPS$32768 000000                 __Hrparam 0000                 __Lrparam 0000  
 __size_of_configuracion 0006            __size_of_main 005A    __CFG_CPUDIV$OSC1_PLL2 000000  
          _configuracion 7F9A  
