

Microchip MPLAB XC8 Assembler V2.10 build 88905656 
                                                                                               Tue May 19 21:27:05 2020

Microchip MPLAB XC8 C Compiler v2.10 (Free license) build 20190730164152 Og1 
     1                           	processor	18F4550
     2                           	fnconf	rparam,??,?,0
     3                           	opt	pw 120
     4                           	opt	flic
     5                           	psect	cinit,global,reloc=2,class=CODE,delta=1
     6                           	psect	cstackCOMRAM,global,class=COMRAM,space=1,delta=1,noexec
     7                           	psect	text0,global,reloc=2,class=CODE,delta=1
     8                           	psect	text1,global,reloc=2,class=CODE,delta=1
     9                           	psect	intsave_regs,global,class=BIGRAM,space=1,delta=1,noexec
    10                           	psect	rparam,global,class=COMRAM,space=1,delta=1,noexec
    11  0000                     
    12                           ; Version 2.10
    13                           ; Generated 31/07/2019 GMT
    14                           ; 
    15                           ; Copyright © 2019, Microchip Technology Inc. and its subsidiaries ("Microchip")
    16                           ; All rights reserved.
    17                           ; 
    18                           ; This software is developed by Microchip Technology Inc. and its subsidiaries ("Microch
      +                          ip").
    19                           ; 
    20                           ; Redistribution and use in source and binary forms, with or without modification, are
    21                           ; permitted provided that the following conditions are met:
    22                           ; 
    23                           ;     1. Redistributions of source code must retain the above copyright notice, this lis
      +                          t of
    24                           ;        conditions and the following disclaimer.
    25                           ; 
    26                           ;     2. Redistributions in binary form must reproduce the above copyright notice, this 
      +                          list
    27                           ;        of conditions and the following disclaimer in the documentation and/or other
    28                           ;        materials provided with the distribution.
    29                           ; 
    30                           ;     3. Microchip's name may not be used to endorse or promote products derived from th
      +                          is
    31                           ;        software without specific prior written permission.
    32                           ; 
    33                           ; THIS SOFTWARE IS PROVIDED BY MICROCHIP "AS IS" AND ANY EXPRESS OR IMPLIED WARRANTIES,
    34                           ; INCLUDING, BUT NOT LIMITED TO, THE IMPLIED WARRANTIES OF MERCHANTABILITY AND FITNESS F
      +                          OR
    35                           ; PURPOSE ARE DISCLAIMED.  IN NO EVENT SHALL MICROCHIP BE LIABLE FOR ANY DIRECT, INDIREC
      +                          T,
    36                           ; INCIDENTAL, SPECIAL, EXEMPLARY, OR CONSEQUENTIAL DAMAGES (INCLUDING BUT NOT LIMITED TO
    37                           ; PROCUREMENT OF SUBSTITUTE GOODS OR SERVICES; LOSS OF USE, DATA OR PROFITS; OR BUSINESS
    38                           ; INTERRUPTION) HOWSOEVER CAUSED AND ON ANY THEORY OF LIABILITY, WHETHER IN CONTRACT, ST
      +                          RICT
    39                           ; LIABILITY, OR TORT (INCLUDING NEGLIGENCE OR OTHERWISE) ARISING IN ANY WAY OUT OF THE U
      +                          SE OF
    40                           ; THIS SOFTWARE, EVEN IF ADVISED OF THE POSSIBILITY OF SUCH DAMAGE.
    41                           ; 
    42                           ; 
    43                           ; Code-generator required, PIC18F4550 Definitions
    44                           ; 
    45                           ; SFR Addresses
    46  0000                     _PORTB	set	3969
    47  0000                     _LATDbits	set	3980
    48  0000                     _TRISDbits	set	3989
    49                           
    50                           ; #config settings
    51  0000                     
    52                           	psect	cinit
    53  007F9C                     __pcinit:
    54                           	opt callstack 0
    55  007F9C                     start_initialization:
    56                           	opt callstack 0
    57  007F9C                     __initialization:
    58                           	opt callstack 0
    59  007F9C                     end_of_initialization:
    60                           	opt callstack 0
    61  007F9C                     __end_of__initialization:
    62                           	opt callstack 0
    63  007F9C  0E00               	movlw	low (__Lmediumconst shr (0+16))
    64  007F9E  6EF8               	movwf	tblptru,c
    65  007FA0  0100               	movlb	0
    66  007FA2  EFD3  F03F         	goto	_main	;jump to C main() function
    67                           
    68                           	psect	cstackCOMRAM
    69  000001                     __pcstackCOMRAM:
    70                           	opt callstack 0
    71  000001                     ??_main:
    72                           
    73                           ; 1 bytes @ 0x0
    74  000001                     	ds	2
    75                           
    76 ;;
    77 ;;Main: autosize = 0, tempsize = 2, incstack = 0, save=0
    78 ;;
    79 ;; *************** function _main *****************
    80 ;; Defined at:
    81 ;;		line 32 in file "maincode.c"
    82 ;; Parameters:    Size  Location     Type
    83 ;;		None
    84 ;; Auto vars:     Size  Location     Type
    85 ;;		None
    86 ;; Return value:  Size  Location     Type
    87 ;;                  1    wreg      void 
    88 ;; Registers used:
    89 ;;		wreg, status,2, status,0, cstack
    90 ;; Tracked objects:
    91 ;;		On entry : 0/0
    92 ;;		On exit  : 0/0
    93 ;;		Unchanged: 0/0
    94 ;; Data sizes:     COMRAM   BANK0   BANK1   BANK2   BANK3   BANK4   BANK5   BANK6   BANK7
    95 ;;      Params:         0       0       0       0       0       0       0       0       0
    96 ;;      Locals:         0       0       0       0       0       0       0       0       0
    97 ;;      Temps:          2       0       0       0       0       0       0       0       0
    98 ;;      Totals:         2       0       0       0       0       0       0       0       0
    99 ;;Total ram usage:        2 bytes
   100 ;; Hardware stack levels required when called:    1
   101 ;; This function calls:
   102 ;;		_configuracion
   103 ;; This function is called by:
   104 ;;		Startup code after reset
   105 ;; This function uses a non-reentrant model
   106 ;;
   107                           
   108                           	psect	text0
   109  007FA6                     __ptext0:
   110                           	opt callstack 0
   111  007FA6                     _main:
   112                           	opt callstack 30
   113  007FA6                     
   114                           ;maincode.c: 33:     configuracion();
   115  007FA6  ECCC  F03F         	call	_configuracion	;wreg free
   116  007FAA  EFE1  F03F         	goto	l705
   117  007FAE                     l16:
   118                           
   119                           ;maincode.c: 39:                 LATDbits.LD0 = 0;
   120  007FAE  908C               	bcf	140,0,c	;volatile
   121                           
   122                           ;maincode.c: 40:                 break;
   123  007FB0  EFE1  F03F         	goto	l705
   124  007FB4                     l18:
   125                           
   126                           ;maincode.c: 42:                 LATDbits.LD0 = 1;
   127  007FB4  808C               	bsf	140,0,c	;volatile
   128                           
   129                           ;maincode.c: 43:                 break;
   130  007FB6  EFE1  F03F         	goto	l705
   131  007FBA                     l19:
   132                           
   133                           ;maincode.c: 45:                 LATDbits.LD0 = 1;
   134  007FBA  808C               	bsf	140,0,c	;volatile
   135                           
   136                           ;maincode.c: 46:                 break;
   137  007FBC  EFE1  F03F         	goto	l705
   138  007FC0                     l20:
   139                           
   140                           ;maincode.c: 48:                 LATDbits.LD0 = 0;
   141  007FC0  908C               	bcf	140,0,c	;volatile
   142  007FC2                     l705:
   143  007FC2  5081               	movf	129,w,c	;volatile
   144  007FC4  6E01               	movwf	??_main^0,c
   145  007FC6  6A02               	clrf	(??_main+1)^0,c
   146                           
   147                           ; Switch on 2 bytes has been partitioned into a top level switch of size 1, and 1 sub-sw
      +                          itches
   148                           ; Switch size 1, requested type "simple"
   149                           ; Number of cases is 1, Range of values is 0 to 0
   150                           ; switch strategies available:
   151                           ; Name         Instructions Cycles
   152                           ; simple_byte            4     3 (average)
   153                           ;	Chosen strategy is simple_byte
   154  007FC8  5002               	movf	(??_main+1)^0,w,c
   155  007FCA  0A00               	xorlw	0	; case 0
   156  007FCC  B4D8               	btfsc	status,2,c
   157  007FCE  EFEB  F03F         	goto	l715
   158  007FD2  EFE1  F03F         	goto	l705
   159  007FD6                     l715:
   160                           
   161                           ; Switch size 1, requested type "simple"
   162                           ; Number of cases is 4, Range of values is 0 to 3
   163                           ; switch strategies available:
   164                           ; Name         Instructions Cycles
   165                           ; simple_byte           13     7 (average)
   166                           ;	Chosen strategy is simple_byte
   167  007FD6  5001               	movf	??_main^0,w,c
   168  007FD8  0A00               	xorlw	0	; case 0
   169  007FDA  B4D8               	btfsc	status,2,c
   170  007FDC  EFD7  F03F         	goto	l16
   171  007FE0  0A01               	xorlw	1	; case 1
   172  007FE2  B4D8               	btfsc	status,2,c
   173  007FE4  EFDA  F03F         	goto	l18
   174  007FE8  0A03               	xorlw	3	; case 2
   175  007FEA  B4D8               	btfsc	status,2,c
   176  007FEC  EFDD  F03F         	goto	l19
   177  007FF0  0A01               	xorlw	1	; case 3
   178  007FF2  B4D8               	btfsc	status,2,c
   179  007FF4  EFE0  F03F         	goto	l20
   180  007FF8  EFE1  F03F         	goto	l705
   181  007FFC  EF00  F000         	goto	start
   182  008000                     __end_of_main:
   183                           	opt callstack 0
   184                           
   185 ;; *************** function _configuracion *****************
   186 ;; Defined at:
   187 ;;		line 28 in file "maincode.c"
   188 ;; Parameters:    Size  Location     Type
   189 ;;		None
   190 ;; Auto vars:     Size  Location     Type
   191 ;;		None
   192 ;; Return value:  Size  Location     Type
   193 ;;                  1    wreg      void 
   194 ;; Registers used:
   195 ;;		None
   196 ;; Tracked objects:
   197 ;;		On entry : 0/0
   198 ;;		On exit  : 0/0
   199 ;;		Unchanged: 0/0
   200 ;; Data sizes:     COMRAM   BANK0   BANK1   BANK2   BANK3   BANK4   BANK5   BANK6   BANK7
   201 ;;      Params:         0       0       0       0       0       0       0       0       0
   202 ;;      Locals:         0       0       0       0       0       0       0       0       0
   203 ;;      Temps:          0       0       0       0       0       0       0       0       0
   204 ;;      Totals:         0       0       0       0       0       0       0       0       0
   205 ;;Total ram usage:        0 bytes
   206 ;; Hardware stack levels used:    1
   207 ;; This function calls:
   208 ;;		Nothing
   209 ;; This function is called by:
   210 ;;		_main
   211 ;; This function uses a non-reentrant model
   212 ;;
   213                           
   214                           	psect	text1
   215  007F98                     __ptext1:
   216                           	opt callstack 0
   217  007F98                     _configuracion:
   218                           	opt callstack 30
   219  007F98                     
   220                           ;maincode.c: 29:     TRISDbits.RD0 = 0;
   221  007F98  9095               	bcf	149,0,c	;volatile
   222  007F9A  0012               	return		;funcret
   223  007F9C                     __end_of_configuracion:
   224                           	opt callstack 0
   225  0000                     
   226                           	psect	rparam
   227  0000                     tosu	equ	0xFFF
   228                           tosh	equ	0xFFE
   229                           tosl	equ	0xFFD
   230                           stkptr	equ	0xFFC
   231                           pclatu	equ	0xFFB
   232                           pclath	equ	0xFFA
   233                           pcl	equ	0xFF9
   234                           tblptru	equ	0xFF8
   235                           tblptrh	equ	0xFF7
   236                           tblptrl	equ	0xFF6
   237                           tablat	equ	0xFF5
   238                           prodh	equ	0xFF4
   239                           prodl	equ	0xFF3
   240                           indf0	equ	0xFEF
   241                           postinc0	equ	0xFEE
   242                           postdec0	equ	0xFED
   243                           preinc0	equ	0xFEC
   244                           plusw0	equ	0xFEB
   245                           fsr0h	equ	0xFEA
   246                           fsr0l	equ	0xFE9
   247                           wreg	equ	0xFE8
   248                           indf1	equ	0xFE7
   249                           postinc1	equ	0xFE6
   250                           postdec1	equ	0xFE5
   251                           preinc1	equ	0xFE4
   252                           plusw1	equ	0xFE3
   253                           fsr1h	equ	0xFE2
   254                           fsr1l	equ	0xFE1
   255                           bsr	equ	0xFE0
   256                           indf2	equ	0xFDF
   257                           postinc2	equ	0xFDE
   258                           postdec2	equ	0xFDD
   259                           preinc2	equ	0xFDC
   260                           plusw2	equ	0xFDB
   261                           fsr2h	equ	0xFDA
   262                           fsr2l	equ	0xFD9
   263                           status	equ	0xFD8


Data Sizes:
    Strings     0
    Constant    0
    Data        0
    BSS         0
    Persistent  0
    Stack       0

Auto Spaces:
    Space          Size  Autos    Used
    COMRAM           95      2       2
    BANK0           160      0       0
    BANK1           256      0       0
    BANK2           256      0       0
    BANK3           256      0       0
    BANK4           256      0       0
    BANK5           256      0       0
    BANK6           256      0       0
    BANK7           256      0       0

Pointer List with Targets:

    None.

Critical Paths under _main in COMRAM

    None.

Critical Paths under _main in BANK0

    None.

Critical Paths under _main in BANK1

    None.

Critical Paths under _main in BANK2

    None.

Critical Paths under _main in BANK3

    None.

Critical Paths under _main in BANK4

    None.

Critical Paths under _main in BANK5

    None.

Critical Paths under _main in BANK6

    None.

Critical Paths under _main in BANK7

    None.

Call Graph Tables:

 ---------------------------------------------------------------------------------
 (Depth) Function   	        Calls       Base Space   Used Autos Params    Refs
 ---------------------------------------------------------------------------------
 (0) _main                                                 2     2      0       0
                                              0 COMRAM     2     2      0
                      _configuracion
 ---------------------------------------------------------------------------------
 (1) _configuracion                                        0     0      0       0
 ---------------------------------------------------------------------------------
 Estimated maximum stack depth 1
 ---------------------------------------------------------------------------------

 Call Graph Graphs:

 _main (ROOT)
   _configuracion

 Address spaces:
Name               Size   Autos  Total    Cost      Usage
BITCOMRAM           5F      0       0       0        0.0%
EEDATA             100      0       0       0        0.0%
NULL                 0      0       0       0        0.0%
CODE                 0      0       0       0        0.0%
COMRAM              5F      2       2       1        2.1%
STACK                0      0       0       2        0.0%
DATA                 0      0       0       3        0.0%
BITBANK0            A0      0       0       4        0.0%
BANK0               A0      0       0       5        0.0%
BITBANK1           100      0       0       6        0.0%
BANK1              100      0       0       7        0.0%
BITBANK2           100      0       0       8        0.0%
BANK2              100      0       0       9        0.0%
BITBANK3           100      0       0      10        0.0%
BANK3              100      0       0      11        0.0%
BITBANK4           100      0       0      12        0.0%
BANK4              100      0       0      13        0.0%
BITBANK5           100      0       0      14        0.0%
BANK5              100      0       0      15        0.0%
BITBANK6           100      0       0      16        0.0%
BANK6              100      0       0      17        0.0%
BITBANK7           100      0       0      18        0.0%
BANK7              100      0       0      19        0.0%
ABS                  0      0       0      20        0.0%
BIGRAM             7FF      0       0      21        0.0%
BITSFR               0      0       0     200        0.0%
SFR                  0      0       0     200        0.0%


Microchip Technology PIC18 Macro Assembler V2.10 build 88905656 
Symbol Table                                                                                   Tue May 19 21:27:05 2020

                      l9 7F9A                       l20 7FC0                       l16 7FAE  
                     l18 7FB4                       l19 7FBA           ?_configuracion 0001  
            __CFG_BORV$3 000000       __CFG_FOSC$XTPLL_XT 000000                      l701 7FA6  
                    l705 7FC2                      l715 7FD6                      l699 7F98  
           __CFG_BOR$OFF 000000             __CFG_LVP$OFF 000000             __CFG_WDT$OFF 000000  
           __CFG_PWRT$ON 000000                     _main 7FA6                     start 0000  
          __CFG_MCLRE$ON 000000             ___param_bank 000000            __CFG_PLLDIV$1 000000  
         __CFG_CCP2MX$ON 000000                    ?_main 0001                    _PORTB 000F81  
                  status 000FD8          __initialization 7F9C             __end_of_main 8000  
        ??_configuracion 0001                   ??_main 0001            __activetblptr 000002  
                 tblptru 000FF8               __accesstop 0060  __end_of__initialization 7F9C  
        __CFG_PBADEN$OFF 000000            ___rparam_used 000001           __pcstackCOMRAM 0001  
                __Hparam 0000                  __Lparam 0000                  __pcinit 7F9C  
                __ramtop 0800                  __ptext0 7FA6                  __ptext1 7F98  
   end_of_initialization 7F9C            __Lmediumconst 0000    __end_of_configuracion 7F9C  
              _TRISDbits 000F95      start_initialization 7F9C                 _LATDbits 000F8C  
       __CFG_WDTPS$32768 000000                 __Hrparam 0000                 __Lrparam 0000  
 __size_of_configuracion 0004            __size_of_main 005A    __CFG_CPUDIV$OSC1_PLL2 000000  
          _configuracion 7F98  
