

Microchip MPLAB XC8 Assembler V2.05 build -831301201 
                                                                                               Thu May 16 12:51:37 2019

Microchip MPLAB XC8 C Compiler v2.05 (Free license) build 20181220022703 Og1 
     1                           	processor	18F4550
     2                           	fnconf	rparam,??,?,0
     3                           	opt	pw 120
     4                           	opt	flic
     5                           	psect	cinit,global,reloc=2,class=CODE,delta=1
     6                           	psect	cstackCOMRAM,global,class=COMRAM,space=1,delta=1,noexec
     7                           	psect	text0,global,reloc=2,class=CODE,delta=1
     8                           	psect	text1,global,reloc=2,class=CODE,delta=1
     9                           	psect	intsave_regs,global,class=BIGRAM,space=1,delta=1,noexec
    10                           	psect	rparam,global,class=COMRAM,space=1,delta=1,noexec
    11  0000                     
    12                           ; Version 2.05
    13                           ; Generated 20/12/2018 GMT
    14                           ; 
    15                           ; Copyright © 2018, Microchip Technology Inc. and its subsidiaries ("Microchip")
    16                           ; All rights reserved.
    17                           ; 
    18                           ; This software is developed by Microchip Technology Inc. and its subsidiaries ("Microch
      +                          ip").
    19                           ; 
    20                           ; Redistribution and use in source and binary forms, with or without modification, are
    21                           ; permitted provided that the following conditions are met:
    22                           ; 
    23                           ;     1. Redistributions of source code must retain the above copyright notice, this lis
      +                          t of
    24                           ;        conditions and the following disclaimer.
    25                           ; 
    26                           ;     2. Redistributions in binary form must reproduce the above copyright notice, this 
      +                          list
    27                           ;        of conditions and the following disclaimer in the documentation and/or other
    28                           ;        materials provided with the distribution.
    29                           ; 
    30                           ;     3. Microchip's name may not be used to endorse or promote products derived from th
      +                          is
    31                           ;        software without specific prior written permission.
    32                           ; 
    33                           ; THIS SOFTWARE IS PROVIDED BY MICROCHIP "AS IS" AND ANY EXPRESS OR IMPLIED WARRANTIES,
    34                           ; INCLUDING, BUT NOT LIMITED TO, THE IMPLIED WARRANTIES OF MERCHANTABILITY AND FITNESS F
      +                          OR
    35                           ; PURPOSE ARE DISCLAIMED.  IN NO EVENT SHALL MICROCHIP BE LIABLE FOR ANY DIRECT, INDIREC
      +                          T,
    36                           ; INCIDENTAL, SPECIAL, EXEMPLARY, OR CONSEQUENTIAL DAMAGES (INCLUDING BUT NOT LIMITED TO
    37                           ; PROCUREMENT OF SUBSTITUTE GOODS OR SERVICES; LOSS OF USE, DATA OR PROFITS; OR BUSINESS
    38                           ; INTERRUPTION) HOWSOEVER CAUSED AND ON ANY THEORY OF LIABILITY, WHETHER IN CONTRACT, ST
      +                          RICT
    39                           ; LIABILITY, OR TORT (INCLUDING NEGLIGENCE OR OTHERWISE) ARISING IN ANY WAY OUT OF THE U
      +                          SE OF
    40                           ; THIS SOFTWARE, EVEN IF ADVISED OF THE POSSIBILITY OF SUCH DAMAGE.
    41                           ; 
    42                           ; 
    43                           ; Code-generator required, PIC18F4550 Definitions
    44                           ; 
    45                           ; SFR Addresses
    46  0000                     _LATD	set	3980
    47  0000                     _TRISD	set	3989
    48                           
    49                           ; #config settings
    50  0000                     
    51                           	psect	cinit
    52  007FA8                     __pcinit:
    53                           	opt callstack 0
    54  007FA8                     start_initialization:
    55                           	opt callstack 0
    56  007FA8                     __initialization:
    57                           	opt callstack 0
    58  007FA8                     end_of_initialization:
    59                           	opt callstack 0
    60  007FA8                     __end_of__initialization:
    61                           	opt callstack 0
    62  007FA8  0100               	movlb	0
    63  007FAA  EFD7  F03F         	goto	_main	;jump to C main() function
    64                           
    65                           	psect	cstackCOMRAM
    66  000001                     __pcstackCOMRAM:
    67                           	opt callstack 0
    68  000001                     delaymon@tiempo:
    69                           	opt callstack 0
    70                           
    71                           ; 2 bytes @ 0x0
    72  000001                     	ds	2
    73  000003                     ??_delaymon:
    74                           
    75                           ; 1 bytes @ 0x2
    76  000003                     	ds	1
    77  000004                     delaymon@camote:
    78                           	opt callstack 0
    79                           
    80                           ; 2 bytes @ 0x3
    81  000004                     	ds	2
    82  000006                     
    83                           ; 1 bytes @ 0x5
    84 ;;
    85 ;;Main: autosize = 0, tempsize = 0, incstack = 0, save=0
    86 ;;
    87 ;; *************** function _main *****************
    88 ;; Defined at:
    89 ;;		line 28 in file "tardoneitors4.c"
    90 ;; Parameters:    Size  Location     Type
    91 ;;		None
    92 ;; Auto vars:     Size  Location     Type
    93 ;;		None
    94 ;; Return value:  Size  Location     Type
    95 ;;                  1    wreg      void 
    96 ;; Registers used:
    97 ;;		wreg, status,2, status,0, cstack
    98 ;; Tracked objects:
    99 ;;		On entry : 0/0
   100 ;;		On exit  : 0/0
   101 ;;		Unchanged: 0/0
   102 ;; Data sizes:     COMRAM   BANK0   BANK1   BANK2   BANK3   BANK4   BANK5   BANK6   BANK7
   103 ;;      Params:         0       0       0       0       0       0       0       0       0
   104 ;;      Locals:         0       0       0       0       0       0       0       0       0
   105 ;;      Temps:          0       0       0       0       0       0       0       0       0
   106 ;;      Totals:         0       0       0       0       0       0       0       0       0
   107 ;;Total ram usage:        0 bytes
   108 ;; Hardware stack levels required when called:    1
   109 ;; This function calls:
   110 ;;		_delaymon
   111 ;; This function is called by:
   112 ;;		Startup code after reset
   113 ;; This function uses a non-reentrant model
   114 ;;
   115                           
   116                           	psect	text0
   117  007FAE                     __ptext0:
   118                           	opt callstack 0
   119  007FAE                     _main:
   120                           	opt callstack 30
   121                           
   122                           ;tardoneitors4.c: 29:     TRISD = 0xFC;
   123                           
   124                           ;incstack = 0
   125  007FAE  0EFC               	movlw	252
   126  007FB0  6E95               	movwf	3989,c	;volatile
   127  007FB2                     l17:
   128                           
   129                           ;tardoneitors4.c: 31:         LATD = 0x01;
   130  007FB2  0E01               	movlw	1
   131  007FB4  6E8C               	movwf	3980,c	;volatile
   132                           
   133                           ;tardoneitors4.c: 32:         delaymon(2);
   134  007FB6  0E00               	movlw	0
   135  007FB8  6E02               	movwf	delaymon@tiempo+1,c
   136  007FBA  0E02               	movlw	2
   137  007FBC  6E01               	movwf	delaymon@tiempo,c
   138  007FBE  ECEA  F03F         	call	_delaymon	;wreg free
   139                           
   140                           ;tardoneitors4.c: 33:         LATD = 0x00;
   141  007FC2  0E00               	movlw	0
   142  007FC4  6E8C               	movwf	3980,c	;volatile
   143                           
   144                           ;tardoneitors4.c: 34:         delaymon(8);
   145  007FC6  0E00               	movlw	0
   146  007FC8  6E02               	movwf	delaymon@tiempo+1,c
   147  007FCA  0E08               	movlw	8
   148  007FCC  6E01               	movwf	delaymon@tiempo,c
   149  007FCE  ECEA  F03F         	call	_delaymon	;wreg free
   150  007FD2  D7EF               	goto	l17
   151  007FD4                     __end_of_main:
   152                           	opt callstack 0
   153                           
   154 ;; *************** function _delaymon *****************
   155 ;; Defined at:
   156 ;;		line 22 in file "tardoneitors4.c"
   157 ;; Parameters:    Size  Location     Type
   158 ;;  tiempo          2    0[COMRAM] int 
   159 ;; Auto vars:     Size  Location     Type
   160 ;;  camote          2    3[COMRAM] int 
   161 ;; Return value:  Size  Location     Type
   162 ;;                  1    wreg      void 
   163 ;; Registers used:
   164 ;;		wreg, status,2, status,0
   165 ;; Tracked objects:
   166 ;;		On entry : 0/0
   167 ;;		On exit  : 0/0
   168 ;;		Unchanged: 0/0
   169 ;; Data sizes:     COMRAM   BANK0   BANK1   BANK2   BANK3   BANK4   BANK5   BANK6   BANK7
   170 ;;      Params:         2       0       0       0       0       0       0       0       0
   171 ;;      Locals:         2       0       0       0       0       0       0       0       0
   172 ;;      Temps:          1       0       0       0       0       0       0       0       0
   173 ;;      Totals:         5       0       0       0       0       0       0       0       0
   174 ;;Total ram usage:        5 bytes
   175 ;; Hardware stack levels used:    1
   176 ;; This function calls:
   177 ;;		Nothing
   178 ;; This function is called by:
   179 ;;		_main
   180 ;; This function uses a non-reentrant model
   181 ;;
   182                           
   183                           	psect	text1
   184  007FD4                     __ptext1:
   185                           	opt callstack 0
   186  007FD4                     _delaymon:
   187                           	opt callstack 30
   188                           
   189                           ;tardoneitors4.c: 23:     for (int camote=0;camote<tiempo;camote++){
   190                           
   191                           ;incstack = 0
   192  007FD4  0E00               	movlw	0
   193  007FD6  6E05               	movwf	delaymon@camote+1,c
   194  007FD8  0E00               	movlw	0
   195  007FDA  6E04               	movwf	delaymon@camote,c
   196  007FDC  D006               	goto	l9
   197  007FDE                     l710:
   198                           
   199                           ;tardoneitors4.c: 24:         _delay((unsigned long)((1)*(4000000UL/4000.0)));
   200  007FDE  0EC8               	movlw	200
   201  007FE0                     u37:
   202  007FE0  D000               	nop2	
   203  007FE2  2EE8               	decfsz	wreg,f,c
   204  007FE4  D7FD               	bra	u37
   205                           
   206                           ;tardoneitors4.c: 25:     }
   207  007FE6  4A04               	infsnz	delaymon@camote,f,c
   208  007FE8  2A05               	incf	delaymon@camote+1,f,c
   209  007FEA                     l9:
   210  007FEA  5001               	movf	delaymon@tiempo,w,c
   211  007FEC  5C04               	subwf	delaymon@camote,w,c
   212  007FEE  5005               	movf	delaymon@camote+1,w,c
   213  007FF0  0A80               	xorlw	128
   214  007FF2  6E03               	movwf	??_delaymon& (0+255),c
   215  007FF4  5002               	movf	delaymon@tiempo+1,w,c
   216  007FF6  0A80               	xorlw	128
   217  007FF8  5803               	subwfb	??_delaymon& (0+255),w,c
   218  007FFA  B0D8               	btfsc	status,0,c
   219  007FFC  0012               	return	
   220  007FFE  D7EF               	goto	l710
   221  008000                     __end_of_delaymon:
   222                           	opt callstack 0
   223  0000                     
   224                           	psect	rparam
   225  0000                     tosu	equ	0xFFF
   226                           tosh	equ	0xFFE
   227                           tosl	equ	0xFFD
   228                           stkptr	equ	0xFFC
   229                           pclatu	equ	0xFFB
   230                           pclath	equ	0xFFA
   231                           pcl	equ	0xFF9
   232                           tblptru	equ	0xFF8
   233                           tblptrh	equ	0xFF7
   234                           tblptrl	equ	0xFF6
   235                           tablat	equ	0xFF5
   236                           prodh	equ	0xFF4
   237                           prodl	equ	0xFF3
   238                           indf0	equ	0xFEF
   239                           postinc0	equ	0xFEE
   240                           postdec0	equ	0xFED
   241                           preinc0	equ	0xFEC
   242                           plusw0	equ	0xFEB
   243                           fsr0h	equ	0xFEA
   244                           fsr0l	equ	0xFE9
   245                           wreg	equ	0xFE8
   246                           indf1	equ	0xFE7
   247                           postinc1	equ	0xFE6
   248                           postdec1	equ	0xFE5
   249                           preinc1	equ	0xFE4
   250                           plusw1	equ	0xFE3
   251                           fsr1h	equ	0xFE2
   252                           fsr1l	equ	0xFE1
   253                           bsr	equ	0xFE0
   254                           indf2	equ	0xFDF
   255                           postinc2	equ	0xFDE
   256                           postdec2	equ	0xFDD
   257                           preinc2	equ	0xFDC
   258                           plusw2	equ	0xFDB
   259                           fsr2h	equ	0xFDA
   260                           fsr2l	equ	0xFD9
   261                           status	equ	0xFD8


Data Sizes:
    Strings     0
    Constant    0
    Data        0
    BSS         0
    Persistent  0
    Stack       0

Auto Spaces:
    Space          Size  Autos    Used
    COMRAM           95      5       5
    BANK0           160      0       0
    BANK1           256      0       0
    BANK2           256      0       0
    BANK3           256      0       0
    BANK4           256      0       0
    BANK5           256      0       0
    BANK6           256      0       0
    BANK7           256      0       0

Pointer List with Targets:

    None.

Critical Paths under _main in COMRAM

    _main->_delaymon

Critical Paths under _main in BANK0

    None.

Critical Paths under _main in BANK1

    None.

Critical Paths under _main in BANK2

    None.

Critical Paths under _main in BANK3

    None.

Critical Paths under _main in BANK4

    None.

Critical Paths under _main in BANK5

    None.

Critical Paths under _main in BANK6

    None.

Critical Paths under _main in BANK7

    None.

Call Graph Tables:

 ---------------------------------------------------------------------------------
 (Depth) Function   	        Calls       Base Space   Used Autos Params    Refs
 ---------------------------------------------------------------------------------
 (0) _main                                                 0     0      0     198
                           _delaymon
 ---------------------------------------------------------------------------------
 (1) _delaymon                                             5     3      2     198
                                              0 COMRAM     5     3      2
 ---------------------------------------------------------------------------------
 Estimated maximum stack depth 1
 ---------------------------------------------------------------------------------

 Call Graph Graphs:

 _main (ROOT)
   _delaymon

 Address spaces:
Name               Size   Autos  Total    Cost      Usage
BITCOMRAM           5F      0       0       0        0.0%
EEDATA             100      0       0       0        0.0%
NULL                 0      0       0       0        0.0%
CODE                 0      0       0       0        0.0%
COMRAM              5F      5       5       1        5.3%
STACK                0      0       0       2        0.0%
DATA                 0      0       0       3        0.0%
BITBANK0            A0      0       0       4        0.0%
BANK0               A0      0       0       5        0.0%
BITBANK1           100      0       0       6        0.0%
BANK1              100      0       0       7        0.0%
BITBANK2           100      0       0       8        0.0%
BANK2              100      0       0       9        0.0%
BITBANK3           100      0       0      10        0.0%
BANK3              100      0       0      11        0.0%
BITBANK4           100      0       0      12        0.0%
BANK4              100      0       0      13        0.0%
BITBANK5           100      0       0      14        0.0%
BANK5              100      0       0      15        0.0%
BITBANK6           100      0       0      16        0.0%
BANK6              100      0       0      17        0.0%
BITBANK7           100      0       0      18        0.0%
BANK7              100      0       0      19        0.0%
ABS                  0      0       0      20        0.0%
BIGRAM             7FF      0       0      21        0.0%
BITSFR               0      0       0     200        0.0%
SFR                  0      0       0     200        0.0%


Microchip Technology PIC18 Macro Assembler V2.05 build -831301201 
Symbol Table                                                                                   Thu May 16 12:51:37 2019

                      l9 7FEA                       l17 7FB2                       u37 7FE0  
                    l710 7FDE             __CFG_BOR$OFF 000000                      wreg 000FE8  
           __CFG_LVP$OFF 000000             __CFG_WDT$OFF 000000                     _LATD 000F8C  
           __CFG_PWRT$ON 000000                     _main 7FAE                     start 0000  
           ___param_bank 000000                    ?_main 0001                    _TRISD 000F95  
                  status 000FD8          __initialization 7FA8             __end_of_main 7FD4  
                 ??_main 0006            __activetblptr 000000         __end_of_delaymon 8000  
         delaymon@camote 0004           delaymon@tiempo 0001               __accesstop 0060  
__end_of__initialization 7FA8          __CFG_PBADEN$OFF 000000          __CFG_FOSC$XT_XT 000000  
          ___rparam_used 000001           __pcstackCOMRAM 0001                ?_delaymon 0001  
                __Hparam 0000                  __Lparam 0000                  __pcinit 7FA8  
                __ramtop 0800                  __ptext0 7FAE                  __ptext1 7FD4  
             ??_delaymon 0003     end_of_initialization 7FA8      start_initialization 7FA8  
      __size_of_delaymon 002C                 __Hrparam 0000                 __Lrparam 0000  
               _delaymon 7FD4            __size_of_main 0026  
