

Microchip MPLAB XC8 Assembler V2.05 build -831301201 
                                                                                               Wed Nov 06 09:00:42 2019

Microchip MPLAB XC8 C Compiler v2.05 (Free license) build 20181220022703 Og1 
     1                           	processor	18F4550
     2                           	fnconf	rparam,??,?,0
     3                           	opt	pw 120
     4                           	opt	flic
     5                           	psect	idataCOMRAM,global,class=CODE,delta=1,noexec
     6                           	psect	idataBANK0,global,class=CODE,delta=1,noexec
     7                           	psect	idataBANK1,global,class=CODE,delta=1,noexec
     8                           	psect	cinit,global,reloc=2,class=CODE,delta=1
     9                           	psect	dataCOMRAM,global,class=COMRAM,space=1,delta=1,noexec
    10                           	psect	dataBANK0,global,class=BANK0,space=1,delta=1,lowdata,noexec
    11                           	psect	dataBANK1,global,class=BANK1,space=1,delta=1,lowdata,noexec
    12                           	psect	cstackCOMRAM,global,class=COMRAM,space=1,delta=1,noexec
    13                           	psect	text0,global,reloc=2,class=CODE,delta=1
    14                           	psect	text1,global,reloc=2,class=CODE,delta=1
    15                           	psect	text2,global,reloc=2,class=CODE,delta=1
    16                           	psect	text3,global,reloc=2,class=CODE,delta=1
    17                           	psect	text4,global,reloc=2,class=CODE,delta=1
    18                           	psect	text5,global,reloc=2,class=CODE,delta=1
    19                           	psect	intcode,global,reloc=2,class=CODE,delta=1
    20                           	psect	intcode_body,global,reloc=2,class=CODE,delta=1
    21                           	psect	text7,global,reloc=2,class=CODE,delta=1
    22                           	psect	text8,global,reloc=2,class=CODE,delta=1
    23                           	psect	text9,global,reloc=2,class=CODE,delta=1
    24                           	psect	intsave_regs,global,class=BIGRAM,space=1,delta=1,noexec
    25                           	psect	rparam,global,class=COMRAM,space=1,delta=1,noexec
    26                           	psect	temp,global,ovrld,common,class=COMRAM,space=1,delta=1
    27  0000                     
    28                           ; Version 2.05
    29                           ; Generated 20/12/2018 GMT
    30                           ; 
    31                           ; Copyright © 2018, Microchip Technology Inc. and its subsidiaries ("Microchip")
    32                           ; All rights reserved.
    33                           ; 
    34                           ; This software is developed by Microchip Technology Inc. and its subsidiaries ("Microch
      +                          ip").
    35                           ; 
    36                           ; Redistribution and use in source and binary forms, with or without modification, are
    37                           ; permitted provided that the following conditions are met:
    38                           ; 
    39                           ;     1. Redistributions of source code must retain the above copyright notice, this lis
      +                          t of
    40                           ;        conditions and the following disclaimer.
    41                           ; 
    42                           ;     2. Redistributions in binary form must reproduce the above copyright notice, this 
      +                          list
    43                           ;        of conditions and the following disclaimer in the documentation and/or other
    44                           ;        materials provided with the distribution.
    45                           ; 
    46                           ;     3. Microchip's name may not be used to endorse or promote products derived from th
      +                          is
    47                           ;        software without specific prior written permission.
    48                           ; 
    49                           ; THIS SOFTWARE IS PROVIDED BY MICROCHIP "AS IS" AND ANY EXPRESS OR IMPLIED WARRANTIES,
    50                           ; INCLUDING, BUT NOT LIMITED TO, THE IMPLIED WARRANTIES OF MERCHANTABILITY AND FITNESS F
      +                          OR
    51                           ; PURPOSE ARE DISCLAIMED.  IN NO EVENT SHALL MICROCHIP BE LIABLE FOR ANY DIRECT, INDIREC
      +                          T,
    52                           ; INCIDENTAL, SPECIAL, EXEMPLARY, OR CONSEQUENTIAL DAMAGES (INCLUDING BUT NOT LIMITED TO
    53                           ; PROCUREMENT OF SUBSTITUTE GOODS OR SERVICES; LOSS OF USE, DATA OR PROFITS; OR BUSINESS
    54                           ; INTERRUPTION) HOWSOEVER CAUSED AND ON ANY THEORY OF LIABILITY, WHETHER IN CONTRACT, ST
      +                          RICT
    55                           ; LIABILITY, OR TORT (INCLUDING NEGLIGENCE OR OTHERWISE) ARISING IN ANY WAY OUT OF THE U
      +                          SE OF
    56                           ; THIS SOFTWARE, EVEN IF ADVISED OF THE POSSIBILITY OF SUCH DAMAGE.
    57                           ; 
    58                           ; 
    59                           ; Code-generator required, PIC18F4550 Definitions
    60                           ; 
    61                           ; SFR Addresses
    62  0000                     
    63                           	psect	idataCOMRAM
    64  00037C                     __pidataCOMRAM:
    65                           	opt callstack 0
    66                           
    67                           ;initializer for _menu3
    68  00037C  28                 	db	40
    69  00037D  31                 	db	49
    70  00037E  29                 	db	41
    71  00037F  20                 	db	32
    72  000380  45                 	db	69
    73  000381  6E                 	db	110
    74  000382  63                 	db	99
    75  000383  69                 	db	105
    76  000384  65                 	db	101
    77  000385  6E                 	db	110
    78  000386  64                 	db	100
    79  000387  65                 	db	101
    80  000388  73                 	db	115
    81  000389  20                 	db	32
    82  00038A  4C                 	db	76
    83  00038B  45                 	db	69
    84  00038C  44                 	db	68
    85  00038D  20                 	db	32
    86  00038E  20                 	db	32
    87  00038F  20                 	db	32
    88  000390  00                 	db	0
    89                           
    90                           ;initializer for _menu2
    91  000391  45                 	db	69
    92  000392  73                 	db	115
    93  000393  63                 	db	99
    94  000394  6F                 	db	111
    95  000395  6A                 	db	106
    96  000396  61                 	db	97
    97  000397  20                 	db	32
    98  000398  6F                 	db	111
    99  000399  70                 	db	112
   100  00039A  63                 	db	99
   101  00039B  69                 	db	105
   102  00039C  6F                 	db	111
   103  00039D  6E                 	db	110
   104  00039E  3A                 	db	58
   105  00039F  20                 	db	32
   106  0003A0  20                 	db	32
   107  0003A1  20                 	db	32
   108  0003A2  20                 	db	32
   109  0003A3  20                 	db	32
   110  0003A4  20                 	db	32
   111  0003A5  00                 	db	0
   112                           
   113                           ;initializer for _menu1
   114  0003A6  42                 	db	66
   115  0003A7  69                 	db	105
   116  0003A8  65                 	db	101
   117  0003A9  6E                 	db	110
   118  0003AA  76                 	db	118
   119  0003AB  65                 	db	101
   120  0003AC  6E                 	db	110
   121  0003AD  69                 	db	105
   122  0003AE  64                 	db	100
   123  0003AF  6F                 	db	111
   124  0003B0  73                 	db	115
   125  0003B1  20                 	db	32
   126  0003B2  61                 	db	97
   127  0003B3  6C                 	db	108
   128  0003B4  20                 	db	32
   129  0003B5  6D                 	db	109
   130  0003B6  65                 	db	101
   131  0003B7  6E                 	db	110
   132  0003B8  75                 	db	117
   133  0003B9  20                 	db	32
   134  0003BA  00                 	db	0
   135                           
   136                           	psect	idataBANK0
   137  0001BC                     __pidataBANK0:
   138                           	opt callstack 0
   139                           
   140                           ;initializer for _led_off
   141  0001BC  4C                 	db	76
   142  0001BD  45                 	db	69
   143  0001BE  44                 	db	68
   144  0001BF  20                 	db	32
   145  0001C0  61                 	db	97
   146  0001C1  70                 	db	112
   147  0001C2  61                 	db	97
   148  0001C3  67                 	db	103
   149  0001C4  61                 	db	97
   150  0001C5  64                 	db	100
   151  0001C6  6F                 	db	111
   152  0001C7  20                 	db	32
   153  0001C8  20                 	db	32
   154  0001C9  20                 	db	32
   155  0001CA  20                 	db	32
   156  0001CB  20                 	db	32
   157  0001CC  20                 	db	32
   158  0001CD  20                 	db	32
   159  0001CE  20                 	db	32
   160  0001CF  20                 	db	32
   161  0001D0  00                 	db	0
   162                           
   163                           ;initializer for _led_on
   164  0001D1  4C                 	db	76
   165  0001D2  45                 	db	69
   166  0001D3  44                 	db	68
   167  0001D4  20                 	db	32
   168  0001D5  65                 	db	101
   169  0001D6  6E                 	db	110
   170  0001D7  63                 	db	99
   171  0001D8  65                 	db	101
   172  0001D9  6E                 	db	110
   173  0001DA  64                 	db	100
   174  0001DB  69                 	db	105
   175  0001DC  64                 	db	100
   176  0001DD  6F                 	db	111
   177  0001DE  20                 	db	32
   178  0001DF  20                 	db	32
   179  0001E0  20                 	db	32
   180  0001E1  20                 	db	32
   181  0001E2  20                 	db	32
   182  0001E3  20                 	db	32
   183  0001E4  20                 	db	32
   184  0001E5  00                 	db	0
   185                           
   186                           ;initializer for _autor
   187  0001E6  4B                 	db	75
   188  0001E7  61                 	db	97
   189  0001E8  6C                 	db	108
   190  0001E9  75                 	db	117
   191  0001EA  6E                 	db	110
   192  0001EB  20                 	db	32
   193  0001EC  4A                 	db	74
   194  0001ED  6F                 	db	111
   195  0001EE  73                 	db	115
   196  0001EF  65                 	db	101
   197  0001F0  20                 	db	32
   198  0001F1  4C                 	db	76
   199  0001F2  61                 	db	97
   200  0001F3  75                 	db	117
   201  0001F4  20                 	db	32
   202  0001F5  47                 	db	71
   203  0001F6  61                 	db	97
   204  0001F7  6E                 	db	110
   205  0001F8  20                 	db	32
   206  0001F9  20                 	db	32
   207  0001FA  00                 	db	0
   208                           
   209                           ;initializer for _menu7
   210  0001FB  28                 	db	40
   211  0001FC  35                 	db	53
   212  0001FD  29                 	db	41
   213  0001FE  20                 	db	32
   214  0001FF  41                 	db	65
   215  000200  75                 	db	117
   216  000201  74                 	db	116
   217  000202  6F                 	db	111
   218  000203  72                 	db	114
   219  000204  20                 	db	32
   220  000205  20                 	db	32
   221  000206  20                 	db	32
   222  000207  20                 	db	32
   223  000208  20                 	db	32
   224  000209  20                 	db	32
   225  00020A  20                 	db	32
   226  00020B  20                 	db	32
   227  00020C  20                 	db	32
   228  00020D  20                 	db	32
   229  00020E  20                 	db	32
   230  00020F  00                 	db	0
   231                           
   232                           ;initializer for _menu6
   233  000210  28                 	db	40
   234  000211  34                 	db	52
   235  000212  29                 	db	41
   236  000213  20                 	db	32
   237  000214  45                 	db	69
   238  000215  73                 	db	115
   239  000216  74                 	db	116
   240  000217  61                 	db	97
   241  000218  64                 	db	100
   242  000219  6F                 	db	111
   243  00021A  20                 	db	32
   244  00021B  64                 	db	100
   245  00021C  65                 	db	101
   246  00021D  6C                 	db	108
   247  00021E  20                 	db	32
   248  00021F  62                 	db	98
   249  000220  6F                 	db	111
   250  000221  74                 	db	116
   251  000222  6F                 	db	111
   252  000223  6E                 	db	110
   253  000224  00                 	db	0
   254                           
   255                           ;initializer for _menu5
   256  000225  28                 	db	40
   257  000226  33                 	db	51
   258  000227  29                 	db	41
   259  000228  20                 	db	32
   260  000229  50                 	db	80
   261  00022A  61                 	db	97
   262  00022B  72                 	db	114
   263  00022C  70                 	db	112
   264  00022D  61                 	db	97
   265  00022E  64                 	db	100
   266  00022F  65                 	db	101
   267  000230  61                 	db	97
   268  000231  73                 	db	115
   269  000232  20                 	db	32
   270  000233  4C                 	db	76
   271  000234  45                 	db	69
   272  000235  44                 	db	68
   273  000236  20                 	db	32
   274  000237  20                 	db	32
   275  000238  20                 	db	32
   276  000239  00                 	db	0
   277                           
   278                           ;initializer for _menu4
   279  00023A  28                 	db	40
   280  00023B  32                 	db	50
   281  00023C  29                 	db	41
   282  00023D  20                 	db	32
   283  00023E  41                 	db	65
   284  00023F  70                 	db	112
   285  000240  61                 	db	97
   286  000241  67                 	db	103
   287  000242  61                 	db	97
   288  000243  73                 	db	115
   289  000244  20                 	db	32
   290  000245  4C                 	db	76
   291  000246  45                 	db	69
   292  000247  44                 	db	68
   293  000248  20                 	db	32
   294  000249  20                 	db	32
   295  00024A  20                 	db	32
   296  00024B  20                 	db	32
   297  00024C  20                 	db	32
   298  00024D  20                 	db	32
   299  00024E  00                 	db	0
   300                           
   301                           	psect	idataBANK1
   302  00024F                     __pidataBANK1:
   303                           	opt callstack 0
   304                           
   305                           ;initializer for _cadena
   306  00024F  45                 	db	69
   307  000250  6C                 	db	108
   308  000251  65                 	db	101
   309  000252  63                 	db	99
   310  000253  74                 	db	116
   311  000254  72                 	db	114
   312  000255  6F                 	db	111
   313  000256  6E                 	db	110
   314  000257  69                 	db	105
   315  000258  63                 	db	99
   316  000259  61                 	db	97
   317  00025A  20                 	db	32
   318  00025B  2D                 	db	45
   319  00025C  20                 	db	32
   320  00025D  4D                 	db	77
   321  00025E  65                 	db	101
   322  00025F  63                 	db	99
   323  000260  61                 	db	97
   324  000261  74                 	db	116
   325  000262  72                 	db	114
   326  000263  6F                 	db	111
   327  000264  6E                 	db	110
   328  000265  69                 	db	105
   329  000266  63                 	db	99
   330  000267  61                 	db	97
   331  000268  00                 	db	0
   332                           
   333                           ;initializer for _error
   334  000269  54                 	db	84
   335  00026A  65                 	db	101
   336  00026B  63                 	db	99
   337  00026C  6C                 	db	108
   338  00026D  61                 	db	97
   339  00026E  20                 	db	32
   340  00026F  65                 	db	101
   341  000270  72                 	db	114
   342  000271  72                 	db	114
   343  000272  6F                 	db	111
   344  000273  6E                 	db	110
   345  000274  65                 	db	101
   346  000275  61                 	db	97
   347  000276  20                 	db	32
   348  000277  20                 	db	32
   349  000278  20                 	db	32
   350  000279  20                 	db	32
   351  00027A  20                 	db	32
   352  00027B  20                 	db	32
   353  00027C  20                 	db	32
   354  00027D  00                 	db	0
   355                           
   356                           ;initializer for _boton_off
   357  00027E  42                 	db	66
   358  00027F  6F                 	db	111
   359  000280  74                 	db	116
   360  000281  6F                 	db	111
   361  000282  6E                 	db	110
   362  000283  20                 	db	32
   363  000284  73                 	db	115
   364  000285  69                 	db	105
   365  000286  6E                 	db	110
   366  000287  20                 	db	32
   367  000288  70                 	db	112
   368  000289  72                 	db	114
   369  00028A  65                 	db	101
   370  00028B  73                 	db	115
   371  00028C  69                 	db	105
   372  00028D  6F                 	db	111
   373  00028E  6E                 	db	110
   374  00028F  61                 	db	97
   375  000290  72                 	db	114
   376  000291  20                 	db	32
   377  000292  00                 	db	0
   378                           
   379                           ;initializer for _boton_on
   380  000293  42                 	db	66
   381  000294  6F                 	db	111
   382  000295  74                 	db	116
   383  000296  6F                 	db	111
   384  000297  6E                 	db	110
   385  000298  20                 	db	32
   386  000299  70                 	db	112
   387  00029A  72                 	db	114
   388  00029B  65                 	db	101
   389  00029C  73                 	db	115
   390  00029D  69                 	db	105
   391  00029E  6F                 	db	111
   392  00029F  6E                 	db	110
   393  0002A0  61                 	db	97
   394  0002A1  64                 	db	100
   395  0002A2  6F                 	db	111
   396  0002A3  20                 	db	32
   397  0002A4  20                 	db	32
   398  0002A5  20                 	db	32
   399  0002A6  20                 	db	32
   400  0002A7  00                 	db	0
   401                           
   402                           ;initializer for _led_parpadeo
   403  0002A8  4C                 	db	76
   404  0002A9  45                 	db	69
   405  0002AA  44                 	db	68
   406  0002AB  20                 	db	32
   407  0002AC  70                 	db	112
   408  0002AD  61                 	db	97
   409  0002AE  72                 	db	114
   410  0002AF  70                 	db	112
   411  0002B0  61                 	db	97
   412  0002B1  64                 	db	100
   413  0002B2  65                 	db	101
   414  0002B3  61                 	db	97
   415  0002B4  6E                 	db	110
   416  0002B5  64                 	db	100
   417  0002B6  6F                 	db	111
   418  0002B7  20                 	db	32
   419  0002B8  20                 	db	32
   420  0002B9  20                 	db	32
   421  0002BA  20                 	db	32
   422  0002BB  20                 	db	32
   423  0002BC  00                 	db	0
   424  0000                     _RCREG	set	4014
   425  0000                     _PORTBbits	set	3969
   426  0000                     _PIR1bits	set	3998
   427  0000                     _LATEbits	set	3981
   428  0000                     _TRISEbits	set	3990
   429  0000                     _ADCON1	set	4033
   430  0000                     _PIE1bits	set	3997
   431  0000                     _INTCONbits	set	4082
   432  0000                     _TRISCbits	set	3988
   433  0000                     _RCSTAbits	set	4011
   434  0000                     _SPBRG	set	4015
   435  0000                     _SPBRGH	set	4016
   436  0000                     _BAUDCONbits	set	4024
   437  0000                     _TXSTAbits	set	4012
   438  0000                     _TXREG	set	4013
   439                           
   440                           ; #config settings
   441  0000                     
   442                           	psect	cinit
   443  0002BE                     __pcinit:
   444                           	opt callstack 0
   445  0002BE                     start_initialization:
   446                           	opt callstack 0
   447  0002BE                     __initialization:
   448                           	opt callstack 0
   449                           
   450                           ; Initialize objects allocated to BANK1 (110 bytes)
   451                           ; load TBLPTR registers with __pidataBANK1
   452  0002BE  0E4F               	movlw	low __pidataBANK1
   453  0002C0  6EF6               	movwf	tblptrl,c
   454  0002C2  0E02               	movlw	high __pidataBANK1
   455  0002C4  6EF7               	movwf	tblptrh,c
   456  0002C6  0E00               	movlw	low (__pidataBANK1 shr (0+16))
   457  0002C8  6EF8               	movwf	tblptru,c
   458  0002CA  EE01  F000         	lfsr	0,__pdataBANK1
   459  0002CE  EE10 F06E          	lfsr	1,110
   460  0002D2                     copy_data0:
   461  0002D2  0009               	tblrd		*+
   462  0002D4  CFF5 FFEE          	movff	tablat,postinc0
   463  0002D8  50E5               	movf	postdec1,w,c
   464  0002DA  50E1               	movf	fsr1l,w,c
   465  0002DC  E1FA               	bnz	copy_data0
   466                           
   467                           ; Initialize objects allocated to BANK0 (147 bytes)
   468                           ; load TBLPTR registers with __pidataBANK0
   469  0002DE  0EBC               	movlw	low __pidataBANK0
   470  0002E0  6EF6               	movwf	tblptrl,c
   471  0002E2  0E01               	movlw	high __pidataBANK0
   472  0002E4  6EF7               	movwf	tblptrh,c
   473  0002E6  0E00               	movlw	low (__pidataBANK0 shr (0+16))
   474  0002E8  6EF8               	movwf	tblptru,c
   475  0002EA  EE00  F060         	lfsr	0,__pdataBANK0
   476  0002EE  EE10 F093          	lfsr	1,147
   477  0002F2                     copy_data1:
   478  0002F2  0009               	tblrd		*+
   479  0002F4  CFF5 FFEE          	movff	tablat,postinc0
   480  0002F8  50E5               	movf	postdec1,w,c
   481  0002FA  50E1               	movf	fsr1l,w,c
   482  0002FC  E1FA               	bnz	copy_data1
   483                           
   484                           ; Initialize objects allocated to COMRAM (63 bytes)
   485                           ; load TBLPTR registers with __pidataCOMRAM
   486  0002FE  0E7C               	movlw	low __pidataCOMRAM
   487  000300  6EF6               	movwf	tblptrl,c
   488  000302  0E03               	movlw	high __pidataCOMRAM
   489  000304  6EF7               	movwf	tblptrh,c
   490  000306  0E00               	movlw	low (__pidataCOMRAM shr (0+16))
   491  000308  6EF8               	movwf	tblptru,c
   492  00030A  EE00  F001         	lfsr	0,__pdataCOMRAM
   493  00030E  EE10 F03F          	lfsr	1,63
   494  000312                     copy_data2:
   495  000312  0009               	tblrd		*+
   496  000314  CFF5 FFEE          	movff	tablat,postinc0
   497  000318  50E5               	movf	postdec1,w,c
   498  00031A  50E1               	movf	fsr1l,w,c
   499  00031C  E1FA               	bnz	copy_data2
   500  00031E                     end_of_initialization:
   501                           	opt callstack 0
   502  00031E                     __end_of__initialization:
   503                           	opt callstack 0
   504  00031E  9054               	bcf	int$flags,0,c	;clear compiler interrupt flag (level 1)
   505  000320  9254               	bcf	int$flags,1,c	;clear compiler interrupt flag (level 2)
   506  000322  0E00               	movlw	low (__Lmediumconst shr (0+16))
   507  000324  6EF8               	movwf	tblptru,c
   508  000326  0100               	movlb	0
   509  000328  EF96  F001         	goto	_main	;jump to C main() function
   510                           
   511                           	psect	dataCOMRAM
   512  000001                     __pdataCOMRAM:
   513                           	opt callstack 0
   514  000001                     _menu3:
   515                           	opt callstack 0
   516  000001                     	ds	21
   517  000016                     _menu2:
   518                           	opt callstack 0
   519  000016                     	ds	21
   520  00002B                     _menu1:
   521                           	opt callstack 0
   522  00002B                     	ds	21
   523                           
   524                           	psect	dataBANK0
   525  000060                     __pdataBANK0:
   526                           	opt callstack 0
   527  000060                     _led_off:
   528                           	opt callstack 0
   529  000060                     	ds	21
   530  000075                     _led_on:
   531                           	opt callstack 0
   532  000075                     	ds	21
   533  00008A                     _autor:
   534                           	opt callstack 0
   535  00008A                     	ds	21
   536  00009F                     _menu7:
   537                           	opt callstack 0
   538  00009F                     	ds	21
   539  0000B4                     _menu6:
   540                           	opt callstack 0
   541  0000B4                     	ds	21
   542  0000C9                     _menu5:
   543                           	opt callstack 0
   544  0000C9                     	ds	21
   545  0000DE                     _menu4:
   546                           	opt callstack 0
   547  0000DE                     	ds	21
   548                           
   549                           	psect	dataBANK1
   550  000100                     __pdataBANK1:
   551                           	opt callstack 0
   552  000100                     _cadena:
   553                           	opt callstack 0
   554  000100                     	ds	26
   555  00011A                     _error:
   556                           	opt callstack 0
   557  00011A                     	ds	21
   558  00012F                     _boton_off:
   559                           	opt callstack 0
   560  00012F                     	ds	21
   561  000144                     _boton_on:
   562                           	opt callstack 0
   563  000144                     	ds	21
   564  000159                     _led_parpadeo:
   565                           	opt callstack 0
   566  000159                     	ds	21
   567                           
   568                           	psect	cstackCOMRAM
   569  000040                     __pcstackCOMRAM:
   570                           	opt callstack 0
   571  000040                     ??_parpadeo:
   572  000040                     i2send_string@vector:
   573                           	opt callstack 0
   574                           
   575                           ; 2 bytes @ 0x0
   576  000040                     	ds	2
   577  000042                     i2send_string@numero:
   578                           	opt callstack 0
   579                           
   580                           ; 2 bytes @ 0x2
   581  000042                     	ds	2
   582  000044                     ??i2_send_string:
   583                           
   584                           ; 1 bytes @ 0x4
   585  000044                     	ds	2
   586  000046                     i2send_string@i:
   587                           	opt callstack 0
   588                           
   589                           ; 1 bytes @ 0x6
   590  000046                     	ds	1
   591  000047                     ??_RCIsr:
   592                           
   593                           ; 1 bytes @ 0x7
   594  000047                     	ds	4
   595  00004B                     send_char@letrita:
   596                           	opt callstack 0
   597  00004B                     send_string@vector:
   598                           	opt callstack 0
   599                           
   600                           ; 2 bytes @ 0xB
   601  00004B                     	ds	2
   602  00004D                     send_string@numero:
   603                           	opt callstack 0
   604                           
   605                           ; 2 bytes @ 0xD
   606  00004D                     	ds	2
   607  00004F                     ??_send_string:
   608                           
   609                           ; 1 bytes @ 0xF
   610  00004F                     	ds	2
   611  000051                     send_string@i:
   612                           	opt callstack 0
   613                           
   614                           ; 1 bytes @ 0x11
   615  000051                     	ds	1
   616  000052                     ??_main:
   617                           
   618                           ; 1 bytes @ 0x12
   619  000052                     	ds	2
   620                           
   621 ;;
   622 ;;Main: autosize = 0, tempsize = 2, incstack = 0, save=0
   623 ;;
   624 ;; *************** function _main *****************
   625 ;; Defined at:
   626 ;;		line 90 in file "maincode.c"
   627 ;; Parameters:    Size  Location     Type
   628 ;;		None
   629 ;; Auto vars:     Size  Location     Type
   630 ;;		None
   631 ;; Return value:  Size  Location     Type
   632 ;;                  1    wreg      void 
   633 ;; Registers used:
   634 ;;		wreg, fsr2l, fsr2h, status,2, status,0, cstack
   635 ;; Tracked objects:
   636 ;;		On entry : 0/0
   637 ;;		On exit  : 0/0
   638 ;;		Unchanged: 0/0
   639 ;; Data sizes:     COMRAM   BANK0   BANK1   BANK2   BANK3   BANK4   BANK5   BANK6   BANK7
   640 ;;      Params:         0       0       0       0       0       0       0       0       0
   641 ;;      Locals:         0       0       0       0       0       0       0       0       0
   642 ;;      Temps:          2       0       0       0       0       0       0       0       0
   643 ;;      Totals:         2       0       0       0       0       0       0       0       0
   644 ;;Total ram usage:        2 bytes
   645 ;; Hardware stack levels required when called:    4
   646 ;; This function calls:
   647 ;;		_send_char
   648 ;;		_send_newline
   649 ;;		_send_string
   650 ;;		_show_menu
   651 ;;		_uc_config
   652 ;; This function is called by:
   653 ;;		Startup code after reset
   654 ;; This function uses a non-reentrant model
   655 ;;
   656                           
   657                           	psect	text0
   658  00032C                     __ptext0:
   659                           	opt callstack 0
   660  00032C                     _main:
   661                           	opt callstack 27
   662                           
   663                           ;maincode.c: 91:     uc_config();
   664                           
   665                           ;incstack = 0
   666  00032C  EC2C  F002         	call	_uc_config	;wreg free
   667  000330                     l1011:
   668                           
   669                           ;maincode.c: 93:         send_char('U');
   670  000330  0E55               	movlw	85
   671  000332  EC50  F002         	call	_send_char
   672                           
   673                           ;maincode.c: 94:         send_char('P');
   674  000336  0E50               	movlw	80
   675  000338  EC50  F002         	call	_send_char
   676                           
   677                           ;maincode.c: 95:         send_char('C');
   678  00033C  0E43               	movlw	67
   679  00033E  EC50  F002         	call	_send_char
   680                           
   681                           ;maincode.c: 96:         send_newline();
   682  000342  EC3E  F002         	call	_send_newline	;wreg free
   683                           
   684                           ;maincode.c: 97:         send_string(cadena,25);
   685  000346  0E00               	movlw	low _cadena
   686  000348  6E4B               	movwf	send_string@vector,c
   687  00034A  0E01               	movlw	high _cadena
   688  00034C  6E4C               	movwf	send_string@vector+1,c
   689  00034E  0E00               	movlw	0
   690  000350  6E4E               	movwf	send_string@numero+1,c
   691  000352  0E19               	movlw	25
   692  000354  6E4D               	movwf	send_string@numero,c
   693  000356  ECFC  F001         	call	_send_string	;wreg free
   694                           
   695                           ;maincode.c: 98:         send_newline();
   696  00035A  EC3E  F002         	call	_send_newline	;wreg free
   697                           
   698                           ;maincode.c: 99:         show_menu();
   699  00035E  EC89  F000         	call	_show_menu	;wreg free
   700                           
   701                           ;maincode.c: 100:         _delay((unsigned long)((5000)*(32000000UL/4000.0)));
   702  000362  0ECB               	movlw	203
   703  000364  6E53               	movwf	(??_main+1)& (0+255),c
   704  000366  0EEC               	movlw	236
   705  000368  6E52               	movwf	??_main& (0+255),c
   706  00036A  0E84               	movlw	132
   707  00036C                     u237:
   708  00036C  2EE8               	decfsz	wreg,f,c
   709  00036E  D7FE               	bra	u237
   710  000370  2E52               	decfsz	??_main& (0+255),f,c
   711  000372  D7FC               	bra	u237
   712  000374  2E53               	decfsz	(??_main+1)& (0+255),f,c
   713  000376  D7FA               	bra	u237
   714  000378  D000               	nop2	
   715  00037A  D7DA               	goto	l1011
   716  00037C                     __end_of_main:
   717                           	opt callstack 0
   718                           
   719 ;; *************** function _uc_config *****************
   720 ;; Defined at:
   721 ;;		line 55 in file "maincode.c"
   722 ;; Parameters:    Size  Location     Type
   723 ;;		None
   724 ;; Auto vars:     Size  Location     Type
   725 ;;		None
   726 ;; Return value:  Size  Location     Type
   727 ;;                  1    wreg      void 
   728 ;; Registers used:
   729 ;;		wreg, status,2
   730 ;; Tracked objects:
   731 ;;		On entry : 0/0
   732 ;;		On exit  : 0/0
   733 ;;		Unchanged: 0/0
   734 ;; Data sizes:     COMRAM   BANK0   BANK1   BANK2   BANK3   BANK4   BANK5   BANK6   BANK7
   735 ;;      Params:         0       0       0       0       0       0       0       0       0
   736 ;;      Locals:         0       0       0       0       0       0       0       0       0
   737 ;;      Temps:          0       0       0       0       0       0       0       0       0
   738 ;;      Totals:         0       0       0       0       0       0       0       0       0
   739 ;;Total ram usage:        0 bytes
   740 ;; Hardware stack levels used:    1
   741 ;; Hardware stack levels required when called:    2
   742 ;; This function calls:
   743 ;;		Nothing
   744 ;; This function is called by:
   745 ;;		_main
   746 ;; This function uses a non-reentrant model
   747 ;;
   748                           
   749                           	psect	text1
   750  000458                     __ptext1:
   751                           	opt callstack 0
   752  000458                     _uc_config:
   753                           	opt callstack 28
   754                           
   755                           ;maincode.c: 57:     BAUDCONbits.BRG16 = 0;
   756                           
   757                           ;incstack = 0
   758  000458  96B8               	bcf	4024,3,c	;volatile
   759                           
   760                           ;maincode.c: 58:     TXSTAbits.SYNC = 0;
   761  00045A  98AC               	bcf	4012,4,c	;volatile
   762                           
   763                           ;maincode.c: 59:     TXSTAbits.BRGH = 0;
   764  00045C  94AC               	bcf	4012,2,c	;volatile
   765                           
   766                           ;maincode.c: 60:     SPBRGH = 0;
   767  00045E  0E00               	movlw	0
   768  000460  6EB0               	movwf	4016,c	;volatile
   769                           
   770                           ;maincode.c: 61:     SPBRG = 51;
   771  000462  0E33               	movlw	51
   772  000464  6EAF               	movwf	4015,c	;volatile
   773                           
   774                           ;maincode.c: 62:     TXSTAbits.TXEN = 1;
   775  000466  8AAC               	bsf	4012,5,c	;volatile
   776                           
   777                           ;maincode.c: 63:     RCSTAbits.CREN = 1;
   778  000468  88AB               	bsf	4011,4,c	;volatile
   779                           
   780                           ;maincode.c: 64:     RCSTAbits.SPEN = 1;
   781  00046A  8EAB               	bsf	4011,7,c	;volatile
   782                           
   783                           ;maincode.c: 65:     TRISCbits.RC6 = 0;
   784  00046C  9C94               	bcf	3988,6,c	;volatile
   785                           
   786                           ;maincode.c: 66:     INTCONbits.GIE = 1;
   787  00046E  8EF2               	bsf	4082,7,c	;volatile
   788                           
   789                           ;maincode.c: 67:     INTCONbits.PEIE = 1;
   790  000470  8CF2               	bsf	4082,6,c	;volatile
   791                           
   792                           ;maincode.c: 68:     PIE1bits.RC1IE = 1;
   793  000472  8A9D               	bsf	3997,5,c	;volatile
   794                           
   795                           ;maincode.c: 69:     ADCON1 = 0x0F;
   796  000474  0E0F               	movlw	15
   797  000476  6EC1               	movwf	4033,c	;volatile
   798                           
   799                           ;maincode.c: 70:     TRISEbits.RE0 = 0;
   800  000478  9096               	bcf	3990,0,c	;volatile
   801  00047A  0012               	return		;funcret
   802  00047C                     __end_of_uc_config:
   803                           	opt callstack 0
   804                           
   805 ;; *************** function _show_menu *****************
   806 ;; Defined at:
   807 ;;		line 73 in file "maincode.c"
   808 ;; Parameters:    Size  Location     Type
   809 ;;		None
   810 ;; Auto vars:     Size  Location     Type
   811 ;;		None
   812 ;; Return value:  Size  Location     Type
   813 ;;                  1    wreg      void 
   814 ;; Registers used:
   815 ;;		wreg, fsr2l, fsr2h, status,2, status,0, cstack
   816 ;; Tracked objects:
   817 ;;		On entry : 0/0
   818 ;;		On exit  : 0/0
   819 ;;		Unchanged: 0/0
   820 ;; Data sizes:     COMRAM   BANK0   BANK1   BANK2   BANK3   BANK4   BANK5   BANK6   BANK7
   821 ;;      Params:         0       0       0       0       0       0       0       0       0
   822 ;;      Locals:         0       0       0       0       0       0       0       0       0
   823 ;;      Temps:          0       0       0       0       0       0       0       0       0
   824 ;;      Totals:         0       0       0       0       0       0       0       0       0
   825 ;;Total ram usage:        0 bytes
   826 ;; Hardware stack levels used:    1
   827 ;; Hardware stack levels required when called:    3
   828 ;; This function calls:
   829 ;;		_send_newline
   830 ;;		_send_string
   831 ;; This function is called by:
   832 ;;		_main
   833 ;; This function uses a non-reentrant model
   834 ;;
   835                           
   836                           	psect	text2
   837  000112                     __ptext2:
   838                           	opt callstack 0
   839  000112                     _show_menu:
   840                           	opt callstack 27
   841                           
   842                           ;maincode.c: 74:     send_string(menu1,20);
   843                           
   844                           ;incstack = 0
   845  000112  0E2B               	movlw	low _menu1
   846  000114  6E4B               	movwf	send_string@vector,c
   847  000116  0E00               	movlw	high _menu1
   848  000118  6E4C               	movwf	send_string@vector+1,c
   849  00011A  0E00               	movlw	0
   850  00011C  6E4E               	movwf	send_string@numero+1,c
   851  00011E  0E14               	movlw	20
   852  000120  6E4D               	movwf	send_string@numero,c
   853  000122  ECFC  F001         	call	_send_string	;wreg free
   854                           
   855                           ;maincode.c: 75:     send_newline();
   856  000126  EC3E  F002         	call	_send_newline	;wreg free
   857                           
   858                           ;maincode.c: 76:     send_string(menu2,20);
   859  00012A  0E16               	movlw	low _menu2
   860  00012C  6E4B               	movwf	send_string@vector,c
   861  00012E  0E00               	movlw	high _menu2
   862  000130  6E4C               	movwf	send_string@vector+1,c
   863  000132  0E00               	movlw	0
   864  000134  6E4E               	movwf	send_string@numero+1,c
   865  000136  0E14               	movlw	20
   866  000138  6E4D               	movwf	send_string@numero,c
   867  00013A  ECFC  F001         	call	_send_string	;wreg free
   868                           
   869                           ;maincode.c: 77:     send_newline();
   870  00013E  EC3E  F002         	call	_send_newline	;wreg free
   871                           
   872                           ;maincode.c: 78:     send_string(menu3,20);
   873  000142  0E01               	movlw	low _menu3
   874  000144  6E4B               	movwf	send_string@vector,c
   875  000146  0E00               	movlw	high _menu3
   876  000148  6E4C               	movwf	send_string@vector+1,c
   877  00014A  0E00               	movlw	0
   878  00014C  6E4E               	movwf	send_string@numero+1,c
   879  00014E  0E14               	movlw	20
   880  000150  6E4D               	movwf	send_string@numero,c
   881  000152  ECFC  F001         	call	_send_string	;wreg free
   882                           
   883                           ;maincode.c: 79:     send_newline();
   884  000156  EC3E  F002         	call	_send_newline	;wreg free
   885                           
   886                           ;maincode.c: 80:     send_string(menu4,20);
   887  00015A  0EDE               	movlw	low _menu4
   888  00015C  6E4B               	movwf	send_string@vector,c
   889  00015E  0E00               	movlw	high _menu4
   890  000160  6E4C               	movwf	send_string@vector+1,c
   891  000162  0E00               	movlw	0
   892  000164  6E4E               	movwf	send_string@numero+1,c
   893  000166  0E14               	movlw	20
   894  000168  6E4D               	movwf	send_string@numero,c
   895  00016A  ECFC  F001         	call	_send_string	;wreg free
   896                           
   897                           ;maincode.c: 81:     send_newline();
   898  00016E  EC3E  F002         	call	_send_newline	;wreg free
   899                           
   900                           ;maincode.c: 82:     send_string(menu5,20);
   901  000172  0EC9               	movlw	low _menu5
   902  000174  6E4B               	movwf	send_string@vector,c
   903  000176  0E00               	movlw	high _menu5
   904  000178  6E4C               	movwf	send_string@vector+1,c
   905  00017A  0E00               	movlw	0
   906  00017C  6E4E               	movwf	send_string@numero+1,c
   907  00017E  0E14               	movlw	20
   908  000180  6E4D               	movwf	send_string@numero,c
   909  000182  ECFC  F001         	call	_send_string	;wreg free
   910                           
   911                           ;maincode.c: 83:     send_newline();
   912  000186  EC3E  F002         	call	_send_newline	;wreg free
   913                           
   914                           ;maincode.c: 84:     send_string(menu6,20);
   915  00018A  0EB4               	movlw	low _menu6
   916  00018C  6E4B               	movwf	send_string@vector,c
   917  00018E  0E00               	movlw	high _menu6
   918  000190  6E4C               	movwf	send_string@vector+1,c
   919  000192  0E00               	movlw	0
   920  000194  6E4E               	movwf	send_string@numero+1,c
   921  000196  0E14               	movlw	20
   922  000198  6E4D               	movwf	send_string@numero,c
   923  00019A  ECFC  F001         	call	_send_string	;wreg free
   924                           
   925                           ;maincode.c: 85:     send_newline();
   926  00019E  EC3E  F002         	call	_send_newline	;wreg free
   927                           
   928                           ;maincode.c: 86:     send_string(menu7,20);
   929  0001A2  0E9F               	movlw	low _menu7
   930  0001A4  6E4B               	movwf	send_string@vector,c
   931  0001A6  0E00               	movlw	high _menu7
   932  0001A8  6E4C               	movwf	send_string@vector+1,c
   933  0001AA  0E00               	movlw	0
   934  0001AC  6E4E               	movwf	send_string@numero+1,c
   935  0001AE  0E14               	movlw	20
   936  0001B0  6E4D               	movwf	send_string@numero,c
   937  0001B2  ECFC  F001         	call	_send_string	;wreg free
   938                           
   939                           ;maincode.c: 87:     send_newline();
   940  0001B6  EC3E  F002         	call	_send_newline	;wreg free
   941  0001BA  0012               	return		;funcret
   942  0001BC                     __end_of_show_menu:
   943                           	opt callstack 0
   944                           
   945 ;; *************** function _send_string *****************
   946 ;; Defined at:
   947 ;;		line 36 in file "maincode.c"
   948 ;; Parameters:    Size  Location     Type
   949 ;;  vector          2   11[COMRAM] PTR const unsigned char 
   950 ;;		 -> error(21), autor(21), boton_off(21), boton_on(21), 
   951 ;;		 -> led_parpadeo(21), led_off(21), led_on(21), cadena(26), 
   952 ;;		 -> menu7(21), menu6(21), menu5(21), menu4(21), 
   953 ;;		 -> menu3(21), menu2(21), menu1(21), 
   954 ;;  numero          2   13[COMRAM] unsigned int 
   955 ;; Auto vars:     Size  Location     Type
   956 ;;  i               1   17[COMRAM] unsigned char 
   957 ;; Return value:  Size  Location     Type
   958 ;;                  1    wreg      void 
   959 ;; Registers used:
   960 ;;		wreg, fsr2l, fsr2h, status,2, status,0
   961 ;; Tracked objects:
   962 ;;		On entry : 0/0
   963 ;;		On exit  : 0/0
   964 ;;		Unchanged: 0/0
   965 ;; Data sizes:     COMRAM   BANK0   BANK1   BANK2   BANK3   BANK4   BANK5   BANK6   BANK7
   966 ;;      Params:         4       0       0       0       0       0       0       0       0
   967 ;;      Locals:         1       0       0       0       0       0       0       0       0
   968 ;;      Temps:          2       0       0       0       0       0       0       0       0
   969 ;;      Totals:         7       0       0       0       0       0       0       0       0
   970 ;;Total ram usage:        7 bytes
   971 ;; Hardware stack levels used:    1
   972 ;; Hardware stack levels required when called:    2
   973 ;; This function calls:
   974 ;;		Nothing
   975 ;; This function is called by:
   976 ;;		_show_menu
   977 ;;		_main
   978 ;; This function uses a non-reentrant model
   979 ;;
   980                           
   981                           	psect	text3
   982  0003F8                     __ptext3:
   983                           	opt callstack 0
   984  0003F8                     _send_string:
   985                           	opt callstack 27
   986                           
   987                           ;maincode.c: 37:     for(unsigned char i=0;i<numero;i++){
   988                           
   989                           ;incstack = 0
   990  0003F8  0E00               	movlw	0
   991  0003FA  6E51               	movwf	send_string@i,c
   992  0003FC  D00B               	goto	l941
   993  0003FE                     l937:
   994                           
   995                           ;maincode.c: 38:         TXREG = vector[i];
   996  0003FE  5051               	movf	send_string@i,w,c
   997  000400  244B               	addwf	send_string@vector,w,c
   998  000402  6ED9               	movwf	fsr2l,c
   999  000404  0E00               	movlw	0
  1000  000406  204C               	addwfc	send_string@vector+1,w,c
  1001  000408  6EDA               	movwf	fsr2h,c
  1002  00040A  50DF               	movf	indf2,w,c
  1003  00040C  6EAD               	movwf	4013,c	;volatile
  1004  00040E                     l67:
  1005  00040E  A2AC               	btfss	4012,1,c	;volatile
  1006  000410  D7FE               	goto	l67
  1007                           
  1008                           ;maincode.c: 40:     }
  1009  000412  2A51               	incf	send_string@i,f,c
  1010  000414                     l941:
  1011  000414  5051               	movf	send_string@i,w,c
  1012  000416  6E4F               	movwf	??_send_string& (0+255),c
  1013  000418  6A50               	clrf	(??_send_string+1)& (0+255),c
  1014  00041A  504D               	movf	send_string@numero,w,c
  1015  00041C  5C4F               	subwf	??_send_string,w,c
  1016  00041E  504E               	movf	send_string@numero+1,w,c
  1017  000420  5850               	subwfb	??_send_string+1,w,c
  1018  000422  B0D8               	btfsc	status,0,c
  1019  000424  0012               	return	
  1020  000426  D7EB               	goto	l937
  1021  000428                     __end_of_send_string:
  1022                           	opt callstack 0
  1023                           
  1024 ;; *************** function _send_newline *****************
  1025 ;; Defined at:
  1026 ;;		line 48 in file "maincode.c"
  1027 ;; Parameters:    Size  Location     Type
  1028 ;;		None
  1029 ;; Auto vars:     Size  Location     Type
  1030 ;;		None
  1031 ;; Return value:  Size  Location     Type
  1032 ;;                  1    wreg      void 
  1033 ;; Registers used:
  1034 ;;		wreg, status,2
  1035 ;; Tracked objects:
  1036 ;;		On entry : 0/0
  1037 ;;		On exit  : 0/0
  1038 ;;		Unchanged: 0/0
  1039 ;; Data sizes:     COMRAM   BANK0   BANK1   BANK2   BANK3   BANK4   BANK5   BANK6   BANK7
  1040 ;;      Params:         0       0       0       0       0       0       0       0       0
  1041 ;;      Locals:         0       0       0       0       0       0       0       0       0
  1042 ;;      Temps:          0       0       0       0       0       0       0       0       0
  1043 ;;      Totals:         0       0       0       0       0       0       0       0       0
  1044 ;;Total ram usage:        0 bytes
  1045 ;; Hardware stack levels used:    1
  1046 ;; Hardware stack levels required when called:    2
  1047 ;; This function calls:
  1048 ;;		Nothing
  1049 ;; This function is called by:
  1050 ;;		_show_menu
  1051 ;;		_main
  1052 ;; This function uses a non-reentrant model
  1053 ;;
  1054                           
  1055                           	psect	text4
  1056  00047C                     __ptext4:
  1057                           	opt callstack 0
  1058  00047C                     _send_newline:
  1059                           	opt callstack 27
  1060                           
  1061                           ;maincode.c: 49:     TXREG = 0x0A;
  1062                           
  1063                           ;incstack = 0
  1064  00047C  0E0A               	movlw	10
  1065  00047E  6EAD               	movwf	4013,c	;volatile
  1066  000480                     l80:
  1067  000480  A2AC               	btfss	4012,1,c	;volatile
  1068  000482  D7FE               	goto	l80
  1069                           
  1070                           ;maincode.c: 51:     TXREG = 0x0D;
  1071  000484  0E0D               	movlw	13
  1072  000486  6EAD               	movwf	4013,c	;volatile
  1073  000488                     l83:
  1074  000488  B2AC               	btfsc	4012,1,c	;volatile
  1075  00048A  0012               	return	
  1076  00048C  D7FD               	goto	l83
  1077  00048E                     __end_of_send_newline:
  1078                           	opt callstack 0
  1079                           
  1080 ;; *************** function _send_char *****************
  1081 ;; Defined at:
  1082 ;;		line 43 in file "maincode.c"
  1083 ;; Parameters:    Size  Location     Type
  1084 ;;  letrita         1    wreg     unsigned char 
  1085 ;; Auto vars:     Size  Location     Type
  1086 ;;  letrita         1   11[COMRAM] unsigned char 
  1087 ;; Return value:  Size  Location     Type
  1088 ;;                  1    wreg      void 
  1089 ;; Registers used:
  1090 ;;		wreg
  1091 ;; Tracked objects:
  1092 ;;		On entry : 0/0
  1093 ;;		On exit  : 0/0
  1094 ;;		Unchanged: 0/0
  1095 ;; Data sizes:     COMRAM   BANK0   BANK1   BANK2   BANK3   BANK4   BANK5   BANK6   BANK7
  1096 ;;      Params:         0       0       0       0       0       0       0       0       0
  1097 ;;      Locals:         1       0       0       0       0       0       0       0       0
  1098 ;;      Temps:          0       0       0       0       0       0       0       0       0
  1099 ;;      Totals:         1       0       0       0       0       0       0       0       0
  1100 ;;Total ram usage:        1 bytes
  1101 ;; Hardware stack levels used:    1
  1102 ;; Hardware stack levels required when called:    2
  1103 ;; This function calls:
  1104 ;;		Nothing
  1105 ;; This function is called by:
  1106 ;;		_main
  1107 ;; This function uses a non-reentrant model
  1108 ;;
  1109                           
  1110                           	psect	text5
  1111  0004A0                     __ptext5:
  1112                           	opt callstack 0
  1113  0004A0                     _send_char:
  1114                           	opt callstack 28
  1115                           
  1116                           ;incstack = 0
  1117                           ;send_char@letrita stored from wreg
  1118  0004A0  6E4B               	movwf	send_char@letrita,c
  1119                           
  1120                           ;maincode.c: 44:     TXREG = letrita;
  1121  0004A2  C04B  FFAD         	movff	send_char@letrita,4013	;volatile
  1122  0004A6                     l74:
  1123  0004A6  B2AC               	btfsc	4012,1,c	;volatile
  1124  0004A8  0012               	return	
  1125  0004AA  D7FD               	goto	l74
  1126  0004AC                     __end_of_send_char:
  1127                           	opt callstack 0
  1128                           
  1129 ;; *************** function _RCIsr *****************
  1130 ;; Defined at:
  1131 ;;		line 113 in file "maincode.c"
  1132 ;; Parameters:    Size  Location     Type
  1133 ;;		None
  1134 ;; Auto vars:     Size  Location     Type
  1135 ;;		None
  1136 ;; Return value:  Size  Location     Type
  1137 ;;                  1    wreg      void 
  1138 ;; Registers used:
  1139 ;;		wreg, fsr2l, fsr2h, status,2, status,0, cstack
  1140 ;; Tracked objects:
  1141 ;;		On entry : 0/0
  1142 ;;		On exit  : 0/0
  1143 ;;		Unchanged: 0/0
  1144 ;; Data sizes:     COMRAM   BANK0   BANK1   BANK2   BANK3   BANK4   BANK5   BANK6   BANK7
  1145 ;;      Params:         0       0       0       0       0       0       0       0       0
  1146 ;;      Locals:         0       0       0       0       0       0       0       0       0
  1147 ;;      Temps:          4       0       0       0       0       0       0       0       0
  1148 ;;      Totals:         4       0       0       0       0       0       0       0       0
  1149 ;;Total ram usage:        4 bytes
  1150 ;; Hardware stack levels used:    1
  1151 ;; Hardware stack levels required when called:    1
  1152 ;; This function calls:
  1153 ;;		_parpadeo
  1154 ;;		i2_send_newline
  1155 ;;		i2_send_string
  1156 ;; This function is called by:
  1157 ;;		Interrupt level 2
  1158 ;; This function uses a non-reentrant model
  1159 ;;
  1160                           
  1161                           	psect	intcode
  1162  000008                     __pintcode:
  1163                           	opt callstack 0
  1164  000008                     _RCIsr:
  1165                           	opt callstack 27
  1166                           
  1167                           ;incstack = 0
  1168  000008  8254               	bsf	btemp,1,c	;set compiler interrupt flag (level 2)
  1169  00000A  ED09  F000         	call	int_func,f	;refresh shadow registers
  1170                           
  1171                           	psect	intcode_body
  1172  000012                     __pintcode_body:
  1173                           	opt callstack 27
  1174  000012                     int_func:
  1175                           	opt callstack 27
  1176  000012  0006               	pop		; remove dummy address from shadow register refresh
  1177  000014  CFD9 F049          	movff	fsr2l,??_RCIsr+2
  1178  000018  CFDA F04A          	movff	fsr2h,??_RCIsr+3
  1179                           
  1180                           ;maincode.c: 114:     PIR1bits.RC1IF = 0;
  1181  00001C  9A9E               	bcf	3998,5,c	;volatile
  1182                           
  1183                           ;maincode.c: 115:     switch(RCREG){
  1184  00001E  D05B               	goto	i2l1063
  1185  000020                     i2l1029:
  1186                           
  1187                           ;maincode.c: 117:             send_string(led_on,20);
  1188  000020  0E75               	movlw	low _led_on
  1189  000022  6E40               	movwf	i2send_string@vector,c
  1190  000024  0E00               	movlw	high _led_on
  1191  000026  6E41               	movwf	i2send_string@vector+1,c
  1192  000028  0E00               	movlw	0
  1193  00002A  6E43               	movwf	i2send_string@numero+1,c
  1194  00002C  0E14               	movlw	20
  1195  00002E  6E42               	movwf	i2send_string@numero,c
  1196  000030  EC14  F002         	call	i2_send_string	;wreg free
  1197                           
  1198                           ;maincode.c: 118:             send_newline();
  1199  000034  EC47  F002         	call	i2_send_newline	;wreg free
  1200                           
  1201                           ;maincode.c: 119:             LATEbits.LE0 = 1;
  1202  000038  808D               	bsf	3981,0,c	;volatile
  1203                           
  1204                           ;maincode.c: 120:             break;
  1205  00003A  D065               	goto	i2l121
  1206  00003C                     i2l1035:
  1207                           
  1208                           ;maincode.c: 122:             send_string(led_off,20);
  1209  00003C  0E60               	movlw	low _led_off
  1210  00003E  6E40               	movwf	i2send_string@vector,c
  1211  000040  0E00               	movlw	high _led_off
  1212  000042  6E41               	movwf	i2send_string@vector+1,c
  1213  000044  0E00               	movlw	0
  1214  000046  6E43               	movwf	i2send_string@numero+1,c
  1215  000048  0E14               	movlw	20
  1216  00004A  6E42               	movwf	i2send_string@numero,c
  1217  00004C  EC14  F002         	call	i2_send_string	;wreg free
  1218                           
  1219                           ;maincode.c: 123:             send_newline();
  1220  000050  EC47  F002         	call	i2_send_newline	;wreg free
  1221                           
  1222                           ;maincode.c: 124:             LATEbits.LE0 = 0;
  1223  000054  908D               	bcf	3981,0,c	;volatile
  1224                           
  1225                           ;maincode.c: 125:             break;
  1226  000056  D057               	goto	i2l121
  1227  000058                     i2l1041:
  1228                           
  1229                           ;maincode.c: 127:             send_string(led_parpadeo,20);
  1230  000058  0E59               	movlw	low _led_parpadeo
  1231  00005A  6E40               	movwf	i2send_string@vector,c
  1232  00005C  0E01               	movlw	high _led_parpadeo
  1233  00005E  6E41               	movwf	i2send_string@vector+1,c
  1234  000060  0E00               	movlw	0
  1235  000062  6E43               	movwf	i2send_string@numero+1,c
  1236  000064  0E14               	movlw	20
  1237  000066  6E42               	movwf	i2send_string@numero,c
  1238  000068  EC14  F002         	call	i2_send_string	;wreg free
  1239                           
  1240                           ;maincode.c: 128:             send_newline();
  1241  00006C  EC47  F002         	call	i2_send_newline	;wreg free
  1242                           
  1243                           ;maincode.c: 129:             parpadeo();
  1244  000070  ECDE  F001         	call	_parpadeo	;wreg free
  1245                           
  1246                           ;maincode.c: 130:             break;
  1247  000074  D048               	goto	i2l121
  1248  000076                     i2l116:
  1249                           
  1250                           ;maincode.c: 132:             if(PORTBbits.RB0 == 1){
  1251  000076  A081               	btfss	3969,0,c	;volatile
  1252  000078  D00D               	goto	i2l1051
  1253                           
  1254                           ;maincode.c: 133:                 send_string(boton_on,20);
  1255  00007A  0E44               	movlw	low _boton_on
  1256  00007C  6E40               	movwf	i2send_string@vector,c
  1257  00007E  0E01               	movlw	high _boton_on
  1258  000080  6E41               	movwf	i2send_string@vector+1,c
  1259  000082  0E00               	movlw	0
  1260  000084  6E43               	movwf	i2send_string@numero+1,c
  1261  000086  0E14               	movlw	20
  1262  000088  6E42               	movwf	i2send_string@numero,c
  1263  00008A  EC14  F002         	call	i2_send_string	;wreg free
  1264  00008E                     i2l1049:
  1265                           
  1266                           ;maincode.c: 134:                 send_newline();
  1267  00008E  EC47  F002         	call	i2_send_newline	;wreg free
  1268                           
  1269                           ;maincode.c: 135:             }
  1270  000092  D039               	goto	i2l121
  1271  000094                     i2l1051:
  1272                           
  1273                           ;maincode.c: 137:                 send_string(boton_off,20);
  1274  000094  0E2F               	movlw	low _boton_off
  1275  000096  6E40               	movwf	i2send_string@vector,c
  1276  000098  0E01               	movlw	high _boton_off
  1277  00009A  6E41               	movwf	i2send_string@vector+1,c
  1278  00009C  0E00               	movlw	0
  1279  00009E  6E43               	movwf	i2send_string@numero+1,c
  1280  0000A0  0E14               	movlw	20
  1281  0000A2  6E42               	movwf	i2send_string@numero,c
  1282  0000A4  EC14  F002         	call	i2_send_string	;wreg free
  1283  0000A8  D7F2               	goto	i2l1049
  1284  0000AA                     i2l1055:
  1285                           
  1286                           ;maincode.c: 142:             send_string(autor,20);
  1287  0000AA  0E8A               	movlw	low _autor
  1288  0000AC  6E40               	movwf	i2send_string@vector,c
  1289  0000AE  0E00               	movlw	high _autor
  1290  0000B0  6E41               	movwf	i2send_string@vector+1,c
  1291  0000B2  0E00               	movlw	0
  1292  0000B4  6E43               	movwf	i2send_string@numero+1,c
  1293  0000B6  0E14               	movlw	20
  1294  0000B8  6E42               	movwf	i2send_string@numero,c
  1295  0000BA  EC14  F002         	call	i2_send_string	;wreg free
  1296  0000BE  D7E7               	goto	i2l1049
  1297  0000C0                     i2l1059:
  1298                           
  1299                           ;maincode.c: 146:             send_string(error,20);
  1300  0000C0  0E1A               	movlw	low _error
  1301  0000C2  6E40               	movwf	i2send_string@vector,c
  1302  0000C4  0E01               	movlw	high _error
  1303  0000C6  6E41               	movwf	i2send_string@vector+1,c
  1304  0000C8  0E00               	movlw	0
  1305  0000CA  6E43               	movwf	i2send_string@numero+1,c
  1306  0000CC  0E14               	movlw	20
  1307  0000CE  6E42               	movwf	i2send_string@numero,c
  1308  0000D0  EC14  F002         	call	i2_send_string	;wreg free
  1309  0000D4  D7DC               	goto	i2l1049
  1310  0000D6                     i2l1063:
  1311  0000D6  50AE               	movf	4014,w,c	;volatile
  1312  0000D8  6E47               	movwf	??_RCIsr& (0+255),c
  1313  0000DA  6A48               	clrf	(??_RCIsr+1)& (0+255),c
  1314                           
  1315                           ; Switch on 2 bytes has been partitioned into a top level switch of size 1, and 1 sub-sw
      +                          itches
  1316                           ; Switch size 1, requested type "simple"
  1317                           ; Number of cases is 1, Range of values is 0 to 0
  1318                           ; switch strategies available:
  1319                           ; Name         Instructions Cycles
  1320                           ; simple_byte            4     3 (average)
  1321                           ;	Chosen strategy is simple_byte
  1322  0000DC  5048               	movf	??_RCIsr+1,w,c
  1323  0000DE  0A00               	xorlw	0	; case 0
  1324  0000E0  A4D8               	btfss	status,2,c
  1325  0000E2  D7EE               	goto	i2l1059
  1326                           
  1327                           ; Switch size 1, requested type "simple"
  1328                           ; Number of cases is 5, Range of values is 49 to 53
  1329                           ; switch strategies available:
  1330                           ; Name         Instructions Cycles
  1331                           ; simple_byte           16     9 (average)
  1332                           ;	Chosen strategy is simple_byte
  1333  0000E4  5047               	movf	??_RCIsr,w,c
  1334  0000E6  0A31               	xorlw	49	; case 49
  1335  0000E8  B4D8               	btfsc	status,2,c
  1336  0000EA  D79A               	goto	i2l1029
  1337  0000EC  0A03               	xorlw	3	; case 50
  1338  0000EE  B4D8               	btfsc	status,2,c
  1339  0000F0  D7A5               	goto	i2l1035
  1340  0000F2  0A01               	xorlw	1	; case 51
  1341  0000F4  B4D8               	btfsc	status,2,c
  1342  0000F6  D7B0               	goto	i2l1041
  1343  0000F8  0A07               	xorlw	7	; case 52
  1344  0000FA  B4D8               	btfsc	status,2,c
  1345  0000FC  D7BC               	goto	i2l116
  1346  0000FE  0A01               	xorlw	1	; case 53
  1347  000100  B4D8               	btfsc	status,2,c
  1348  000102  D7D3               	goto	i2l1055
  1349  000104  D7DD               	goto	i2l1059
  1350  000106                     i2l121:
  1351  000106  C04A  FFDA         	movff	??_RCIsr+3,fsr2h
  1352  00010A  C049  FFD9         	movff	??_RCIsr+2,fsr2l
  1353  00010E  9254               	bcf	btemp,1,c	;clear compiler interrupt flag (level 2)
  1354  000110  0011               	retfie		f
  1355  000112                     __end_of_RCIsr:
  1356                           	opt callstack 0
  1357                           
  1358 ;; *************** function i2_send_string *****************
  1359 ;; Defined at:
  1360 ;;		line 36 in file "maincode.c"
  1361 ;; Parameters:    Size  Location     Type
  1362 ;;  vector          2    0[COMRAM] PTR const unsigned char 
  1363 ;;		 -> error(21), autor(21), boton_off(21), boton_on(21), 
  1364 ;;		 -> led_parpadeo(21), led_off(21), led_on(21), cadena(26), 
  1365 ;;		 -> menu7(21), menu6(21), menu5(21), menu4(21), 
  1366 ;;		 -> menu3(21), menu2(21), menu1(21), 
  1367 ;;  numero          2    2[COMRAM] unsigned int 
  1368 ;; Auto vars:     Size  Location     Type
  1369 ;;  send_string     1    6[COMRAM] unsigned char 
  1370 ;; Return value:  Size  Location     Type
  1371 ;;                  1    wreg      void 
  1372 ;; Registers used:
  1373 ;;		wreg, fsr2l, fsr2h, status,2, status,0
  1374 ;; Tracked objects:
  1375 ;;		On entry : 0/0
  1376 ;;		On exit  : 0/0
  1377 ;;		Unchanged: 0/0
  1378 ;; Data sizes:     COMRAM   BANK0   BANK1   BANK2   BANK3   BANK4   BANK5   BANK6   BANK7
  1379 ;;      Params:         4       0       0       0       0       0       0       0       0
  1380 ;;      Locals:         1       0       0       0       0       0       0       0       0
  1381 ;;      Temps:          2       0       0       0       0       0       0       0       0
  1382 ;;      Totals:         7       0       0       0       0       0       0       0       0
  1383 ;;Total ram usage:        7 bytes
  1384 ;; Hardware stack levels used:    1
  1385 ;; This function calls:
  1386 ;;		Nothing
  1387 ;; This function is called by:
  1388 ;;		_RCIsr
  1389 ;; This function uses a non-reentrant model
  1390 ;;
  1391                           
  1392                           	psect	text7
  1393  000428                     __ptext7:
  1394                           	opt callstack 0
  1395  000428                     i2_send_string:
  1396                           	opt callstack 27
  1397                           
  1398                           ;maincode.c: 37:     for(unsigned char i=0;i<numero;i++){
  1399                           
  1400                           ;incstack = 0
  1401  000428  0E00               	movlw	0
  1402  00042A  6E46               	movwf	i2send_string@i,c
  1403  00042C  D00B               	goto	i2l1003
  1404  00042E                     i2l999:
  1405                           
  1406                           ;maincode.c: 38:         TXREG = vector[i];
  1407  00042E  5046               	movf	i2send_string@i,w,c
  1408  000430  2440               	addwf	i2send_string@vector,w,c
  1409  000432  6ED9               	movwf	fsr2l,c
  1410  000434  0E00               	movlw	0
  1411  000436  2041               	addwfc	i2send_string@vector+1,w,c
  1412  000438  6EDA               	movwf	fsr2h,c
  1413  00043A  50DF               	movf	indf2,w,c
  1414  00043C  6EAD               	movwf	4013,c	;volatile
  1415  00043E                     i2l67:
  1416  00043E  A2AC               	btfss	4012,1,c	;volatile
  1417  000440  D7FE               	goto	i2l67
  1418                           
  1419                           ;maincode.c: 40:     }
  1420  000442  2A46               	incf	i2send_string@i,f,c
  1421  000444                     i2l1003:
  1422  000444  5046               	movf	i2send_string@i,w,c
  1423  000446  6E44               	movwf	??i2_send_string& (0+255),c
  1424  000448  6A45               	clrf	(??i2_send_string+1)& (0+255),c
  1425  00044A  5042               	movf	i2send_string@numero,w,c
  1426  00044C  5C44               	subwf	??i2_send_string,w,c
  1427  00044E  5043               	movf	i2send_string@numero+1,w,c
  1428  000450  5845               	subwfb	??i2_send_string+1,w,c
  1429  000452  B0D8               	btfsc	status,0,c
  1430  000454  0012               	return	
  1431  000456  D7EB               	goto	i2l999
  1432  000458                     __end_ofi2_send_string:
  1433                           	opt callstack 0
  1434                           
  1435 ;; *************** function i2_send_newline *****************
  1436 ;; Defined at:
  1437 ;;		line 48 in file "maincode.c"
  1438 ;; Parameters:    Size  Location     Type
  1439 ;;		None
  1440 ;; Auto vars:     Size  Location     Type
  1441 ;;		None
  1442 ;; Return value:  Size  Location     Type
  1443 ;;                  1    wreg      void 
  1444 ;; Registers used:
  1445 ;;		wreg, status,2
  1446 ;; Tracked objects:
  1447 ;;		On entry : 0/0
  1448 ;;		On exit  : 0/0
  1449 ;;		Unchanged: 0/0
  1450 ;; Data sizes:     COMRAM   BANK0   BANK1   BANK2   BANK3   BANK4   BANK5   BANK6   BANK7
  1451 ;;      Params:         0       0       0       0       0       0       0       0       0
  1452 ;;      Locals:         0       0       0       0       0       0       0       0       0
  1453 ;;      Temps:          0       0       0       0       0       0       0       0       0
  1454 ;;      Totals:         0       0       0       0       0       0       0       0       0
  1455 ;;Total ram usage:        0 bytes
  1456 ;; Hardware stack levels used:    1
  1457 ;; This function calls:
  1458 ;;		Nothing
  1459 ;; This function is called by:
  1460 ;;		_RCIsr
  1461 ;; This function uses a non-reentrant model
  1462 ;;
  1463                           
  1464                           	psect	text8
  1465  00048E                     __ptext8:
  1466                           	opt callstack 0
  1467  00048E                     i2_send_newline:
  1468                           	opt callstack 27
  1469                           
  1470                           ;maincode.c: 49:     TXREG = 0x0A;
  1471                           
  1472                           ;incstack = 0
  1473  00048E  0E0A               	movlw	10
  1474  000490  6EAD               	movwf	4013,c	;volatile
  1475  000492                     i2l80:
  1476  000492  A2AC               	btfss	4012,1,c	;volatile
  1477  000494  D7FE               	goto	i2l80
  1478                           
  1479                           ;maincode.c: 51:     TXREG = 0x0D;
  1480  000496  0E0D               	movlw	13
  1481  000498  6EAD               	movwf	4013,c	;volatile
  1482  00049A                     i2l83:
  1483  00049A  B2AC               	btfsc	4012,1,c	;volatile
  1484  00049C  0012               	return	
  1485  00049E  D7FD               	goto	i2l83
  1486  0004A0                     __end_ofi2_send_newline:
  1487                           	opt callstack 0
  1488                           
  1489 ;; *************** function _parpadeo *****************
  1490 ;; Defined at:
  1491 ;;		line 104 in file "maincode.c"
  1492 ;; Parameters:    Size  Location     Type
  1493 ;;		None
  1494 ;; Auto vars:     Size  Location     Type
  1495 ;;		None
  1496 ;; Return value:  Size  Location     Type
  1497 ;;                  1    wreg      void 
  1498 ;; Registers used:
  1499 ;;		wreg
  1500 ;; Tracked objects:
  1501 ;;		On entry : 0/0
  1502 ;;		On exit  : 0/0
  1503 ;;		Unchanged: 0/0
  1504 ;; Data sizes:     COMRAM   BANK0   BANK1   BANK2   BANK3   BANK4   BANK5   BANK6   BANK7
  1505 ;;      Params:         0       0       0       0       0       0       0       0       0
  1506 ;;      Locals:         0       0       0       0       0       0       0       0       0
  1507 ;;      Temps:          2       0       0       0       0       0       0       0       0
  1508 ;;      Totals:         2       0       0       0       0       0       0       0       0
  1509 ;;Total ram usage:        2 bytes
  1510 ;; Hardware stack levels used:    1
  1511 ;; This function calls:
  1512 ;;		Nothing
  1513 ;; This function is called by:
  1514 ;;		_RCIsr
  1515 ;; This function uses a non-reentrant model
  1516 ;;
  1517                           
  1518                           	psect	text9
  1519  0003BC                     __ptext9:
  1520                           	opt callstack 0
  1521  0003BC                     _parpadeo:
  1522                           	opt callstack 27
  1523                           
  1524                           ;maincode.c: 105:     while(PIR1bits.RC1IF == 0){
  1525                           
  1526                           ;incstack = 0
  1527  0003BC  D01A               	goto	i2l995
  1528  0003BE                     i2l104:
  1529                           
  1530                           ;maincode.c: 106:         LATEbits.LE0 = 1;
  1531  0003BE  808D               	bsf	3981,0,c	;volatile
  1532                           
  1533                           ;maincode.c: 107:         _delay((unsigned long)((500)*(32000000UL/4000.0)));
  1534  0003C0  0E15               	movlw	21
  1535  0003C2  6E41               	movwf	(??_parpadeo+1)& (0+255),c
  1536  0003C4  0E4B               	movlw	75
  1537  0003C6  6E40               	movwf	??_parpadeo& (0+255),c
  1538  0003C8  0EBE               	movlw	190
  1539  0003CA                     i2u24_47:
  1540  0003CA  2EE8               	decfsz	wreg,f,c
  1541  0003CC  D7FE               	bra	i2u24_47
  1542  0003CE  2E40               	decfsz	??_parpadeo& (0+255),f,c
  1543  0003D0  D7FC               	bra	i2u24_47
  1544  0003D2  2E41               	decfsz	(??_parpadeo+1)& (0+255),f,c
  1545  0003D4  D7FA               	bra	i2u24_47
  1546  0003D6  D000               	nop2	
  1547                           
  1548                           ;maincode.c: 108:         LATEbits.LE0 = 0;
  1549  0003D8  908D               	bcf	3981,0,c	;volatile
  1550                           
  1551                           ;maincode.c: 109:         _delay((unsigned long)((500)*(32000000UL/4000.0)));
  1552  0003DA  0E15               	movlw	21
  1553  0003DC  6E41               	movwf	(??_parpadeo+1)& (0+255),c
  1554  0003DE  0E4B               	movlw	75
  1555  0003E0  6E40               	movwf	??_parpadeo& (0+255),c
  1556  0003E2  0EBE               	movlw	190
  1557  0003E4                     i2u25_47:
  1558  0003E4  2EE8               	decfsz	wreg,f,c
  1559  0003E6  D7FE               	bra	i2u25_47
  1560  0003E8  2E40               	decfsz	??_parpadeo& (0+255),f,c
  1561  0003EA  D7FC               	bra	i2u25_47
  1562  0003EC  2E41               	decfsz	(??_parpadeo+1)& (0+255),f,c
  1563  0003EE  D7FA               	bra	i2u25_47
  1564  0003F0  D000               	nop2	
  1565  0003F2                     i2l995:
  1566                           
  1567                           ;maincode.c: 105:     while(PIR1bits.RC1IF == 0){
  1568  0003F2  BA9E               	btfsc	3998,5,c	;volatile
  1569  0003F4  0012               	return	
  1570  0003F6  D7E3               	goto	i2l104
  1571  0003F8                     __end_of_parpadeo:
  1572                           	opt callstack 0
  1573  0000                     
  1574                           	psect	rparam
  1575  0000                     
  1576                           	psect	temp
  1577  000054                     btemp:
  1578                           	opt callstack 0
  1579  000054                     	ds	1
  1580  0000                     int$flags	set	btemp
  1581  0000                     wtemp8	set	btemp+1
  1582  0000                     ttemp5	set	btemp+1
  1583  0000                     ttemp6	set	btemp+4
  1584  0000                     ttemp7	set	btemp+8
  1585                           tosu	equ	0xFFF
  1586                           tosh	equ	0xFFE
  1587                           tosl	equ	0xFFD
  1588                           stkptr	equ	0xFFC
  1589                           pclatu	equ	0xFFB
  1590                           pclath	equ	0xFFA
  1591                           pcl	equ	0xFF9
  1592                           tblptru	equ	0xFF8
  1593                           tblptrh	equ	0xFF7
  1594                           tblptrl	equ	0xFF6
  1595                           tablat	equ	0xFF5
  1596                           prodh	equ	0xFF4
  1597                           prodl	equ	0xFF3
  1598                           indf0	equ	0xFEF
  1599                           postinc0	equ	0xFEE
  1600                           postdec0	equ	0xFED
  1601                           preinc0	equ	0xFEC
  1602                           plusw0	equ	0xFEB
  1603                           fsr0h	equ	0xFEA
  1604                           fsr0l	equ	0xFE9
  1605                           wreg	equ	0xFE8
  1606                           indf1	equ	0xFE7
  1607                           postinc1	equ	0xFE6
  1608                           postdec1	equ	0xFE5
  1609                           preinc1	equ	0xFE4
  1610                           plusw1	equ	0xFE3
  1611                           fsr1h	equ	0xFE2
  1612                           fsr1l	equ	0xFE1
  1613                           bsr	equ	0xFE0
  1614                           indf2	equ	0xFDF
  1615                           postinc2	equ	0xFDE
  1616                           postdec2	equ	0xFDD
  1617                           preinc2	equ	0xFDC
  1618                           plusw2	equ	0xFDB
  1619                           fsr2h	equ	0xFDA
  1620                           fsr2l	equ	0xFD9
  1621                           status	equ	0xFD8


Data Sizes:
    Strings     0
    Constant    0
    Data        320
    BSS         0
    Persistent  0
    Stack       0

Auto Spaces:
    Space          Size  Autos    Used
    COMRAM           94     20      83
    BANK0           160      0     147
    BANK1           256      0     110
    BANK2           256      0       0
    BANK3           256      0       0
    BANK4           256      0       0
    BANK5           256      0       0
    BANK6           256      0       0
    BANK7           256      0       0

Pointer List with Targets:

    send_string@vector	PTR const unsigned char  size(2) Largest target is 26
		 -> error(BANK1[21]), autor(BANK0[21]), boton_off(BANK1[21]), boton_on(BANK1[21]), 
		 -> led_parpadeo(BANK1[21]), led_off(BANK0[21]), led_on(BANK0[21]), cadena(BANK1[26]), 
		 -> menu7(BANK0[21]), menu6(BANK0[21]), menu5(BANK0[21]), menu4(BANK0[21]), 
		 -> menu3(COMRAM[21]), menu2(COMRAM[21]), menu1(COMRAM[21]), 


Critical Paths under _main in COMRAM

    _main->_send_string
    _show_menu->_send_string

Critical Paths under _RCIsr in COMRAM

    _RCIsr->i2_send_string

Critical Paths under _main in BANK0

    None.

Critical Paths under _RCIsr in BANK0

    None.

Critical Paths under _main in BANK1

    None.

Critical Paths under _RCIsr in BANK1

    None.

Critical Paths under _main in BANK2

    None.

Critical Paths under _RCIsr in BANK2

    None.

Critical Paths under _main in BANK3

    None.

Critical Paths under _RCIsr in BANK3

    None.

Critical Paths under _main in BANK4

    None.

Critical Paths under _RCIsr in BANK4

    None.

Critical Paths under _main in BANK5

    None.

Critical Paths under _RCIsr in BANK5

    None.

Critical Paths under _main in BANK6

    None.

Critical Paths under _RCIsr in BANK6

    None.

Critical Paths under _main in BANK7

    None.

Critical Paths under _RCIsr in BANK7

    None.

Call Graph Tables:

 ---------------------------------------------------------------------------------
 (Depth) Function   	        Calls       Base Space   Used Autos Params    Refs
 ---------------------------------------------------------------------------------
 (0) _main                                                 2     2      0    4034
                                             18 COMRAM     2     2      0
                          _send_char
                       _send_newline
                        _send_string
                          _show_menu
                          _uc_config
 ---------------------------------------------------------------------------------
 (1) _uc_config                                            0     0      0       0
 ---------------------------------------------------------------------------------
 (1) _show_menu                                            0     0      0    2006
                       _send_newline
                        _send_string
 ---------------------------------------------------------------------------------
 (2) _send_string                                          7     3      4    2006
                                             11 COMRAM     7     3      4
 ---------------------------------------------------------------------------------
 (2) _send_newline                                         0     0      0       0
 ---------------------------------------------------------------------------------
 (1) _send_char                                            1     1      0      22
                                             11 COMRAM     1     1      0
 ---------------------------------------------------------------------------------
 Estimated maximum stack depth 2
 ---------------------------------------------------------------------------------
 (Depth) Function   	        Calls       Base Space   Used Autos Params    Refs
 ---------------------------------------------------------------------------------
 (3) _RCIsr                                                4     4      0     454
                                              7 COMRAM     4     4      0
                           _parpadeo
                     i2_send_newline
                      i2_send_string
 ---------------------------------------------------------------------------------
 (4) i2_send_string                                        7     3      4     454
                                              0 COMRAM     7     3      4
 ---------------------------------------------------------------------------------
 (4) i2_send_newline                                       0     0      0       0
 ---------------------------------------------------------------------------------
 (4) _parpadeo                                             2     2      0       0
                                              0 COMRAM     2     2      0
 ---------------------------------------------------------------------------------
 Estimated maximum stack depth 4
 ---------------------------------------------------------------------------------

 Call Graph Graphs:

 _main (ROOT)
   _send_char
   _send_newline
   _send_string
   _show_menu
     _send_newline
     _send_string
   _uc_config

 _RCIsr (ROOT)
   _parpadeo
   i2_send_newline
   i2_send_string

 Address spaces:
Name               Size   Autos  Total    Cost      Usage
BIGRAM             7FF      0       0      21        0.0%
EEDATA             100      0       0       0        0.0%
BITBANK7           100      0       0      18        0.0%
BANK7              100      0       0      19        0.0%
BITBANK6           100      0       0      16        0.0%
BANK6              100      0       0      17        0.0%
BITBANK5           100      0       0      14        0.0%
BANK5              100      0       0      15        0.0%
BITBANK4           100      0       0      12        0.0%
BANK4              100      0       0      13        0.0%
BITBANK3           100      0       0      10        0.0%
BANK3              100      0       0      11        0.0%
BITBANK2           100      0       0       8        0.0%
BANK2              100      0       0       9        0.0%
BITBANK1           100      0       0       6        0.0%
BANK1              100      0      6E       7       43.0%
BITBANK0            A0      0       0       4        0.0%
BANK0               A0      0      93       5       91.9%
BITCOMRAM           5E      0       0       0        0.0%
COMRAM              5E     14      53       1       88.3%
BITSFR               0      0       0     200        0.0%
SFR                  0      0       0     200        0.0%
STACK                0      0       0       2        0.0%
NULL                 0      0       0       0        0.0%
ABS                  0      0     154      20        0.0%
DATA                 0      0     154       3        0.0%
CODE                 0      0       0       0        0.0%


Microchip Technology PIC18 Macro Assembler V2.05 build -831301201 
Symbol Table                                                                                   Wed Nov 06 09:00:42 2019

         i2send_string@i 0046                       l80 0480                       l74 04A6  
                     l83 0488                       l67 040E              __CFG_BORV$3 000000  
     __CFG_FOSC$XTPLL_XT 000000                      l941 0414                      l937 03FE  
                    u237 036C             __CFG_BOR$OFF 000000           i2_send_newline 048E  
                    wreg 000FE8             __CFG_LVP$OFF 000000             __CFG_WDT$OFF 000000  
                   l1011 0330                     i2l80 0492                     i2l83 049A  
                   i2l67 043E             __CFG_PWRT$ON 000000    __end_ofi2_send_string 0458  
                   _main 032C                     fsr2h 000FDA                     indf2 000FDF  
                   fsr1l 000FE1                     fsr2l 000FD9                     btemp 0054  
                   start 000E            __CFG_MCLRE$ON 000000             ___param_bank 000000  
          __CFG_PLLDIV$1 000000           __CFG_CCP2MX$ON 000000                    ?_main 0040  
 __end_ofi2_send_newline 04A0                    i2l104 03BE                    i2l121 0106  
                  i2l116 0076                    i2l995 03F2                    i2l999 042E  
                  _RCREG 000FAE                    _SPBRG 000FAF                    _RCIsr 0008  
                  _TXREG 000FAD                    _menu1 002B                    _menu2 0016  
                  _menu3 0001                    _menu4 00DE                    _menu5 00C9  
                  _menu6 00B4                    _menu7 009F                    _autor 008A  
                  _error 011A                    tablat 000FF5                    ttemp5 0055  
                  ttemp6 0058                    ttemp7 005C                    status 000FD8  
                  wtemp8 0055          __initialization 02BE             __end_of_main 037C  
                 ??_main 0052          ?i2_send_newline 0040            __activetblptr 000002  
                 ?_RCIsr 0040                   _ADCON1 000FC1                   i2l1003 0444  
                 i2l1041 0058                   i2l1051 0094                   i2l1035 003C  
                 i2l1029 0020                   i2l1055 00AA                   i2l1063 00D6  
                 i2l1049 008E                   i2l1059 00C0             ?_send_string 004B  
                 _SPBRGH 000FB0                   _cadena 0100                   _led_on 0075  
       __end_of_parpadeo 03F8             __pdataCOMRAM 0001      i2send_string@vector 0040  
    i2send_string@numero 0042                   tblptrh 000FF7                   tblptrl 000FF6  
                 tblptru 000FF8               __accesstop 0060  __end_of__initialization 031E  
        __CFG_PBADEN$OFF 000000            ___rparam_used 000001            __end_of_RCIsr 0112  
         __pcstackCOMRAM 0040             __pidataBANK0 01BC             __pidataBANK1 024F  
                ??_RCIsr 0047       __size_of_uc_config 0024       __size_of_send_char 000C  
          ?_send_newline 0040       __size_of_show_menu 00AA                  i2u24_47 03CA  
                i2u25_47 03E4                ?_parpadeo 0040     __size_of_send_string 0030  
                __Hparam 0000                  __Lparam 0000         ??i2_send_newline 0040  
         ??_send_newline 004B                  __pcinit 02BE                  __ramtop 0800  
                __ptext0 032C                  __ptext1 0458                  __ptext2 0112  
                __ptext3 03F8                  __ptext4 047C                  __ptext5 04A0  
                __ptext7 0428                  __ptext8 048E                  __ptext9 03BC  
                _led_off 0060   __size_ofi2_send_string 0030        __end_of_uc_config 047C  
         __pintcode_body 0012     end_of_initialization 031E        __end_of_send_char 04AC  
          __Lmediumconst 0000                  int_func 0012               ??_parpadeo 0040  
      __end_of_show_menu 01BC                _RCSTAbits 000FAB                  postdec1 000FE5  
                postinc0 000FEE                _PORTBbits 000F81                _TRISCbits 000F94  
              _TRISEbits 000F96             _led_parpadeo 0159            i2_send_string 0428  
              _TXSTAbits 000FAC        send_string@vector 004B        send_string@numero 004D  
            _BAUDCONbits 000FB8            __pidataCOMRAM 037C      start_initialization 02BE  
         ?i2_send_string 0040     __end_of_send_newline 048E              __pdataBANK0 0060  
            __pdataBANK1 0100         __CFG_LPT1OSC$OFF 000000        __size_of_parpadeo 003C  
              __pintcode 0008                _boton_off 012F           __size_of_RCIsr 010A  
        ??i2_send_string 0044            ??_send_string 004F                _uc_config 0458  
               _LATEbits 000F8D                 _PIE1bits 000F9D                _send_char 04A0  
               _PIR1bits 000F9E         __CFG_WDTPS$32768 000000                _show_menu 0112  
  __size_of_send_newline 0012                copy_data0 02D2                copy_data1 02F2  
              copy_data2 0312               ?_uc_config 0040               ?_send_char 0040  
               __Hrparam 0000             send_string@i 0051      __end_of_send_string 0428  
               __Lrparam 0000               ?_show_menu 0040             _send_newline 047C  
__size_ofi2_send_newline 0012         send_char@letrita 004B                 _boton_on 0144  
          __size_of_main 0050                 _parpadeo 03BC                 int$flags 0054  
  __CFG_CPUDIV$OSC2_PLL3 000000               _INTCONbits 000FF2                 intlevel2 0000  
            _send_string 03F8              ??_uc_config 004B              ??_send_char 004B  
            ??_show_menu 0052  
