MPASM 5.71                      MAINCODE.ASM   1-30-2018  16:19:15         PAGE  1


LOC  OBJECT CODE     LINE SOURCE TEXT
  VALUE

                      00001     list p=18f4550  ;directiva para decirle al programa el modelo de microcontrolador que se va a usar
                      00002     #include <p18f4550.inc> ;llamada a la librería de nombre de los registros del PIC18F4550
                      00001         LIST
                      00002 
                      00003 ;==========================================================================
                      00004 ; Build date : Nov 17 2016
                      00005 ;  MPASM PIC18F4550 processor include
                      00006 ; 
                      00007 ;  (c) Copyright 1999-2016 Microchip Technology, All rights reserved
                      00008 ;==========================================================================
                      00009 
                      01765         LIST
                      00003     
                      00004     ;A continuación las directivas de configuración del microcontrolador
                      00005     CONFIG  FOSC = INTOSCIO_EC    ; Oscillator Selection bits (Internal oscillator, port function on RA6
                            , EC used by USB (INTIO))
                      00006     CONFIG  PWRT = ON             ; Power-up Timer Enable bit (PWRT enabled)
                      00007     CONFIG  BOR = OFF             ; Brown-out Reset Enable bits (Brown-out Reset disabled in hardware an
                            d software)
                      00008     CONFIG  WDT = OFF             ; Watchdog Timer Enable bit (WDT disabled (control is placed on the SW
                            DTEN bit))
                      00009     CONFIG  CCP2MX = ON           ; CCP2 MUX bit (CCP2 input/output is multiplexed with RC1)
                      00010     CONFIG  PBADEN = OFF          ; PORTB A/D Enable bit (PORTB<4:0> pins are configured as digital I/O 
                            on Reset)
                      00011     CONFIG  MCLRE = ON            ; MCLR Pin Enable bit (MCLR pin enabled; RE3 input pin disabled)
                      00012     CONFIG  LVP = OFF             ; Single-Supply ICSP Enable bit (Single-Supply ICSP disabled)
                      00013 
                      00014     cblock 0x60     ;Bloque de variables anexadas a registros en RAM
  00000060            00015         dseg    ;variable para la decena del segundo
  00000061            00016         useg    ;variable para la unidad del segundo
  00000062            00017         dec     ;variable para la decima de segundo
  00000063            00018         cen     ;variable para la centesima de segundo
  00000064            00019         ticks   ;tick que tiene que llegar a 10 para contabilizar una centésima
                      00020     endc
                      00021 
                      00022     org 0x0000                  ;vector de RESET
000000 EF?? F???      00023     goto programa
                      00024 
                      00025     org 0x0600
000600 7940 3024 1219 00026 t_str db 0x40, 0x79, 0x24, 0x30, 0x19, 0x12, 0x02, 0x78, 0x00, 0x10
       7802 1000 
                      00027 
                      00028     org 0x0008                  ;vector de interrupcion de alta prioridad
000008 EF?? F???      00029     goto prioridad
                      00030     
                      00031     org 0x0018                  ;vector de interrupción de baja prioridad
000018 EF?? F???      00032     goto interrupcion
                      00033  
                      00034  
                      00035     org 0x0020                  ;zona libre para escribir programa
000020                00036 programa:
000020 8CD3           00037     bsf OSCCON, 6
000022 8AD3           00038     bsf OSCCON, 5
MPASM 5.71                      MAINCODE.ASM   1-30-2018  16:19:15         PAGE  2


LOC  OBJECT CODE     LINE SOURCE TEXT
  VALUE

000024 88D3           00039     bsf OSCCON, 4
000026 6A95           00040     clrf TRISD      ;Coloca a 00000000 el registro TRISD para que todo el puerto sea salida
000028 6A93           00041     clrf TRISB      ;puerto B todos como salida
00002A 0E??           00042     movlw UPPER t_str
00002C 6EF8           00043     movwf TBLPTRU
00002E 0E??           00044     movlw HIGH t_str
000030 6EF7           00045     movwf TBLPTRH
000032 0E??           00046     movlw LOW t_str
000034 6EF6           00047     movwf TBLPTRL
000036 6A8A           00048     clrf LATB       ;Para que en un inicio los habilitadores de los displays se encuentren apagados
000038 0EC8           00049     movlw 0xC8
00003A 6ED5           00050     movwf T0CON     ;Habilitamos el TImer0 para que temporice lo mas rápido posible
00003C 0E91           00051     movlw 0x91
00003E 6ECD           00052     movwf T1CON     ;Habilitar el Timer1 con FOsc/4 y Prescaler 1:2
000040 0E0B           00053     movlw 0x0B
000042 6EBD           00054     movwf CCP1CON   ;Habilitar el CCP el modo comparacion evento especial de disparo
000044 0E03           00055     movlw 0x03
000046 6EBF           00056     movwf CCPR1H
000048 0EE8           00057     movlw 0xE8
00004A 6EBE           00058     movwf CCPR1L    ;Valor de referencia para el comparador del CCP
                      00059 
                      00060     ;Area de configuración de las interrupciones
00004C 8ED0           00061     bsf RCON, IPEN  ;Para habilitar la prioridad en las interrupciones
00004E 0E04           00062     movlw 0x04
000050 6E9D           00063     movwf PIE1      ;Habilitamos la interrupción del CCP
000052 0EE0           00064     movlw 0xE0      
000054 6EF2           00065     movwf INTCON    ;Prendemos la interrupcion por desborde del Timer0 y de perifericos
000056 94F1           00066     bcf INTCON2, TMR0IP ;Para asignar la interrupcion del Timer0 en baja prioridad
                      00067     
000058 6AF6           00068     clrf TBLPTRL
00005A 6B60           00069     clrf dseg
00005C 6B61           00070     clrf useg
00005E 6B62           00071     clrf dec
000060 6B63           00072     clrf cen
000062 6B64           00073     clrf ticks
                      00074 
000064                00075 inicio:
000064 EF?? F???      00076     goto inicio
                      00077 
                      00078 ;rutina de la interrupción de baja prioridad (desborde del Timer0)
000068                00079 interrupcion:
000068 5160           00080     movf dseg, W
00006A 6EF6           00081     movwf TBLPTRL    
00006C 0008           00082     TBLRD*
00006E CFF5 FF8C      00083     movff TABLAT, LATD
000072 808A           00084     bsf LATB, 0
000074 EC?? F???      00085     call nopes
000078 908A           00086     bcf LATB, 0
00007A 5161           00087     movf useg, W
00007C 6EF6           00088     movwf TBLPTRL    
00007E 0008           00089     TBLRD*
000080 CFF5 FF8C      00090     movff TABLAT, LATD
000084 828A           00091     bsf LATB, 1
MPASM 5.71                      MAINCODE.ASM   1-30-2018  16:19:15         PAGE  3


LOC  OBJECT CODE     LINE SOURCE TEXT
  VALUE

000086 EC?? F???      00092     call nopes
00008A 928A           00093     bcf LATB, 1
00008C 5162           00094     movf dec, W
00008E 6EF6           00095     movwf TBLPTRL    
000090 0008           00096     TBLRD*
000092 CFF5 FF8C      00097     movff TABLAT, LATD
000096 848A           00098     bsf LATB, 2
000098 EC?? F???      00099     call nopes
00009C 948A           00100     bcf LATB, 2
00009E 5163           00101     movf cen, W
0000A0 6EF6           00102     movwf TBLPTRL    
0000A2 0008           00103     TBLRD*
0000A4 CFF5 FF8C      00104     movff TABLAT, LATD
0000A8 868A           00105     bsf LATB, 3
0000AA EC?? F???      00106     call nopes
0000AE 968A           00107     bcf LATB, 3
0000B0 94F2           00108     bcf INTCON, TMR0IF      ;Bajamos la banderita de interrupcion por desborde del TImer0
0000B2 0010           00109     retfie
                      00110 
0000B4                00111 nopes:
0000B4 0000           00112     nop
0000B6 0000           00113     nop
0000B8 0000           00114     nop
0000BA 0000           00115     nop
0000BC 0000           00116     nop
0000BE 0000           00117     nop
0000C0 0000           00118     nop
0000C2 0000           00119     nop
0000C4 0000           00120     nop
0000C6 0000           00121     nop
0000C8 0000           00122     nop
0000CA 0000           00123     nop
0000CC 0000           00124     nop
0000CE 0000           00125     nop
0000D0 0000           00126     nop
0000D2 0000           00127     nop
0000D4 0012           00128     return
                      00129 
                      00130 ;rutina de la interrupción de alta prioridad (match del comparador CCP)
0000D6                00131 prioridad:
0000D6 0E09           00132     movlw .9
0000D8 6364           00133     cpfseq ticks
0000DA EF?? F???      00134     goto nopis1
0000DE 6B64           00135     clrf ticks
0000E0 0E09           00136     movlw .9
0000E2 6363           00137     cpfseq cen
0000E4 EF?? F???      00138     goto nopis2
0000E8 6B63           00139     clrf cen
0000EA 0E09           00140     movlw .9
0000EC 6362           00141     cpfseq dec
0000EE EF?? F???      00142     goto nopis3
0000F2 6B62           00143     clrf dec
0000F4 0E09           00144     movlw .9
MPASM 5.71                      MAINCODE.ASM   1-30-2018  16:19:15         PAGE  4


LOC  OBJECT CODE     LINE SOURCE TEXT
  VALUE

0000F6 6361           00145     cpfseq useg
0000F8 EF?? F???      00146     goto nopis4
0000FC 6B61           00147     clrf useg
0000FE 0E05           00148     movlw .5
000100 6360           00149     cpfseq dseg
000102 EF?? F???      00150     goto nopis5
000106 6B60           00151     clrf dseg
000108 EF?? F???      00152     goto fin_interr
00010C 2B64           00153 nopis1: incf ticks, f
00010E EF?? F???      00154         goto fin_interr
000112 2B63           00155 nopis2: incf cen, f
000114 EF?? F???      00156         goto fin_interr
000118 2B62           00157 nopis3: incf dec, f
00011A EF?? F???      00158         goto fin_interr
00011E 2B61           00159 nopis4: incf useg, f
000120 EF?? F???      00160         goto fin_interr
000124 2B60           00161 nopis5: incf dseg, f
000126 EF?? F???      00162         goto fin_interr
00012A                00163 fin_interr:
00012A 949E           00164         bcf PIR1, CCP1IF    ;Bajamos la banderita de la interrupción de match del CCP con el Timer1
00012C 0010           00165         retfie
                      00166    
                      00167     end
MPASM 5.71                      MAINCODE.ASM   1-30-2018  16:19:15         PAGE  5


SYMBOL TABLE
  LABEL                             VALUE 

A                                 00000000
ABDEN                             00000000
ABDOVF                            00000007
ACCESS                            00000000
ACKDT                             00000005
ACKEN                             00000004
ACKSTAT                           00000006
ACQT0                             00000003
ACQT1                             00000004
ACQT2                             00000005
ACTVIE                            00000002
ACTVIF                            00000002
ADCON0                            00000FC2
ADCON1                            00000FC1
ADCON2                            00000FC0
ADCS0                             00000000
ADCS1                             00000001
ADCS2                             00000002
ADDEN                             00000003
ADDR0                             00000000
ADDR1                             00000001
ADDR2                             00000002
ADDR3                             00000003
ADDR4                             00000004
ADDR5                             00000005
ADDR6                             00000006
ADEN                              00000003
ADFM                              00000007
ADIE                              00000006
ADIF                              00000006
ADIP                              00000006
ADON                              00000000
ADRES                             00000FC3
ADRESH                            00000FC4
ADRESL                            00000FC3
AN0                               00000000
AN1                               00000001
AN2                               00000002
AN3                               00000003
AN4                               00000005
BANKED                            00000001
BAUDCON                           00000FB8
BAUDCTL                           00000FB8
BCLIE                             00000003
BCLIF                             00000003
BCLIP                             00000003
BF                                00000000
BGST                              00000005
BOR                               00000000
BRG16                             00000003
BRGH                              00000002
BSR                               00000FE0
BTOEE                             00000004
MPASM 5.71                      MAINCODE.ASM   1-30-2018  16:19:15         PAGE  6


SYMBOL TABLE
  LABEL                             VALUE 

BTOEF                             00000004
BTSEE                             00000007
BTSEF                             00000007
C                                 00000000
C1INV                             00000004
C1OUT                             00000006
C2INV                             00000005
C2OUT                             00000007
CCP1                              00000002
CCP1AS                            00000FB6
CCP1CON                           00000FBD
CCP1DEL                           00000FB7
CCP1IE                            00000002
CCP1IF                            00000002
CCP1IP                            00000002
CCP1M0                            00000000
CCP1M1                            00000001
CCP1M2                            00000002
CCP1M3                            00000003
CCP2CON                           00000FBA
CCP2IE                            00000000
CCP2IF                            00000000
CCP2IP                            00000000
CCP2M0                            00000000
CCP2M1                            00000001
CCP2M2                            00000002
CCP2M3                            00000003
CCPR1                             00000FBE
CCPR1H                            00000FBF
CCPR1L                            00000FBE
CCPR2                             00000FBB
CCPR2H                            00000FBC
CCPR2L                            00000FBB
CFGS                              00000006
CHS0                              00000002
CHS1                              00000003
CHS2                              00000004
CHS3                              00000005
CIS                               00000003
CK                                00000006
CK1SPP                            00000000
CK2SPP                            00000001
CKE                               00000006
CKP                               00000004
CLK1EN                            00000004
CLKCFG0                           00000006
CLKCFG1                           00000007
CM0                               00000000
CM1                               00000001
CM2                               00000002
CMCON                             00000FB4
CMIE                              00000006
CMIF                              00000006
MPASM 5.71                      MAINCODE.ASM   1-30-2018  16:19:15         PAGE  7


SYMBOL TABLE
  LABEL                             VALUE 

CMIP                              00000006
CRC16EE                           00000002
CRC16EF                           00000002
CRC5EE                            00000001
CRC5EF                            00000001
CREN                              00000004
CSEN                              00000005
CSRC                              00000007
CVR0                              00000000
CVR1                              00000001
CVR2                              00000002
CVR3                              00000003
CVRCON                            00000FB5
CVREF                             00000004
CVREN                             00000007
CVROE                             00000006
CVRR                              00000005
CVRSS                             00000004
D                                 00000005
DATA_ADDRESS                      00000005
DC                                00000001
DC1B0                             00000004
DC1B1                             00000005
DC2B0                             00000004
DC2B1                             00000005
DDRA                              TRISA
DDRB                              TRISB
DDRC                              TRISC
DDRD                              TRISD
DDRE                              TRISE
DFN8EE                            00000003
DFN8EF                            00000003
DIR                               00000002
DONE                              00000001
D_A                               00000005
D_NOT_A                           00000005
ECCP1AS                           00000FB6
ECCP1CON                          00000FBD
ECCP1DEL                          00000FB7
ECCPAS0                           00000004
ECCPAS1                           00000005
ECCPAS2                           00000006
ECCPASE                           00000007
EEADR                             00000FA9
EECON1                            00000FA6
EECON2                            00000FA7
EEDATA                            00000FA8
EEIE                              00000004
EEIF                              00000004
EEIP                              00000004
EEPGD                             00000007
ENDP0                             00000003
ENDP1                             00000004
MPASM 5.71                      MAINCODE.ASM   1-30-2018  16:19:15         PAGE  8


SYMBOL TABLE
  LABEL                             VALUE 

ENDP2                             00000005
ENDP3                             00000006
EPCONDIS                          00000003
EPHSHK                            00000004
EPINEN                            00000001
EPOUTEN                           00000002
EPSTALL                           00000000
FAST                              00000001
FERR                              00000002
FLTS                              00000002
FREE                              00000004
FRM0                              00000000
FRM1                              00000001
FRM10                             00000002
FRM2                              00000002
FRM3                              00000003
FRM4                              00000004
FRM5                              00000005
FRM6                              00000006
FRM7                              00000007
FRM8                              00000000
FRM9                              00000001
FSEN                              00000002
FSR0                              00000000
FSR0H                             00000FEA
FSR0L                             00000FE9
FSR1                              00000001
FSR1H                             00000FE2
FSR1L                             00000FE1
FSR2                              00000002
FSR2H                             00000FDA
FSR2L                             00000FD9
GCEN                              00000007
GIE                               00000007
GIEH                              00000007
GIEL                              00000006
GIE_GIEH                          00000007
GO                                00000001
GO_DONE                           00000001
GO_NOT_DONE                       00000001
HLVDCON                           00000FD2
HLVDEN                            00000004
HLVDIE                            00000002
HLVDIF                            00000002
HLVDIN                            00000005
HLVDIP                            00000002
HLVDL0                            00000000
HLVDL1                            00000001
HLVDL2                            00000002
HLVDL3                            00000003
I2C_DAT                           00000005
I2C_READ                          00000002
I2C_START                         00000003
MPASM 5.71                      MAINCODE.ASM   1-30-2018  16:19:15         PAGE  9


SYMBOL TABLE
  LABEL                             VALUE 

I2C_STOP                          00000004
IDLEIE                            00000004
IDLEIF                            00000004
IDLEN                             00000007
INDF0                             00000FEF
INDF1                             00000FE7
INDF2                             00000FDF
INT0                              00000000
INT0E                             00000004
INT0F                             00000001
INT0IE                            00000004
INT0IF                            00000001
INT1                              00000001
INT1E                             00000003
INT1F                             00000000
INT1IE                            00000003
INT1IF                            00000000
INT1IP                            00000006
INT1P                             00000006
INT2                              00000002
INT2E                             00000004
INT2F                             00000001
INT2IE                            00000004
INT2IF                            00000001
INT2IP                            00000007
INT2P                             00000007
INTCON                            00000FF2
INTCON2                           00000FF1
INTCON3                           00000FF0
INTEDG0                           00000006
INTEDG1                           00000005
INTEDG2                           00000004
INTSRC                            00000007
IOFS                              00000002
IPEN                              00000007
IPR1                              00000F9F
IPR2                              00000FA2
IRCF0                             00000004
IRCF1                             00000005
IRCF2                             00000006
IRVST                             00000005
IVRST                             00000005
LATA                              00000F89
LATA0                             00000000
LATA1                             00000001
LATA2                             00000002
LATA3                             00000003
LATA4                             00000004
LATA5                             00000005
LATA6                             00000006
LATB                              00000F8A
LATB0                             00000000
LATB1                             00000001
MPASM 5.71                      MAINCODE.ASM   1-30-2018  16:19:15         PAGE 10


SYMBOL TABLE
  LABEL                             VALUE 

LATB2                             00000002
LATB3                             00000003
LATB4                             00000004
LATB5                             00000005
LATB6                             00000006
LATB7                             00000007
LATC                              00000F8B
LATC0                             00000000
LATC1                             00000001
LATC2                             00000002
LATC6                             00000006
LATC7                             00000007
LATD                              00000F8C
LATD0                             00000000
LATD1                             00000001
LATD2                             00000002
LATD3                             00000003
LATD4                             00000004
LATD5                             00000005
LATD6                             00000006
LATD7                             00000007
LATE                              00000F8D
LATE0                             00000000
LATE1                             00000001
LATE2                             00000002
LVDCON                            00000FD2
LVDEN                             00000004
LVDIE                             00000002
LVDIF                             00000002
LVDIN                             00000005
LVDIP                             00000002
LVDL0                             00000000
LVDL1                             00000001
LVDL2                             00000002
LVDL3                             00000003
LVV0                              00000000
LVV1                              00000001
LVV2                              00000002
LVV3                              00000003
N                                 00000004
NOT_A                             00000005
NOT_ADDRESS                       00000005
NOT_BOR                           00000000
NOT_DONE                          00000001
NOT_IPEN                          00000007
NOT_PD                            00000002
NOT_POR                           00000001
NOT_RBPU                          00000007
NOT_RI                            00000004
NOT_T1SYNC                        00000002
NOT_T3SYNC                        00000002
NOT_TO                            00000003
NOT_W                             00000002
MPASM 5.71                      MAINCODE.ASM   1-30-2018  16:19:15         PAGE 11


SYMBOL TABLE
  LABEL                             VALUE 

NOT_WRITE                         00000002
OERR                              00000001
OESPP                             00000002
OSC2                              00000006
OSCCON                            00000FD3
OSCFIE                            00000007
OSCFIF                            00000007
OSCFIP                            00000007
OSCTUNE                           00000F9B
OSTS                              00000003
OV                                00000003
P                                 00000004
P1A                               00000002
P1M0                              00000006
P1M1                              00000007
PC                                00000FF9
PCFG0                             00000000
PCFG1                             00000001
PCFG2                             00000002
PCFG3                             00000003
PCL                               00000FF9
PCLATH                            00000FFA
PCLATU                            00000FFB
PD                                00000002
PDC0                              00000000
PDC1                              00000001
PDC2                              00000002
PDC3                              00000003
PDC4                              00000004
PDC5                              00000005
PDC6                              00000006
PEIE                              00000006
PEIE_GIEL                         00000006
PEN                               00000002
PGC                               00000006
PGD                               00000007
PGM                               00000005
PIDEE                             00000000
PIDEF                             00000000
PIE1                              00000F9D
PIE2                              00000FA0
PIR1                              00000F9E
PIR2                              00000FA1
PKTDIS                            00000004
PLUSW0                            00000FEB
PLUSW1                            00000FE3
PLUSW2                            00000FDB
POR                               00000001
PORTA                             00000F80
PORTB                             00000F81
PORTC                             00000F82
PORTD                             00000F83
PORTE                             00000F84
MPASM 5.71                      MAINCODE.ASM   1-30-2018  16:19:15         PAGE 12


SYMBOL TABLE
  LABEL                             VALUE 

POSTDEC0                          00000FED
POSTDEC1                          00000FE5
POSTDEC2                          00000FDD
POSTINC0                          00000FEE
POSTINC1                          00000FE6
POSTINC2                          00000FDE
PPB0                              00000000
PPB1                              00000001
PPBI                              00000001
PPBRST                            00000006
PR2                               00000FCB
PREINC0                           00000FEC
PREINC1                           00000FE4
PREINC2                           00000FDC
PROD                              00000FF3
PRODH                             00000FF4
PRODL                             00000FF3
PRSEN                             00000007
PSA                               00000003
PSSAC0                            00000002
PSSAC1                            00000003
PSSBD0                            00000000
PSSBD1                            00000001
R                                 00000002
RA0                               00000000
RA1                               00000001
RA2                               00000002
RA3                               00000003
RA4                               00000004
RA5                               00000005
RA6                               00000006
RB0                               00000000
RB1                               00000001
RB2                               00000002
RB3                               00000003
RB4                               00000004
RB5                               00000005
RB6                               00000006
RB7                               00000007
RBIE                              00000003
RBIF                              00000000
RBIP                              00000000
RBPU                              00000007
RC0                               00000000
RC1                               00000001
RC2                               00000002
RC4                               00000004
RC5                               00000005
RC6                               00000006
RC7                               00000007
RCEN                              00000003
RCIDL                             00000006
RCIE                              00000005
MPASM 5.71                      MAINCODE.ASM   1-30-2018  16:19:15         PAGE 13


SYMBOL TABLE
  LABEL                             VALUE 

RCIF                              00000005
RCIP                              00000005
RCMT                              00000006
RCON                              00000FD0
RCREG                             00000FAE
RCSTA                             00000FAB
RD                                00000000
RD0                               00000000
RD1                               00000001
RD16                              00000007
RD2                               00000002
RD3                               00000003
RD4                               00000004
RD5                               00000005
RD6                               00000006
RD7                               00000007
RDPU                              00000007
RDSPP                             00000007
RE0                               00000000
RE1                               00000001
RE2                               00000002
RE3                               00000003
READ_WRITE                        00000002
RESUME                            00000002
RI                                00000004
RSEN                              00000001
RX                                00000007
RX9                               00000006
RX9D                              00000000
RXDTP                             00000005
R_NOT_W                           00000002
R_W                               00000002
S                                 00000003
SBOREN                            00000006
SCKP                              00000004
SCS0                              00000000
SCS1                              00000001
SE0                               00000005
SEN                               00000000
SENDB                             00000003
SMP                               00000007
SOFIE                             00000006
SOFIF                             00000006
SPBRG                             00000FAF
SPBRGH                            00000FB0
SPEN                              00000007
SPP0                              00000000
SPP1                              00000001
SPP2                              00000002
SPP3                              00000003
SPP4                              00000004
SPP5                              00000005
SPP6                              00000006
MPASM 5.71                      MAINCODE.ASM   1-30-2018  16:19:15         PAGE 14


SYMBOL TABLE
  LABEL                             VALUE 

SPP7                              00000007
SPPBUSY                           00000004
SPPCFG                            00000F63
SPPCON                            00000F65
SPPDATA                           00000F62
SPPEN                             00000000
SPPEPS                            00000F64
SPPIE                             00000007
SPPIF                             00000007
SPPIP                             00000007
SPPOWN                            00000001
SREN                              00000005
SSPADD                            00000FC8
SSPBUF                            00000FC9
SSPCON1                           00000FC6
SSPCON2                           00000FC5
SSPEN                             00000005
SSPIE                             00000003
SSPIF                             00000003
SSPIP                             00000003
SSPM0                             00000000
SSPM1                             00000001
SSPM2                             00000002
SSPM3                             00000003
SSPOV                             00000006
SSPSTAT                           00000FC7
STALLIE                           00000005
STALLIF                           00000005
STATUS                            00000FD8
STKFUL                            00000007
STKOVF                            00000007
STKPTR                            00000FFC
STKPTR0                           00000000
STKPTR1                           00000001
STKPTR2                           00000002
STKPTR3                           00000003
STKPTR4                           00000004
STKUNF                            00000006
SUSPND                            00000001
SWDTE                             00000000
SWDTEN                            00000000
SYNC                              00000004
T08BIT                            00000006
T0CKI                             00000004
T0CON                             00000FD5
T0CS                              00000005
T0IE                              00000005
T0IF                              00000002
T0IP                              00000002
T0PS0                             00000000
T0PS1                             00000001
T0PS2                             00000002
T0SE                              00000004
MPASM 5.71                      MAINCODE.ASM   1-30-2018  16:19:15         PAGE 15


SYMBOL TABLE
  LABEL                             VALUE 

T13CKI                            00000000
T1CKPS0                           00000004
T1CKPS1                           00000005
T1CON                             00000FCD
T1OSCEN                           00000003
T1OSI                             00000001
T1OSO                             00000000
T1RUN                             00000006
T1SYNC                            00000002
T2CKPS0                           00000000
T2CKPS1                           00000001
T2CON                             00000FCA
T2OUTPS0                          00000003
T2OUTPS1                          00000004
T2OUTPS2                          00000005
T2OUTPS3                          00000006
T3CCP1                            00000003
T3CCP2                            00000006
T3CKPS0                           00000004
T3CKPS1                           00000005
T3CON                             00000FB1
T3NSYNC                           00000002
T3SYNC                            00000002
TABLAT                            00000FF5
TBLPTR                            00000FF6
TBLPTRH                           00000FF7
TBLPTRL                           00000FF6
TBLPTRU                           00000FF8
TMR0                              00000FD6
TMR0H                             00000FD7
TMR0IE                            00000005
TMR0IF                            00000002
TMR0IP                            00000002
TMR0L                             00000FD6
TMR0ON                            00000007
TMR1                              00000FCE
TMR1CS                            00000001
TMR1H                             00000FCF
TMR1IE                            00000000
TMR1IF                            00000000
TMR1IP                            00000000
TMR1L                             00000FCE
TMR1ON                            00000000
TMR2                              00000FCC
TMR2IE                            00000001
TMR2IF                            00000001
TMR2IP                            00000001
TMR2ON                            00000002
TMR3                              00000FB2
TMR3CS                            00000001
TMR3H                             00000FB3
TMR3IE                            00000001
TMR3IF                            00000001
MPASM 5.71                      MAINCODE.ASM   1-30-2018  16:19:15         PAGE 16


SYMBOL TABLE
  LABEL                             VALUE 

TMR3IP                            00000001
TMR3L                             00000FB2
TMR3ON                            00000000
TO                                00000003
TOS                               00000FFD
TOSH                              00000FFE
TOSL                              00000FFD
TOSU                              00000FFF
TOUTPS0                           00000003
TOUTPS1                           00000004
TOUTPS2                           00000005
TOUTPS3                           00000006
TRISA                             00000F92
TRISA0                            00000000
TRISA1                            00000001
TRISA2                            00000002
TRISA3                            00000003
TRISA4                            00000004
TRISA5                            00000005
TRISA6                            00000006
TRISB                             00000F93
TRISB0                            00000000
TRISB1                            00000001
TRISB2                            00000002
TRISB3                            00000003
TRISB4                            00000004
TRISB5                            00000005
TRISB6                            00000006
TRISB7                            00000007
TRISC                             00000F94
TRISC0                            00000000
TRISC1                            00000001
TRISC2                            00000002
TRISC6                            00000006
TRISC7                            00000007
TRISD                             00000F95
TRISD0                            00000000
TRISD1                            00000001
TRISD2                            00000002
TRISD3                            00000003
TRISD4                            00000004
TRISD5                            00000005
TRISD6                            00000006
TRISD7                            00000007
TRISE                             00000F96
TRISE0                            00000000
TRISE1                            00000001
TRISE2                            00000002
TRMT                              00000001
TRNIE                             00000003
TRNIF                             00000003
TUN0                              00000000
TUN1                              00000001
MPASM 5.71                      MAINCODE.ASM   1-30-2018  16:19:15         PAGE 17


SYMBOL TABLE
  LABEL                             VALUE 

TUN2                              00000002
TUN3                              00000003
TUN4                              00000004
TX                                00000006
TX9                               00000006
TX9D                              00000000
TXCKP                             00000004
TXEN                              00000005
TXIE                              00000004
TXIF                              00000004
TXIP                              00000004
TXREG                             00000FAD
TXSTA                             00000FAC
UA                                00000001
UADDR                             00000F6E
UCFG                              00000F6F
UCON                              00000F6D
UEIE                              00000F6B
UEIR                              00000F6A
UEP0                              00000F70
UEP1                              00000F71
UEP10                             00000F7A
UEP11                             00000F7B
UEP12                             00000F7C
UEP13                             00000F7D
UEP14                             00000F7E
UEP15                             00000F7F
UEP2                              00000F72
UEP3                              00000F73
UEP4                              00000F74
UEP5                              00000F75
UEP6                              00000F76
UEP7                              00000F77
UEP8                              00000F78
UEP9                              00000F79
UERRIE                            00000001
UERRIF                            00000001
UFRM                              00000F66
UFRMH                             00000F67
UFRML                             00000F66
UIE                               00000F69
UIR                               00000F68
UOEMON                            00000006
UPUEN                             00000004
URSTIE                            00000000
URSTIF                            00000000
USBEN                             00000003
USBIE                             00000005
USBIF                             00000005
USBIP                             00000005
USTAT                             00000F6C
UTEYE                             00000007
UTRDIS                            00000003
MPASM 5.71                      MAINCODE.ASM   1-30-2018  16:19:15         PAGE 18


SYMBOL TABLE
  LABEL                             VALUE 

VCFG0                             00000004
VCFG1                             00000005
VDIRMAG                           00000007
VREFM                             00000002
VREFP                             00000003
W                                 00000000
WCOL                              00000007
WDTCON                            00000FD1
WR                                00000001
WREG                              00000FE8
WREN                              00000002
WRERR                             00000003
WRSPP                             00000006
WS0                               00000000
WS1                               00000001
WS2                               00000002
WS3                               00000003
WUE                               00000001
Z                                 00000002
_BORV_0_2L                        000000E7
_BORV_1_2L                        000000EF
_BORV_2_2L                        000000F7
_BORV_3_2L                        000000FF
_BOR_OFF_2L                       000000F9
_BOR_ON_2L                        000000FF
_BOR_ON_ACTIVE_2L                 000000FD
_BOR_SOFT_2L                      000000FB
_CCP2MX_OFF_3H                    000000FE
_CCP2MX_ON_3H                     000000FF
_CONFIG1H                         00300001
_CONFIG1L                         00300000
_CONFIG2H                         00300003
_CONFIG2L                         00300002
_CONFIG3H                         00300005
_CONFIG4L                         00300006
_CONFIG5H                         00300009
_CONFIG5L                         00300008
_CONFIG6H                         0030000B
_CONFIG6L                         0030000A
_CONFIG7H                         0030000D
_CONFIG7L                         0030000C
_CP0_OFF_5L                       000000FF
_CP0_ON_5L                        000000FE
_CP1_OFF_5L                       000000FF
_CP1_ON_5L                        000000FD
_CP2_OFF_5L                       000000FF
_CP2_ON_5L                        000000FB
_CP3_OFF_5L                       000000FF
_CP3_ON_5L                        000000F7
_CPB_OFF_5H                       000000FF
_CPB_ON_5H                        000000BF
_CPD_OFF_5H                       000000FF
_CPD_ON_5H                        0000007F
MPASM 5.71                      MAINCODE.ASM   1-30-2018  16:19:15         PAGE 19


SYMBOL TABLE
  LABEL                             VALUE 

_CPUDIV_OSC1_PLL2_1L              000000E7
_CPUDIV_OSC2_PLL3_1L              000000EF
_CPUDIV_OSC3_PLL4_1L              000000F7
_CPUDIV_OSC4_PLL6_1L              000000FF
_DEBUG_OFF_4L                     000000FF
_DEBUG_ON_4L                      0000007F
_DEVID1                           003FFFFE
_DEVID2                           003FFFFF
_EBTR0_OFF_7L                     000000FF
_EBTR0_ON_7L                      000000FE
_EBTR1_OFF_7L                     000000FF
_EBTR1_ON_7L                      000000FD
_EBTR2_OFF_7L                     000000FF
_EBTR2_ON_7L                      000000FB
_EBTR3_OFF_7L                     000000FF
_EBTR3_ON_7L                      000000F7
_EBTRB_OFF_7H                     000000FF
_EBTRB_ON_7H                      000000BF
_FCMEN_OFF_1H                     000000BF
_FCMEN_ON_1H                      000000FF
_FOSC_ECIO_EC_1H                  000000F4
_FOSC_ECPLLIO_EC_1H               000000F6
_FOSC_ECPLL_EC_1H                 000000F7
_FOSC_EC_EC_1H                    000000F5
_FOSC_HSPLL_HS_1H                 000000FE
_FOSC_HS_1H                       000000FC
_FOSC_INTOSCIO_EC_1H              000000F8
_FOSC_INTOSC_EC_1H                000000F9
_FOSC_INTOSC_HS_1H                000000FB
_FOSC_INTOSC_XT_1H                000000FA
_FOSC_XTPLL_XT_1H                 000000F2
_FOSC_XT_XT_1H                    000000F0
_ICPRT_OFF_4L                     000000DF
_ICPRT_ON_4L                      000000FF
_IDLOC0                           00200000
_IDLOC1                           00200001
_IDLOC2                           00200002
_IDLOC3                           00200003
_IDLOC4                           00200004
_IDLOC5                           00200005
_IDLOC6                           00200006
_IDLOC7                           00200007
_IESO_OFF_1H                      0000007F
_IESO_ON_1H                       000000FF
_LPT1OSC_OFF_3H                   000000FB
_LPT1OSC_ON_3H                    000000FF
_LVP_OFF_4L                       000000FB
_LVP_ON_4L                        000000FF
_MCLRE_OFF_3H                     0000007F
_MCLRE_ON_3H                      000000FF
_PBADEN_OFF_3H                    000000FD
_PBADEN_ON_3H                     000000FF
_PLLDIV_10_1L                     000000FE
MPASM 5.71                      MAINCODE.ASM   1-30-2018  16:19:15         PAGE 20


SYMBOL TABLE
  LABEL                             VALUE 

_PLLDIV_12_1L                     000000FF
_PLLDIV_1_1L                      000000F8
_PLLDIV_2_1L                      000000F9
_PLLDIV_3_1L                      000000FA
_PLLDIV_4_1L                      000000FB
_PLLDIV_5_1L                      000000FC
_PLLDIV_6_1L                      000000FD
_PWRT_OFF_2L                      000000FF
_PWRT_ON_2L                       000000FE
_STVREN_OFF_4L                    000000FE
_STVREN_ON_4L                     000000FF
_USBDIV_1_1L                      000000DF
_USBDIV_2_1L                      000000FF
_VREGEN_OFF_2L                    000000DF
_VREGEN_ON_2L                     000000FF
_WDTPS_1024_2H                    000000F5
_WDTPS_128_2H                     000000EF
_WDTPS_16384_2H                   000000FD
_WDTPS_16_2H                      000000E9
_WDTPS_1_2H                       000000E1
_WDTPS_2048_2H                    000000F7
_WDTPS_256_2H                     000000F1
_WDTPS_2_2H                       000000E3
_WDTPS_32768_2H                   000000FF
_WDTPS_32_2H                      000000EB
_WDTPS_4096_2H                    000000F9
_WDTPS_4_2H                       000000E5
_WDTPS_512_2H                     000000F3
_WDTPS_64_2H                      000000ED
_WDTPS_8192_2H                    000000FB
_WDTPS_8_2H                       000000E7
_WDT_OFF_2H                       000000FE
_WDT_ON_2H                        000000FF
_WRT0_OFF_6L                      000000FF
_WRT0_ON_6L                       000000FE
_WRT1_OFF_6L                      000000FF
_WRT1_ON_6L                       000000FD
_WRT2_OFF_6L                      000000FF
_WRT2_ON_6L                       000000FB
_WRT3_OFF_6L                      000000FF
_WRT3_ON_6L                       000000F7
_WRTB_OFF_6H                      000000FF
_WRTB_ON_6H                       000000BF
_WRTC_OFF_6H                      000000FF
_WRTC_ON_6H                       000000DF
_WRTD_OFF_6H                      000000FF
_WRTD_ON_6H                       0000007F
_XINST_OFF_4L                     000000BF
_XINST_ON_4L                      000000FF
__18F4550                         00000001
cen                               00000063
dec                               00000062
dseg                              00000060
MPASM 5.71                      MAINCODE.ASM   1-30-2018  16:19:15         PAGE 21


SYMBOL TABLE
  LABEL                             VALUE 

fin_interr                        0000012A
inicio                            00000064
interrupcion                      00000068
nopes                             000000B4
nopis1                            0000010C
nopis2                            00000112
nopis3                            00000118
nopis4                            0000011E
nopis5                            00000124
prioridad                         000000D6
programa                          00000020
t_str                             00000600
ticks                             00000064
useg                              00000061

Errors   :     0
Warnings :     0 reported,     0 suppressed
Messages :     0 reported,     0 suppressed

