Error[113]   C:\USERS\KLNLA\MPLABXPROJECTS\LCDCONADC.X\LCD_LIB.ASM 80 : Symbol not previously defined (LATD)
Error[113]   C:\USERS\KLNLA\MPLABXPROJECTS\LCDCONADC.X\LCD_LIB.ASM 81 : Symbol not previously defined (LATD)
Error[113]   C:\USERS\KLNLA\MPLABXPROJECTS\LCDCONADC.X\LCD_LIB.ASM 104 : Symbol not previously defined (LATD)
Error[113]   C:\USERS\KLNLA\MPLABXPROJECTS\LCDCONADC.X\LCD_LIB.ASM 108 : Symbol not previously defined (LATD)
Error[113]   C:\USERS\KLNLA\MPLABXPROJECTS\LCDCONADC.X\LCD_LIB.ASM 109 : Symbol not previously defined (LATD)
Error[113]   C:\USERS\KLNLA\MPLABXPROJECTS\LCDCONADC.X\LCD_LIB.ASM 110 : Symbol not previously defined (LATD)
Error[113]   C:\USERS\KLNLA\MPLABXPROJECTS\LCDCONADC.X\LCD_LIB.ASM 115 : Symbol not previously defined (LATD)
Error[113]   C:\USERS\KLNLA\MPLABXPROJECTS\LCDCONADC.X\LCD_LIB.ASM 121 : Symbol not previously defined (TRISD)
Error[113]   C:\USERS\KLNLA\MPLABXPROJECTS\LCDCONADC.X\LCD_LIB.ASM 123 : Symbol not previously defined (LATD)
Error[113]   C:\USERS\KLNLA\MPLABXPROJECTS\LCDCONADC.X\LCD_LIB.ASM 124 : Symbol not previously defined (LATD)
Error[113]   C:\USERS\KLNLA\MPLABXPROJECTS\LCDCONADC.X\LCD_LIB.ASM 125 : Symbol not previously defined (LATD)
Error[113]   C:\USERS\KLNLA\MPLABXPROJECTS\LCDCONADC.X\LCD_LIB.ASM 136 : Symbol not previously defined (LATD)
Error[113]   C:\USERS\KLNLA\MPLABXPROJECTS\LCDCONADC.X\LCD_LIB.ASM 142 : Symbol not previously defined (TRISD)
Error[113]   C:\USERS\KLNLA\MPLABXPROJECTS\LCDCONADC.X\LCD_LIB.ASM 144 : Symbol not previously defined (LATD)
Error[113]   C:\USERS\KLNLA\MPLABXPROJECTS\LCDCONADC.X\LCD_LIB.ASM 145 : Symbol not previously defined (LATD)
Error[113]   C:\USERS\KLNLA\MPLABXPROJECTS\LCDCONADC.X\LCD_LIB.ASM 146 : Symbol not previously defined (LATD)
Error[113]   C:\USERS\KLNLA\MPLABXPROJECTS\LCDCONADC.X\LCD_LIB.ASM 163 : Symbol not previously defined (TABLAT)
Error[113]   C:\USERS\KLNLA\MPLABXPROJECTS\LCDCONADC.X\LCD_LIB.ASM 167 : Symbol not previously defined (Z)
Error[113]   C:\USERS\KLNLA\MPLABXPROJECTS\LCDCONADC.X\LCD_LIB.ASM 167 : Symbol not previously defined (STATUS)
Error[113]   C:\USERS\KLNLA\MPLABXPROJECTS\LCDCONADC.X\LCD_LIB.ASM 241 : Symbol not previously defined (C)
Error[113]   C:\USERS\KLNLA\MPLABXPROJECTS\LCDCONADC.X\LCD_LIB.ASM 241 : Symbol not previously defined (STATUS)
Error[113]   C:\USERS\KLNLA\MPLABXPROJECTS\LCDCONADC.X\LCD_LIB.ASM 245 : Symbol not previously defined (C)
Error[113]   C:\USERS\KLNLA\MPLABXPROJECTS\LCDCONADC.X\LCD_LIB.ASM 245 : Symbol not previously defined (STATUS)
