

Microchip MPLAB XC8 Assembler V2.05 build -831301201 
                                                                                               Wed Oct 09 15:34:49 2019

Microchip MPLAB XC8 C Compiler v2.05 (Free license) build 20181220022703 Og1 
     1                           	processor	18F4550
     2                           	fnconf	rparam,??,?,0
     3                           	opt	pw 120
     4                           	opt	flic
     5                           	psect	cinit,global,reloc=2,class=CODE,delta=1
     6                           	psect	cstackCOMRAM,global,class=COMRAM,space=1,delta=1,noexec
     7                           	psect	text0,global,reloc=2,class=CODE,delta=1
     8                           	psect	intsave_regs,global,class=BIGRAM,space=1,delta=1,noexec
     9                           	psect	rparam,global,class=COMRAM,space=1,delta=1,noexec
    10  0000                     
    11                           ; Version 2.05
    12                           ; Generated 20/12/2018 GMT
    13                           ; 
    14                           ; Copyright © 2018, Microchip Technology Inc. and its subsidiaries ("Microchip")
    15                           ; All rights reserved.
    16                           ; 
    17                           ; This software is developed by Microchip Technology Inc. and its subsidiaries ("Microch
      +                          ip").
    18                           ; 
    19                           ; Redistribution and use in source and binary forms, with or without modification, are
    20                           ; permitted provided that the following conditions are met:
    21                           ; 
    22                           ;     1. Redistributions of source code must retain the above copyright notice, this lis
      +                          t of
    23                           ;        conditions and the following disclaimer.
    24                           ; 
    25                           ;     2. Redistributions in binary form must reproduce the above copyright notice, this 
      +                          list
    26                           ;        of conditions and the following disclaimer in the documentation and/or other
    27                           ;        materials provided with the distribution.
    28                           ; 
    29                           ;     3. Microchip's name may not be used to endorse or promote products derived from th
      +                          is
    30                           ;        software without specific prior written permission.
    31                           ; 
    32                           ; THIS SOFTWARE IS PROVIDED BY MICROCHIP "AS IS" AND ANY EXPRESS OR IMPLIED WARRANTIES,
    33                           ; INCLUDING, BUT NOT LIMITED TO, THE IMPLIED WARRANTIES OF MERCHANTABILITY AND FITNESS F
      +                          OR
    34                           ; PURPOSE ARE DISCLAIMED.  IN NO EVENT SHALL MICROCHIP BE LIABLE FOR ANY DIRECT, INDIREC
      +                          T,
    35                           ; INCIDENTAL, SPECIAL, EXEMPLARY, OR CONSEQUENTIAL DAMAGES (INCLUDING BUT NOT LIMITED TO
    36                           ; PROCUREMENT OF SUBSTITUTE GOODS OR SERVICES; LOSS OF USE, DATA OR PROFITS; OR BUSINESS
    37                           ; INTERRUPTION) HOWSOEVER CAUSED AND ON ANY THEORY OF LIABILITY, WHETHER IN CONTRACT, ST
      +                          RICT
    38                           ; LIABILITY, OR TORT (INCLUDING NEGLIGENCE OR OTHERWISE) ARISING IN ANY WAY OUT OF THE U
      +                          SE OF
    39                           ; THIS SOFTWARE, EVEN IF ADVISED OF THE POSSIBILITY OF SUCH DAMAGE.
    40                           ; 
    41                           ; 
    42                           ; Code-generator required, PIC18F4550 Definitions
    43                           ; 
    44                           ; SFR Addresses
    45  0000                     _LATDbits	set	3980
    46  0000                     _PORTBbits	set	3969
    47  0000                     _TRISD	set	3989
    48                           
    49                           ; #config settings
    50  0000                     
    51                           	psect	cinit
    52  007FC8                     __pcinit:
    53                           	opt callstack 0
    54  007FC8                     start_initialization:
    55                           	opt callstack 0
    56  007FC8                     __initialization:
    57                           	opt callstack 0
    58  007FC8                     end_of_initialization:
    59                           	opt callstack 0
    60  007FC8                     __end_of__initialization:
    61                           	opt callstack 0
    62  007FC8  0100               	movlb	0
    63  007FCA  EFE7  F03F         	goto	_main	;jump to C main() function
    64                           
    65                           	psect	cstackCOMRAM
    66  000001                     __pcstackCOMRAM:
    67                           	opt callstack 0
    68  000001                     ??_main:
    69                           
    70                           ; 1 bytes @ 0x0
    71  000001                     	ds	1
    72                           
    73 ;;
    74 ;;Main: autosize = 0, tempsize = 1, incstack = 0, save=0
    75 ;;
    76 ;; *************** function _main *****************
    77 ;; Defined at:
    78 ;;		line 21 in file "newmain3.c"
    79 ;; Parameters:    Size  Location     Type
    80 ;;		None
    81 ;; Auto vars:     Size  Location     Type
    82 ;;		None
    83 ;; Return value:  Size  Location     Type
    84 ;;                  1    wreg      void 
    85 ;; Registers used:
    86 ;;		wreg, status,2
    87 ;; Tracked objects:
    88 ;;		On entry : 0/0
    89 ;;		On exit  : 0/0
    90 ;;		Unchanged: 0/0
    91 ;; Data sizes:     COMRAM   BANK0   BANK1   BANK2   BANK3   BANK4   BANK5   BANK6   BANK7
    92 ;;      Params:         0       0       0       0       0       0       0       0       0
    93 ;;      Locals:         0       0       0       0       0       0       0       0       0
    94 ;;      Temps:          1       0       0       0       0       0       0       0       0
    95 ;;      Totals:         1       0       0       0       0       0       0       0       0
    96 ;;Total ram usage:        1 bytes
    97 ;; This function calls:
    98 ;;		Nothing
    99 ;; This function is called by:
   100 ;;		Startup code after reset
   101 ;; This function uses a non-reentrant model
   102 ;;
   103                           
   104                           	psect	text0
   105  007FCE                     __ptext0:
   106                           	opt callstack 0
   107  007FCE                     _main:
   108                           	opt callstack 31
   109                           
   110                           ;newmain3.c: 22:     TRISD = 0xFE;
   111                           
   112                           ;incstack = 0
   113  007FCE  0EFE               	movlw	254
   114  007FD0  6E95               	movwf	3989,c	;volatile
   115  007FD2                     l696:
   116                           
   117                           ;newmain3.c: 25:         if(PORTBbits.RB0==1){
   118  007FD2  A081               	btfss	3969,0,c	;volatile
   119  007FD4  D013               	goto	l14
   120                           
   121                           ;newmain3.c: 26:             LATDbits.LD0 = 1;
   122  007FD6  808C               	bsf	3980,0,c	;volatile
   123                           
   124                           ;newmain3.c: 27:             _delay((unsigned long)((250)*(48000000UL/4000000.0)));
   125  007FD8  0E04               	movlw	4
   126  007FDA  6E01               	movwf	??_main& (0+255),c
   127  007FDC  0EE4               	movlw	228
   128  007FDE                     u27:
   129  007FDE  2EE8               	decfsz	wreg,f,c
   130  007FE0  D7FE               	bra	u27
   131  007FE2  2E01               	decfsz	??_main& (0+255),f,c
   132  007FE4  D7FC               	bra	u27
   133  007FE6  D000               	nop2	
   134                           
   135                           ;newmain3.c: 28:             LATDbits.LD0 = 0;
   136  007FE8  908C               	bcf	3980,0,c	;volatile
   137                           
   138                           ;newmain3.c: 29:             _delay((unsigned long)((750)*(48000000UL/4000000.0)));
   139  007FEA  0E0C               	movlw	12
   140  007FEC  6E01               	movwf	??_main& (0+255),c
   141  007FEE  0EAF               	movlw	175
   142  007FF0                     u37:
   143  007FF0  2EE8               	decfsz	wreg,f,c
   144  007FF2  D7FE               	bra	u37
   145  007FF4  2E01               	decfsz	??_main& (0+255),f,c
   146  007FF6  D7FC               	bra	u37
   147  007FF8  F000               	nop	
   148                           
   149                           ;newmain3.c: 30:         }
   150  007FFA  D7EB               	goto	l696
   151  007FFC                     l14:
   152                           
   153                           ;newmain3.c: 32:             LATDbits.LD0 = 1;
   154  007FFC  808C               	bsf	3980,0,c	;volatile
   155  007FFE  D7E9               	goto	l696
   156  008000                     __end_of_main:
   157                           	opt callstack 0
   158  0000                     
   159                           	psect	rparam
   160  0000                     tosu	equ	0xFFF
   161                           tosh	equ	0xFFE
   162                           tosl	equ	0xFFD
   163                           stkptr	equ	0xFFC
   164                           pclatu	equ	0xFFB
   165                           pclath	equ	0xFFA
   166                           pcl	equ	0xFF9
   167                           tblptru	equ	0xFF8
   168                           tblptrh	equ	0xFF7
   169                           tblptrl	equ	0xFF6
   170                           tablat	equ	0xFF5
   171                           prodh	equ	0xFF4
   172                           prodl	equ	0xFF3
   173                           indf0	equ	0xFEF
   174                           postinc0	equ	0xFEE
   175                           postdec0	equ	0xFED
   176                           preinc0	equ	0xFEC
   177                           plusw0	equ	0xFEB
   178                           fsr0h	equ	0xFEA
   179                           fsr0l	equ	0xFE9
   180                           wreg	equ	0xFE8
   181                           indf1	equ	0xFE7
   182                           postinc1	equ	0xFE6
   183                           postdec1	equ	0xFE5
   184                           preinc1	equ	0xFE4
   185                           plusw1	equ	0xFE3
   186                           fsr1h	equ	0xFE2
   187                           fsr1l	equ	0xFE1
   188                           bsr	equ	0xFE0
   189                           indf2	equ	0xFDF
   190                           postinc2	equ	0xFDE
   191                           postdec2	equ	0xFDD
   192                           preinc2	equ	0xFDC
   193                           plusw2	equ	0xFDB
   194                           fsr2h	equ	0xFDA
   195                           fsr2l	equ	0xFD9
   196                           status	equ	0xFD8


Data Sizes:
    Strings     0
    Constant    0
    Data        0
    BSS         0
    Persistent  0
    Stack       0

Auto Spaces:
    Space          Size  Autos    Used
    COMRAM           95      1       1
    BANK0           160      0       0
    BANK1           256      0       0
    BANK2           256      0       0
    BANK3           256      0       0
    BANK4           256      0       0
    BANK5           256      0       0
    BANK6           256      0       0
    BANK7           256      0       0

Pointer List with Targets:

    None.

Critical Paths under _main in COMRAM

    None.

Critical Paths under _main in BANK0

    None.

Critical Paths under _main in BANK1

    None.

Critical Paths under _main in BANK2

    None.

Critical Paths under _main in BANK3

    None.

Critical Paths under _main in BANK4

    None.

Critical Paths under _main in BANK5

    None.

Critical Paths under _main in BANK6

    None.

Critical Paths under _main in BANK7

    None.

Call Graph Tables:

 ---------------------------------------------------------------------------------
 (Depth) Function   	        Calls       Base Space   Used Autos Params    Refs
 ---------------------------------------------------------------------------------
 (0) _main                                                 1     1      0       0
                                              0 COMRAM     1     1      0
 ---------------------------------------------------------------------------------
 Estimated maximum stack depth 0
 ---------------------------------------------------------------------------------

 Call Graph Graphs:

 _main (ROOT)

 Address spaces:
Name               Size   Autos  Total    Cost      Usage
BITCOMRAM           5F      0       0       0        0.0%
EEDATA             100      0       0       0        0.0%
NULL                 0      0       0       0        0.0%
CODE                 0      0       0       0        0.0%
COMRAM              5F      1       1       1        1.1%
STACK                0      0       0       2        0.0%
DATA                 0      0       0       3        0.0%
BITBANK0            A0      0       0       4        0.0%
BANK0               A0      0       0       5        0.0%
BITBANK1           100      0       0       6        0.0%
BANK1              100      0       0       7        0.0%
BITBANK2           100      0       0       8        0.0%
BANK2              100      0       0       9        0.0%
BITBANK3           100      0       0      10        0.0%
BANK3              100      0       0      11        0.0%
BITBANK4           100      0       0      12        0.0%
BANK4              100      0       0      13        0.0%
BITBANK5           100      0       0      14        0.0%
BANK5              100      0       0      15        0.0%
BITBANK6           100      0       0      16        0.0%
BANK6              100      0       0      17        0.0%
BITBANK7           100      0       0      18        0.0%
BANK7              100      0       0      19        0.0%
ABS                  0      0       0      20        0.0%
BIGRAM             7FF      0       0      21        0.0%
BITSFR               0      0       0     200        0.0%
SFR                  0      0       0     200        0.0%


Microchip Technology PIC18 Macro Assembler V2.05 build -831301201 
Symbol Table                                                                                   Wed Oct 09 15:34:49 2019

                     l14 7FFC                       u27 7FDE                       u37 7FF0  
            __CFG_BORV$3 000000       __CFG_FOSC$XTPLL_XT 000000                      l696 7FD2  
           __CFG_BOR$OFF 000000                      wreg 000FE8             __CFG_LVP$OFF 000000  
           __CFG_WDT$OFF 000000             __CFG_PWRT$ON 000000                     _main 7FCE  
                   start 0000            __CFG_MCLRE$ON 000000             ___param_bank 000000  
          __CFG_PLLDIV$1 000000           __CFG_CCP2MX$ON 000000                    ?_main 0001  
                  _TRISD 000F95          __initialization 7FC8             __end_of_main 8000  
                 ??_main 0001            __activetblptr 000000               __accesstop 0060  
__end_of__initialization 7FC8          __CFG_PBADEN$OFF 000000            ___rparam_used 000001  
         __pcstackCOMRAM 0001                  __Hparam 0000                  __Lparam 0000  
                __pcinit 7FC8                  __ramtop 0800                  __ptext0 7FCE  
   end_of_initialization 7FC8                _PORTBbits 000F81      start_initialization 7FC8  
       __CFG_LPT1OSC$OFF 000000                 _LATDbits 000F8C         __CFG_WDTPS$32768 000000  
               __Hrparam 0000                 __Lrparam 0000            __size_of_main 0032  
  __CFG_CPUDIV$OSC1_PLL2 000000  
