

Microchip MPLAB XC8 Assembler V2.31 build 20201012212115 
                                                                                               Mon Feb 08 21:57:44 2021

Microchip MPLAB XC8 C Compiler v2.31 (Free license) build 20201012212115 Og1 
     1                           	processor	18F4550
     2                           	fnconf	rparam,??,?,0
     3                           	pagewidth 120
     4                           	opt	flic
     5                           	psect	cinit,global,reloc=2,class=CODE,delta=1
     6                           	psect	bssCOMRAM,global,class=COMRAM,space=1,delta=1,lowdata,noexec
     7                           	psect	cstackCOMRAM,global,class=COMRAM,space=1,delta=1,lowdata,noexec
     8                           	psect	text0,global,reloc=2,class=CODE,delta=1
     9                           	psect	text1,global,reloc=2,class=CODE,delta=1
    10                           	psect	intcode,global,reloc=2,class=CODE,delta=1
    11                           	psect	intcode_body,global,reloc=2,class=CODE,delta=1
    12                           	psect	intsave_regs,global,class=BIGRAM,space=1,delta=1,noexec
    13                           	psect	rparam,global,class=COMRAM,space=1,delta=1,noexec
    14                           	psect	temp,global,ovrld,common,class=COMRAM,space=1,delta=1
    15                           	psect	idloc,global,abs,ovrld,class=IDLOC,space=5,delta=1,noexec
    16                           	psect	config,global,abs,ovrld,class=CONFIG,space=4,delta=1,noexec
    17  0000                     
    18                           ; Version 2.20
    19                           ; Generated 12/02/2020 GMT
    20                           ; 
    21                           ; Copyright © 2020, Microchip Technology Inc. and its subsidiaries ("Microchip")
    22                           ; All rights reserved.
    23                           ; 
    24                           ; This software is developed by Microchip Technology Inc. and its subsidiaries ("Microch
      +                          ip").
    25                           ; 
    26                           ; Redistribution and use in source and binary forms, with or without modification, are
    27                           ; permitted provided that the following conditions are met:
    28                           ; 
    29                           ;     1. Redistributions of source code must retain the above copyright notice, this lis
      +                          t of
    30                           ;        conditions and the following disclaimer.
    31                           ; 
    32                           ;     2. Redistributions in binary form must reproduce the above copyright notice, this 
      +                          list
    33                           ;        of conditions and the following disclaimer in the documentation and/or other
    34                           ;        materials provided with the distribution.
    35                           ; 
    36                           ;     3. Microchip's name may not be used to endorse or promote products derived from th
      +                          is
    37                           ;        software without specific prior written permission.
    38                           ; 
    39                           ; THIS SOFTWARE IS PROVIDED BY MICROCHIP "AS IS" AND ANY EXPRESS OR IMPLIED WARRANTIES,
    40                           ; INCLUDING, BUT NOT LIMITED TO, THE IMPLIED WARRANTIES OF MERCHANTABILITY AND FITNESS F
      +                          OR
    41                           ; PURPOSE ARE DISCLAIMED.  IN NO EVENT SHALL MICROCHIP BE LIABLE FOR ANY DIRECT, INDIREC
      +                          T,
    42                           ; INCIDENTAL, SPECIAL, EXEMPLARY, OR CONSEQUENTIAL DAMAGES (INCLUDING BUT NOT LIMITED TO
    43                           ; PROCUREMENT OF SUBSTITUTE GOODS OR SERVICES; LOSS OF USE, DATA OR PROFITS; OR BUSINESS
    44                           ; INTERRUPTION) HOWSOEVER CAUSED AND ON ANY THEORY OF LIABILITY, WHETHER IN CONTRACT, ST
      +                          RICT
    45                           ; LIABILITY, OR TORT (INCLUDING NEGLIGENCE OR OTHERWISE) ARISING IN ANY WAY OUT OF THE U
      +                          SE OF
    46                           ; THIS SOFTWARE, EVEN IF ADVISED OF THE POSSIBILITY OF SUCH DAMAGE.
    47                           ; 
    48                           ; 
    49                           ; Code-generator required, PIC18F4550 Definitions
    50                           ; 
    51                           ; SFR Addresses
    52  0000                     _INTCONbits	set	4082
    53  0000                     _PORTB	set	3969
    54  0000                     _LATD	set	3980
    55  0000                     _INTCON	set	4082
    56  0000                     _TRISD	set	3989
    57                           
    58                           ; #config settings
    59                           
    60                           	psect	cinit
    61  00009E                     __pcinit:
    62                           	callstack 0
    63  00009E                     start_initialization:
    64                           	callstack 0
    65  00009E                     __initialization:
    66                           	callstack 0
    67                           
    68                           ; Clear objects allocated to COMRAM (3 bytes)
    69  00009E  6A03               	clrf	(__pbssCOMRAM+2)& (0+255),c
    70  0000A0  6A02               	clrf	(__pbssCOMRAM+1)& (0+255),c
    71  0000A2  6A01               	clrf	__pbssCOMRAM& (0+255),c
    72  0000A4                     end_of_initialization:
    73                           	callstack 0
    74  0000A4                     __end_of__initialization:
    75                           	callstack 0
    76  0000A4  9006               	bcf	int$flags,0,c	;clear compiler interrupt flag (level 1)
    77  0000A6  9206               	bcf	int$flags,1,c	;clear compiler interrupt flag (level 2)
    78  0000A8  0100               	movlb	0
    79  0000AA  EF09  F000         	goto	_main	;jump to C main() function
    80                           
    81                           	psect	bssCOMRAM
    82  000001                     __pbssCOMRAM:
    83                           	callstack 0
    84  000001                     _estado:
    85                           	callstack 0
    86  000001                     	ds	2
    87  000003                     _cochinada:
    88                           	callstack 0
    89  000003                     	ds	1
    90                           
    91                           	psect	cstackCOMRAM
    92  000004                     __pcstackCOMRAM:
    93                           	callstack 0
    94  000004                     ??_main:
    95  000004                     
    96                           ; 1 bytes @ 0x0
    97  000004                     	ds	2
    98                           
    99 ;;
   100 ;;Main: autosize = 0, tempsize = 2, incstack = 0, save=0
   101 ;;
   102 ;; *************** function _main *****************
   103 ;; Defined at:
   104 ;;		line 35 in file "maincode3.c"
   105 ;; Parameters:    Size  Location     Type
   106 ;;		None
   107 ;; Auto vars:     Size  Location     Type
   108 ;;		None
   109 ;; Return value:  Size  Location     Type
   110 ;;                  1    wreg      void 
   111 ;; Registers used:
   112 ;;		wreg, status,2, status,0, cstack
   113 ;; Tracked objects:
   114 ;;		On entry : 0/0
   115 ;;		On exit  : 0/0
   116 ;;		Unchanged: 0/0
   117 ;; Data sizes:     COMRAM   BANK0   BANK1   BANK2   BANK3   BANK4   BANK5   BANK6   BANK7
   118 ;;      Params:         0       0       0       0       0       0       0       0       0
   119 ;;      Locals:         0       0       0       0       0       0       0       0       0
   120 ;;      Temps:          2       0       0       0       0       0       0       0       0
   121 ;;      Totals:         2       0       0       0       0       0       0       0       0
   122 ;;Total ram usage:        2 bytes
   123 ;; Hardware stack levels required when called:    2
   124 ;; This function calls:
   125 ;;		_configure
   126 ;; This function is called by:
   127 ;;		Startup code after reset
   128 ;; This function uses a non-reentrant model
   129 ;;
   130                           
   131                           	psect	text0
   132  000012                     __ptext0:
   133                           	callstack 0
   134  000012                     _main:
   135                           	callstack 29
   136  000012                     
   137                           ;maincode3.c: 36:     configure();
   138  000012  EC57  F000         	call	_configure	;wreg free
   139  000016                     l716:
   140                           
   141                           ;maincode3.c: 38:         if(estado == 1){
   142  000016  0401               	decf	_estado^0,w,c
   143  000018  1002               	iorwf	(_estado+1)^0,w,c
   144  00001A  A4D8               	btfss	status,2,c
   145  00001C  EF12  F000         	goto	u11
   146  000020  EF14  F000         	goto	u10
   147  000024                     u11:
   148  000024  EF30  F000         	goto	l724
   149  000028                     u10:
   150  000028                     
   151                           ;maincode3.c: 39:             LATD = 0x01;
   152  000028  0E01               	movlw	1
   153  00002A  6E8C               	movwf	140,c	;volatile
   154  00002C                     
   155                           ;maincode3.c: 40:             _delay((unsigned long)((250)*(48000000UL/4000.0)));
   156  00002C  0E10               	movlw	16
   157  00002E  6E05               	movwf	(??_main+1)^0,c
   158  000030  0E39               	movlw	57
   159  000032  6E04               	movwf	??_main^0,c
   160  000034  0E0E               	movlw	14
   161  000036                     u37:
   162  000036  2EE8               	decfsz	wreg,f,c
   163  000038  D7FE               	bra	u37
   164  00003A  2E04               	decfsz	??_main^0,f,c
   165  00003C  D7FC               	bra	u37
   166  00003E  2E05               	decfsz	(??_main+1)^0,f,c
   167  000040  D7FA               	bra	u37
   168  000042                     
   169                           ;maincode3.c: 41:             LATD = 0x02;
   170  000042  0E02               	movlw	2
   171  000044  6E8C               	movwf	140,c	;volatile
   172                           
   173                           ;maincode3.c: 42:             _delay((unsigned long)((250)*(48000000UL/4000.0)));
   174  000046  0E10               	movlw	16
   175  000048  6E05               	movwf	(??_main+1)^0,c
   176  00004A  0E39               	movlw	57
   177  00004C  6E04               	movwf	??_main^0,c
   178  00004E  0E0E               	movlw	14
   179  000050                     u47:
   180  000050  2EE8               	decfsz	wreg,f,c
   181  000052  D7FE               	bra	u47
   182  000054  2E04               	decfsz	??_main^0,f,c
   183  000056  D7FC               	bra	u47
   184  000058  2E05               	decfsz	(??_main+1)^0,f,c
   185  00005A  D7FA               	bra	u47
   186                           
   187                           ;maincode3.c: 43:         }
   188  00005C  EF0B  F000         	goto	l716
   189  000060                     l724:
   190                           
   191                           ;maincode3.c: 45:             LATD = 0x00;
   192  000060  0E00               	movlw	0
   193  000062  6E8C               	movwf	140,c	;volatile
   194  000064  EF0B  F000         	goto	l716
   195  000068  EF07  F000         	goto	start
   196  00006C                     __end_of_main:
   197                           	callstack 0
   198                           
   199 ;; *************** function _configure *****************
   200 ;; Defined at:
   201 ;;		line 29 in file "maincode3.c"
   202 ;; Parameters:    Size  Location     Type
   203 ;;		None
   204 ;; Auto vars:     Size  Location     Type
   205 ;;		None
   206 ;; Return value:  Size  Location     Type
   207 ;;                  1    wreg      void 
   208 ;; Registers used:
   209 ;;		wreg, status,2
   210 ;; Tracked objects:
   211 ;;		On entry : 0/0
   212 ;;		On exit  : 0/0
   213 ;;		Unchanged: 0/0
   214 ;; Data sizes:     COMRAM   BANK0   BANK1   BANK2   BANK3   BANK4   BANK5   BANK6   BANK7
   215 ;;      Params:         0       0       0       0       0       0       0       0       0
   216 ;;      Locals:         0       0       0       0       0       0       0       0       0
   217 ;;      Temps:          0       0       0       0       0       0       0       0       0
   218 ;;      Totals:         0       0       0       0       0       0       0       0       0
   219 ;;Total ram usage:        0 bytes
   220 ;; Hardware stack levels used:    1
   221 ;; Hardware stack levels required when called:    1
   222 ;; This function calls:
   223 ;;		Nothing
   224 ;; This function is called by:
   225 ;;		_main
   226 ;; This function uses a non-reentrant model
   227 ;;
   228                           
   229                           	psect	text1
   230  0000AE                     __ptext1:
   231                           	callstack 0
   232  0000AE                     _configure:
   233                           	callstack 29
   234  0000AE                     
   235                           ;maincode3.c: 31:     TRISD = 0xFC;
   236  0000AE  0EFC               	movlw	252
   237  0000B0  6E95               	movwf	149,c	;volatile
   238                           
   239                           ;maincode3.c: 32:     INTCON = 0x88;
   240  0000B2  0E88               	movlw	136
   241  0000B4  6EF2               	movwf	242,c	;volatile
   242  0000B6  0012               	return		;funcret
   243  0000B8                     __end_of_configure:
   244                           	callstack 0
   245                           
   246 ;; *************** function _RB_Isr *****************
   247 ;; Defined at:
   248 ;;		line 50 in file "maincode3.c"
   249 ;; Parameters:    Size  Location     Type
   250 ;;		None
   251 ;; Auto vars:     Size  Location     Type
   252 ;;		None
   253 ;; Return value:  Size  Location     Type
   254 ;;                  1    wreg      void 
   255 ;; Registers used:
   256 ;;		wreg, status,2, status,0
   257 ;; Tracked objects:
   258 ;;		On entry : 0/0
   259 ;;		On exit  : 0/0
   260 ;;		Unchanged: 0/0
   261 ;; Data sizes:     COMRAM   BANK0   BANK1   BANK2   BANK3   BANK4   BANK5   BANK6   BANK7
   262 ;;      Params:         0       0       0       0       0       0       0       0       0
   263 ;;      Locals:         0       0       0       0       0       0       0       0       0
   264 ;;      Temps:          0       0       0       0       0       0       0       0       0
   265 ;;      Totals:         0       0       0       0       0       0       0       0       0
   266 ;;Total ram usage:        0 bytes
   267 ;; Hardware stack levels used:    1
   268 ;; This function calls:
   269 ;;		Nothing
   270 ;; This function is called by:
   271 ;;		Interrupt level 2
   272 ;; This function uses a non-reentrant model
   273 ;;
   274                           
   275                           	psect	intcode
   276  000008                     __pintcode:
   277                           	callstack 0
   278  000008                     _RB_Isr:
   279                           	callstack 29
   280                           
   281                           ;incstack = 0
   282  000008  8206               	bsf	int$flags,1,c	;set compiler interrupt flag (level 2)
   283  00000A  ED36  F000         	call	int_func,f	;refresh shadow registers
   284                           
   285                           	psect	intcode_body
   286  00006C                     __pintcode_body:
   287                           	callstack 29
   288  00006C                     int_func:
   289                           	callstack 29
   290  00006C  0006               	pop		; remove dummy address from shadow register refresh
   291  00006E                     
   292                           ;maincode3.c: 51:     cochinada = PORTB;
   293  00006E  CF81 F003          	movff	3969,_cochinada	;volatile
   294  000072                     
   295                           ;maincode3.c: 52:     if(estado == 1){
   296  000072  0401               	decf	_estado^0,w,c
   297  000074  1002               	iorwf	(_estado+1)^0,w,c
   298  000076  A4D8               	btfss	status,2,c
   299  000078  EF40  F000         	goto	i2u2_41
   300  00007C  EF42  F000         	goto	i2u2_40
   301  000080                     i2u2_41:
   302  000080  EF48  F000         	goto	i2l732
   303  000084                     i2u2_40:
   304  000084                     
   305                           ;maincode3.c: 53:         estado = 0;
   306  000084  0E00               	movlw	0
   307  000086  6E02               	movwf	(_estado+1)^0,c
   308  000088  0E00               	movlw	0
   309  00008A  6E01               	movwf	_estado^0,c
   310                           
   311                           ;maincode3.c: 54:     }
   312  00008C  EF4C  F000         	goto	i2l734
   313  000090                     i2l732:
   314                           
   315                           ;maincode3.c: 56:         estado = 1;
   316  000090  0E00               	movlw	0
   317  000092  6E02               	movwf	(_estado+1)^0,c
   318  000094  0E01               	movlw	1
   319  000096  6E01               	movwf	_estado^0,c
   320  000098                     i2l734:
   321                           
   322                           ;maincode3.c: 58:     INTCONbits.RBIF = 0;
   323  000098  90F2               	bcf	242,0,c	;volatile
   324  00009A  9206               	bcf	int$flags,1,c	;clear compiler interrupt flag (level 2)
   325  00009C  0011               	retfie		f
   326  00009E                     __end_of_RB_Isr:
   327                           	callstack 0
   328  0000                     
   329                           	psect	rparam
   330  0000                     
   331                           	psect	temp
   332  000006                     btemp:
   333                           	callstack 0
   334  000006                     	ds	1
   335  0000                     int$flags	set	btemp
   336  0000                     wtemp8	set	btemp+1
   337  0000                     ttemp5	set	btemp+1
   338  0000                     ttemp6	set	btemp+4
   339  0000                     ttemp7	set	btemp+8
   340                           
   341                           	psect	idloc
   342                           
   343                           ;Config register IDLOC0 @ 0x200000
   344                           ;	unspecified, using default values
   345  200000                     	org	2097152
   346  200000  FF                 	db	255
   347                           
   348                           ;Config register IDLOC1 @ 0x200001
   349                           ;	unspecified, using default values
   350  200001                     	org	2097153
   351  200001  FF                 	db	255
   352                           
   353                           ;Config register IDLOC2 @ 0x200002
   354                           ;	unspecified, using default values
   355  200002                     	org	2097154
   356  200002  FF                 	db	255
   357                           
   358                           ;Config register IDLOC3 @ 0x200003
   359                           ;	unspecified, using default values
   360  200003                     	org	2097155
   361  200003  FF                 	db	255
   362                           
   363                           ;Config register IDLOC4 @ 0x200004
   364                           ;	unspecified, using default values
   365  200004                     	org	2097156
   366  200004  FF                 	db	255
   367                           
   368                           ;Config register IDLOC5 @ 0x200005
   369                           ;	unspecified, using default values
   370  200005                     	org	2097157
   371  200005  FF                 	db	255
   372                           
   373                           ;Config register IDLOC6 @ 0x200006
   374                           ;	unspecified, using default values
   375  200006                     	org	2097158
   376  200006  FF                 	db	255
   377                           
   378                           ;Config register IDLOC7 @ 0x200007
   379                           ;	unspecified, using default values
   380  200007                     	org	2097159
   381  200007  FF                 	db	255
   382                           
   383                           	psect	config
   384                           
   385                           ;Config register CONFIG1L @ 0x300000
   386                           ;	PLL Prescaler Selection bits
   387                           ;	PLLDIV = 1, No prescale (4 MHz oscillator input drives PLL directly)
   388                           ;	System Clock Postscaler Selection bits
   389                           ;	CPUDIV = OSC1_PLL2, [Primary Oscillator Src: /1][96 MHz PLL Src: /2]
   390                           ;	USB Clock Selection bit (used in Full-Speed USB mode only; UCFG:FSEN = 1)
   391                           ;	USBDIV = 0x0, unprogrammed default
   392  300000                     	org	3145728
   393  300000  00                 	db	0
   394                           
   395                           ;Config register CONFIG1H @ 0x300001
   396                           ;	Oscillator Selection bits
   397                           ;	FOSC = XTPLL_XT, XT oscillator, PLL enabled (XTPLL)
   398                           ;	Fail-Safe Clock Monitor Enable bit
   399                           ;	FCMEN = 0x0, unprogrammed default
   400                           ;	Internal/External Oscillator Switchover bit
   401                           ;	IESO = 0x0, unprogrammed default
   402  300001                     	org	3145729
   403  300001  02                 	db	2
   404                           
   405                           ;Config register CONFIG2L @ 0x300002
   406                           ;	Power-up Timer Enable bit
   407                           ;	PWRT = ON, PWRT enabled
   408                           ;	Brown-out Reset Enable bits
   409                           ;	BOR = OFF, Brown-out Reset disabled in hardware and software
   410                           ;	Brown-out Reset Voltage bits
   411                           ;	BORV = 3, Minimum setting 2.05V
   412                           ;	USB Voltage Regulator Enable bit
   413                           ;	VREGEN = 0x0, unprogrammed default
   414  300002                     	org	3145730
   415  300002  18                 	db	24
   416                           
   417                           ;Config register CONFIG2H @ 0x300003
   418                           ;	Watchdog Timer Enable bit
   419                           ;	WDT = OFF, WDT disabled (control is placed on the SWDTEN bit)
   420                           ;	Watchdog Timer Postscale Select bits
   421                           ;	WDTPS = 32768, 1:32768
   422  300003                     	org	3145731
   423  300003  1E                 	db	30
   424                           
   425                           ; Padding undefined space
   426  300004                     	org	3145732
   427  300004  FF                 	db	255
   428                           
   429                           ;Config register CONFIG3H @ 0x300005
   430                           ;	CCP2 MUX bit
   431                           ;	CCP2MX = ON, CCP2 input/output is multiplexed with RC1
   432                           ;	PORTB A/D Enable bit
   433                           ;	PBADEN = OFF, PORTB<4:0> pins are configured as digital I/O on Reset
   434                           ;	Low-Power Timer 1 Oscillator Enable bit
   435                           ;	LPT1OSC = OFF, Timer1 configured for higher power operation
   436                           ;	MCLR Pin Enable bit
   437                           ;	MCLRE = ON, MCLR pin enabled; RE3 input pin disabled
   438  300005                     	org	3145733
   439  300005  81                 	db	129
   440                           
   441                           ;Config register CONFIG4L @ 0x300006
   442                           ;	Stack Full/Underflow Reset Enable bit
   443                           ;	STVREN = 0x1, unprogrammed default
   444                           ;	Single-Supply ICSP Enable bit
   445                           ;	LVP = OFF, Single-Supply ICSP disabled
   446                           ;	Dedicated In-Circuit Debug/Programming Port (ICPORT) Enable bit
   447                           ;	ICPRT = 0x0, unprogrammed default
   448                           ;	Extended Instruction Set Enable bit
   449                           ;	XINST = 0x0, unprogrammed default
   450                           ;	Background Debugger Enable bit
   451                           ;	DEBUG = 0x1, unprogrammed default
   452  300006                     	org	3145734
   453  300006  81                 	db	129
   454                           
   455                           ; Padding undefined space
   456  300007                     	org	3145735
   457  300007  FF                 	db	255
   458                           
   459                           ;Config register CONFIG5L @ 0x300008
   460                           ;	unspecified, using default values
   461                           ;	Code Protection bit
   462                           ;	CP0 = 0x1, unprogrammed default
   463                           ;	Code Protection bit
   464                           ;	CP1 = 0x1, unprogrammed default
   465                           ;	Code Protection bit
   466                           ;	CP2 = 0x1, unprogrammed default
   467                           ;	Code Protection bit
   468                           ;	CP3 = 0x1, unprogrammed default
   469  300008                     	org	3145736
   470  300008  0F                 	db	15
   471                           
   472                           ;Config register CONFIG5H @ 0x300009
   473                           ;	unspecified, using default values
   474                           ;	Boot Block Code Protection bit
   475                           ;	CPB = 0x1, unprogrammed default
   476                           ;	Data EEPROM Code Protection bit
   477                           ;	CPD = 0x1, unprogrammed default
   478  300009                     	org	3145737
   479  300009  C0                 	db	192
   480                           
   481                           ;Config register CONFIG6L @ 0x30000A
   482                           ;	unspecified, using default values
   483                           ;	Write Protection bit
   484                           ;	WRT0 = 0x1, unprogrammed default
   485                           ;	Write Protection bit
   486                           ;	WRT1 = 0x1, unprogrammed default
   487                           ;	Write Protection bit
   488                           ;	WRT2 = 0x1, unprogrammed default
   489                           ;	Write Protection bit
   490                           ;	WRT3 = 0x1, unprogrammed default
   491  30000A                     	org	3145738
   492  30000A  0F                 	db	15
   493                           
   494                           ;Config register CONFIG6H @ 0x30000B
   495                           ;	unspecified, using default values
   496                           ;	Configuration Register Write Protection bit
   497                           ;	WRTC = 0x1, unprogrammed default
   498                           ;	Boot Block Write Protection bit
   499                           ;	WRTB = 0x1, unprogrammed default
   500                           ;	Data EEPROM Write Protection bit
   501                           ;	WRTD = 0x1, unprogrammed default
   502  30000B                     	org	3145739
   503  30000B  E0                 	db	224
   504                           
   505                           ;Config register CONFIG7L @ 0x30000C
   506                           ;	unspecified, using default values
   507                           ;	Table Read Protection bit
   508                           ;	EBTR0 = 0x1, unprogrammed default
   509                           ;	Table Read Protection bit
   510                           ;	EBTR1 = 0x1, unprogrammed default
   511                           ;	Table Read Protection bit
   512                           ;	EBTR2 = 0x1, unprogrammed default
   513                           ;	Table Read Protection bit
   514                           ;	EBTR3 = 0x1, unprogrammed default
   515  30000C                     	org	3145740
   516  30000C  0F                 	db	15
   517                           
   518                           ;Config register CONFIG7H @ 0x30000D
   519                           ;	unspecified, using default values
   520                           ;	Boot Block Table Read Protection bit
   521                           ;	EBTRB = 0x1, unprogrammed default
   522  30000D                     	org	3145741
   523  30000D  40                 	db	64
   524                           tosu	equ	0xFFF
   525                           tosh	equ	0xFFE
   526                           tosl	equ	0xFFD
   527                           stkptr	equ	0xFFC
   528                           pclatu	equ	0xFFB
   529                           pclath	equ	0xFFA
   530                           pcl	equ	0xFF9
   531                           tblptru	equ	0xFF8
   532                           tblptrh	equ	0xFF7
   533                           tblptrl	equ	0xFF6
   534                           tablat	equ	0xFF5
   535                           prodh	equ	0xFF4
   536                           prodl	equ	0xFF3
   537                           indf0	equ	0xFEF
   538                           postinc0	equ	0xFEE
   539                           postdec0	equ	0xFED
   540                           preinc0	equ	0xFEC
   541                           plusw0	equ	0xFEB
   542                           fsr0h	equ	0xFEA
   543                           fsr0l	equ	0xFE9
   544                           wreg	equ	0xFE8
   545                           indf1	equ	0xFE7
   546                           postinc1	equ	0xFE6
   547                           postdec1	equ	0xFE5
   548                           preinc1	equ	0xFE4
   549                           plusw1	equ	0xFE3
   550                           fsr1h	equ	0xFE2
   551                           fsr1l	equ	0xFE1
   552                           bsr	equ	0xFE0
   553                           indf2	equ	0xFDF
   554                           postinc2	equ	0xFDE
   555                           postdec2	equ	0xFDD
   556                           preinc2	equ	0xFDC
   557                           plusw2	equ	0xFDB
   558                           fsr2h	equ	0xFDA
   559                           fsr2l	equ	0xFD9
   560                           status	equ	0xFD8

Data Sizes:
    Strings     0
    Constant    0
    Data        0
    BSS         3
    Persistent  0
    Stack       0

Auto Spaces:
    Space          Size  Autos    Used
    COMRAM           94      2       5
    BANK0           160      0       0
    BANK1           256      0       0
    BANK2           256      0       0
    BANK3           256      0       0
    BANK4           256      0       0
    BANK5           256      0       0
    BANK6           256      0       0
    BANK7           256      0       0

Pointer List with Targets:

    None.

Critical Paths under _main in COMRAM

    None.

Critical Paths under _RB_Isr in COMRAM

    None.

Critical Paths under _main in BANK0

    None.

Critical Paths under _RB_Isr in BANK0

    None.

Critical Paths under _main in BANK1

    None.

Critical Paths under _RB_Isr in BANK1

    None.

Critical Paths under _main in BANK2

    None.

Critical Paths under _RB_Isr in BANK2

    None.

Critical Paths under _main in BANK3

    None.

Critical Paths under _RB_Isr in BANK3

    None.

Critical Paths under _main in BANK4

    None.

Critical Paths under _RB_Isr in BANK4

    None.

Critical Paths under _main in BANK5

    None.

Critical Paths under _RB_Isr in BANK5

    None.

Critical Paths under _main in BANK6

    None.

Critical Paths under _RB_Isr in BANK6

    None.

Critical Paths under _main in BANK7

    None.

Critical Paths under _RB_Isr in BANK7

    None.

Call Graph Tables:

 ---------------------------------------------------------------------------------
 (Depth) Function   	        Calls       Base Space   Used Autos Params    Refs
 ---------------------------------------------------------------------------------
 (0) _main                                                 2     2      0       0
                                              0 COMRAM     2     2      0
                          _configure
 ---------------------------------------------------------------------------------
 (1) _configure                                            0     0      0       0
 ---------------------------------------------------------------------------------
 Estimated maximum stack depth 1
 ---------------------------------------------------------------------------------
 (Depth) Function   	        Calls       Base Space   Used Autos Params    Refs
 ---------------------------------------------------------------------------------
 (2) _RB_Isr                                               0     0      0       0
 ---------------------------------------------------------------------------------
 Estimated maximum stack depth 2
 ---------------------------------------------------------------------------------

 Call Graph Graphs:

 _main (ROOT)
   _configure

 _RB_Isr (ROOT)

 Address spaces:
Name               Size   Autos  Total    Cost      Usage
BIGRAM             7FF      0       0      21        0.0%
EEDATA             100      0       0       0        0.0%
BITBANK7           100      0       0      18        0.0%
BANK7              100      0       0      19        0.0%
BITBANK6           100      0       0      16        0.0%
BANK6              100      0       0      17        0.0%
BITBANK5           100      0       0      14        0.0%
BANK5              100      0       0      15        0.0%
BITBANK4           100      0       0      12        0.0%
BANK4              100      0       0      13        0.0%
BITBANK3           100      0       0      10        0.0%
BANK3              100      0       0      11        0.0%
BITBANK2           100      0       0       8        0.0%
BANK2              100      0       0       9        0.0%
BITBANK1           100      0       0       6        0.0%
BANK1              100      0       0       7        0.0%
BITBANK0            A0      0       0       4        0.0%
BANK0               A0      0       0       5        0.0%
BITCOMRAM           5E      0       0       0        0.0%
COMRAM              5E      2       5       1        5.3%
BITSFR               0      0       0     200        0.0%
SFR                  0      0       0     200        0.0%
STACK                0      0       0       2        0.0%
NULL                 0      0       0       0        0.0%
ABS                  0      0       5      20        0.0%
DATA                 0      0       5       3        0.0%
CODE                 0      0       0       0        0.0%


Microchip Technology PIC18 Macro Assembler V2.31 build 20201012212115 
Symbol Table                                                                                   Mon Feb 08 21:57:44 2021

                     l19 00B6                       u10 0028                       u11 0024  
                     u37 0036                       u47 0050                      l712 00AE  
                    l720 002C                      l722 0042                      l714 0012  
                    l724 0060                      l716 0016                      l718 0028  
                    wreg 000FE8                     _LATD 000F8C                     i2l36 009A  
                   _main 0012                     btemp 0006                     start 000E  
           ___param_bank 000000                    ?_main 0004                    i2l730 0084  
                  i2l732 0090                    i2l734 0098                    i2l726 006E  
                  i2l728 0072                    _PORTB 000F81                    _TRISD 000F95  
                  ttemp5 0007                    ttemp6 000A                    ttemp7 000E  
                  status 000FD8                    wtemp8 0007          __initialization 009E  
           __end_of_main 006C                   ??_main 0004            __activetblptr 000000  
                 _INTCON 000FF2                   i2u2_40 0084                   i2u2_41 0080  
                 _RB_Isr 0008                   _estado 0001               __accesstop 0060  
__end_of__initialization 00A4            ___rparam_used 000001           __pcstackCOMRAM 0004  
     __size_of_configure 000A                  ?_RB_Isr 0004          __size_of_RB_Isr 0096  
                __Hparam 0000                  __Lparam 0000        __end_of_configure 00B8  
                __pcinit 009E                  __ramtop 0800                  __ptext0 0012  
                __ptext1 00AE           __pintcode_body 006C     end_of_initialization 00A4  
                int_func 006C           __end_of_RB_Isr 009E      start_initialization 009E  
               ??_RB_Isr 0004              __pbssCOMRAM 0001                __pintcode 0008  
              _cochinada 0003                _configure 00AE               ?_configure 0004  
               __Hrparam 0000                 __Lrparam 0000            __size_of_main 005A  
               int$flags 0006              ??_configure 0004               _INTCONbits 000FF2  
               intlevel2 0000  
