

Microchip MPLAB XC8 Assembler V2.32 build 20210201212658 
                                                                                               Wed Jun 09 12:40:06 2021

Microchip MPLAB XC8 C Compiler v2.32 (Free license) build 20210201212658 Og1 
     1                           	processor	18F4550
     2                           	fnconf	rparam,??,?,0
     3                           	pagewidth 120
     4                           	opt	flic
     5                           	psect	idataCOMRAM,global,class=CODE,delta=1,noexec
     6                           	psect	cinit,global,reloc=2,class=CODE,delta=1
     7                           	psect	dataCOMRAM,global,class=COMRAM,space=1,delta=1,lowdata,noexec
     8                           	psect	cstackCOMRAM,global,class=COMRAM,space=1,delta=1,lowdata,noexec
     9                           	psect	text0,global,reloc=2,class=CODE,delta=1
    10                           	psect	text1,global,reloc=2,class=CODE,delta=1
    11                           	psect	text2,global,reloc=2,class=CODE,delta=1
    12                           	psect	intsave_regs,global,class=BIGRAM,space=1,delta=1,noexec
    13                           	psect	rparam,global,class=COMRAM,space=1,delta=1,noexec
    14                           	psect	idloc,global,abs,ovrld,class=IDLOC,space=5,delta=1,noexec
    15                           	psect	config,global,abs,ovrld,class=CONFIG,space=4,delta=1,noexec
    16  0000                     
    17                           ; Version 2.20
    18                           ; Generated 12/02/2020 GMT
    19                           ; 
    20                           ; Copyright © 2020, Microchip Technology Inc. and its subsidiaries ("Microchip")
    21                           ; All rights reserved.
    22                           ; 
    23                           ; This software is developed by Microchip Technology Inc. and its subsidiaries ("Microch
      +                          ip").
    24                           ; 
    25                           ; Redistribution and use in source and binary forms, with or without modification, are
    26                           ; permitted provided that the following conditions are met:
    27                           ; 
    28                           ;     1. Redistributions of source code must retain the above copyright notice, this lis
      +                          t of
    29                           ;        conditions and the following disclaimer.
    30                           ; 
    31                           ;     2. Redistributions in binary form must reproduce the above copyright notice, this 
      +                          list
    32                           ;        of conditions and the following disclaimer in the documentation and/or other
    33                           ;        materials provided with the distribution.
    34                           ; 
    35                           ;     3. Microchip's name may not be used to endorse or promote products derived from th
      +                          is
    36                           ;        software without specific prior written permission.
    37                           ; 
    38                           ; THIS SOFTWARE IS PROVIDED BY MICROCHIP "AS IS" AND ANY EXPRESS OR IMPLIED WARRANTIES,
    39                           ; INCLUDING, BUT NOT LIMITED TO, THE IMPLIED WARRANTIES OF MERCHANTABILITY AND FITNESS F
      +                          OR
    40                           ; PURPOSE ARE DISCLAIMED.  IN NO EVENT SHALL MICROCHIP BE LIABLE FOR ANY DIRECT, INDIREC
      +                          T,
    41                           ; INCIDENTAL, SPECIAL, EXEMPLARY, OR CONSEQUENTIAL DAMAGES (INCLUDING BUT NOT LIMITED TO
    42                           ; PROCUREMENT OF SUBSTITUTE GOODS OR SERVICES; LOSS OF USE, DATA OR PROFITS; OR BUSINESS
    43                           ; INTERRUPTION) HOWSOEVER CAUSED AND ON ANY THEORY OF LIABILITY, WHETHER IN CONTRACT, ST
      +                          RICT
    44                           ; LIABILITY, OR TORT (INCLUDING NEGLIGENCE OR OTHERWISE) ARISING IN ANY WAY OUT OF THE U
      +                          SE OF
    45                           ; THIS SOFTWARE, EVEN IF ADVISED OF THE POSSIBILITY OF SUCH DAMAGE.
    46                           ; 
    47                           ; 
    48                           ; Code-generator required, PIC18F4550 Definitions
    49                           ; 
    50                           ; SFR Addresses
    51  0000                     
    52                           	psect	idataCOMRAM
    53  007EB0                     __pidataCOMRAM:
    54                           	callstack 0
    55                           
    56                           ;initializer for _auto_fan
    57  007EB0  01                 	db	1
    58  007EB1  02                 	db	2
    59  007EB2  04                 	db	4
    60  007EB3  08                 	db	8
    61  007EB4  10                 	db	16
    62  007EB5  20                 	db	32
    63  007EB6  40                 	db	64
    64  007EB7  80                 	db	128
    65  007EB8  40                 	db	64
    66  007EB9  20                 	db	32
    67  007EBA  10                 	db	16
    68  007EBB  08                 	db	8
    69  007EBC  04                 	db	4
    70  007EBD  02                 	db	2
    71  0000                     _SSPSTATbits	set	4039
    72  0000                     _SSPBUF	set	4041
    73  0000                     _SSPCON2bits	set	4037
    74  0000                     _SSPADD	set	4040
    75  0000                     _SSPCON1bits	set	4038
    76                           
    77                           ; #config settings
    78                           
    79                           	psect	cinit
    80  007ECE                     __pcinit:
    81                           	callstack 0
    82  007ECE                     start_initialization:
    83                           	callstack 0
    84  007ECE                     __initialization:
    85                           	callstack 0
    86                           
    87                           ; Initialize objects allocated to COMRAM (14 bytes)
    88                           ; load TBLPTR registers with __pidataCOMRAM
    89  007ECE  0EB0               	movlw	low __pidataCOMRAM
    90  007ED0  6EF6               	movwf	tblptrl,c
    91  007ED2  0E7E               	movlw	high __pidataCOMRAM
    92  007ED4  6EF7               	movwf	tblptrh,c
    93  007ED6  0E00               	movlw	low (__pidataCOMRAM shr (0+16))
    94  007ED8  6EF8               	movwf	tblptru,c
    95  007EDA  EE00  F001         	lfsr	0,__pdataCOMRAM
    96  007EDE  EE10 F00E          	lfsr	1,14
    97  007EE2                     copy_data0:
    98  007EE2  0009               	tblrd		*+
    99  007EE4  CFF5 FFEE          	movff	tablat,postinc0
   100  007EE8  50E5               	movf	postdec1,w,c
   101  007EEA  50E1               	movf	fsr1l,w,c
   102  007EEC  E1FA               	bnz	copy_data0
   103  007EEE                     end_of_initialization:
   104                           	callstack 0
   105  007EEE                     __end_of__initialization:
   106                           	callstack 0
   107  007EEE  0100               	movlb	0
   108  007EF0  EFAC  F03F         	goto	_main	;jump to C main() function
   109                           
   110                           	psect	dataCOMRAM
   111  000001                     __pdataCOMRAM:
   112                           	callstack 0
   113  000001                     _auto_fan:
   114                           	callstack 0
   115  000001                     	ds	14
   116                           
   117                           	psect	cstackCOMRAM
   118  00000F                     __pcstackCOMRAM:
   119                           	callstack 0
   120  00000F                     pcf8574_write@data:
   121                           	callstack 0
   122                           
   123                           ; 1 bytes @ 0x0
   124  00000F                     	ds	1
   125  000010                     pcf8574_write@addr:
   126                           	callstack 0
   127                           
   128                           ; 1 bytes @ 0x1
   129  000010                     	ds	1
   130  000011                     ??_main:
   131                           
   132                           ; 1 bytes @ 0x2
   133  000011                     	ds	2
   134  000013                     main@x:
   135                           	callstack 0
   136                           
   137                           ; 1 bytes @ 0x4
   138  000013                     	ds	1
   139                           
   140 ;;
   141 ;;Main: autosize = 0, tempsize = 2, incstack = 0, save=0
   142 ;;
   143 ;; *************** function _main *****************
   144 ;; Defined at:
   145 ;;		line 36 in file "maincode3.c"
   146 ;; Parameters:    Size  Location     Type
   147 ;;		None
   148 ;; Auto vars:     Size  Location     Type
   149 ;;  x               1    4[COMRAM] unsigned char 
   150 ;; Return value:  Size  Location     Type
   151 ;;                  1    wreg      void 
   152 ;; Registers used:
   153 ;;		wreg, fsr2l, fsr2h, status,2, status,0, cstack
   154 ;; Tracked objects:
   155 ;;		On entry : 0/0
   156 ;;		On exit  : 0/0
   157 ;;		Unchanged: 0/0
   158 ;; Data sizes:     COMRAM   BANK0   BANK1   BANK2   BANK3   BANK4   BANK5   BANK6   BANK7
   159 ;;      Params:         0       0       0       0       0       0       0       0       0
   160 ;;      Locals:         1       0       0       0       0       0       0       0       0
   161 ;;      Temps:          2       0       0       0       0       0       0       0       0
   162 ;;      Totals:         3       0       0       0       0       0       0       0       0
   163 ;;Total ram usage:        3 bytes
   164 ;; Hardware stack levels required when called: 1
   165 ;; This function calls:
   166 ;;		_mssp_conf
   167 ;;		_pcf8574_write
   168 ;; This function is called by:
   169 ;;		Startup code after reset
   170 ;; This function uses a non-reentrant model
   171 ;;
   172                           
   173                           	psect	text0
   174  007F58                     __ptext0:
   175                           	callstack 0
   176  007F58                     _main:
   177                           	callstack 30
   178  007F58                     
   179                           ;maincode3.c: 37:     mssp_conf();
   180  007F58  EC5F  F03F         	call	_mssp_conf	;wreg free
   181                           
   182                           ;maincode3.c: 38:     pcf8574_write(0x44, 0x00);
   183  007F5C  0E00               	movlw	0
   184  007F5E  6E0F               	movwf	pcf8574_write@data^0,c
   185  007F60  0E44               	movlw	68
   186  007F62  EC7A  F03F         	call	_pcf8574_write
   187                           
   188                           ;maincode3.c: 39:     pcf8574_write(0x70, 0x00);
   189  007F66  0E00               	movlw	0
   190  007F68  6E0F               	movwf	pcf8574_write@data^0,c
   191  007F6A  0E70               	movlw	112
   192  007F6C  EC7A  F03F         	call	_pcf8574_write
   193  007F70                     l772:
   194  007F70                     
   195                           ;maincode3.c: 42:         for(x=0;x<14;x++){
   196  007F70  0E00               	movlw	0
   197  007F72  6E13               	movwf	main@x^0,c
   198  007F74                     l780:
   199                           
   200                           ;maincode3.c: 43:             pcf8574_write(0x44, auto_fan[x]);
   201  007F74  0E01               	movlw	low _auto_fan
   202  007F76  2413               	addwf	main@x^0,w,c
   203  007F78  6ED9               	movwf	fsr2l,c
   204  007F7A  6ADA               	clrf	fsr2h,c
   205  007F7C  0E00               	movlw	high _auto_fan
   206  007F7E  22DA               	addwfc	fsr2h,f,c
   207  007F80  50DF               	movf	indf2,w,c
   208  007F82  6E0F               	movwf	pcf8574_write@data^0,c
   209  007F84  0E44               	movlw	68
   210  007F86  EC7A  F03F         	call	_pcf8574_write
   211  007F8A                     
   212                           ;maincode3.c: 44:             _delay((unsigned long)((100)*(48000000UL/4000.0)));
   213  007F8A  0E07               	movlw	7
   214  007F8C  6E12               	movwf	(??_main+1)^0,c
   215  007F8E  0E17               	movlw	23
   216  007F90  6E11               	movwf	??_main^0,c
   217  007F92  0E6A               	movlw	106
   218  007F94                     u177:
   219  007F94  2EE8               	decfsz	wreg,f,c
   220  007F96  D7FE               	bra	u177
   221  007F98  2E11               	decfsz	??_main^0,f,c
   222  007F9A  D7FC               	bra	u177
   223  007F9C  2E12               	decfsz	(??_main+1)^0,f,c
   224  007F9E  D7FA               	bra	u177
   225  007FA0  D000               	nop2	
   226  007FA2                     
   227                           ;maincode3.c: 45:         }
   228  007FA2  2A13               	incf	main@x^0,f,c
   229  007FA4  0E0D               	movlw	13
   230  007FA6  6413               	cpfsgt	main@x^0,c
   231  007FA8  EFD8  F03F         	goto	u151
   232  007FAC  EFDA  F03F         	goto	u150
   233  007FB0                     u151:
   234  007FB0  EFBA  F03F         	goto	l780
   235  007FB4                     u150:
   236  007FB4                     
   237                           ;maincode3.c: 46:         for(x=0;x<14;x++){
   238  007FB4  0E00               	movlw	0
   239  007FB6  6E13               	movwf	main@x^0,c
   240  007FB8                     l794:
   241                           
   242                           ;maincode3.c: 47:             pcf8574_write(0x70, auto_fan[x]);
   243  007FB8  0E01               	movlw	low _auto_fan
   244  007FBA  2413               	addwf	main@x^0,w,c
   245  007FBC  6ED9               	movwf	fsr2l,c
   246  007FBE  6ADA               	clrf	fsr2h,c
   247  007FC0  0E00               	movlw	high _auto_fan
   248  007FC2  22DA               	addwfc	fsr2h,f,c
   249  007FC4  50DF               	movf	indf2,w,c
   250  007FC6  6E0F               	movwf	pcf8574_write@data^0,c
   251  007FC8  0E70               	movlw	112
   252  007FCA  EC7A  F03F         	call	_pcf8574_write
   253  007FCE                     
   254                           ;maincode3.c: 48:             _delay((unsigned long)((100)*(48000000UL/4000.0)));
   255  007FCE  0E07               	movlw	7
   256  007FD0  6E12               	movwf	(??_main+1)^0,c
   257  007FD2  0E17               	movlw	23
   258  007FD4  6E11               	movwf	??_main^0,c
   259  007FD6  0E6A               	movlw	106
   260  007FD8                     u187:
   261  007FD8  2EE8               	decfsz	wreg,f,c
   262  007FDA  D7FE               	bra	u187
   263  007FDC  2E11               	decfsz	??_main^0,f,c
   264  007FDE  D7FC               	bra	u187
   265  007FE0  2E12               	decfsz	(??_main+1)^0,f,c
   266  007FE2  D7FA               	bra	u187
   267  007FE4  D000               	nop2	
   268  007FE6                     
   269                           ;maincode3.c: 49:         }
   270  007FE6  2A13               	incf	main@x^0,f,c
   271  007FE8  0E0D               	movlw	13
   272  007FEA  6413               	cpfsgt	main@x^0,c
   273  007FEC  EFFA  F03F         	goto	u161
   274  007FF0  EFFC  F03F         	goto	u160
   275  007FF4                     u161:
   276  007FF4  EFDC  F03F         	goto	l794
   277  007FF8                     u160:
   278  007FF8  EFB8  F03F         	goto	l772
   279  007FFC  EF00  F000         	goto	start
   280  008000                     __end_of_main:
   281                           	callstack 0
   282                           
   283 ;; *************** function _pcf8574_write *****************
   284 ;; Defined at:
   285 ;;		line 23 in file "maincode3.c"
   286 ;; Parameters:    Size  Location     Type
   287 ;;  addr            1    wreg     unsigned char 
   288 ;;  data            1    0[COMRAM] unsigned char 
   289 ;; Auto vars:     Size  Location     Type
   290 ;;  addr            1    1[COMRAM] unsigned char 
   291 ;; Return value:  Size  Location     Type
   292 ;;                  1    wreg      void 
   293 ;; Registers used:
   294 ;;		wreg
   295 ;; Tracked objects:
   296 ;;		On entry : 0/0
   297 ;;		On exit  : 0/0
   298 ;;		Unchanged: 0/0
   299 ;; Data sizes:     COMRAM   BANK0   BANK1   BANK2   BANK3   BANK4   BANK5   BANK6   BANK7
   300 ;;      Params:         1       0       0       0       0       0       0       0       0
   301 ;;      Locals:         1       0       0       0       0       0       0       0       0
   302 ;;      Temps:          0       0       0       0       0       0       0       0       0
   303 ;;      Totals:         2       0       0       0       0       0       0       0       0
   304 ;;Total ram usage:        2 bytes
   305 ;; Hardware stack levels used: 1
   306 ;; This function calls:
   307 ;;		Nothing
   308 ;; This function is called by:
   309 ;;		_main
   310 ;; This function uses a non-reentrant model
   311 ;;
   312                           
   313                           	psect	text1
   314  007EF4                     __ptext1:
   315                           	callstack 0
   316  007EF4                     _pcf8574_write:
   317                           	callstack 30
   318                           
   319                           ;incstack = 0
   320                           ;pcf8574_write@addr stored from wreg
   321  007EF4  6E10               	movwf	pcf8574_write@addr^0,c
   322  007EF6                     
   323                           ;maincode3.c: 24:     SSPCON2bits.SEN = 1;
   324  007EF6  80C5               	bsf	197,0,c	;volatile
   325  007EF8                     l20:
   326  007EF8  B0C5               	btfsc	197,0,c	;volatile
   327  007EFA  EF81  F03F         	goto	u91
   328  007EFE  EF83  F03F         	goto	u90
   329  007F02                     u91:
   330  007F02  EF7C  F03F         	goto	l20
   331  007F06                     u90:
   332  007F06                     
   333                           ;maincode3.c: 26:     SSPBUF = addr;
   334  007F06  C010  FFC9         	movff	pcf8574_write@addr,4041	;volatile
   335  007F0A                     l23:
   336  007F0A  B0C7               	btfsc	199,0,c	;volatile
   337  007F0C  EF8A  F03F         	goto	u101
   338  007F10  EF8C  F03F         	goto	u100
   339  007F14                     u101:
   340  007F14  EF85  F03F         	goto	l23
   341  007F18                     u100:
   342  007F18                     l26:
   343  007F18  B4C7               	btfsc	199,2,c	;volatile
   344  007F1A  EF91  F03F         	goto	u111
   345  007F1E  EF93  F03F         	goto	u110
   346  007F22                     u111:
   347  007F22  EF8C  F03F         	goto	l26
   348  007F26                     u110:
   349  007F26                     
   350                           ;maincode3.c: 29:     SSPBUF = data;
   351  007F26  C00F  FFC9         	movff	pcf8574_write@data,4041	;volatile
   352  007F2A                     l29:
   353  007F2A  B0C7               	btfsc	199,0,c	;volatile
   354  007F2C  EF9A  F03F         	goto	u121
   355  007F30  EF9C  F03F         	goto	u120
   356  007F34                     u121:
   357  007F34  EF95  F03F         	goto	l29
   358  007F38                     u120:
   359  007F38                     l32:
   360  007F38  B4C7               	btfsc	199,2,c	;volatile
   361  007F3A  EFA1  F03F         	goto	u131
   362  007F3E  EFA3  F03F         	goto	u130
   363  007F42                     u131:
   364  007F42  EF9C  F03F         	goto	l32
   365  007F46                     u130:
   366  007F46                     
   367                           ;maincode3.c: 32:     SSPCON2bits.PEN = 1;
   368  007F46  84C5               	bsf	197,2,c	;volatile
   369  007F48                     l35:
   370  007F48  B4C5               	btfsc	197,2,c	;volatile
   371  007F4A  EFA9  F03F         	goto	u141
   372  007F4E  EFAB  F03F         	goto	u140
   373  007F52                     u141:
   374  007F52  EFA4  F03F         	goto	l35
   375  007F56                     u140:
   376  007F56  0012               	return		;funcret
   377  007F58                     __end_of_pcf8574_write:
   378                           	callstack 0
   379                           
   380 ;; *************** function _mssp_conf *****************
   381 ;; Defined at:
   382 ;;		line 14 in file "maincode3.c"
   383 ;; Parameters:    Size  Location     Type
   384 ;;		None
   385 ;; Auto vars:     Size  Location     Type
   386 ;;		None
   387 ;; Return value:  Size  Location     Type
   388 ;;                  1    wreg      void 
   389 ;; Registers used:
   390 ;;		wreg, status,2
   391 ;; Tracked objects:
   392 ;;		On entry : 0/0
   393 ;;		On exit  : 0/0
   394 ;;		Unchanged: 0/0
   395 ;; Data sizes:     COMRAM   BANK0   BANK1   BANK2   BANK3   BANK4   BANK5   BANK6   BANK7
   396 ;;      Params:         0       0       0       0       0       0       0       0       0
   397 ;;      Locals:         0       0       0       0       0       0       0       0       0
   398 ;;      Temps:          0       0       0       0       0       0       0       0       0
   399 ;;      Totals:         0       0       0       0       0       0       0       0       0
   400 ;;Total ram usage:        0 bytes
   401 ;; Hardware stack levels used: 1
   402 ;; This function calls:
   403 ;;		Nothing
   404 ;; This function is called by:
   405 ;;		_main
   406 ;; This function uses a non-reentrant model
   407 ;;
   408                           
   409                           	psect	text2
   410  007EBE                     __ptext2:
   411                           	callstack 0
   412  007EBE                     _mssp_conf:
   413                           	callstack 30
   414  007EBE                     
   415                           ;maincode3.c: 15:     SSPCON1bits.SSPEN = 1;
   416  007EBE  8AC6               	bsf	198,5,c	;volatile
   417                           
   418                           ;maincode3.c: 16:     SSPCON1bits.SSPM3 = 1;
   419  007EC0  86C6               	bsf	198,3,c	;volatile
   420                           
   421                           ;maincode3.c: 17:     SSPCON1bits.SSPM2 = 0;
   422  007EC2  94C6               	bcf	198,2,c	;volatile
   423                           
   424                           ;maincode3.c: 18:     SSPCON1bits.SSPM1 = 0;
   425  007EC4  92C6               	bcf	198,1,c	;volatile
   426                           
   427                           ;maincode3.c: 19:     SSPCON1bits.SSPM0 = 0;
   428  007EC6  90C6               	bcf	198,0,c	;volatile
   429  007EC8                     
   430                           ;maincode3.c: 20:     SSPADD = 119;
   431  007EC8  0E77               	movlw	119
   432  007ECA  6EC8               	movwf	200,c	;volatile
   433  007ECC  0012               	return		;funcret
   434  007ECE                     __end_of_mssp_conf:
   435                           	callstack 0
   436  0000                     
   437                           	psect	rparam
   438  0000                     
   439                           	psect	idloc
   440                           
   441                           ;Config register IDLOC0 @ 0x200000
   442                           ;	unspecified, using default values
   443  200000                     	org	2097152
   444  200000  FF                 	db	255
   445                           
   446                           ;Config register IDLOC1 @ 0x200001
   447                           ;	unspecified, using default values
   448  200001                     	org	2097153
   449  200001  FF                 	db	255
   450                           
   451                           ;Config register IDLOC2 @ 0x200002
   452                           ;	unspecified, using default values
   453  200002                     	org	2097154
   454  200002  FF                 	db	255
   455                           
   456                           ;Config register IDLOC3 @ 0x200003
   457                           ;	unspecified, using default values
   458  200003                     	org	2097155
   459  200003  FF                 	db	255
   460                           
   461                           ;Config register IDLOC4 @ 0x200004
   462                           ;	unspecified, using default values
   463  200004                     	org	2097156
   464  200004  FF                 	db	255
   465                           
   466                           ;Config register IDLOC5 @ 0x200005
   467                           ;	unspecified, using default values
   468  200005                     	org	2097157
   469  200005  FF                 	db	255
   470                           
   471                           ;Config register IDLOC6 @ 0x200006
   472                           ;	unspecified, using default values
   473  200006                     	org	2097158
   474  200006  FF                 	db	255
   475                           
   476                           ;Config register IDLOC7 @ 0x200007
   477                           ;	unspecified, using default values
   478  200007                     	org	2097159
   479  200007  FF                 	db	255
   480                           
   481                           	psect	config
   482                           
   483                           ;Config register CONFIG1L @ 0x300000
   484                           ;	PLL Prescaler Selection bits
   485                           ;	PLLDIV = 1, No prescale (4 MHz oscillator input drives PLL directly)
   486                           ;	System Clock Postscaler Selection bits
   487                           ;	CPUDIV = OSC1_PLL2, [Primary Oscillator Src: /1][96 MHz PLL Src: /2]
   488                           ;	USB Clock Selection bit (used in Full-Speed USB mode only; UCFG:FSEN = 1)
   489                           ;	USBDIV = 1, USB clock source comes directly from the primary oscillator block with no 
      +                          postscale
   490  300000                     	org	3145728
   491  300000  00                 	db	0
   492                           
   493                           ;Config register CONFIG1H @ 0x300001
   494                           ;	Oscillator Selection bits
   495                           ;	FOSC = XTPLL_XT, XT oscillator, PLL enabled (XTPLL)
   496                           ;	Fail-Safe Clock Monitor Enable bit
   497                           ;	FCMEN = OFF, Fail-Safe Clock Monitor disabled
   498                           ;	Internal/External Oscillator Switchover bit
   499                           ;	IESO = OFF, Oscillator Switchover mode disabled
   500  300001                     	org	3145729
   501  300001  02                 	db	2
   502                           
   503                           ;Config register CONFIG2L @ 0x300002
   504                           ;	Power-up Timer Enable bit
   505                           ;	PWRT = ON, PWRT enabled
   506                           ;	Brown-out Reset Enable bits
   507                           ;	BOR = OFF, Brown-out Reset disabled in hardware and software
   508                           ;	Brown-out Reset Voltage bits
   509                           ;	BORV = 3, Minimum setting 2.05V
   510                           ;	USB Voltage Regulator Enable bit
   511                           ;	VREGEN = OFF, USB voltage regulator disabled
   512  300002                     	org	3145730
   513  300002  18                 	db	24
   514                           
   515                           ;Config register CONFIG2H @ 0x300003
   516                           ;	Watchdog Timer Enable bit
   517                           ;	WDT = OFF, WDT disabled (control is placed on the SWDTEN bit)
   518                           ;	Watchdog Timer Postscale Select bits
   519                           ;	WDTPS = 32768, 1:32768
   520  300003                     	org	3145731
   521  300003  1E                 	db	30
   522                           
   523                           ; Padding undefined space
   524  300004                     	org	3145732
   525  300004  FF                 	db	255
   526                           
   527                           ;Config register CONFIG3H @ 0x300005
   528                           ;	CCP2 MUX bit
   529                           ;	CCP2MX = ON, CCP2 input/output is multiplexed with RC1
   530                           ;	PORTB A/D Enable bit
   531                           ;	PBADEN = OFF, PORTB<4:0> pins are configured as digital I/O on Reset
   532                           ;	Low-Power Timer 1 Oscillator Enable bit
   533                           ;	LPT1OSC = OFF, Timer1 configured for higher power operation
   534                           ;	MCLR Pin Enable bit
   535                           ;	MCLRE = ON, MCLR pin enabled; RE3 input pin disabled
   536  300005                     	org	3145733
   537  300005  81                 	db	129
   538                           
   539                           ;Config register CONFIG4L @ 0x300006
   540                           ;	Stack Full/Underflow Reset Enable bit
   541                           ;	STVREN = ON, Stack full/underflow will cause Reset
   542                           ;	Single-Supply ICSP Enable bit
   543                           ;	LVP = OFF, Single-Supply ICSP disabled
   544                           ;	Dedicated In-Circuit Debug/Programming Port (ICPORT) Enable bit
   545                           ;	ICPRT = OFF, ICPORT disabled
   546                           ;	Extended Instruction Set Enable bit
   547                           ;	XINST = OFF, Instruction set extension and Indexed Addressing mode disabled (Legacy mo
      +                          de)
   548                           ;	Background Debugger Enable bit
   549                           ;	DEBUG = 0x1, unprogrammed default
   550  300006                     	org	3145734
   551  300006  81                 	db	129
   552                           
   553                           ; Padding undefined space
   554  300007                     	org	3145735
   555  300007  FF                 	db	255
   556                           
   557                           ;Config register CONFIG5L @ 0x300008
   558                           ;	Code Protection bit
   559                           ;	CP0 = OFF, Block 0 (000800-001FFFh) is not code-protected
   560                           ;	Code Protection bit
   561                           ;	CP1 = OFF, Block 1 (002000-003FFFh) is not code-protected
   562                           ;	Code Protection bit
   563                           ;	CP2 = OFF, Block 2 (004000-005FFFh) is not code-protected
   564                           ;	Code Protection bit
   565                           ;	CP3 = OFF, Block 3 (006000-007FFFh) is not code-protected
   566  300008                     	org	3145736
   567  300008  0F                 	db	15
   568                           
   569                           ;Config register CONFIG5H @ 0x300009
   570                           ;	Boot Block Code Protection bit
   571                           ;	CPB = OFF, Boot block (000000-0007FFh) is not code-protected
   572                           ;	Data EEPROM Code Protection bit
   573                           ;	CPD = OFF, Data EEPROM is not code-protected
   574  300009                     	org	3145737
   575  300009  C0                 	db	192
   576                           
   577                           ;Config register CONFIG6L @ 0x30000A
   578                           ;	Write Protection bit
   579                           ;	WRT0 = OFF, Block 0 (000800-001FFFh) is not write-protected
   580                           ;	Write Protection bit
   581                           ;	WRT1 = OFF, Block 1 (002000-003FFFh) is not write-protected
   582                           ;	Write Protection bit
   583                           ;	WRT2 = OFF, Block 2 (004000-005FFFh) is not write-protected
   584                           ;	Write Protection bit
   585                           ;	WRT3 = OFF, Block 3 (006000-007FFFh) is not write-protected
   586  30000A                     	org	3145738
   587  30000A  0F                 	db	15
   588                           
   589                           ;Config register CONFIG6H @ 0x30000B
   590                           ;	Configuration Register Write Protection bit
   591                           ;	WRTC = OFF, Configuration registers (300000-3000FFh) are not write-protected
   592                           ;	Boot Block Write Protection bit
   593                           ;	WRTB = OFF, Boot block (000000-0007FFh) is not write-protected
   594                           ;	Data EEPROM Write Protection bit
   595                           ;	WRTD = OFF, Data EEPROM is not write-protected
   596  30000B                     	org	3145739
   597  30000B  E0                 	db	224
   598                           
   599                           ;Config register CONFIG7L @ 0x30000C
   600                           ;	Table Read Protection bit
   601                           ;	EBTR0 = OFF, Block 0 (000800-001FFFh) is not protected from table reads executed in ot
      +                          her blocks
   602                           ;	Table Read Protection bit
   603                           ;	EBTR1 = OFF, Block 1 (002000-003FFFh) is not protected from table reads executed in ot
      +                          her blocks
   604                           ;	Table Read Protection bit
   605                           ;	EBTR2 = OFF, Block 2 (004000-005FFFh) is not protected from table reads executed in ot
      +                          her blocks
   606                           ;	Table Read Protection bit
   607                           ;	EBTR3 = OFF, Block 3 (006000-007FFFh) is not protected from table reads executed in ot
      +                          her blocks
   608  30000C                     	org	3145740
   609  30000C  0F                 	db	15
   610                           
   611                           ;Config register CONFIG7H @ 0x30000D
   612                           ;	Boot Block Table Read Protection bit
   613                           ;	EBTRB = OFF, Boot block (000000-0007FFh) is not protected from table reads executed in
      +                           other blocks
   614  30000D                     	org	3145741
   615  30000D  40                 	db	64
   616                           tosu	equ	0xFFF
   617                           tosh	equ	0xFFE
   618                           tosl	equ	0xFFD
   619                           stkptr	equ	0xFFC
   620                           pclatu	equ	0xFFB
   621                           pclath	equ	0xFFA
   622                           pcl	equ	0xFF9
   623                           tblptru	equ	0xFF8
   624                           tblptrh	equ	0xFF7
   625                           tblptrl	equ	0xFF6
   626                           tablat	equ	0xFF5
   627                           prodh	equ	0xFF4
   628                           prodl	equ	0xFF3
   629                           indf0	equ	0xFEF
   630                           postinc0	equ	0xFEE
   631                           postdec0	equ	0xFED
   632                           preinc0	equ	0xFEC
   633                           plusw0	equ	0xFEB
   634                           fsr0h	equ	0xFEA
   635                           fsr0l	equ	0xFE9
   636                           wreg	equ	0xFE8
   637                           indf1	equ	0xFE7
   638                           postinc1	equ	0xFE6
   639                           postdec1	equ	0xFE5
   640                           preinc1	equ	0xFE4
   641                           plusw1	equ	0xFE3
   642                           fsr1h	equ	0xFE2
   643                           fsr1l	equ	0xFE1
   644                           bsr	equ	0xFE0
   645                           indf2	equ	0xFDF
   646                           postinc2	equ	0xFDE
   647                           postdec2	equ	0xFDD
   648                           preinc2	equ	0xFDC
   649                           plusw2	equ	0xFDB
   650                           fsr2h	equ	0xFDA
   651                           fsr2l	equ	0xFD9
   652                           status	equ	0xFD8

Data Sizes:
    Strings     0
    Constant    0
    Data        14
    BSS         0
    Persistent  0
    Stack       0

Auto Spaces:
    Space          Size  Autos    Used
    COMRAM           95      5      19
    BANK0           160      0       0
    BANK1           256      0       0
    BANK2           256      0       0
    BANK3           256      0       0
    BANK4           256      0       0
    BANK5           256      0       0
    BANK6           256      0       0
    BANK7           256      0       0

Pointer List with Targets:

    None.

Critical Paths under _main in COMRAM

    _main->_pcf8574_write

Critical Paths under _main in BANK0

    None.

Critical Paths under _main in BANK1

    None.

Critical Paths under _main in BANK2

    None.

Critical Paths under _main in BANK3

    None.

Critical Paths under _main in BANK4

    None.

Critical Paths under _main in BANK5

    None.

Critical Paths under _main in BANK6

    None.

Critical Paths under _main in BANK7

    None.

Call Graph Tables:

 ---------------------------------------------------------------------------------
 (Depth) Function   	        Calls       Base Space   Used Autos Params    Refs
 ---------------------------------------------------------------------------------
 (0) _main                                                 3     3      0     485
                                              2 COMRAM     3     3      0
                          _mssp_conf
                      _pcf8574_write
 ---------------------------------------------------------------------------------
 (1) _pcf8574_write                                        2     1      1     348
                                              0 COMRAM     2     1      1
 ---------------------------------------------------------------------------------
 (1) _mssp_conf                                            0     0      0       0
 ---------------------------------------------------------------------------------
 Estimated maximum stack depth 1
 ---------------------------------------------------------------------------------

 Call Graph Graphs:

 _main (ROOT)
   _mssp_conf
   _pcf8574_write

 Address spaces:
Name               Size   Autos  Total    Cost      Usage
BIGRAM             7FF      0       0      21        0.0%
EEDATA             100      0       0       0        0.0%
BITBANK7           100      0       0      18        0.0%
BANK7              100      0       0      19        0.0%
BITBANK6           100      0       0      16        0.0%
BANK6              100      0       0      17        0.0%
BITBANK5           100      0       0      14        0.0%
BANK5              100      0       0      15        0.0%
BITBANK4           100      0       0      12        0.0%
BANK4              100      0       0      13        0.0%
BITBANK3           100      0       0      10        0.0%
BANK3              100      0       0      11        0.0%
BITBANK2           100      0       0       8        0.0%
BANK2              100      0       0       9        0.0%
BITBANK1           100      0       0       6        0.0%
BANK1              100      0       0       7        0.0%
BITBANK0            A0      0       0       4        0.0%
BANK0               A0      0       0       5        0.0%
BITCOMRAM           5F      0       0       0        0.0%
COMRAM              5F      5      13       1       20.0%
BITSFR               0      0       0     200        0.0%
SFR                  0      0       0     200        0.0%
STACK                0      0       0       2        0.0%
NULL                 0      0       0       0        0.0%
ABS                  0      0      13      20        0.0%
DATA                 0      0      13       3        0.0%
CODE                 0      0       0       0        0.0%


Microchip Technology PIC18 Macro Assembler V2.32 build 20210201212658 
Symbol Table                                                                                   Wed Jun 09 12:40:06 2021

            _SSPSTATbits 000FC7                       l20 7EF8                       l23 7F0A  
                     l32 7F38                       l17 7ECC                       l34 7F46  
                     l26 7F18                       l35 7F48                       l28 7F26  
                     l29 7F2A                       l38 7F56                       u90 7F06  
                     u91 7F02                      l800 7FE8                      l726 7EBE  
                    l728 7EC8                      l770 7F58                      l780 7F74  
                    l772 7F70                      l766 7EF6                      l782 7F8A  
                    l774 7F70                      l768 7F06                      l784 7FA2  
                    l794 7FB8                      l786 7FA4                      l796 7FCE  
                    l788 7FB4                      l798 7FE6                      u100 7F18  
                    u101 7F14                      u110 7F26                      u111 7F22  
                    u120 7F38                      u121 7F34                      u130 7F46  
                    u131 7F42                      u140 7F56                      u141 7F52  
                    u150 7FB4                      u151 7FB0                      u160 7FF8  
                    u161 7FF4                      u177 7F94                      u187 7FD8  
                    wreg 000FE8    __end_of_pcf8574_write 7F58                     _main 7F58  
                   indf2 000FDF                     fsr1l 000FE1                     fsr2l 000FD9  
                   start 0000             ___param_bank 000000                    ?_main 000F  
                  main@x 0013                    tablat 000FF5          __initialization 7ECE  
           __end_of_main 8000                   ??_main 0011            __activetblptr 000000  
                 _SSPADD 000FC8                   _SSPBUF 000FC9                   isa$std 000001  
           __pdataCOMRAM 0001                   tblptrh 000FF7                   tblptrl 000FF6  
                 tblptru 000FF8               __accesstop 0060  __end_of__initialization 7EEE  
          ___rparam_used 000001           __pcstackCOMRAM 000F       __size_of_mssp_conf 0010  
                __Hparam 0000                  __Lparam 0000   __size_of_pcf8574_write 0064  
                __pcinit 7ECE                  __ramtop 0800                  __ptext0 7F58  
                __ptext1 7EF4                  __ptext2 7EBE     end_of_initialization 7EEE  
      __end_of_mssp_conf 7ECE                  postdec1 000FE5                  postinc0 000FEE  
          _pcf8574_write 7EF4        pcf8574_write@addr 0010        pcf8574_write@data 000F  
          __pidataCOMRAM 7EB0      start_initialization 7ECE           ?_pcf8574_write 000F  
        ??_pcf8574_write 0010                _mssp_conf 7EBE                copy_data0 7EE2  
               __Hrparam 0000                 __Lrparam 0000               ?_mssp_conf 000F  
               _auto_fan 0001            __size_of_main 00A8                 isa$xinst 000000  
            ??_mssp_conf 000F              _SSPCON1bits 000FC6              _SSPCON2bits 000FC5  
