

Microchip MPLAB XC8 Assembler V2.10 build 88905656 
                                                                                               Mon Jan 27 21:25:23 2020

Microchip MPLAB XC8 C Compiler v2.10 (Free license) build 20190730164152 Og1 
     1                           	processor	18F4550
     2                           	fnconf	rparam,??,?,0
     3                           	opt	pw 120
     4                           	opt	flic
     5                           	psect	cinit,global,reloc=2,class=CODE,delta=1
     6                           	psect	cstackCOMRAM,global,class=COMRAM,space=1,delta=1,noexec
     7                           	psect	text0,global,reloc=2,class=CODE,delta=1
     8                           	psect	intcode,global,reloc=2,class=CODE,delta=1
     9                           	psect	intcode_body,global,reloc=2,class=CODE,delta=1
    10                           	psect	intsave_regs,global,class=BIGRAM,space=1,delta=1,noexec
    11                           	psect	rparam,global,class=COMRAM,space=1,delta=1,noexec
    12                           	psect	temp,global,ovrld,common,class=COMRAM,space=1,delta=1
    13  0000                     
    14                           ; Version 2.10
    15                           ; Generated 31/07/2019 GMT
    16                           ; 
    17                           ; Copyright © 2019, Microchip Technology Inc. and its subsidiaries ("Microchip")
    18                           ; All rights reserved.
    19                           ; 
    20                           ; This software is developed by Microchip Technology Inc. and its subsidiaries ("Microch
      +                          ip").
    21                           ; 
    22                           ; Redistribution and use in source and binary forms, with or without modification, are
    23                           ; permitted provided that the following conditions are met:
    24                           ; 
    25                           ;     1. Redistributions of source code must retain the above copyright notice, this lis
      +                          t of
    26                           ;        conditions and the following disclaimer.
    27                           ; 
    28                           ;     2. Redistributions in binary form must reproduce the above copyright notice, this 
      +                          list
    29                           ;        of conditions and the following disclaimer in the documentation and/or other
    30                           ;        materials provided with the distribution.
    31                           ; 
    32                           ;     3. Microchip's name may not be used to endorse or promote products derived from th
      +                          is
    33                           ;        software without specific prior written permission.
    34                           ; 
    35                           ; THIS SOFTWARE IS PROVIDED BY MICROCHIP "AS IS" AND ANY EXPRESS OR IMPLIED WARRANTIES,
    36                           ; INCLUDING, BUT NOT LIMITED TO, THE IMPLIED WARRANTIES OF MERCHANTABILITY AND FITNESS F
      +                          OR
    37                           ; PURPOSE ARE DISCLAIMED.  IN NO EVENT SHALL MICROCHIP BE LIABLE FOR ANY DIRECT, INDIREC
      +                          T,
    38                           ; INCIDENTAL, SPECIAL, EXEMPLARY, OR CONSEQUENTIAL DAMAGES (INCLUDING BUT NOT LIMITED TO
    39                           ; PROCUREMENT OF SUBSTITUTE GOODS OR SERVICES; LOSS OF USE, DATA OR PROFITS; OR BUSINESS
    40                           ; INTERRUPTION) HOWSOEVER CAUSED AND ON ANY THEORY OF LIABILITY, WHETHER IN CONTRACT, ST
      +                          RICT
    41                           ; LIABILITY, OR TORT (INCLUDING NEGLIGENCE OR OTHERWISE) ARISING IN ANY WAY OUT OF THE U
      +                          SE OF
    42                           ; THIS SOFTWARE, EVEN IF ADVISED OF THE POSSIBILITY OF SUCH DAMAGE.
    43                           ; 
    44                           ; 
    45                           ; Code-generator required, PIC18F4550 Definitions
    46                           ; 
    47                           ; SFR Addresses
    48  0000                     _PIR1bits	set	3998
    49  0000                     _LATDbits	set	3980
    50  0000                     _PORTDbits	set	3971
    51  0000                     _PIE1bits	set	3997
    52  0000                     _INTCON	set	4082
    53  0000                     _CCPR1L	set	4030
    54  0000                     _CCPR1H	set	4031
    55  0000                     _CCP1CON	set	4029
    56  0000                     _T1CON	set	4045
    57  0000                     _TRISDbits	set	3989
    58                           
    59                           ; #config settings
    60  0000                     
    61                           	psect	cinit
    62  000052                     __pcinit:
    63                           	opt callstack 0
    64  000052                     start_initialization:
    65                           	opt callstack 0
    66  000052                     __initialization:
    67                           	opt callstack 0
    68  000052                     end_of_initialization:
    69                           	opt callstack 0
    70  000052                     __end_of__initialization:
    71                           	opt callstack 0
    72  000052  9001               	bcf	int$flags,0,c	;clear compiler interrupt flag (level 1)
    73  000054  9201               	bcf	int$flags,1,c	;clear compiler interrupt flag (level 2)
    74  000056  0100               	movlb	0
    75  000058  EF09  F000         	goto	_main	;jump to C main() function
    76                           
    77                           	psect	cstackCOMRAM
    78  000000                     __pcstackCOMRAM:
    79                           	opt callstack 0
    80  000000                     
    81                           ; 1 bytes @ 0x0
    82 ;;
    83 ;;Main: autosize = 0, tempsize = 0, incstack = 0, save=0
    84 ;;
    85 ;; *************** function _main *****************
    86 ;; Defined at:
    87 ;;		line 12 in file "maincode.c"
    88 ;; Parameters:    Size  Location     Type
    89 ;;		None
    90 ;; Auto vars:     Size  Location     Type
    91 ;;		None
    92 ;; Return value:  Size  Location     Type
    93 ;;                  1    wreg      void 
    94 ;; Registers used:
    95 ;;		wreg, status,2
    96 ;; Tracked objects:
    97 ;;		On entry : 0/0
    98 ;;		On exit  : 0/0
    99 ;;		Unchanged: 0/0
   100 ;; Data sizes:     COMRAM   BANK0   BANK1   BANK2   BANK3   BANK4   BANK5   BANK6   BANK7
   101 ;;      Params:         0       0       0       0       0       0       0       0       0
   102 ;;      Locals:         0       0       0       0       0       0       0       0       0
   103 ;;      Temps:          0       0       0       0       0       0       0       0       0
   104 ;;      Totals:         0       0       0       0       0       0       0       0       0
   105 ;;Total ram usage:        0 bytes
   106 ;; Hardware stack levels required when called:    1
   107 ;; This function calls:
   108 ;;		Nothing
   109 ;; This function is called by:
   110 ;;		Startup code after reset
   111 ;; This function uses a non-reentrant model
   112 ;;
   113                           
   114                           	psect	text0
   115  000012                     __ptext0:
   116                           	opt callstack 0
   117  000012                     _main:
   118                           	opt callstack 30
   119  000012                     
   120                           ;maincode.c: 13:     TRISDbits.RD0 = 0;
   121  000012  9095               	bcf	149,0,c	;volatile
   122  000014                     
   123                           ;maincode.c: 14:     T1CON = 0xA1;
   124  000014  0EA1               	movlw	161
   125  000016  6ECD               	movwf	205,c	;volatile
   126                           
   127                           ;maincode.c: 15:     CCP1CON = 0x0B;
   128  000018  0E0B               	movlw	11
   129  00001A  6EBD               	movwf	189,c	;volatile
   130                           
   131                           ;maincode.c: 16:     CCPR1H = 0x03;
   132  00001C  0E03               	movlw	3
   133  00001E  6EBF               	movwf	191,c	;volatile
   134                           
   135                           ;maincode.c: 17:     CCPR1L = 0xE8;
   136  000020  0EE8               	movlw	232
   137  000022  6EBE               	movwf	190,c	;volatile
   138                           
   139                           ;maincode.c: 18:     INTCON = 0xC0;
   140  000024  0EC0               	movlw	192
   141  000026  6EF2               	movwf	242,c	;volatile
   142  000028                     
   143                           ;maincode.c: 19:     PIE1bits.CCP1IE = 1;
   144  000028  849D               	bsf	157,2,c	;volatile
   145  00002A                     l719:
   146                           
   147                           ;maincode.c: 21:         _delay((unsigned long)((1)*(4000000UL/4000000.0)));
   148  00002A  F000               	nop	
   149  00002C  EF15  F000         	goto	l719
   150  000030  EF07  F000         	goto	start
   151  000034                     __end_of_main:
   152                           	opt callstack 0
   153                           
   154 ;; *************** function _CCP1ISR *****************
   155 ;; Defined at:
   156 ;;		line 25 in file "maincode.c"
   157 ;; Parameters:    Size  Location     Type
   158 ;;		None
   159 ;; Auto vars:     Size  Location     Type
   160 ;;		None
   161 ;; Return value:  Size  Location     Type
   162 ;;                  1    wreg      void 
   163 ;; Registers used:
   164 ;;		None
   165 ;; Tracked objects:
   166 ;;		On entry : 0/0
   167 ;;		On exit  : 0/0
   168 ;;		Unchanged: 0/0
   169 ;; Data sizes:     COMRAM   BANK0   BANK1   BANK2   BANK3   BANK4   BANK5   BANK6   BANK7
   170 ;;      Params:         0       0       0       0       0       0       0       0       0
   171 ;;      Locals:         0       0       0       0       0       0       0       0       0
   172 ;;      Temps:          0       0       0       0       0       0       0       0       0
   173 ;;      Totals:         0       0       0       0       0       0       0       0       0
   174 ;;Total ram usage:        0 bytes
   175 ;; Hardware stack levels used:    1
   176 ;; This function calls:
   177 ;;		Nothing
   178 ;; This function is called by:
   179 ;;		Interrupt level 2
   180 ;; This function uses a non-reentrant model
   181 ;;
   182                           
   183                           	psect	intcode
   184  000008                     __pintcode:
   185                           	opt callstack 0
   186  000008                     _CCP1ISR:
   187                           	opt callstack 30
   188                           
   189                           ;incstack = 0
   190  000008  8201               	bsf	int$flags,1,c	;set compiler interrupt flag (level 2)
   191  00000A  ED1A  F000         	call	int_func,f	;refresh shadow registers
   192                           
   193                           	psect	intcode_body
   194  000034                     __pintcode_body:
   195                           	opt callstack 30
   196  000034                     int_func:
   197                           	opt callstack 30
   198  000034  0006               	pop		; remove dummy address from shadow register refresh
   199  000036                     
   200                           ;maincode.c: 26:     if(PORTDbits.RD0 == 1){
   201  000036  A083               	btfss	131,0,c	;volatile
   202  000038  EF20  F000         	goto	i2u1_41
   203  00003C  EF22  F000         	goto	i2u1_40
   204  000040                     i2u1_41:
   205  000040  EF25  F000         	goto	i2l35
   206  000044                     i2u1_40:
   207  000044                     
   208                           ;maincode.c: 27:         LATDbits.LD0 = 0;
   209  000044  908C               	bcf	140,0,c	;volatile
   210                           
   211                           ;maincode.c: 28:     }
   212  000046  EF26  F000         	goto	i2l36
   213  00004A                     i2l35:
   214                           
   215                           ;maincode.c: 30:         LATDbits.LD0 = 1;
   216  00004A  808C               	bsf	140,0,c	;volatile
   217  00004C                     i2l36:
   218                           
   219                           ;maincode.c: 32:     PIR1bits.CCP1IF = 0;
   220  00004C  949E               	bcf	158,2,c	;volatile
   221  00004E  9201               	bcf	int$flags,1,c	;clear compiler interrupt flag (level 2)
   222  000050  0011               	retfie		f
   223  000052                     __end_of_CCP1ISR:
   224                           	opt callstack 0
   225  0000                     
   226                           	psect	rparam
   227  0000                     
   228                           	psect	temp
   229  000001                     btemp:
   230                           	opt callstack 0
   231  000001                     	ds	1
   232  0000                     int$flags	set	btemp
   233  0000                     wtemp8	set	btemp+1
   234  0000                     ttemp5	set	btemp+1
   235  0000                     ttemp6	set	btemp+4
   236  0000                     ttemp7	set	btemp+8
   237                           tosu	equ	0xFFF
   238                           tosh	equ	0xFFE
   239                           tosl	equ	0xFFD
   240                           stkptr	equ	0xFFC
   241                           pclatu	equ	0xFFB
   242                           pclath	equ	0xFFA
   243                           pcl	equ	0xFF9
   244                           tblptru	equ	0xFF8
   245                           tblptrh	equ	0xFF7
   246                           tblptrl	equ	0xFF6
   247                           tablat	equ	0xFF5
   248                           prodh	equ	0xFF4
   249                           prodl	equ	0xFF3
   250                           indf0	equ	0xFEF
   251                           postinc0	equ	0xFEE
   252                           postdec0	equ	0xFED
   253                           preinc0	equ	0xFEC
   254                           plusw0	equ	0xFEB
   255                           fsr0h	equ	0xFEA
   256                           fsr0l	equ	0xFE9
   257                           wreg	equ	0xFE8
   258                           indf1	equ	0xFE7
   259                           postinc1	equ	0xFE6
   260                           postdec1	equ	0xFE5
   261                           preinc1	equ	0xFE4
   262                           plusw1	equ	0xFE3
   263                           fsr1h	equ	0xFE2
   264                           fsr1l	equ	0xFE1
   265                           bsr	equ	0xFE0
   266                           indf2	equ	0xFDF
   267                           postinc2	equ	0xFDE
   268                           postdec2	equ	0xFDD
   269                           preinc2	equ	0xFDC
   270                           plusw2	equ	0xFDB
   271                           fsr2h	equ	0xFDA
   272                           fsr2l	equ	0xFD9
   273                           status	equ	0xFD8


Data Sizes:
    Strings     0
    Constant    0
    Data        0
    BSS         0
    Persistent  0
    Stack       0

Auto Spaces:
    Space          Size  Autos    Used
    COMRAM           94      0       0
    BANK0           160      0       0
    BANK1           256      0       0
    BANK2           256      0       0
    BANK3           256      0       0
    BANK4           256      0       0
    BANK5           256      0       0
    BANK6           256      0       0
    BANK7           256      0       0

Pointer List with Targets:

    None.

Critical Paths under _main in COMRAM

    None.

Critical Paths under _CCP1ISR in COMRAM

    None.

Critical Paths under _main in BANK0

    None.

Critical Paths under _CCP1ISR in BANK0

    None.

Critical Paths under _main in BANK1

    None.

Critical Paths under _CCP1ISR in BANK1

    None.

Critical Paths under _main in BANK2

    None.

Critical Paths under _CCP1ISR in BANK2

    None.

Critical Paths under _main in BANK3

    None.

Critical Paths under _CCP1ISR in BANK3

    None.

Critical Paths under _main in BANK4

    None.

Critical Paths under _CCP1ISR in BANK4

    None.

Critical Paths under _main in BANK5

    None.

Critical Paths under _CCP1ISR in BANK5

    None.

Critical Paths under _main in BANK6

    None.

Critical Paths under _CCP1ISR in BANK6

    None.

Critical Paths under _main in BANK7

    None.

Critical Paths under _CCP1ISR in BANK7

    None.

Call Graph Tables:

 ---------------------------------------------------------------------------------
 (Depth) Function   	        Calls       Base Space   Used Autos Params    Refs
 ---------------------------------------------------------------------------------
 (0) _main                                                 0     0      0       0
 ---------------------------------------------------------------------------------
 Estimated maximum stack depth 0
 ---------------------------------------------------------------------------------
 (Depth) Function   	        Calls       Base Space   Used Autos Params    Refs
 ---------------------------------------------------------------------------------
 (1) _CCP1ISR                                              0     0      0       0
 ---------------------------------------------------------------------------------
 Estimated maximum stack depth 1
 ---------------------------------------------------------------------------------

 Call Graph Graphs:

 _main (ROOT)

 _CCP1ISR (ROOT)

 Address spaces:
Name               Size   Autos  Total    Cost      Usage
BITCOMRAM           5E      0       0       0        0.0%
EEDATA             100      0       0       0        0.0%
NULL                 0      0       0       0        0.0%
CODE                 0      0       0       0        0.0%
COMRAM              5E      0       0       1        0.0%
STACK                0      0       0       2        0.0%
DATA                 0      0       0       3        0.0%
BITBANK0            A0      0       0       4        0.0%
BANK0               A0      0       0       5        0.0%
BITBANK1           100      0       0       6        0.0%
BANK1              100      0       0       7        0.0%
BITBANK2           100      0       0       8        0.0%
BANK2              100      0       0       9        0.0%
BITBANK3           100      0       0      10        0.0%
BANK3              100      0       0      11        0.0%
BITBANK4           100      0       0      12        0.0%
BANK4              100      0       0      13        0.0%
BITBANK5           100      0       0      14        0.0%
BANK5              100      0       0      15        0.0%
BITBANK6           100      0       0      16        0.0%
BANK6              100      0       0      17        0.0%
BITBANK7           100      0       0      18        0.0%
BANK7              100      0       0      19        0.0%
ABS                  0      0       0      20        0.0%
BIGRAM             7FF      0       0      21        0.0%
BITSFR               0      0       0     200        0.0%
SFR                  0      0       0     200        0.0%


Microchip Technology PIC18 Macro Assembler V2.10 build 88905656 
Symbol Table                                                                                   Mon Jan 27 21:25:23 2020

                    l713 0012                      l715 0014                      l717 0028  
                    l719 002A             __CFG_BOR$OFF 000000          __end_of_CCP1ISR 0052  
           __CFG_LVP$OFF 000000             __CFG_WDT$OFF 000000                     i2l35 004A  
                   i2l36 004C                     i2l37 004E             __CFG_PWRT$ON 000000  
                   _main 0012                     btemp 0001                     start 000E  
           ___param_bank 000000                    ?_main 0000                    _T1CON 000FCD  
                  i2l721 0036                    i2l723 0044                    ttemp5 0002  
                  ttemp6 0005                    ttemp7 0009                    wtemp8 0002  
        __initialization 0052             __end_of_main 0034                ??_CCP1ISR 0000  
                 ??_main 0000            __activetblptr 000000                   _CCPR1H 000FBF  
                 _CCPR1L 000FBE                   _INTCON 000FF2                   i2u1_40 0044  
                 i2u1_41 0040               __accesstop 0060  __end_of__initialization 0052  
        __CFG_PBADEN$OFF 000000          __CFG_FOSC$XT_XT 000000            ___rparam_used 000001  
         __pcstackCOMRAM 0000                  _CCP1CON 000FBD                  _CCP1ISR 0008  
                __Hparam 0000                  __Lparam 0000                  __pcinit 0052  
                __ramtop 0800                  __ptext0 0012           __pintcode_body 0034  
   end_of_initialization 0052                  int_func 0034                _PORTDbits 000F83  
              _TRISDbits 000F95      start_initialization 0052                 ?_CCP1ISR 0000  
              __pintcode 0008                 _LATDbits 000F8C                 _PIE1bits 000F9D  
               _PIR1bits 000F9E         __size_of_CCP1ISR 004A                 __Hrparam 0000  
               __Lrparam 0000            __size_of_main 0022                 int$flags 0001  
               intlevel2 0000  
