

Microchip MPLAB XC8 Assembler V2.05 build -831301201 
                                                                                               Fri May 17 17:04:44 2019

Microchip MPLAB XC8 C Compiler v2.05 (Free license) build 20181220022703 Og1 
     1                           	processor	18F4550
     2                           	fnconf	rparam,??,?,0
     3                           	opt	pw 120
     4                           	opt	flic
     5                           	psect	cinit,global,reloc=2,class=CODE,delta=1
     6                           	psect	bssCOMRAM,global,class=COMRAM,space=1,delta=1,noexec
     7                           	psect	cstackCOMRAM,global,class=COMRAM,space=1,delta=1,noexec
     8                           	psect	text0,global,reloc=2,class=CODE,delta=1
     9                           	psect	intsave_regs,global,class=BIGRAM,space=1,delta=1,noexec
    10                           	psect	rparam,global,class=COMRAM,space=1,delta=1,noexec
    11  0000                     
    12                           ; Version 2.05
    13                           ; Generated 20/12/2018 GMT
    14                           ; 
    15                           ; Copyright © 2018, Microchip Technology Inc. and its subsidiaries ("Microchip")
    16                           ; All rights reserved.
    17                           ; 
    18                           ; This software is developed by Microchip Technology Inc. and its subsidiaries ("Microch
      +                          ip").
    19                           ; 
    20                           ; Redistribution and use in source and binary forms, with or without modification, are
    21                           ; permitted provided that the following conditions are met:
    22                           ; 
    23                           ;     1. Redistributions of source code must retain the above copyright notice, this lis
      +                          t of
    24                           ;        conditions and the following disclaimer.
    25                           ; 
    26                           ;     2. Redistributions in binary form must reproduce the above copyright notice, this 
      +                          list
    27                           ;        of conditions and the following disclaimer in the documentation and/or other
    28                           ;        materials provided with the distribution.
    29                           ; 
    30                           ;     3. Microchip's name may not be used to endorse or promote products derived from th
      +                          is
    31                           ;        software without specific prior written permission.
    32                           ; 
    33                           ; THIS SOFTWARE IS PROVIDED BY MICROCHIP "AS IS" AND ANY EXPRESS OR IMPLIED WARRANTIES,
    34                           ; INCLUDING, BUT NOT LIMITED TO, THE IMPLIED WARRANTIES OF MERCHANTABILITY AND FITNESS F
      +                          OR
    35                           ; PURPOSE ARE DISCLAIMED.  IN NO EVENT SHALL MICROCHIP BE LIABLE FOR ANY DIRECT, INDIREC
      +                          T,
    36                           ; INCIDENTAL, SPECIAL, EXEMPLARY, OR CONSEQUENTIAL DAMAGES (INCLUDING BUT NOT LIMITED TO
    37                           ; PROCUREMENT OF SUBSTITUTE GOODS OR SERVICES; LOSS OF USE, DATA OR PROFITS; OR BUSINESS
    38                           ; INTERRUPTION) HOWSOEVER CAUSED AND ON ANY THEORY OF LIABILITY, WHETHER IN CONTRACT, ST
      +                          RICT
    39                           ; LIABILITY, OR TORT (INCLUDING NEGLIGENCE OR OTHERWISE) ARISING IN ANY WAY OUT OF THE U
      +                          SE OF
    40                           ; THIS SOFTWARE, EVEN IF ADVISED OF THE POSSIBILITY OF SUCH DAMAGE.
    41                           ; 
    42                           ; 
    43                           ; Code-generator required, PIC18F4550 Definitions
    44                           ; 
    45                           ; SFR Addresses
    46  0000                     _LATD	set	3980
    47  0000                     _TRISD	set	3989
    48                           
    49                           ; #config settings
    50  0000                     
    51                           	psect	cinit
    52  007FB6                     __pcinit:
    53                           	opt callstack 0
    54  007FB6                     start_initialization:
    55                           	opt callstack 0
    56  007FB6                     __initialization:
    57                           	opt callstack 0
    58                           
    59                           ; Clear objects allocated to COMRAM (1 bytes)
    60  007FB6  6A01               	clrf	__pbssCOMRAM& (0+255),c
    61  007FB8                     end_of_initialization:
    62                           	opt callstack 0
    63  007FB8                     __end_of__initialization:
    64                           	opt callstack 0
    65  007FB8  0100               	movlb	0
    66  007FBA  EFDF  F03F         	goto	_main	;jump to C main() function
    67                           
    68                           	psect	bssCOMRAM
    69  000001                     __pbssCOMRAM:
    70                           	opt callstack 0
    71  000001                     _movi:
    72                           	opt callstack 0
    73  000001                     	ds	1
    74                           
    75                           	psect	cstackCOMRAM
    76  000002                     __pcstackCOMRAM:
    77                           	opt callstack 0
    78  000002                     ??_main:
    79                           
    80                           ; 1 bytes @ 0x0
    81  000002                     	ds	1
    82                           
    83 ;;
    84 ;;Main: autosize = 0, tempsize = 1, incstack = 0, save=0
    85 ;;
    86 ;; *************** function _main *****************
    87 ;; Defined at:
    88 ;;		line 21 in file "veliteitor3.c"
    89 ;; Parameters:    Size  Location     Type
    90 ;;		None
    91 ;; Auto vars:     Size  Location     Type
    92 ;;		None
    93 ;; Return value:  Size  Location     Type
    94 ;;                  1    wreg      void 
    95 ;; Registers used:
    96 ;;		wreg, status,2, status,0
    97 ;; Tracked objects:
    98 ;;		On entry : 0/0
    99 ;;		On exit  : 0/0
   100 ;;		Unchanged: 0/0
   101 ;; Data sizes:     COMRAM   BANK0   BANK1   BANK2   BANK3   BANK4   BANK5   BANK6   BANK7
   102 ;;      Params:         0       0       0       0       0       0       0       0       0
   103 ;;      Locals:         0       0       0       0       0       0       0       0       0
   104 ;;      Temps:          1       0       0       0       0       0       0       0       0
   105 ;;      Totals:         1       0       0       0       0       0       0       0       0
   106 ;;Total ram usage:        1 bytes
   107 ;; This function calls:
   108 ;;		Nothing
   109 ;; This function is called by:
   110 ;;		Startup code after reset
   111 ;; This function uses a non-reentrant model
   112 ;;
   113                           
   114                           	psect	text0
   115  007FBE                     __ptext0:
   116                           	opt callstack 0
   117  007FBE                     _main:
   118                           	opt callstack 31
   119                           
   120                           ;veliteitor3.c: 22:     TRISD = 0x00;
   121                           
   122                           ;incstack = 0
   123  007FBE  0E00               	movlw	0
   124  007FC0  6E95               	movwf	3989,c	;volatile
   125                           
   126                           ;veliteitor3.c: 23:     LATD = 0x01;
   127  007FC2  0E01               	movlw	1
   128  007FC4  6E8C               	movwf	3980,c	;volatile
   129  007FC6                     l700:
   130                           
   131                           ;veliteitor3.c: 25:         if(movi == 1){
   132  007FC6  0401               	decf	_movi,w,c
   133  007FC8  A4D8               	btfss	status,2,c
   134  007FCA  D010               	goto	l710
   135                           
   136                           ;veliteitor3.c: 26:             if(LATD == 0x01){
   137  007FCC  048C               	decf	3980,w,c	;volatile
   138  007FCE  A4D8               	btfss	status,2,c
   139  007FD0  D002               	goto	l706
   140                           
   141                           ;veliteitor3.c: 27:                 movi = 0;
   142  007FD2  0E00               	movlw	0
   143  007FD4  D010               	goto	L1
   144  007FD6                     l706:
   145                           
   146                           ;veliteitor3.c: 30:                 LATD = LATD >> 1;
   147  007FD6  90D8               	bcf	status,0,c
   148  007FD8  308C               	rrcf	3980,w,c	;volatile
   149  007FDA  6E8C               	movwf	3980,c	;volatile
   150                           
   151                           ;veliteitor3.c: 32:                   _delay((unsigned long)((100)*(4000000UL/4000.0)));
   152  007FDC  0E82               	movlw	130
   153  007FDE  6E02               	movwf	??_main& (0+255),c
   154  007FE0  0EDE               	movlw	222
   155  007FE2                     u47:
   156  007FE2  2EE8               	decfsz	wreg,f,c
   157  007FE4  D7FE               	bra	u47
   158  007FE6  2E02               	decfsz	??_main& (0+255),f,c
   159  007FE8  D7FC               	bra	u47
   160  007FEA  D7ED               	goto	l700
   161  007FEC                     l710:
   162                           
   163                           ;veliteitor3.c: 36:             if(LATD == 0x80){
   164  007FEC  0E80               	movlw	128
   165  007FEE  188C               	xorwf	3980,w,c	;volatile
   166  007FF0  A4D8               	btfss	status,2,c
   167  007FF2  D003               	goto	l714
   168                           
   169                           ;veliteitor3.c: 37:                 movi = 1;
   170  007FF4  0E01               	movlw	1
   171  007FF6                     L1:
   172  007FF6  6E01               	movwf	_movi,c
   173                           
   174                           ;veliteitor3.c: 38:             }
   175  007FF8  D7E6               	goto	l700
   176  007FFA                     l714:
   177                           
   178                           ;veliteitor3.c: 40:                 LATD = LATD << 1;
   179  007FFA  508C               	movf	3980,w,c	;volatile
   180  007FFC  248C               	addwf	3980,w,c	;volatile
   181  007FFE  D7ED               	goto	L2
   182  008000                     __end_of_main:
   183                           	opt callstack 0
   184  0000                     
   185                           	psect	rparam
   186  0000                     tosu	equ	0xFFF
   187                           tosh	equ	0xFFE
   188                           tosl	equ	0xFFD
   189                           stkptr	equ	0xFFC
   190                           pclatu	equ	0xFFB
   191                           pclath	equ	0xFFA
   192                           pcl	equ	0xFF9
   193                           tblptru	equ	0xFF8
   194                           tblptrh	equ	0xFF7
   195                           tblptrl	equ	0xFF6
   196                           tablat	equ	0xFF5
   197                           prodh	equ	0xFF4
   198                           prodl	equ	0xFF3
   199                           indf0	equ	0xFEF
   200                           postinc0	equ	0xFEE
   201                           postdec0	equ	0xFED
   202                           preinc0	equ	0xFEC
   203                           plusw0	equ	0xFEB
   204                           fsr0h	equ	0xFEA
   205                           fsr0l	equ	0xFE9
   206                           wreg	equ	0xFE8
   207                           indf1	equ	0xFE7
   208                           postinc1	equ	0xFE6
   209                           postdec1	equ	0xFE5
   210                           preinc1	equ	0xFE4
   211                           plusw1	equ	0xFE3
   212                           fsr1h	equ	0xFE2
   213                           fsr1l	equ	0xFE1
   214                           bsr	equ	0xFE0
   215                           indf2	equ	0xFDF
   216                           postinc2	equ	0xFDE
   217                           postdec2	equ	0xFDD
   218                           preinc2	equ	0xFDC
   219                           plusw2	equ	0xFDB
   220                           fsr2h	equ	0xFDA
   221                           fsr2l	equ	0xFD9
   222                           status	equ	0xFD8


Data Sizes:
    Strings     0
    Constant    0
    Data        0
    BSS         1
    Persistent  0
    Stack       0

Auto Spaces:
    Space          Size  Autos    Used
    COMRAM           95      1       2
    BANK0           160      0       0
    BANK1           256      0       0
    BANK2           256      0       0
    BANK3           256      0       0
    BANK4           256      0       0
    BANK5           256      0       0
    BANK6           256      0       0
    BANK7           256      0       0

Pointer List with Targets:

    None.

Critical Paths under _main in COMRAM

    None.

Critical Paths under _main in BANK0

    None.

Critical Paths under _main in BANK1

    None.

Critical Paths under _main in BANK2

    None.

Critical Paths under _main in BANK3

    None.

Critical Paths under _main in BANK4

    None.

Critical Paths under _main in BANK5

    None.

Critical Paths under _main in BANK6

    None.

Critical Paths under _main in BANK7

    None.

Call Graph Tables:

 ---------------------------------------------------------------------------------
 (Depth) Function   	        Calls       Base Space   Used Autos Params    Refs
 ---------------------------------------------------------------------------------
 (0) _main                                                 1     1      0       0
                                              0 COMRAM     1     1      0
 ---------------------------------------------------------------------------------
 Estimated maximum stack depth 0
 ---------------------------------------------------------------------------------

 Call Graph Graphs:

 _main (ROOT)

 Address spaces:
Name               Size   Autos  Total    Cost      Usage
BIGRAM             7FF      0       0      21        0.0%
EEDATA             100      0       0       0        0.0%
BITBANK7           100      0       0      18        0.0%
BANK7              100      0       0      19        0.0%
BITBANK6           100      0       0      16        0.0%
BANK6              100      0       0      17        0.0%
BITBANK5           100      0       0      14        0.0%
BANK5              100      0       0      15        0.0%
BITBANK4           100      0       0      12        0.0%
BANK4              100      0       0      13        0.0%
BITBANK3           100      0       0      10        0.0%
BANK3              100      0       0      11        0.0%
BITBANK2           100      0       0       8        0.0%
BANK2              100      0       0       9        0.0%
BITBANK1           100      0       0       6        0.0%
BANK1              100      0       0       7        0.0%
BITBANK0            A0      0       0       4        0.0%
BANK0               A0      0       0       5        0.0%
BITCOMRAM           5F      0       0       0        0.0%
COMRAM              5F      1       2       1        2.1%
BITSFR               0      0       0     200        0.0%
SFR                  0      0       0     200        0.0%
STACK                0      0       0       2        0.0%
NULL                 0      0       0       0        0.0%
ABS                  0      0       2      20        0.0%
DATA                 0      0       2       3        0.0%
CODE                 0      0       0       0        0.0%


Microchip Technology PIC18 Macro Assembler V2.05 build -831301201 
Symbol Table                                                                                   Fri May 17 17:04:44 2019

                     u47 7FE2                      l700 7FC6                      l710 7FEC  
                    l714 7FFA                      l706 7FD6             __CFG_BOR$OFF 000000  
                    wreg 000FE8             __CFG_LVP$OFF 000000             __CFG_WDT$OFF 000000  
                   _LATD 000F8C             __CFG_PWRT$ON 000000                     _main 7FBE  
                   _movi 0001                     start 0000             ___param_bank 000000  
                  ?_main 0002                    _TRISD 000F95                    status 000FD8  
        __initialization 7FB6             __end_of_main 8000                   ??_main 0002  
          __activetblptr 000000               __accesstop 0060  __end_of__initialization 7FB8  
        __CFG_PBADEN$OFF 000000          __CFG_FOSC$XT_XT 000000            ___rparam_used 000001  
         __pcstackCOMRAM 0002                  __Hparam 0000                  __Lparam 0000  
                __pcinit 7FB6                  __ramtop 0800                  __ptext0 7FBE  
   end_of_initialization 7FB8      start_initialization 7FB6              __pbssCOMRAM 0001  
               __Hrparam 0000                 __Lrparam 0000            __size_of_main 0042  
