

Microchip Technology PIC18 LITE Macro Assembler V1.45 build -152302408 
                                                                                               Thu May 17 12:10:14 2018

Microchip Technology Omniscient Code Generator v1.45 (Free mode) build 201711160504
     1                           	processor	18F4550
     2                           	fnconf	rparam,??,?,0
     3                           	opt	pw 120
     4                           	opt	lm
     5                           	psect	cinit,global,reloc=2,class=CODE,delta=1
     6                           	psect	cstackCOMRAM,global,class=COMRAM,space=1,delta=1,noexec
     7                           	psect	text0,global,reloc=2,class=CODE,delta=1
     8                           	psect	intsave_regs,global,class=BIGRAM,space=1,delta=1,noexec
     9                           	psect	rparam,global,class=COMRAM,space=1,delta=1,noexec
    10  0000                     
    11                           ; Version 1.45
    12                           ; Generated 16/11/2017 GMT
    13                           ; 
    14                           ; Copyright © 2017, Microchip Technology Inc. and its subsidiaries ("Microchip")
    15                           ; All rights reserved.
    16                           ; 
    17                           ; This software is developed by Microchip Technology Inc. and its subsidiaries ("Microch
      +                          ip").
    18                           ; 
    19                           ; Redistribution and use in source and binary forms, with or without modification, are
    20                           ; permitted provided that the following conditions are met:
    21                           ; 
    22                           ;     1. Redistributions of source code must retain the above copyright notice, this lis
      +                          t of
    23                           ;        conditions and the following disclaimer.
    24                           ; 
    25                           ;     2. Redistributions in binary form must reproduce the above copyright notice, this 
      +                          list
    26                           ;        of conditions and the following disclaimer in the documentation and/or other
    27                           ;        materials provided with the distribution.
    28                           ; 
    29                           ;     3. Microchip's name may not be used to endorse or promote products derived from th
      +                          is
    30                           ;        software without specific prior written permission.
    31                           ; 
    32                           ; THIS SOFTWARE IS PROVIDED BY MICROCHIP "AS IS" AND ANY EXPRESS OR IMPLIED WARRANTIES,
    33                           ; INCLUDING, BUT NOT LIMITED TO, THE IMPLIED WARRANTIES OF MERCHANTABILITY AND FITNESS F
      +                          OR
    34                           ; PURPOSE ARE DISCLAIMED.  IN NO EVENT SHALL MICROCHIP BE LIABLE FOR ANY DIRECT, INDIREC
      +                          T,
    35                           ; INCIDENTAL, SPECIAL, EXEMPLARY, OR CONSEQUENTIAL DAMAGES (INCLUDING BUT NOT LIMITED TO
    36                           ; PROCUREMENT OF SUBSTITUTE GOODS OR SERVICES; LOSS OF USE, DATA OR PROFITS; OR BUSINESS
    37                           ; INTERRUPTION) HOWSOEVER CAUSED AND ON ANY THEORY OF LIABILITY, WHETHER IN CONTRACT, ST
      +                          RICT
    38                           ; LIABILITY, OR TORT (INCLUDING NEGLIGENCE OR OTHERWISE) ARISING IN ANY WAY OUT OF THE U
      +                          SE OF
    39                           ; THIS SOFTWARE, EVEN IF ADVISED OF THE POSSIBILITY OF SUCH DAMAGE.
    40                           ; 
    41                           ; 
    42                           ; Code-generator required, PIC18F4550 Definitions
    43                           ; 
    44                           ; SFR Addresses
    45  0000                     _LATD	set	3980
    46  0000                     _TRISD	set	3989
    47                           
    48                           ; #config settings
    49  0000                     
    50                           	psect	cinit
    51  007FC0                     __pcinit:
    52                           	opt stack 0
    53  007FC0                     start_initialization:
    54                           	opt stack 0
    55  007FC0                     __initialization:
    56                           	opt stack 0
    57  007FC0                     end_of_initialization:
    58                           	opt stack 0
    59  007FC0                     __end_of__initialization:
    60                           	opt stack 0
    61  007FC0  0100               	movlb	0
    62  007FC2  EFE3  F03F         	goto	_main	;jump to C main() function
    63                           
    64                           	psect	cstackCOMRAM
    65  000001                     __pcstackCOMRAM:
    66                           	opt stack 0
    67  000001                     ??_main:
    68                           
    69                           ; 1 bytes @ 0x0
    70  000001                     	ds	2
    71                           
    72 ;;
    73 ;;Main: autosize = 0, tempsize = 2, incstack = 0, save=0
    74 ;;
    75 ;; *************** function _main *****************
    76 ;; Defined at:
    77 ;;		line 16 in file "maincomon.c"
    78 ;; Parameters:    Size  Location     Type
    79 ;;		None
    80 ;; Auto vars:     Size  Location     Type
    81 ;;		None
    82 ;; Return value:  Size  Location     Type
    83 ;;                  1    wreg      void 
    84 ;; Registers used:
    85 ;;		wreg, status,2
    86 ;; Tracked objects:
    87 ;;		On entry : 0/0
    88 ;;		On exit  : 0/0
    89 ;;		Unchanged: 0/0
    90 ;; Data sizes:     COMRAM   BANK0   BANK1   BANK2   BANK3   BANK4   BANK5   BANK6   BANK7
    91 ;;      Params:         0       0       0       0       0       0       0       0       0
    92 ;;      Locals:         0       0       0       0       0       0       0       0       0
    93 ;;      Temps:          2       0       0       0       0       0       0       0       0
    94 ;;      Totals:         2       0       0       0       0       0       0       0       0
    95 ;;Total ram usage:        2 bytes
    96 ;; This function calls:
    97 ;;		Nothing
    98 ;; This function is called by:
    99 ;;		Startup code after reset
   100 ;; This function uses a non-reentrant model
   101 ;;
   102                           
   103                           	psect	text0
   104  007FC6                     __ptext0:
   105                           	opt stack 0
   106  007FC6                     _main:
   107                           	opt stack 31
   108                           
   109                           ;maincomon.c: 17: TRISD = 0xFC;
   110                           
   111                           ;incstack = 0
   112  007FC6  0EFC               	movlw	252
   113  007FC8  6E95               	movwf	3989,c	;volatile
   114  007FCA                     l11:
   115                           
   116                           ;maincomon.c: 19: LATD = 0x01;
   117  007FCA  0E01               	movlw	1
   118  007FCC  6E8C               	movwf	3980,c	;volatile
   119                           
   120                           ;maincomon.c: 20: _delay((unsigned long)((200)*(48000000UL/4000.0)));
   121  007FCE  0E0D               	movlw	13
   122  007FD0  6E02               	movwf	(??_main+1)& (0+255),c
   123  007FD2  0E2D               	movlw	45
   124  007FD4  6E01               	movwf	??_main& (0+255),c
   125  007FD6  0ED8               	movlw	216
   126  007FD8                     u17:
   127  007FD8  2EE8               	decfsz	wreg,f,c
   128  007FDA  D7FE               	bra	u17
   129  007FDC  2E01               	decfsz	??_main& (0+255),f,c
   130  007FDE  D7FC               	bra	u17
   131  007FE0  2E02               	decfsz	(??_main+1)& (0+255),f,c
   132  007FE2  D7FA               	bra	u17
   133                           
   134                           ;maincomon.c: 21: LATD = 0x02;
   135  007FE4  0E02               	movlw	2
   136  007FE6  6E8C               	movwf	3980,c	;volatile
   137                           
   138                           ;maincomon.c: 22: _delay((unsigned long)((200)*(48000000UL/4000.0)));
   139  007FE8  0E0D               	movlw	13
   140  007FEA  6E02               	movwf	(??_main+1)& (0+255),c
   141  007FEC  0E2D               	movlw	45
   142  007FEE  6E01               	movwf	??_main& (0+255),c
   143  007FF0  0ED8               	movlw	216
   144  007FF2                     u27:
   145  007FF2  2EE8               	decfsz	wreg,f,c
   146  007FF4  D7FE               	bra	u27
   147  007FF6  2E01               	decfsz	??_main& (0+255),f,c
   148  007FF8  D7FC               	bra	u27
   149  007FFA  2E02               	decfsz	(??_main+1)& (0+255),f,c
   150  007FFC  D7FA               	bra	u27
   151  007FFE  D7E5               	goto	l11
   152  008000                     __end_of_main:
   153                           	opt stack 0
   154  0000                     wreg	equ	0xFE8
   155                           wreg	equ	0xFE8
   156                           
   157                           	psect	rparam
   158  0000                     wreg	equ	0xFE8


Data Sizes:
    Strings     0
    Constant    0
    Data        0
    BSS         0
    Persistent  0
    Stack       0

Auto Spaces:
    Space          Size  Autos    Used
    COMRAM           95      2       2
    BANK0           160      0       0
    BANK1           256      0       0
    BANK2           256      0       0
    BANK3           256      0       0
    BANK4           256      0       0
    BANK5           256      0       0
    BANK6           256      0       0
    BANK7           256      0       0

Pointer List with Targets:

    None.

Critical Paths under _main in COMRAM

    None.

Critical Paths under _main in BANK0

    None.

Critical Paths under _main in BANK1

    None.

Critical Paths under _main in BANK2

    None.

Critical Paths under _main in BANK3

    None.

Critical Paths under _main in BANK4

    None.

Critical Paths under _main in BANK5

    None.

Critical Paths under _main in BANK6

    None.

Critical Paths under _main in BANK7

    None.

Call Graph Tables:

 ---------------------------------------------------------------------------------
 (Depth) Function   	        Calls       Base Space   Used Autos Params    Refs
 ---------------------------------------------------------------------------------
 (0) _main                                                 2     2      0       0
                                              0 COMRAM     2     2      0
 ---------------------------------------------------------------------------------
 Estimated maximum stack depth 0
 ---------------------------------------------------------------------------------

 Call Graph Graphs:

 _main (ROOT)

 Address spaces:
Name               Size   Autos  Total    Cost      Usage
BITCOMRAM           5F      0       0       0        0.0%
EEDATA             100      0       0       0        0.0%
NULL                 0      0       0       0        0.0%
CODE                 0      0       0       0        0.0%
COMRAM              5F      2       2       1        2.1%
STACK                0      0       0       2        0.0%
DATA                 0      0       0       3        0.0%
BITBANK0            A0      0       0       4        0.0%
BANK0               A0      0       0       5        0.0%
BITBANK1           100      0       0       6        0.0%
BANK1              100      0       0       7        0.0%
BITBANK2           100      0       0       8        0.0%
BANK2              100      0       0       9        0.0%
BITBANK3           100      0       0      10        0.0%
BANK3              100      0       0      11        0.0%
BITBANK4           100      0       0      12        0.0%
BANK4              100      0       0      13        0.0%
BITBANK5           100      0       0      14        0.0%
BANK5              100      0       0      15        0.0%
BITBANK6           100      0       0      16        0.0%
BANK6              100      0       0      17        0.0%
BITBANK7           100      0       0      18        0.0%
BANK7              100      0       0      19        0.0%
ABS                  0      0       0      20        0.0%
BIGRAM             7FF      0       0      21        0.0%
BITSFR               0      0       0     200        0.0%
SFR                  0      0       0     200        0.0%


Microchip Technology PIC18 Macro Assembler V1.45 build -152302408 
Symbol Table                                                                                   Thu May 17 12:10:14 2018

                     l11 7FCA                       u17 7FD8                       u27 7FF2  
     __CFG_FOSC$XTPLL_XT 000000             __CFG_BOR$OFF 000000                      wreg 000FE8  
           __CFG_LVP$OFF 000000             __CFG_WDT$OFF 000000                     _LATD 000F8C  
           __CFG_PWRT$ON 000000                     _main 7FC6                     start 0000  
          __CFG_MCLRE$ON 000000             ___param_bank 000000            __CFG_PLLDIV$1 000000  
         __CFG_CCP2MX$ON 000000                    ?_main 0001                    _TRISD 000F95  
        __initialization 7FC0             __end_of_main 8000                   ??_main 0001  
          __activetblptr 000000               __accesstop 0060  __end_of__initialization 7FC0  
        __CFG_PBADEN$OFF 000000            ___rparam_used 000001           __pcstackCOMRAM 0001  
                __Hparam 0000                  __Lparam 0000                  __pcinit 7FC0  
                __ramtop 0800                  __ptext0 7FC6     end_of_initialization 7FC0  
    start_initialization 7FC0                 __Hrparam 0000                 __Lrparam 0000  
          __size_of_main 003A    __CFG_CPUDIV$OSC1_PLL2 000000  
