

Microchip MPLAB XC8 Assembler V2.10 build 88905656 
                                                                                               Mon Feb 03 21:29:10 2020

Microchip MPLAB XC8 C Compiler v2.10 (Free license) build 20190730164152 Og1 
     1                           	processor	18F4550
     2                           	fnconf	rparam,??,?,0
     3                           	opt	pw 120
     4                           	opt	flic
     5                           	psect	cinit,global,reloc=2,class=CODE,delta=1
     6                           	psect	cstackCOMRAM,global,class=COMRAM,space=1,delta=1,noexec
     7                           	psect	text0,global,reloc=2,class=CODE,delta=1
     8                           	psect	intsave_regs,global,class=BIGRAM,space=1,delta=1,noexec
     9                           	psect	rparam,global,class=COMRAM,space=1,delta=1,noexec
    10  0000                     
    11                           ; Version 2.10
    12                           ; Generated 31/07/2019 GMT
    13                           ; 
    14                           ; Copyright © 2019, Microchip Technology Inc. and its subsidiaries ("Microchip")
    15                           ; All rights reserved.
    16                           ; 
    17                           ; This software is developed by Microchip Technology Inc. and its subsidiaries ("Microch
      +                          ip").
    18                           ; 
    19                           ; Redistribution and use in source and binary forms, with or without modification, are
    20                           ; permitted provided that the following conditions are met:
    21                           ; 
    22                           ;     1. Redistributions of source code must retain the above copyright notice, this lis
      +                          t of
    23                           ;        conditions and the following disclaimer.
    24                           ; 
    25                           ;     2. Redistributions in binary form must reproduce the above copyright notice, this 
      +                          list
    26                           ;        of conditions and the following disclaimer in the documentation and/or other
    27                           ;        materials provided with the distribution.
    28                           ; 
    29                           ;     3. Microchip's name may not be used to endorse or promote products derived from th
      +                          is
    30                           ;        software without specific prior written permission.
    31                           ; 
    32                           ; THIS SOFTWARE IS PROVIDED BY MICROCHIP "AS IS" AND ANY EXPRESS OR IMPLIED WARRANTIES,
    33                           ; INCLUDING, BUT NOT LIMITED TO, THE IMPLIED WARRANTIES OF MERCHANTABILITY AND FITNESS F
      +                          OR
    34                           ; PURPOSE ARE DISCLAIMED.  IN NO EVENT SHALL MICROCHIP BE LIABLE FOR ANY DIRECT, INDIREC
      +                          T,
    35                           ; INCIDENTAL, SPECIAL, EXEMPLARY, OR CONSEQUENTIAL DAMAGES (INCLUDING BUT NOT LIMITED TO
    36                           ; PROCUREMENT OF SUBSTITUTE GOODS OR SERVICES; LOSS OF USE, DATA OR PROFITS; OR BUSINESS
    37                           ; INTERRUPTION) HOWSOEVER CAUSED AND ON ANY THEORY OF LIABILITY, WHETHER IN CONTRACT, ST
      +                          RICT
    38                           ; LIABILITY, OR TORT (INCLUDING NEGLIGENCE OR OTHERWISE) ARISING IN ANY WAY OUT OF THE U
      +                          SE OF
    39                           ; THIS SOFTWARE, EVEN IF ADVISED OF THE POSSIBILITY OF SUCH DAMAGE.
    40                           ; 
    41                           ; 
    42                           ; Code-generator required, PIC18F4550 Definitions
    43                           ; 
    44                           ; SFR Addresses
    45  0000                     _CCP1CON	set	4029
    46  0000                     _T2CON	set	4042
    47  0000                     _TRISCbits	set	3988
    48  0000                     _CCPR1L	set	4030
    49  0000                     _PR2	set	4043
    50                           
    51                           ; #config settings
    52  0000                     
    53                           	psect	cinit
    54  007FD8                     __pcinit:
    55                           	opt callstack 0
    56  007FD8                     start_initialization:
    57                           	opt callstack 0
    58  007FD8                     __initialization:
    59                           	opt callstack 0
    60  007FD8                     end_of_initialization:
    61                           	opt callstack 0
    62  007FD8                     __end_of__initialization:
    63                           	opt callstack 0
    64  007FD8  0100               	movlb	0
    65  007FDA  EFEF  F03F         	goto	_main	;jump to C main() function
    66                           
    67                           	psect	cstackCOMRAM
    68  000000                     __pcstackCOMRAM:
    69                           	opt callstack 0
    70  000000                     
    71                           ; 1 bytes @ 0x0
    72 ;;
    73 ;;Main: autosize = 0, tempsize = 0, incstack = 0, save=0
    74 ;;
    75 ;; *************** function _main *****************
    76 ;; Defined at:
    77 ;;		line 12 in file "maincode.c"
    78 ;; Parameters:    Size  Location     Type
    79 ;;		None
    80 ;; Auto vars:     Size  Location     Type
    81 ;;		None
    82 ;; Return value:  Size  Location     Type
    83 ;;                  1    wreg      void 
    84 ;; Registers used:
    85 ;;		wreg, status,2
    86 ;; Tracked objects:
    87 ;;		On entry : 0/0
    88 ;;		On exit  : 0/0
    89 ;;		Unchanged: 0/0
    90 ;; Data sizes:     COMRAM   BANK0   BANK1   BANK2   BANK3   BANK4   BANK5   BANK6   BANK7
    91 ;;      Params:         0       0       0       0       0       0       0       0       0
    92 ;;      Locals:         0       0       0       0       0       0       0       0       0
    93 ;;      Temps:          0       0       0       0       0       0       0       0       0
    94 ;;      Totals:         0       0       0       0       0       0       0       0       0
    95 ;;Total ram usage:        0 bytes
    96 ;; This function calls:
    97 ;;		Nothing
    98 ;; This function is called by:
    99 ;;		Startup code after reset
   100 ;; This function uses a non-reentrant model
   101 ;;
   102                           
   103                           	psect	text0
   104  007FDE                     __ptext0:
   105                           	opt callstack 0
   106  007FDE                     _main:
   107                           	opt callstack 31
   108  007FDE                     
   109                           ;maincode.c: 13:     PR2 = 249;
   110  007FDE  0EF9               	movlw	249
   111  007FE0  6ECB               	movwf	203,c	;volatile
   112                           
   113                           ;maincode.c: 14:     CCPR1L = 63;
   114  007FE2  0E3F               	movlw	63
   115  007FE4  6EBE               	movwf	190,c	;volatile
   116  007FE6                     
   117                           ;maincode.c: 15:     TRISCbits.RC2 = 0;
   118  007FE6  9494               	bcf	148,2,c	;volatile
   119                           
   120                           ;maincode.c: 16:     T2CON = 0x05;
   121  007FE8  0E05               	movlw	5
   122  007FEA  6ECA               	movwf	202,c	;volatile
   123                           
   124                           ;maincode.c: 17:     CCP1CON = 0x0C;
   125  007FEC  0E0C               	movlw	12
   126  007FEE  6EBD               	movwf	189,c	;volatile
   127  007FF0                     l700:
   128                           
   129                           ;maincode.c: 19:         _delay((unsigned long)((10)*(4000000UL/4000000.0)));
   130  007FF0  0E03               	movlw	3
   131  007FF2                     u17:
   132  007FF2  2EE8               	decfsz	wreg,f,c
   133  007FF4  D7FE               	bra	u17
   134  007FF6  F000               	nop	
   135  007FF8  EFF8  F03F         	goto	l700
   136  007FFC  EF00  F000         	goto	start
   137  008000                     __end_of_main:
   138                           	opt callstack 0
   139  0000                     
   140                           	psect	rparam
   141  0000                     tosu	equ	0xFFF
   142                           tosh	equ	0xFFE
   143                           tosl	equ	0xFFD
   144                           stkptr	equ	0xFFC
   145                           pclatu	equ	0xFFB
   146                           pclath	equ	0xFFA
   147                           pcl	equ	0xFF9
   148                           tblptru	equ	0xFF8
   149                           tblptrh	equ	0xFF7
   150                           tblptrl	equ	0xFF6
   151                           tablat	equ	0xFF5
   152                           prodh	equ	0xFF4
   153                           prodl	equ	0xFF3
   154                           indf0	equ	0xFEF
   155                           postinc0	equ	0xFEE
   156                           postdec0	equ	0xFED
   157                           preinc0	equ	0xFEC
   158                           plusw0	equ	0xFEB
   159                           fsr0h	equ	0xFEA
   160                           fsr0l	equ	0xFE9
   161                           wreg	equ	0xFE8
   162                           indf1	equ	0xFE7
   163                           postinc1	equ	0xFE6
   164                           postdec1	equ	0xFE5
   165                           preinc1	equ	0xFE4
   166                           plusw1	equ	0xFE3
   167                           fsr1h	equ	0xFE2
   168                           fsr1l	equ	0xFE1
   169                           bsr	equ	0xFE0
   170                           indf2	equ	0xFDF
   171                           postinc2	equ	0xFDE
   172                           postdec2	equ	0xFDD
   173                           preinc2	equ	0xFDC
   174                           plusw2	equ	0xFDB
   175                           fsr2h	equ	0xFDA
   176                           fsr2l	equ	0xFD9
   177                           status	equ	0xFD8


Data Sizes:
    Strings     0
    Constant    0
    Data        0
    BSS         0
    Persistent  0
    Stack       0

Auto Spaces:
    Space          Size  Autos    Used
    COMRAM           95      0       0
    BANK0           160      0       0
    BANK1           256      0       0
    BANK2           256      0       0
    BANK3           256      0       0
    BANK4           256      0       0
    BANK5           256      0       0
    BANK6           256      0       0
    BANK7           256      0       0

Pointer List with Targets:

    None.

Critical Paths under _main in COMRAM

    None.

Critical Paths under _main in BANK0

    None.

Critical Paths under _main in BANK1

    None.

Critical Paths under _main in BANK2

    None.

Critical Paths under _main in BANK3

    None.

Critical Paths under _main in BANK4

    None.

Critical Paths under _main in BANK5

    None.

Critical Paths under _main in BANK6

    None.

Critical Paths under _main in BANK7

    None.

Call Graph Tables:

 ---------------------------------------------------------------------------------
 (Depth) Function   	        Calls       Base Space   Used Autos Params    Refs
 ---------------------------------------------------------------------------------
 (0) _main                                                 0     0      0       0
 ---------------------------------------------------------------------------------
 Estimated maximum stack depth 0
 ---------------------------------------------------------------------------------

 Call Graph Graphs:

 _main (ROOT)

 Address spaces:
Name               Size   Autos  Total    Cost      Usage
BITCOMRAM           5F      0       0       0        0.0%
EEDATA             100      0       0       0        0.0%
NULL                 0      0       0       0        0.0%
CODE                 0      0       0       0        0.0%
COMRAM              5F      0       0       1        0.0%
STACK                0      0       0       2        0.0%
DATA                 0      0       0       3        0.0%
BITBANK0            A0      0       0       4        0.0%
BANK0               A0      0       0       5        0.0%
BITBANK1           100      0       0       6        0.0%
BANK1              100      0       0       7        0.0%
BITBANK2           100      0       0       8        0.0%
BANK2              100      0       0       9        0.0%
BITBANK3           100      0       0      10        0.0%
BANK3              100      0       0      11        0.0%
BITBANK4           100      0       0      12        0.0%
BANK4              100      0       0      13        0.0%
BITBANK5           100      0       0      14        0.0%
BANK5              100      0       0      15        0.0%
BITBANK6           100      0       0      16        0.0%
BANK6              100      0       0      17        0.0%
BITBANK7           100      0       0      18        0.0%
BANK7              100      0       0      19        0.0%
ABS                  0      0       0      20        0.0%
BIGRAM             7FF      0       0      21        0.0%
BITSFR               0      0       0     200        0.0%
SFR                  0      0       0     200        0.0%


Microchip Technology PIC18 Macro Assembler V2.10 build 88905656 
Symbol Table                                                                                   Mon Feb 03 21:29:10 2020

                     u17 7FF2                      l700 7FF0                      l696 7FDE  
                    l698 7FE6                      _PR2 000FCB             __CFG_BOR$OFF 000000  
                    wreg 000FE8             __CFG_LVP$OFF 000000             __CFG_WDT$OFF 000000  
           __CFG_PWRT$ON 000000                     _main 7FDE                     start 0000  
           ___param_bank 000000                    ?_main 0000                    _T2CON 000FCA  
        __initialization 7FD8             __end_of_main 8000                   ??_main 0000  
          __activetblptr 000000                   _CCPR1L 000FBE               __accesstop 0060  
__end_of__initialization 7FD8          __CFG_PBADEN$OFF 000000          __CFG_FOSC$XT_XT 000000  
          ___rparam_used 000001           __pcstackCOMRAM 0000                  _CCP1CON 000FBD  
                __Hparam 0000                  __Lparam 0000                  __pcinit 7FD8  
                __ramtop 0800                  __ptext0 7FDE     end_of_initialization 7FD8  
              _TRISCbits 000F94      start_initialization 7FD8                 __Hrparam 0000  
               __Lrparam 0000            __size_of_main 0022  
