

Microchip MPLAB XC8 Assembler V2.30 build 20200825195618 
                                                                                               Mon Nov 09 18:32:14 2020

Microchip MPLAB XC8 C Compiler v2.30 (Free license) build 20200825195618 Og1 
     1                           	processor	18F4550
     2                           	fnconf	rparam,??,?,0
     3                           	pagewidth 120
     4                           	opt	flic
     5                           	psect	idataCOMRAM,global,class=CODE,delta=1,noexec
     6                           	psect	idataBANK0,global,class=CODE,delta=1,noexec
     7                           	psect	cinit,global,reloc=2,class=CODE,delta=1
     8                           	psect	bssCOMRAM,global,class=COMRAM,space=1,delta=1,lowdata,noexec
     9                           	psect	dataCOMRAM,global,class=COMRAM,space=1,delta=1,lowdata,noexec
    10                           	psect	dataBANK0,global,class=BANK0,space=1,delta=1,lowdata,noexec
    11                           	psect	cstackCOMRAM,global,class=COMRAM,space=1,delta=1,lowdata,noexec
    12                           	psect	text0,global,reloc=2,class=CODE,delta=1
    13                           	psect	text1,global,reloc=2,class=CODE,delta=1
    14                           	psect	text2,global,reloc=2,class=CODE,delta=1
    15                           	psect	text3,global,reloc=2,class=CODE,delta=1
    16                           	psect	text4,global,reloc=2,class=CODE,delta=1
    17                           	psect	text5,global,reloc=2,class=CODE,delta=1
    18                           	psect	text6,global,reloc=2,class=CODE,delta=1
    19                           	psect	intcode,global,reloc=2,class=CODE,delta=1
    20                           	psect	intcode_body,global,reloc=2,class=CODE,delta=1
    21                           	psect	text8,global,reloc=2,class=CODE,delta=1
    22                           	psect	text9,global,reloc=2,class=CODE,delta=1
    23                           	psect	text10,global,reloc=2,class=CODE,delta=1
    24                           	psect	intsave_regs,global,class=BIGRAM,space=1,delta=1,noexec
    25                           	psect	rparam,global,class=COMRAM,space=1,delta=1,noexec
    26                           	psect	temp,global,ovrld,common,class=COMRAM,space=1,delta=1
    27                           	psect	idloc,global,abs,ovrld,class=IDLOC,space=5,delta=1,noexec
    28                           	psect	config,global,abs,ovrld,class=CONFIG,space=4,delta=1,noexec
    29  0000                     
    30                           ; Version 2.20
    31                           ; Generated 12/02/2020 GMT
    32                           ; 
    33                           ; Copyright © 2020, Microchip Technology Inc. and its subsidiaries ("Microchip")
    34                           ; All rights reserved.
    35                           ; 
    36                           ; This software is developed by Microchip Technology Inc. and its subsidiaries ("Microch
      +                          ip").
    37                           ; 
    38                           ; Redistribution and use in source and binary forms, with or without modification, are
    39                           ; permitted provided that the following conditions are met:
    40                           ; 
    41                           ;     1. Redistributions of source code must retain the above copyright notice, this lis
      +                          t of
    42                           ;        conditions and the following disclaimer.
    43                           ; 
    44                           ;     2. Redistributions in binary form must reproduce the above copyright notice, this 
      +                          list
    45                           ;        of conditions and the following disclaimer in the documentation and/or other
    46                           ;        materials provided with the distribution.
    47                           ; 
    48                           ;     3. Microchip's name may not be used to endorse or promote products derived from th
      +                          is
    49                           ;        software without specific prior written permission.
    50                           ; 
    51                           ; THIS SOFTWARE IS PROVIDED BY MICROCHIP "AS IS" AND ANY EXPRESS OR IMPLIED WARRANTIES,
    52                           ; INCLUDING, BUT NOT LIMITED TO, THE IMPLIED WARRANTIES OF MERCHANTABILITY AND FITNESS F
      +                          OR
    53                           ; PURPOSE ARE DISCLAIMED.  IN NO EVENT SHALL MICROCHIP BE LIABLE FOR ANY DIRECT, INDIREC
      +                          T,
    54                           ; INCIDENTAL, SPECIAL, EXEMPLARY, OR CONSEQUENTIAL DAMAGES (INCLUDING BUT NOT LIMITED TO
    55                           ; PROCUREMENT OF SUBSTITUTE GOODS OR SERVICES; LOSS OF USE, DATA OR PROFITS; OR BUSINESS
    56                           ; INTERRUPTION) HOWSOEVER CAUSED AND ON ANY THEORY OF LIABILITY, WHETHER IN CONTRACT, ST
      +                          RICT
    57                           ; LIABILITY, OR TORT (INCLUDING NEGLIGENCE OR OTHERWISE) ARISING IN ANY WAY OUT OF THE U
      +                          SE OF
    58                           ; THIS SOFTWARE, EVEN IF ADVISED OF THE POSSIBILITY OF SUCH DAMAGE.
    59                           ; 
    60                           ; 
    61                           ; Code-generator required, PIC18F4550 Definitions
    62                           ; 
    63                           ; SFR Addresses
    64  0000                     
    65                           	psect	idataCOMRAM
    66  000208                     __pidataCOMRAM:
    67                           	callstack 0
    68                           
    69                           ;initializer for _menu3
    70  000208  28                 	db	40
    71  000209  31                 	db	49
    72  00020A  29                 	db	41
    73  00020B  20                 	db	32
    74  00020C  45                 	db	69
    75  00020D  6E                 	db	110
    76  00020E  63                 	db	99
    77  00020F  69                 	db	105
    78  000210  65                 	db	101
    79  000211  6E                 	db	110
    80  000212  64                 	db	100
    81  000213  65                 	db	101
    82  000214  20                 	db	32
    83  000215  4C                 	db	76
    84  000216  45                 	db	69
    85  000217  44                 	db	68
    86  000218  20                 	db	32
    87  000219  20                 	db	32
    88  00021A  20                 	db	32
    89  00021B  20                 	db	32
    90  00021C  20                 	db	32
    91  00021D  20                 	db	32
    92  00021E  00                 	db	0
    93                           
    94                           ;initializer for _menu2
    95  00021F  53                 	db	83
    96  000220  65                 	db	101
    97  000221  6C                 	db	108
    98  000222  65                 	db	101
    99  000223  63                 	db	99
   100  000224  63                 	db	99
   101  000225  69                 	db	105
   102  000226  6F                 	db	111
   103  000227  6E                 	db	110
   104  000228  65                 	db	101
   105  000229  20                 	db	32
   106  00022A  6F                 	db	111
   107  00022B  70                 	db	112
   108  00022C  63                 	db	99
   109  00022D  69                 	db	105
   110  00022E  6F                 	db	111
   111  00022F  6E                 	db	110
   112  000230  20                 	db	32
   113  000231  20                 	db	32
   114  000232  20                 	db	32
   115  000233  20                 	db	32
   116  000234  20                 	db	32
   117  000235  00                 	db	0
   118                           
   119                           ;initializer for _menu1
   120  000236  42                 	db	66
   121  000237  69                 	db	105
   122  000238  65                 	db	101
   123  000239  6E                 	db	110
   124  00023A  76                 	db	118
   125  00023B  65                 	db	101
   126  00023C  6E                 	db	110
   127  00023D  69                 	db	105
   128  00023E  64                 	db	100
   129  00023F  6F                 	db	111
   130  000240  73                 	db	115
   131  000241  20                 	db	32
   132  000242  61                 	db	97
   133  000243  6C                 	db	108
   134  000244  20                 	db	32
   135  000245  65                 	db	101
   136  000246  6A                 	db	106
   137  000247  65                 	db	101
   138  000248  6D                 	db	109
   139  000249  70                 	db	112
   140  00024A  6C                 	db	108
   141  00024B  6F                 	db	111
   142  00024C  00                 	db	0
   143                           
   144                           	psect	idataBANK0
   145  000160                     __pidataBANK0:
   146                           	callstack 0
   147                           
   148                           ;initializer for _ledof
   149  000160  4C                 	db	76
   150  000161  45                 	db	69
   151  000162  44                 	db	68
   152  000163  20                 	db	32
   153  000164  61                 	db	97
   154  000165  70                 	db	112
   155  000166  61                 	db	97
   156  000167  67                 	db	103
   157  000168  61                 	db	97
   158  000169  64                 	db	100
   159  00016A  6F                 	db	111
   160  00016B  20                 	db	32
   161  00016C  20                 	db	32
   162  00016D  20                 	db	32
   163  00016E  20                 	db	32
   164  00016F  20                 	db	32
   165  000170  20                 	db	32
   166  000171  20                 	db	32
   167  000172  20                 	db	32
   168  000173  20                 	db	32
   169  000174  20                 	db	32
   170  000175  20                 	db	32
   171  000176  00                 	db	0
   172                           
   173                           ;initializer for _ledon
   174  000177  4C                 	db	76
   175  000178  45                 	db	69
   176  000179  44                 	db	68
   177  00017A  20                 	db	32
   178  00017B  65                 	db	101
   179  00017C  6E                 	db	110
   180  00017D  63                 	db	99
   181  00017E  65                 	db	101
   182  00017F  6E                 	db	110
   183  000180  64                 	db	100
   184  000181  69                 	db	105
   185  000182  64                 	db	100
   186  000183  6F                 	db	111
   187  000184  20                 	db	32
   188  000185  20                 	db	32
   189  000186  20                 	db	32
   190  000187  20                 	db	32
   191  000188  20                 	db	32
   192  000189  20                 	db	32
   193  00018A  20                 	db	32
   194  00018B  20                 	db	32
   195  00018C  20                 	db	32
   196  00018D  00                 	db	0
   197                           
   198                           ;initializer for _menu5
   199  00018E  28                 	db	40
   200  00018F  6D                 	db	109
   201  000190  29                 	db	41
   202  000191  20                 	db	32
   203  000192  4D                 	db	77
   204  000193  75                 	db	117
   205  000194  65                 	db	101
   206  000195  73                 	db	115
   207  000196  74                 	db	116
   208  000197  72                 	db	114
   209  000198  61                 	db	97
   210  000199  20                 	db	32
   211  00019A  65                 	db	101
   212  00019B  6C                 	db	108
   213  00019C  20                 	db	32
   214  00019D  6D                 	db	109
   215  00019E  65                 	db	101
   216  00019F  6E                 	db	110
   217  0001A0  75                 	db	117
   218  0001A1  20                 	db	32
   219  0001A2  20                 	db	32
   220  0001A3  20                 	db	32
   221  0001A4  00                 	db	0
   222                           
   223                           ;initializer for _menu4
   224  0001A5  28                 	db	40
   225  0001A6  32                 	db	50
   226  0001A7  29                 	db	41
   227  0001A8  20                 	db	32
   228  0001A9  41                 	db	65
   229  0001AA  70                 	db	112
   230  0001AB  61                 	db	97
   231  0001AC  67                 	db	103
   232  0001AD  61                 	db	97
   233  0001AE  20                 	db	32
   234  0001AF  4C                 	db	76
   235  0001B0  45                 	db	69
   236  0001B1  44                 	db	68
   237  0001B2  20                 	db	32
   238  0001B3  20                 	db	32
   239  0001B4  20                 	db	32
   240  0001B5  20                 	db	32
   241  0001B6  20                 	db	32
   242  0001B7  20                 	db	32
   243  0001B8  20                 	db	32
   244  0001B9  20                 	db	32
   245  0001BA  20                 	db	32
   246  0001BB  00                 	db	0
   247  0000                     _LATBbits	set	3978
   248  0000                     _RCREG	set	4014
   249  0000                     _PIR1bits	set	3998
   250  0000                     _TXREG	set	4013
   251  0000                     _PIE1bits	set	3997
   252  0000                     _INTCONbits	set	4082
   253  0000                     _TXSTAbits	set	4012
   254  0000                     _RCSTAbits	set	4011
   255  0000                     _TRISCbits	set	3988
   256  0000                     _SPBRG	set	4015
   257  0000                     _SPBRGH	set	4016
   258  0000                     _TRISBbits	set	3987
   259                           
   260                           ; #config settings
   261                           
   262                           	psect	cinit
   263  0001BC                     __pcinit:
   264                           	callstack 0
   265  0001BC                     start_initialization:
   266                           	callstack 0
   267  0001BC                     __initialization:
   268                           	callstack 0
   269                           
   270                           ; Initialize objects allocated to BANK0 (92 bytes)
   271                           ; load TBLPTR registers with __pidataBANK0
   272  0001BC  0E60               	movlw	low __pidataBANK0
   273  0001BE  6EF6               	movwf	tblptrl,c
   274  0001C0  0E01               	movlw	high __pidataBANK0
   275  0001C2  6EF7               	movwf	tblptrh,c
   276  0001C4  0E00               	movlw	low (__pidataBANK0 shr (0+16))
   277  0001C6  6EF8               	movwf	tblptru,c
   278  0001C8  EE00  F060         	lfsr	0,__pdataBANK0
   279  0001CC  EE10 F05C          	lfsr	1,92
   280  0001D0                     copy_data0:
   281  0001D0  0009               	tblrd		*+
   282  0001D2  CFF5 FFEE          	movff	tablat,postinc0
   283  0001D6  50E5               	movf	postdec1,w,c
   284  0001D8  50E1               	movf	fsr1l,w,c
   285  0001DA  E1FA               	bnz	copy_data0
   286                           
   287                           ; Initialize objects allocated to COMRAM (69 bytes)
   288                           ; load TBLPTR registers with __pidataCOMRAM
   289  0001DC  0E08               	movlw	low __pidataCOMRAM
   290  0001DE  6EF6               	movwf	tblptrl,c
   291  0001E0  0E02               	movlw	high __pidataCOMRAM
   292  0001E2  6EF7               	movwf	tblptrh,c
   293  0001E4  0E00               	movlw	low (__pidataCOMRAM shr (0+16))
   294  0001E6  6EF8               	movwf	tblptru,c
   295  0001E8  EE00  F001         	lfsr	0,__pdataCOMRAM
   296  0001EC  EE10 F045          	lfsr	1,69
   297  0001F0                     copy_data1:
   298  0001F0  0009               	tblrd		*+
   299  0001F2  CFF5 FFEE          	movff	tablat,postinc0
   300  0001F6  50E5               	movf	postdec1,w,c
   301  0001F8  50E1               	movf	fsr1l,w,c
   302  0001FA  E1FA               	bnz	copy_data1
   303                           
   304                           ; Clear objects allocated to COMRAM (1 bytes)
   305  0001FC  6A50               	clrf	__pbssCOMRAM& (0+255),c
   306  0001FE                     end_of_initialization:
   307                           	callstack 0
   308  0001FE                     __end_of__initialization:
   309                           	callstack 0
   310  0001FE  9051               	bcf	int$flags,0,c	;clear compiler interrupt flag (level 1)
   311  000200  9251               	bcf	int$flags,1,c	;clear compiler interrupt flag (level 2)
   312  000202  0100               	movlb	0
   313  000204  EF89  F001         	goto	_main	;jump to C main() function
   314                           
   315                           	psect	bssCOMRAM
   316  000050                     __pbssCOMRAM:
   317                           	callstack 0
   318  000050                     _indicador:
   319                           	callstack 0
   320  000050                     	ds	1
   321                           
   322                           	psect	dataCOMRAM
   323  000001                     __pdataCOMRAM:
   324                           	callstack 0
   325  000001                     _menu3:
   326                           	callstack 0
   327  000001                     	ds	23
   328  000018                     _menu2:
   329                           	callstack 0
   330  000018                     	ds	23
   331  00002F                     _menu1:
   332                           	callstack 0
   333  00002F                     	ds	23
   334                           
   335                           	psect	dataBANK0
   336  000060                     __pdataBANK0:
   337                           	callstack 0
   338  000060                     _ledof:
   339                           	callstack 0
   340  000060                     	ds	23
   341  000077                     _ledon:
   342                           	callstack 0
   343  000077                     	ds	23
   344  00008E                     _menu5:
   345                           	callstack 0
   346  00008E                     	ds	23
   347  0000A5                     _menu4:
   348                           	callstack 0
   349  0000A5                     	ds	23
   350                           
   351                           	psect	cstackCOMRAM
   352  000046                     __pcstackCOMRAM:
   353                           	callstack 0
   354  000046                     i2EUSART_enviacadena@vector:
   355                           	callstack 0
   356                           
   357                           ; 2 bytes @ 0x0
   358  000046                     	ds	2
   359  000048                     i2EUSART_enviacadena@pos:
   360                           	callstack 0
   361                           
   362                           ; 1 bytes @ 0x2
   363  000048                     	ds	1
   364  000049                     i2EUSART_enviacadena@x:
   365                           	callstack 0
   366                           
   367                           ; 1 bytes @ 0x3
   368  000049                     	ds	1
   369  00004A                     ??_RC_Isr:
   370  00004A                     
   371                           ; 1 bytes @ 0x4
   372  00004A                     	ds	2
   373  00004C                     EUSART_enviacadena@vector:
   374                           	callstack 0
   375                           
   376                           ; 2 bytes @ 0x6
   377  00004C                     	ds	2
   378  00004E                     EUSART_enviacadena@pos:
   379                           	callstack 0
   380                           
   381                           ; 1 bytes @ 0x8
   382  00004E                     	ds	1
   383  00004F                     EUSART_enviacadena@x:
   384                           	callstack 0
   385                           
   386                           ; 1 bytes @ 0x9
   387  00004F                     	ds	1
   388  000050                     
   389                           ; 1 bytes @ 0xA
   390 ;;
   391 ;;Main: autosize = 0, tempsize = 0, incstack = 0, save=0
   392 ;;
   393 ;; *************** function _main *****************
   394 ;; Defined at:
   395 ;;		line 72 in file "maincode.c"
   396 ;; Parameters:    Size  Location     Type
   397 ;;		None
   398 ;; Auto vars:     Size  Location     Type
   399 ;;		None
   400 ;; Return value:  Size  Location     Type
   401 ;;                  1    wreg      void 
   402 ;; Registers used:
   403 ;;		wreg, fsr2l, fsr2h, status,2, status,0, cstack
   404 ;; Tracked objects:
   405 ;;		On entry : 0/0
   406 ;;		On exit  : 0/0
   407 ;;		Unchanged: 0/0
   408 ;; Data sizes:     COMRAM   BANK0   BANK1   BANK2   BANK3   BANK4   BANK5   BANK6   BANK7
   409 ;;      Params:         0       0       0       0       0       0       0       0       0
   410 ;;      Locals:         0       0       0       0       0       0       0       0       0
   411 ;;      Temps:          0       0       0       0       0       0       0       0       0
   412 ;;      Totals:         0       0       0       0       0       0       0       0       0
   413 ;;Total ram usage:        0 bytes
   414 ;; Hardware stack levels required when called:    5
   415 ;; This function calls:
   416 ;;		_EUSART_config
   417 ;;		_INT_config
   418 ;;		_PORT_config
   419 ;;		_show_menu
   420 ;; This function is called by:
   421 ;;		Startup code after reset
   422 ;; This function uses a non-reentrant model
   423 ;;
   424                           
   425                           	psect	text0
   426  000312                     __ptext0:
   427                           	callstack 0
   428  000312                     _main:
   429                           	callstack 26
   430  000312                     
   431                           ;maincode.c: 73:     PORT_config();
   432  000312  ECA2  F001         	call	_PORT_config	;wreg free
   433  000316                     
   434                           ;maincode.c: 74:     EUSART_config();
   435  000316  EC95  F001         	call	_EUSART_config	;wreg free
   436  00031A                     
   437                           ;maincode.c: 75:     INT_config();
   438  00031A  EC9E  F001         	call	_INT_config	;wreg free
   439  00031E                     
   440                           ;maincode.c: 76:     show_menu();
   441  00031E  EC4A  F000         	call	_show_menu	;wreg free
   442  000322                     l75:
   443  000322  EF91  F001         	goto	l75
   444  000326  EF07  F000         	goto	start
   445  00032A                     __end_of_main:
   446                           	callstack 0
   447                           
   448 ;; *************** function _show_menu *****************
   449 ;; Defined at:
   450 ;;		line 59 in file "maincode.c"
   451 ;; Parameters:    Size  Location     Type
   452 ;;		None
   453 ;; Auto vars:     Size  Location     Type
   454 ;;		None
   455 ;; Return value:  Size  Location     Type
   456 ;;                  1    wreg      void 
   457 ;; Registers used:
   458 ;;		wreg, fsr2l, fsr2h, status,2, status,0, cstack
   459 ;; Tracked objects:
   460 ;;		On entry : 0/0
   461 ;;		On exit  : 0/0
   462 ;;		Unchanged: 0/0
   463 ;; Data sizes:     COMRAM   BANK0   BANK1   BANK2   BANK3   BANK4   BANK5   BANK6   BANK7
   464 ;;      Params:         0       0       0       0       0       0       0       0       0
   465 ;;      Locals:         0       0       0       0       0       0       0       0       0
   466 ;;      Temps:          0       0       0       0       0       0       0       0       0
   467 ;;      Totals:         0       0       0       0       0       0       0       0       0
   468 ;;Total ram usage:        0 bytes
   469 ;; Hardware stack levels used:    1
   470 ;; Hardware stack levels required when called:    4
   471 ;; This function calls:
   472 ;;		_EUSART_enviacadena
   473 ;;		_EUSART_siguientelinea
   474 ;; This function is called by:
   475 ;;		_main
   476 ;; This function uses a non-reentrant model
   477 ;;
   478                           
   479                           	psect	text1
   480  000094                     __ptext1:
   481                           	callstack 0
   482  000094                     _show_menu:
   483                           	callstack 26
   484  000094                     
   485                           ;maincode.c: 60:     EUSART_enviacadena(menu1,22);
   486  000094  0E2F               	movlw	low _menu1
   487  000096  6E4C               	movwf	EUSART_enviacadena@vector^0,c
   488  000098  0E00               	movlw	high _menu1
   489  00009A  6E4D               	movwf	(EUSART_enviacadena@vector+1)^0,c
   490  00009C  0E16               	movlw	22
   491  00009E  6E4E               	movwf	EUSART_enviacadena@pos^0,c
   492  0000A0  EC27  F001         	call	_EUSART_enviacadena	;wreg free
   493  0000A4                     
   494                           ;maincode.c: 61:     EUSART_siguientelinea();
   495  0000A4  EC63  F001         	call	_EUSART_siguientelinea	;wreg free
   496  0000A8                     
   497                           ;maincode.c: 62:     EUSART_enviacadena(menu2,22);
   498  0000A8  0E18               	movlw	low _menu2
   499  0000AA  6E4C               	movwf	EUSART_enviacadena@vector^0,c
   500  0000AC  0E00               	movlw	high _menu2
   501  0000AE  6E4D               	movwf	(EUSART_enviacadena@vector+1)^0,c
   502  0000B0  0E16               	movlw	22
   503  0000B2  6E4E               	movwf	EUSART_enviacadena@pos^0,c
   504  0000B4  EC27  F001         	call	_EUSART_enviacadena	;wreg free
   505                           
   506                           ;maincode.c: 63:     EUSART_siguientelinea();
   507  0000B8  EC63  F001         	call	_EUSART_siguientelinea	;wreg free
   508  0000BC                     
   509                           ;maincode.c: 64:     EUSART_enviacadena(menu3,22);
   510  0000BC  0E01               	movlw	low _menu3
   511  0000BE  6E4C               	movwf	EUSART_enviacadena@vector^0,c
   512  0000C0  0E00               	movlw	high _menu3
   513  0000C2  6E4D               	movwf	(EUSART_enviacadena@vector+1)^0,c
   514  0000C4  0E16               	movlw	22
   515  0000C6  6E4E               	movwf	EUSART_enviacadena@pos^0,c
   516  0000C8  EC27  F001         	call	_EUSART_enviacadena	;wreg free
   517  0000CC                     
   518                           ;maincode.c: 65:     EUSART_siguientelinea();
   519  0000CC  EC63  F001         	call	_EUSART_siguientelinea	;wreg free
   520                           
   521                           ;maincode.c: 66:     EUSART_enviacadena(menu4,22);
   522  0000D0  0EA5               	movlw	low _menu4
   523  0000D2  6E4C               	movwf	EUSART_enviacadena@vector^0,c
   524  0000D4  0E00               	movlw	high _menu4
   525  0000D6  6E4D               	movwf	(EUSART_enviacadena@vector+1)^0,c
   526  0000D8  0E16               	movlw	22
   527  0000DA  6E4E               	movwf	EUSART_enviacadena@pos^0,c
   528  0000DC  EC27  F001         	call	_EUSART_enviacadena	;wreg free
   529  0000E0                     
   530                           ;maincode.c: 67:     EUSART_siguientelinea();
   531  0000E0  EC63  F001         	call	_EUSART_siguientelinea	;wreg free
   532  0000E4                     
   533                           ;maincode.c: 68:     EUSART_enviacadena(menu5,22);
   534  0000E4  0E8E               	movlw	low _menu5
   535  0000E6  6E4C               	movwf	EUSART_enviacadena@vector^0,c
   536  0000E8  0E00               	movlw	high _menu5
   537  0000EA  6E4D               	movwf	(EUSART_enviacadena@vector+1)^0,c
   538  0000EC  0E16               	movlw	22
   539  0000EE  6E4E               	movwf	EUSART_enviacadena@pos^0,c
   540  0000F0  EC27  F001         	call	_EUSART_enviacadena	;wreg free
   541                           
   542                           ;maincode.c: 69:     EUSART_siguientelinea();
   543  0000F4  EC63  F001         	call	_EUSART_siguientelinea	;wreg free
   544  0000F8  0012               	return		;funcret
   545  0000FA                     __end_of_show_menu:
   546                           	callstack 0
   547                           
   548 ;; *************** function _EUSART_siguientelinea *****************
   549 ;; Defined at:
   550 ;;		line 45 in file "maincode.c"
   551 ;; Parameters:    Size  Location     Type
   552 ;;		None
   553 ;; Auto vars:     Size  Location     Type
   554 ;;		None
   555 ;; Return value:  Size  Location     Type
   556 ;;                  1    wreg      void 
   557 ;; Registers used:
   558 ;;		wreg, status,2
   559 ;; Tracked objects:
   560 ;;		On entry : 0/0
   561 ;;		On exit  : 0/0
   562 ;;		Unchanged: 0/0
   563 ;; Data sizes:     COMRAM   BANK0   BANK1   BANK2   BANK3   BANK4   BANK5   BANK6   BANK7
   564 ;;      Params:         0       0       0       0       0       0       0       0       0
   565 ;;      Locals:         0       0       0       0       0       0       0       0       0
   566 ;;      Temps:          0       0       0       0       0       0       0       0       0
   567 ;;      Totals:         0       0       0       0       0       0       0       0       0
   568 ;;Total ram usage:        0 bytes
   569 ;; Hardware stack levels used:    1
   570 ;; Hardware stack levels required when called:    3
   571 ;; This function calls:
   572 ;;		Nothing
   573 ;; This function is called by:
   574 ;;		_show_menu
   575 ;; This function uses a non-reentrant model
   576 ;;
   577                           
   578                           	psect	text2
   579  0002C6                     __ptext2:
   580                           	callstack 0
   581  0002C6                     _EUSART_siguientelinea:
   582                           	callstack 26
   583  0002C6                     
   584                           ;maincode.c: 46:     TXREG = 0x0A;
   585  0002C6  0E0A               	movlw	10
   586  0002C8  6EAD               	movwf	173,c	;volatile
   587  0002CA                     l52:
   588  0002CA  A2AC               	btfss	172,1,c	;volatile
   589  0002CC  EF6A  F001         	goto	u121
   590  0002D0  EF6C  F001         	goto	u120
   591  0002D4                     u121:
   592  0002D4  EF65  F001         	goto	l52
   593  0002D8                     u120:
   594  0002D8                     
   595                           ;maincode.c: 48:     TXREG = 0x0D;
   596  0002D8  0E0D               	movlw	13
   597  0002DA  6EAD               	movwf	173,c	;volatile
   598  0002DC                     l55:
   599  0002DC  A2AC               	btfss	172,1,c	;volatile
   600  0002DE  EF73  F001         	goto	u131
   601  0002E2  EF75  F001         	goto	u130
   602  0002E6                     u131:
   603  0002E6  EF6E  F001         	goto	l55
   604  0002EA                     u130:
   605  0002EA  0012               	return		;funcret
   606  0002EC                     __end_of_EUSART_siguientelinea:
   607                           	callstack 0
   608                           
   609 ;; *************** function _EUSART_enviacadena *****************
   610 ;; Defined at:
   611 ;;		line 52 in file "maincode.c"
   612 ;; Parameters:    Size  Location     Type
   613 ;;  vector          2    6[COMRAM] PTR const unsigned char 
   614 ;;		 -> ledof(23), ledon(23), menu5(23), menu4(23), 
   615 ;;		 -> menu3(23), menu2(23), menu1(23), 
   616 ;;  pos             1    8[COMRAM] unsigned char 
   617 ;; Auto vars:     Size  Location     Type
   618 ;;  x               1    9[COMRAM] unsigned char 
   619 ;; Return value:  Size  Location     Type
   620 ;;                  1    wreg      void 
   621 ;; Registers used:
   622 ;;		wreg, fsr2l, fsr2h, status,2, status,0
   623 ;; Tracked objects:
   624 ;;		On entry : 0/0
   625 ;;		On exit  : 0/0
   626 ;;		Unchanged: 0/0
   627 ;; Data sizes:     COMRAM   BANK0   BANK1   BANK2   BANK3   BANK4   BANK5   BANK6   BANK7
   628 ;;      Params:         3       0       0       0       0       0       0       0       0
   629 ;;      Locals:         1       0       0       0       0       0       0       0       0
   630 ;;      Temps:          0       0       0       0       0       0       0       0       0
   631 ;;      Totals:         4       0       0       0       0       0       0       0       0
   632 ;;Total ram usage:        4 bytes
   633 ;; Hardware stack levels used:    1
   634 ;; Hardware stack levels required when called:    3
   635 ;; This function calls:
   636 ;;		Nothing
   637 ;; This function is called by:
   638 ;;		_show_menu
   639 ;; This function uses a non-reentrant model
   640 ;;
   641                           
   642                           	psect	text3
   643  00024E                     __ptext3:
   644                           	callstack 0
   645  00024E                     _EUSART_enviacadena:
   646                           	callstack 26
   647  00024E                     
   648                           ;maincode.c: 53:         for (unsigned char x=0;x<pos;x++){
   649  00024E  0E00               	movlw	0
   650  000250  6E4F               	movwf	EUSART_enviacadena@x^0,c
   651  000252  EF3B  F001         	goto	l870
   652  000256                     l866:
   653                           
   654                           ;maincode.c: 54:             TXREG = vector[x];
   655  000256  504F               	movf	EUSART_enviacadena@x^0,w,c
   656  000258  244C               	addwf	EUSART_enviacadena@vector^0,w,c
   657  00025A  6ED9               	movwf	fsr2l,c
   658  00025C  0E00               	movlw	0
   659  00025E  204D               	addwfc	(EUSART_enviacadena@vector+1)^0,w,c
   660  000260  6EDA               	movwf	fsr2h,c
   661  000262  50DF               	movf	indf2,w,c
   662  000264  6EAD               	movwf	173,c	;volatile
   663  000266                     l63:
   664  000266  A2AC               	btfss	172,1,c	;volatile
   665  000268  EF38  F001         	goto	u141
   666  00026C  EF3A  F001         	goto	u140
   667  000270                     u141:
   668  000270  EF33  F001         	goto	l63
   669  000274                     u140:
   670  000274                     
   671                           ;maincode.c: 56:         }
   672  000274  2A4F               	incf	EUSART_enviacadena@x^0,f,c
   673  000276                     l870:
   674  000276  504E               	movf	EUSART_enviacadena@pos^0,w,c
   675  000278  5C4F               	subwf	EUSART_enviacadena@x^0,w,c
   676  00027A  A0D8               	btfss	status,0,c
   677  00027C  EF42  F001         	goto	u151
   678  000280  EF44  F001         	goto	u150
   679  000284                     u151:
   680  000284  EF2B  F001         	goto	l866
   681  000288                     u150:
   682  000288  0012               	return		;funcret
   683  00028A                     __end_of_EUSART_enviacadena:
   684                           	callstack 0
   685                           
   686 ;; *************** function _PORT_config *****************
   687 ;; Defined at:
   688 ;;		line 25 in file "maincode.c"
   689 ;; Parameters:    Size  Location     Type
   690 ;;		None
   691 ;; Auto vars:     Size  Location     Type
   692 ;;		None
   693 ;; Return value:  Size  Location     Type
   694 ;;                  1    wreg      void 
   695 ;; Registers used:
   696 ;;		None
   697 ;; Tracked objects:
   698 ;;		On entry : 0/0
   699 ;;		On exit  : 0/0
   700 ;;		Unchanged: 0/0
   701 ;; Data sizes:     COMRAM   BANK0   BANK1   BANK2   BANK3   BANK4   BANK5   BANK6   BANK7
   702 ;;      Params:         0       0       0       0       0       0       0       0       0
   703 ;;      Locals:         0       0       0       0       0       0       0       0       0
   704 ;;      Temps:          0       0       0       0       0       0       0       0       0
   705 ;;      Totals:         0       0       0       0       0       0       0       0       0
   706 ;;Total ram usage:        0 bytes
   707 ;; Hardware stack levels used:    1
   708 ;; Hardware stack levels required when called:    3
   709 ;; This function calls:
   710 ;;		Nothing
   711 ;; This function is called by:
   712 ;;		_main
   713 ;; This function uses a non-reentrant model
   714 ;;
   715                           
   716                           	psect	text4
   717  000344                     __ptext4:
   718                           	callstack 0
   719  000344                     _PORT_config:
   720                           	callstack 27
   721  000344                     
   722                           ;maincode.c: 26:     TRISBbits.RB7 = 0;
   723  000344  9E93               	bcf	147,7,c	;volatile
   724  000346  0012               	return		;funcret
   725  000348                     __end_of_PORT_config:
   726                           	callstack 0
   727                           
   728 ;; *************** function _INT_config *****************
   729 ;; Defined at:
   730 ;;		line 38 in file "maincode.c"
   731 ;; Parameters:    Size  Location     Type
   732 ;;		None
   733 ;; Auto vars:     Size  Location     Type
   734 ;;		None
   735 ;; Return value:  Size  Location     Type
   736 ;;                  1    wreg      void 
   737 ;; Registers used:
   738 ;;		None
   739 ;; Tracked objects:
   740 ;;		On entry : 0/0
   741 ;;		On exit  : 0/0
   742 ;;		Unchanged: 0/0
   743 ;; Data sizes:     COMRAM   BANK0   BANK1   BANK2   BANK3   BANK4   BANK5   BANK6   BANK7
   744 ;;      Params:         0       0       0       0       0       0       0       0       0
   745 ;;      Locals:         0       0       0       0       0       0       0       0       0
   746 ;;      Temps:          0       0       0       0       0       0       0       0       0
   747 ;;      Totals:         0       0       0       0       0       0       0       0       0
   748 ;;Total ram usage:        0 bytes
   749 ;; Hardware stack levels used:    1
   750 ;; Hardware stack levels required when called:    3
   751 ;; This function calls:
   752 ;;		Nothing
   753 ;; This function is called by:
   754 ;;		_main
   755 ;; This function uses a non-reentrant model
   756 ;;
   757                           
   758                           	psect	text5
   759  00033C                     __ptext5:
   760                           	callstack 0
   761  00033C                     _INT_config:
   762                           	callstack 27
   763  00033C                     
   764                           ;maincode.c: 39:     INTCONbits.GIE = 1;
   765  00033C  8EF2               	bsf	242,7,c	;volatile
   766                           
   767                           ;maincode.c: 40:     INTCONbits.PEIE = 1;
   768  00033E  8CF2               	bsf	242,6,c	;volatile
   769                           
   770                           ;maincode.c: 41:     PIE1bits.RCIE = 1;
   771  000340  8A9D               	bsf	157,5,c	;volatile
   772  000342  0012               	return		;funcret
   773  000344                     __end_of_INT_config:
   774                           	callstack 0
   775                           
   776 ;; *************** function _EUSART_config *****************
   777 ;; Defined at:
   778 ;;		line 29 in file "maincode.c"
   779 ;; Parameters:    Size  Location     Type
   780 ;;		None
   781 ;; Auto vars:     Size  Location     Type
   782 ;;		None
   783 ;; Return value:  Size  Location     Type
   784 ;;                  1    wreg      void 
   785 ;; Registers used:
   786 ;;		wreg, status,2
   787 ;; Tracked objects:
   788 ;;		On entry : 0/0
   789 ;;		On exit  : 0/0
   790 ;;		Unchanged: 0/0
   791 ;; Data sizes:     COMRAM   BANK0   BANK1   BANK2   BANK3   BANK4   BANK5   BANK6   BANK7
   792 ;;      Params:         0       0       0       0       0       0       0       0       0
   793 ;;      Locals:         0       0       0       0       0       0       0       0       0
   794 ;;      Temps:          0       0       0       0       0       0       0       0       0
   795 ;;      Totals:         0       0       0       0       0       0       0       0       0
   796 ;;Total ram usage:        0 bytes
   797 ;; Hardware stack levels used:    1
   798 ;; Hardware stack levels required when called:    3
   799 ;; This function calls:
   800 ;;		Nothing
   801 ;; This function is called by:
   802 ;;		_main
   803 ;; This function uses a non-reentrant model
   804 ;;
   805                           
   806                           	psect	text6
   807  00032A                     __ptext6:
   808                           	callstack 0
   809  00032A                     _EUSART_config:
   810                           	callstack 27
   811  00032A                     
   812                           ;maincode.c: 30:     SPBRGH = 0;
   813  00032A  0E00               	movlw	0
   814  00032C  6EB0               	movwf	176,c	;volatile
   815                           
   816                           ;maincode.c: 31:     SPBRG = 77;
   817  00032E  0E4D               	movlw	77
   818  000330  6EAF               	movwf	175,c	;volatile
   819  000332                     
   820                           ;maincode.c: 32:     TRISCbits.RC6 = 0;
   821  000332  9C94               	bcf	148,6,c	;volatile
   822  000334                     
   823                           ;maincode.c: 33:     RCSTAbits.SPEN = 1;
   824  000334  8EAB               	bsf	171,7,c	;volatile
   825  000336                     
   826                           ;maincode.c: 34:     TXSTAbits.TXEN = 1;
   827  000336  8AAC               	bsf	172,5,c	;volatile
   828  000338                     
   829                           ;maincode.c: 35:     RCSTAbits.CREN = 1;
   830  000338  88AB               	bsf	171,4,c	;volatile
   831  00033A  0012               	return		;funcret
   832  00033C                     __end_of_EUSART_config:
   833                           	callstack 0
   834                           
   835 ;; *************** function _RC_Isr *****************
   836 ;; Defined at:
   837 ;;		line 80 in file "maincode.c"
   838 ;; Parameters:    Size  Location     Type
   839 ;;		None
   840 ;; Auto vars:     Size  Location     Type
   841 ;;		None
   842 ;; Return value:  Size  Location     Type
   843 ;;                  1    wreg      void 
   844 ;; Registers used:
   845 ;;		wreg, fsr2l, fsr2h, status,2, status,0, cstack
   846 ;; Tracked objects:
   847 ;;		On entry : 0/0
   848 ;;		On exit  : 0/0
   849 ;;		Unchanged: 0/0
   850 ;; Data sizes:     COMRAM   BANK0   BANK1   BANK2   BANK3   BANK4   BANK5   BANK6   BANK7
   851 ;;      Params:         0       0       0       0       0       0       0       0       0
   852 ;;      Locals:         0       0       0       0       0       0       0       0       0
   853 ;;      Temps:          2       0       0       0       0       0       0       0       0
   854 ;;      Totals:         2       0       0       0       0       0       0       0       0
   855 ;;Total ram usage:        2 bytes
   856 ;; Hardware stack levels used:    1
   857 ;; Hardware stack levels required when called:    2
   858 ;; This function calls:
   859 ;;		i2_EUSART_enviacadena
   860 ;;		i2_EUSART_siguientelinea
   861 ;;		i2_show_menu
   862 ;; This function is called by:
   863 ;;		Interrupt level 2
   864 ;; This function uses a non-reentrant model
   865 ;;
   866                           
   867                           	psect	intcode
   868  000008                     __pintcode:
   869                           	callstack 0
   870  000008                     _RC_Isr:
   871                           	callstack 26
   872                           
   873                           ;incstack = 0
   874  000008  8251               	bsf	int$flags,1,c	;set compiler interrupt flag (level 2)
   875  00000A  ED09  F000         	call	int_func,f	;refresh shadow registers
   876                           
   877                           	psect	intcode_body
   878  000012                     __pintcode_body:
   879                           	callstack 26
   880  000012                     int_func:
   881                           	callstack 26
   882  000012  0006               	pop		; remove dummy address from shadow register refresh
   883  000014  CFD9 F04A          	movff	fsr2l,??_RC_Isr
   884  000018  CFDA F04B          	movff	fsr2h,??_RC_Isr+1
   885  00001C                     
   886                           ;maincode.c: 81:     PIR1bits.RCIF = 0;
   887  00001C  9A9E               	bcf	158,5,c	;volatile
   888  00001E                     
   889                           ;maincode.c: 82:     if(RCREG == 0x31){
   890  00001E  0E31               	movlw	49
   891  000020  18AE               	xorwf	174,w,c	;volatile
   892  000022  A4D8               	btfss	status,2,c
   893  000024  EF16  F000         	goto	i2u20_41
   894  000028  EF18  F000         	goto	i2u20_40
   895  00002C                     i2u20_41:
   896  00002C  EF25  F000         	goto	i2l930
   897  000030                     i2u20_40:
   898  000030                     
   899                           ;maincode.c: 83:         LATBbits.LB7 = 1;
   900  000030  8E8A               	bsf	138,7,c	;volatile
   901  000032                     
   902                           ;maincode.c: 84:         EUSART_enviacadena(ledon,22);
   903  000032  0E77               	movlw	low _ledon
   904  000034  6E46               	movwf	i2EUSART_enviacadena@vector^0,c
   905  000036  0E00               	movlw	high _ledon
   906  000038  6E47               	movwf	(i2EUSART_enviacadena@vector+1)^0,c
   907  00003A  0E16               	movlw	22
   908  00003C  6E48               	movwf	i2EUSART_enviacadena@pos^0,c
   909  00003E  EC45  F001         	call	i2_EUSART_enviacadena	;wreg free
   910  000042                     i2l928:
   911                           
   912                           ;maincode.c: 85:         EUSART_siguientelinea();
   913  000042  EC76  F001         	call	i2_EUSART_siguientelinea	;wreg free
   914                           
   915                           ;maincode.c: 86:     }
   916  000046  EF44  F000         	goto	i2l88
   917  00004A                     i2l930:
   918  00004A  0E32               	movlw	50
   919  00004C  18AE               	xorwf	174,w,c	;volatile
   920  00004E  A4D8               	btfss	status,2,c
   921  000050  EF2C  F000         	goto	i2u21_41
   922  000054  EF2E  F000         	goto	i2u21_40
   923  000058                     i2u21_41:
   924  000058  EF39  F000         	goto	i2l938
   925  00005C                     i2u21_40:
   926  00005C                     
   927                           ;maincode.c: 88:         LATBbits.LB7 = 0;
   928  00005C  9E8A               	bcf	138,7,c	;volatile
   929  00005E                     
   930                           ;maincode.c: 89:         EUSART_enviacadena(ledof,22);
   931  00005E  0E60               	movlw	low _ledof
   932  000060  6E46               	movwf	i2EUSART_enviacadena@vector^0,c
   933  000062  0E00               	movlw	high _ledof
   934  000064  6E47               	movwf	(i2EUSART_enviacadena@vector+1)^0,c
   935  000066  0E16               	movlw	22
   936  000068  6E48               	movwf	i2EUSART_enviacadena@pos^0,c
   937  00006A  EC45  F001         	call	i2_EUSART_enviacadena	;wreg free
   938  00006E  EF21  F000         	goto	i2l928
   939  000072                     i2l938:
   940  000072  0E6D               	movlw	109
   941  000074  18AE               	xorwf	174,w,c	;volatile
   942  000076  A4D8               	btfss	status,2,c
   943  000078  EF40  F000         	goto	i2u22_41
   944  00007C  EF42  F000         	goto	i2u22_40
   945  000080                     i2u22_41:
   946  000080  EF44  F000         	goto	i2l88
   947  000084                     i2u22_40:
   948  000084                     
   949                           ;maincode.c: 93:         show_menu();
   950  000084  EC7D  F000         	call	i2_show_menu	;wreg free
   951  000088                     i2l88:
   952  000088  C04B  FFDA         	movff	??_RC_Isr+1,fsr2h
   953  00008C  C04A  FFD9         	movff	??_RC_Isr,fsr2l
   954  000090  9251               	bcf	int$flags,1,c	;clear compiler interrupt flag (level 2)
   955  000092  0011               	retfie		f
   956  000094                     __end_of_RC_Isr:
   957                           	callstack 0
   958                           
   959 ;; *************** function i2_show_menu *****************
   960 ;; Defined at:
   961 ;;		line 59 in file "maincode.c"
   962 ;; Parameters:    Size  Location     Type
   963 ;;		None
   964 ;; Auto vars:     Size  Location     Type
   965 ;;		None
   966 ;; Return value:  Size  Location     Type
   967 ;;                  1    wreg      void 
   968 ;; Registers used:
   969 ;;		wreg, fsr2l, fsr2h, status,2, status,0, cstack
   970 ;; Tracked objects:
   971 ;;		On entry : 0/0
   972 ;;		On exit  : 0/0
   973 ;;		Unchanged: 0/0
   974 ;; Data sizes:     COMRAM   BANK0   BANK1   BANK2   BANK3   BANK4   BANK5   BANK6   BANK7
   975 ;;      Params:         0       0       0       0       0       0       0       0       0
   976 ;;      Locals:         0       0       0       0       0       0       0       0       0
   977 ;;      Temps:          0       0       0       0       0       0       0       0       0
   978 ;;      Totals:         0       0       0       0       0       0       0       0       0
   979 ;;Total ram usage:        0 bytes
   980 ;; Hardware stack levels used:    1
   981 ;; Hardware stack levels required when called:    1
   982 ;; This function calls:
   983 ;;		i2_EUSART_enviacadena
   984 ;;		i2_EUSART_siguientelinea
   985 ;; This function is called by:
   986 ;;		_RC_Isr
   987 ;; This function uses a non-reentrant model
   988 ;;
   989                           
   990                           	psect	text8
   991  0000FA                     __ptext8:
   992                           	callstack 0
   993  0000FA                     i2_show_menu:
   994                           	callstack 26
   995  0000FA                     
   996                           ;maincode.c: 60:     EUSART_enviacadena(menu1,22);
   997  0000FA  0E2F               	movlw	low _menu1
   998  0000FC  6E46               	movwf	i2EUSART_enviacadena@vector^0,c
   999  0000FE  0E00               	movlw	high _menu1
  1000  000100  6E47               	movwf	(i2EUSART_enviacadena@vector+1)^0,c
  1001  000102  0E16               	movlw	22
  1002  000104  6E48               	movwf	i2EUSART_enviacadena@pos^0,c
  1003  000106  EC45  F001         	call	i2_EUSART_enviacadena	;wreg free
  1004  00010A                     
  1005                           ;maincode.c: 61:     EUSART_siguientelinea();
  1006  00010A  EC76  F001         	call	i2_EUSART_siguientelinea	;wreg free
  1007  00010E                     
  1008                           ;maincode.c: 62:     EUSART_enviacadena(menu2,22);
  1009  00010E  0E18               	movlw	low _menu2
  1010  000110  6E46               	movwf	i2EUSART_enviacadena@vector^0,c
  1011  000112  0E00               	movlw	high _menu2
  1012  000114  6E47               	movwf	(i2EUSART_enviacadena@vector+1)^0,c
  1013  000116  0E16               	movlw	22
  1014  000118  6E48               	movwf	i2EUSART_enviacadena@pos^0,c
  1015  00011A  EC45  F001         	call	i2_EUSART_enviacadena	;wreg free
  1016                           
  1017                           ;maincode.c: 63:     EUSART_siguientelinea();
  1018  00011E  EC76  F001         	call	i2_EUSART_siguientelinea	;wreg free
  1019  000122                     
  1020                           ;maincode.c: 64:     EUSART_enviacadena(menu3,22);
  1021  000122  0E01               	movlw	low _menu3
  1022  000124  6E46               	movwf	i2EUSART_enviacadena@vector^0,c
  1023  000126  0E00               	movlw	high _menu3
  1024  000128  6E47               	movwf	(i2EUSART_enviacadena@vector+1)^0,c
  1025  00012A  0E16               	movlw	22
  1026  00012C  6E48               	movwf	i2EUSART_enviacadena@pos^0,c
  1027  00012E  EC45  F001         	call	i2_EUSART_enviacadena	;wreg free
  1028  000132                     
  1029                           ;maincode.c: 65:     EUSART_siguientelinea();
  1030  000132  EC76  F001         	call	i2_EUSART_siguientelinea	;wreg free
  1031                           
  1032                           ;maincode.c: 66:     EUSART_enviacadena(menu4,22);
  1033  000136  0EA5               	movlw	low _menu4
  1034  000138  6E46               	movwf	i2EUSART_enviacadena@vector^0,c
  1035  00013A  0E00               	movlw	high _menu4
  1036  00013C  6E47               	movwf	(i2EUSART_enviacadena@vector+1)^0,c
  1037  00013E  0E16               	movlw	22
  1038  000140  6E48               	movwf	i2EUSART_enviacadena@pos^0,c
  1039  000142  EC45  F001         	call	i2_EUSART_enviacadena	;wreg free
  1040  000146                     
  1041                           ;maincode.c: 67:     EUSART_siguientelinea();
  1042  000146  EC76  F001         	call	i2_EUSART_siguientelinea	;wreg free
  1043  00014A                     
  1044                           ;maincode.c: 68:     EUSART_enviacadena(menu5,22);
  1045  00014A  0E8E               	movlw	low _menu5
  1046  00014C  6E46               	movwf	i2EUSART_enviacadena@vector^0,c
  1047  00014E  0E00               	movlw	high _menu5
  1048  000150  6E47               	movwf	(i2EUSART_enviacadena@vector+1)^0,c
  1049  000152  0E16               	movlw	22
  1050  000154  6E48               	movwf	i2EUSART_enviacadena@pos^0,c
  1051  000156  EC45  F001         	call	i2_EUSART_enviacadena	;wreg free
  1052                           
  1053                           ;maincode.c: 69:     EUSART_siguientelinea();
  1054  00015A  EC76  F001         	call	i2_EUSART_siguientelinea	;wreg free
  1055  00015E  0012               	return		;funcret
  1056  000160                     __end_ofi2_show_menu:
  1057                           	callstack 0
  1058                           
  1059 ;; *************** function i2_EUSART_siguientelinea *****************
  1060 ;; Defined at:
  1061 ;;		line 45 in file "maincode.c"
  1062 ;; Parameters:    Size  Location     Type
  1063 ;;		None
  1064 ;; Auto vars:     Size  Location     Type
  1065 ;;		None
  1066 ;; Return value:  Size  Location     Type
  1067 ;;                  1    wreg      void 
  1068 ;; Registers used:
  1069 ;;		wreg, status,2
  1070 ;; Tracked objects:
  1071 ;;		On entry : 0/0
  1072 ;;		On exit  : 0/0
  1073 ;;		Unchanged: 0/0
  1074 ;; Data sizes:     COMRAM   BANK0   BANK1   BANK2   BANK3   BANK4   BANK5   BANK6   BANK7
  1075 ;;      Params:         0       0       0       0       0       0       0       0       0
  1076 ;;      Locals:         0       0       0       0       0       0       0       0       0
  1077 ;;      Temps:          0       0       0       0       0       0       0       0       0
  1078 ;;      Totals:         0       0       0       0       0       0       0       0       0
  1079 ;;Total ram usage:        0 bytes
  1080 ;; Hardware stack levels used:    1
  1081 ;; This function calls:
  1082 ;;		Nothing
  1083 ;; This function is called by:
  1084 ;;		_RC_Isr
  1085 ;;		i2_show_menu
  1086 ;; This function uses a non-reentrant model
  1087 ;;
  1088                           
  1089                           	psect	text9
  1090  0002EC                     __ptext9:
  1091                           	callstack 0
  1092  0002EC                     i2_EUSART_siguientelinea:
  1093                           	callstack 26
  1094  0002EC                     
  1095                           ;maincode.c: 46:     TXREG = 0x0A;
  1096  0002EC  0E0A               	movlw	10
  1097  0002EE  6EAD               	movwf	173,c	;volatile
  1098  0002F0                     i2l52:
  1099  0002F0  A2AC               	btfss	172,1,c	;volatile
  1100  0002F2  EF7D  F001         	goto	i2u16_41
  1101  0002F6  EF7F  F001         	goto	i2u16_40
  1102  0002FA                     i2u16_41:
  1103  0002FA  EF78  F001         	goto	i2l52
  1104  0002FE                     i2u16_40:
  1105  0002FE                     
  1106                           ;maincode.c: 48:     TXREG = 0x0D;
  1107  0002FE  0E0D               	movlw	13
  1108  000300  6EAD               	movwf	173,c	;volatile
  1109  000302                     i2l55:
  1110  000302  A2AC               	btfss	172,1,c	;volatile
  1111  000304  EF86  F001         	goto	i2u17_41
  1112  000308  EF88  F001         	goto	i2u17_40
  1113  00030C                     i2u17_41:
  1114  00030C  EF81  F001         	goto	i2l55
  1115  000310                     i2u17_40:
  1116  000310  0012               	return		;funcret
  1117  000312                     __end_ofi2_EUSART_siguientelinea:
  1118                           	callstack 0
  1119                           
  1120 ;; *************** function i2_EUSART_enviacadena *****************
  1121 ;; Defined at:
  1122 ;;		line 52 in file "maincode.c"
  1123 ;; Parameters:    Size  Location     Type
  1124 ;;  vector          2    0[COMRAM] PTR const unsigned char 
  1125 ;;		 -> ledof(23), ledon(23), menu5(23), menu4(23), 
  1126 ;;		 -> menu3(23), menu2(23), menu1(23), 
  1127 ;;  pos             1    2[COMRAM] unsigned char 
  1128 ;; Auto vars:     Size  Location     Type
  1129 ;;  x               1    3[COMRAM] unsigned char 
  1130 ;; Return value:  Size  Location     Type
  1131 ;;                  1    wreg      void 
  1132 ;; Registers used:
  1133 ;;		wreg, fsr2l, fsr2h, status,2, status,0
  1134 ;; Tracked objects:
  1135 ;;		On entry : 0/0
  1136 ;;		On exit  : 0/0
  1137 ;;		Unchanged: 0/0
  1138 ;; Data sizes:     COMRAM   BANK0   BANK1   BANK2   BANK3   BANK4   BANK5   BANK6   BANK7
  1139 ;;      Params:         3       0       0       0       0       0       0       0       0
  1140 ;;      Locals:         1       0       0       0       0       0       0       0       0
  1141 ;;      Temps:          0       0       0       0       0       0       0       0       0
  1142 ;;      Totals:         4       0       0       0       0       0       0       0       0
  1143 ;;Total ram usage:        4 bytes
  1144 ;; Hardware stack levels used:    1
  1145 ;; This function calls:
  1146 ;;		Nothing
  1147 ;; This function is called by:
  1148 ;;		_RC_Isr
  1149 ;;		i2_show_menu
  1150 ;; This function uses a non-reentrant model
  1151 ;;
  1152                           
  1153                           	psect	text10
  1154  00028A                     __ptext10:
  1155                           	callstack 0
  1156  00028A                     i2_EUSART_enviacadena:
  1157                           	callstack 26
  1158  00028A                     
  1159                           ;maincode.c: 53:         for (unsigned char x=0;x<pos;x++){
  1160  00028A  0E00               	movlw	0
  1161  00028C  6E49               	movwf	i2EUSART_enviacadena@x^0,c
  1162  00028E  EF59  F001         	goto	i2l882
  1163  000292                     i2l878:
  1164                           
  1165                           ;maincode.c: 54:             TXREG = vector[x];
  1166  000292  5049               	movf	i2EUSART_enviacadena@x^0,w,c
  1167  000294  2446               	addwf	i2EUSART_enviacadena@vector^0,w,c
  1168  000296  6ED9               	movwf	fsr2l,c
  1169  000298  0E00               	movlw	0
  1170  00029A  2047               	addwfc	(i2EUSART_enviacadena@vector+1)^0,w,c
  1171  00029C  6EDA               	movwf	fsr2h,c
  1172  00029E  50DF               	movf	indf2,w,c
  1173  0002A0  6EAD               	movwf	173,c	;volatile
  1174  0002A2                     i2l63:
  1175  0002A2  A2AC               	btfss	172,1,c	;volatile
  1176  0002A4  EF56  F001         	goto	i2u18_41
  1177  0002A8  EF58  F001         	goto	i2u18_40
  1178  0002AC                     i2u18_41:
  1179  0002AC  EF51  F001         	goto	i2l63
  1180  0002B0                     i2u18_40:
  1181  0002B0                     
  1182                           ;maincode.c: 56:         }
  1183  0002B0  2A49               	incf	i2EUSART_enviacadena@x^0,f,c
  1184  0002B2                     i2l882:
  1185  0002B2  5048               	movf	i2EUSART_enviacadena@pos^0,w,c
  1186  0002B4  5C49               	subwf	i2EUSART_enviacadena@x^0,w,c
  1187  0002B6  A0D8               	btfss	status,0,c
  1188  0002B8  EF60  F001         	goto	i2u19_41
  1189  0002BC  EF62  F001         	goto	i2u19_40
  1190  0002C0                     i2u19_41:
  1191  0002C0  EF49  F001         	goto	i2l878
  1192  0002C4                     i2u19_40:
  1193  0002C4  0012               	return		;funcret
  1194  0002C6                     __end_ofi2_EUSART_enviacadena:
  1195                           	callstack 0
  1196  0000                     
  1197                           	psect	rparam
  1198  0000                     
  1199                           	psect	temp
  1200  000051                     btemp:
  1201                           	callstack 0
  1202  000051                     	ds	1
  1203  0000                     int$flags	set	btemp
  1204  0000                     wtemp8	set	btemp+1
  1205  0000                     ttemp5	set	btemp+1
  1206  0000                     ttemp6	set	btemp+4
  1207  0000                     ttemp7	set	btemp+8
  1208                           
  1209                           	psect	idloc
  1210                           
  1211                           ;Config register IDLOC0 @ 0x200000
  1212                           ;	unspecified, using default values
  1213  200000                     	org	2097152
  1214  200000  FF                 	db	255
  1215                           
  1216                           ;Config register IDLOC1 @ 0x200001
  1217                           ;	unspecified, using default values
  1218  200001                     	org	2097153
  1219  200001  FF                 	db	255
  1220                           
  1221                           ;Config register IDLOC2 @ 0x200002
  1222                           ;	unspecified, using default values
  1223  200002                     	org	2097154
  1224  200002  FF                 	db	255
  1225                           
  1226                           ;Config register IDLOC3 @ 0x200003
  1227                           ;	unspecified, using default values
  1228  200003                     	org	2097155
  1229  200003  FF                 	db	255
  1230                           
  1231                           ;Config register IDLOC4 @ 0x200004
  1232                           ;	unspecified, using default values
  1233  200004                     	org	2097156
  1234  200004  FF                 	db	255
  1235                           
  1236                           ;Config register IDLOC5 @ 0x200005
  1237                           ;	unspecified, using default values
  1238  200005                     	org	2097157
  1239  200005  FF                 	db	255
  1240                           
  1241                           ;Config register IDLOC6 @ 0x200006
  1242                           ;	unspecified, using default values
  1243  200006                     	org	2097158
  1244  200006  FF                 	db	255
  1245                           
  1246                           ;Config register IDLOC7 @ 0x200007
  1247                           ;	unspecified, using default values
  1248  200007                     	org	2097159
  1249  200007  FF                 	db	255
  1250                           
  1251                           	psect	config
  1252                           
  1253                           ;Config register CONFIG1L @ 0x300000
  1254                           ;	PLL Prescaler Selection bits
  1255                           ;	PLLDIV = 1, No prescale (4 MHz oscillator input drives PLL directly)
  1256                           ;	System Clock Postscaler Selection bits
  1257                           ;	CPUDIV = OSC1_PLL2, [Primary Oscillator Src: /1][96 MHz PLL Src: /2]
  1258                           ;	USB Clock Selection bit (used in Full-Speed USB mode only; UCFG:FSEN = 1)
  1259                           ;	USBDIV = 0x0, unprogrammed default
  1260  300000                     	org	3145728
  1261  300000  00                 	db	0
  1262                           
  1263                           ;Config register CONFIG1H @ 0x300001
  1264                           ;	Oscillator Selection bits
  1265                           ;	FOSC = XTPLL_XT, XT oscillator, PLL enabled (XTPLL)
  1266                           ;	Fail-Safe Clock Monitor Enable bit
  1267                           ;	FCMEN = 0x0, unprogrammed default
  1268                           ;	Internal/External Oscillator Switchover bit
  1269                           ;	IESO = 0x0, unprogrammed default
  1270  300001                     	org	3145729
  1271  300001  02                 	db	2
  1272                           
  1273                           ;Config register CONFIG2L @ 0x300002
  1274                           ;	Power-up Timer Enable bit
  1275                           ;	PWRT = ON, PWRT enabled
  1276                           ;	Brown-out Reset Enable bits
  1277                           ;	BOR = OFF, Brown-out Reset disabled in hardware and software
  1278                           ;	Brown-out Reset Voltage bits
  1279                           ;	BORV = 0x3, unprogrammed default
  1280                           ;	USB Voltage Regulator Enable bit
  1281                           ;	VREGEN = 0x0, unprogrammed default
  1282  300002                     	org	3145730
  1283  300002  18                 	db	24
  1284                           
  1285                           ;Config register CONFIG2H @ 0x300003
  1286                           ;	Watchdog Timer Enable bit
  1287                           ;	WDT = OFF, WDT disabled (control is placed on the SWDTEN bit)
  1288                           ;	Watchdog Timer Postscale Select bits
  1289                           ;	WDTPS = 0xF, unprogrammed default
  1290  300003                     	org	3145731
  1291  300003  1E                 	db	30
  1292                           
  1293                           ; Padding undefined space
  1294  300004                     	org	3145732
  1295  300004  FF                 	db	255
  1296                           
  1297                           ;Config register CONFIG3H @ 0x300005
  1298                           ;	CCP2 MUX bit
  1299                           ;	CCP2MX = ON, CCP2 input/output is multiplexed with RC1
  1300                           ;	PORTB A/D Enable bit
  1301                           ;	PBADEN = OFF, PORTB<4:0> pins are configured as digital I/O on Reset
  1302                           ;	Low-Power Timer 1 Oscillator Enable bit
  1303                           ;	LPT1OSC = 0x0, unprogrammed default
  1304                           ;	MCLR Pin Enable bit
  1305                           ;	MCLRE = ON, MCLR pin enabled; RE3 input pin disabled
  1306  300005                     	org	3145733
  1307  300005  81                 	db	129
  1308                           
  1309                           ;Config register CONFIG4L @ 0x300006
  1310                           ;	Stack Full/Underflow Reset Enable bit
  1311                           ;	STVREN = 0x1, unprogrammed default
  1312                           ;	Single-Supply ICSP Enable bit
  1313                           ;	LVP = OFF, Single-Supply ICSP disabled
  1314                           ;	Dedicated In-Circuit Debug/Programming Port (ICPORT) Enable bit
  1315                           ;	ICPRT = 0x0, unprogrammed default
  1316                           ;	Extended Instruction Set Enable bit
  1317                           ;	XINST = 0x0, unprogrammed default
  1318                           ;	Background Debugger Enable bit
  1319                           ;	DEBUG = 0x1, unprogrammed default
  1320  300006                     	org	3145734
  1321  300006  81                 	db	129
  1322                           
  1323                           ; Padding undefined space
  1324  300007                     	org	3145735
  1325  300007  FF                 	db	255
  1326                           
  1327                           ;Config register CONFIG5L @ 0x300008
  1328                           ;	unspecified, using default values
  1329                           ;	Code Protection bit
  1330                           ;	CP0 = 0x1, unprogrammed default
  1331                           ;	Code Protection bit
  1332                           ;	CP1 = 0x1, unprogrammed default
  1333                           ;	Code Protection bit
  1334                           ;	CP2 = 0x1, unprogrammed default
  1335                           ;	Code Protection bit
  1336                           ;	CP3 = 0x1, unprogrammed default
  1337  300008                     	org	3145736
  1338  300008  0F                 	db	15
  1339                           
  1340                           ;Config register CONFIG5H @ 0x300009
  1341                           ;	unspecified, using default values
  1342                           ;	Boot Block Code Protection bit
  1343                           ;	CPB = 0x1, unprogrammed default
  1344                           ;	Data EEPROM Code Protection bit
  1345                           ;	CPD = 0x1, unprogrammed default
  1346  300009                     	org	3145737
  1347  300009  C0                 	db	192
  1348                           
  1349                           ;Config register CONFIG6L @ 0x30000A
  1350                           ;	unspecified, using default values
  1351                           ;	Write Protection bit
  1352                           ;	WRT0 = 0x1, unprogrammed default
  1353                           ;	Write Protection bit
  1354                           ;	WRT1 = 0x1, unprogrammed default
  1355                           ;	Write Protection bit
  1356                           ;	WRT2 = 0x1, unprogrammed default
  1357                           ;	Write Protection bit
  1358                           ;	WRT3 = 0x1, unprogrammed default
  1359  30000A                     	org	3145738
  1360  30000A  0F                 	db	15
  1361                           
  1362                           ;Config register CONFIG6H @ 0x30000B
  1363                           ;	unspecified, using default values
  1364                           ;	Configuration Register Write Protection bit
  1365                           ;	WRTC = 0x1, unprogrammed default
  1366                           ;	Boot Block Write Protection bit
  1367                           ;	WRTB = 0x1, unprogrammed default
  1368                           ;	Data EEPROM Write Protection bit
  1369                           ;	WRTD = 0x1, unprogrammed default
  1370  30000B                     	org	3145739
  1371  30000B  E0                 	db	224
  1372                           
  1373                           ;Config register CONFIG7L @ 0x30000C
  1374                           ;	unspecified, using default values
  1375                           ;	Table Read Protection bit
  1376                           ;	EBTR0 = 0x1, unprogrammed default
  1377                           ;	Table Read Protection bit
  1378                           ;	EBTR1 = 0x1, unprogrammed default
  1379                           ;	Table Read Protection bit
  1380                           ;	EBTR2 = 0x1, unprogrammed default
  1381                           ;	Table Read Protection bit
  1382                           ;	EBTR3 = 0x1, unprogrammed default
  1383  30000C                     	org	3145740
  1384  30000C  0F                 	db	15
  1385                           
  1386                           ;Config register CONFIG7H @ 0x30000D
  1387                           ;	unspecified, using default values
  1388                           ;	Boot Block Table Read Protection bit
  1389                           ;	EBTRB = 0x1, unprogrammed default
  1390  30000D                     	org	3145741
  1391  30000D  40                 	db	64
  1392                           tosu	equ	0xFFF
  1393                           tosh	equ	0xFFE
  1394                           tosl	equ	0xFFD
  1395                           stkptr	equ	0xFFC
  1396                           pclatu	equ	0xFFB
  1397                           pclath	equ	0xFFA
  1398                           pcl	equ	0xFF9
  1399                           tblptru	equ	0xFF8
  1400                           tblptrh	equ	0xFF7
  1401                           tblptrl	equ	0xFF6
  1402                           tablat	equ	0xFF5
  1403                           prodh	equ	0xFF4
  1404                           prodl	equ	0xFF3
  1405                           indf0	equ	0xFEF
  1406                           postinc0	equ	0xFEE
  1407                           postdec0	equ	0xFED
  1408                           preinc0	equ	0xFEC
  1409                           plusw0	equ	0xFEB
  1410                           fsr0h	equ	0xFEA
  1411                           fsr0l	equ	0xFE9
  1412                           wreg	equ	0xFE8
  1413                           indf1	equ	0xFE7
  1414                           postinc1	equ	0xFE6
  1415                           postdec1	equ	0xFE5
  1416                           preinc1	equ	0xFE4
  1417                           plusw1	equ	0xFE3
  1418                           fsr1h	equ	0xFE2
  1419                           fsr1l	equ	0xFE1
  1420                           bsr	equ	0xFE0
  1421                           indf2	equ	0xFDF
  1422                           postinc2	equ	0xFDE
  1423                           postdec2	equ	0xFDD
  1424                           preinc2	equ	0xFDC
  1425                           plusw2	equ	0xFDB
  1426                           fsr2h	equ	0xFDA
  1427                           fsr2l	equ	0xFD9
  1428                           status	equ	0xFD8

Data Sizes:
    Strings     0
    Constant    0
    Data        161
    BSS         1
    Persistent  0
    Stack       0

Auto Spaces:
    Space          Size  Autos    Used
    COMRAM           94     10      80
    BANK0           160      0      92
    BANK1           256      0       0
    BANK2           256      0       0
    BANK3           256      0       0
    BANK4           256      0       0
    BANK5           256      0       0
    BANK6           256      0       0
    BANK7           256      0       0

Pointer List with Targets:

    EUSART_enviacadena@vector	PTR const unsigned char  size(2) Largest target is 23
		 -> ledof(BANK0[23]), ledon(BANK0[23]), menu5(BANK0[23]), menu4(BANK0[23]), 
		 -> menu3(COMRAM[23]), menu2(COMRAM[23]), menu1(COMRAM[23]), 


Critical Paths under _main in COMRAM

    _show_menu->_EUSART_enviacadena

Critical Paths under _RC_Isr in COMRAM

    _RC_Isr->i2_EUSART_enviacadena
    i2_show_menu->i2_EUSART_enviacadena

Critical Paths under _main in BANK0

    None.

Critical Paths under _RC_Isr in BANK0

    None.

Critical Paths under _main in BANK1

    None.

Critical Paths under _RC_Isr in BANK1

    None.

Critical Paths under _main in BANK2

    None.

Critical Paths under _RC_Isr in BANK2

    None.

Critical Paths under _main in BANK3

    None.

Critical Paths under _RC_Isr in BANK3

    None.

Critical Paths under _main in BANK4

    None.

Critical Paths under _RC_Isr in BANK4

    None.

Critical Paths under _main in BANK5

    None.

Critical Paths under _RC_Isr in BANK5

    None.

Critical Paths under _main in BANK6

    None.

Critical Paths under _RC_Isr in BANK6

    None.

Critical Paths under _main in BANK7

    None.

Critical Paths under _RC_Isr in BANK7

    None.

Call Graph Tables:

 ---------------------------------------------------------------------------------
 (Depth) Function   	        Calls       Base Space   Used Autos Params    Refs
 ---------------------------------------------------------------------------------
 (0) _main                                                 0     0      0    1050
                      _EUSART_config
                         _INT_config
                        _PORT_config
                          _show_menu
 ---------------------------------------------------------------------------------
 (1) _show_menu                                            0     0      0    1050
                 _EUSART_enviacadena
              _EUSART_siguientelinea
 ---------------------------------------------------------------------------------
 (2) _EUSART_siguientelinea                                0     0      0       0
 ---------------------------------------------------------------------------------
 (2) _EUSART_enviacadena                                   4     1      3    1050
                                              6 COMRAM     4     1      3
 ---------------------------------------------------------------------------------
 (1) _PORT_config                                          0     0      0       0
 ---------------------------------------------------------------------------------
 (1) _INT_config                                           0     0      0       0
 ---------------------------------------------------------------------------------
 (1) _EUSART_config                                        0     0      0       0
 ---------------------------------------------------------------------------------
 Estimated maximum stack depth 2
 ---------------------------------------------------------------------------------
 (Depth) Function   	        Calls       Base Space   Used Autos Params    Refs
 ---------------------------------------------------------------------------------
 (3) _RC_Isr                                               2     2      0     908
                                              4 COMRAM     2     2      0
               i2_EUSART_enviacadena
            i2_EUSART_siguientelinea
                        i2_show_menu
 ---------------------------------------------------------------------------------
 (4) i2_show_menu                                          0     0      0     454
               i2_EUSART_enviacadena
            i2_EUSART_siguientelinea
 ---------------------------------------------------------------------------------
 (5) i2_EUSART_siguientelinea                              0     0      0       0
 ---------------------------------------------------------------------------------
 (5) i2_EUSART_enviacadena                                 4     1      3     454
                                              0 COMRAM     4     1      3
 ---------------------------------------------------------------------------------
 Estimated maximum stack depth 5
 ---------------------------------------------------------------------------------

 Call Graph Graphs:

 _main (ROOT)
   _EUSART_config
   _INT_config
   _PORT_config
   _show_menu
     _EUSART_enviacadena
     _EUSART_siguientelinea

 _RC_Isr (ROOT)
   i2_EUSART_enviacadena
   i2_EUSART_siguientelinea
   i2_show_menu
     i2_EUSART_enviacadena
     i2_EUSART_siguientelinea

 Address spaces:
Name               Size   Autos  Total    Cost      Usage
BIGRAM             7FF      0       0      21        0.0%
EEDATA             100      0       0       0        0.0%
BITBANK7           100      0       0      18        0.0%
BANK7              100      0       0      19        0.0%
BITBANK6           100      0       0      16        0.0%
BANK6              100      0       0      17        0.0%
BITBANK5           100      0       0      14        0.0%
BANK5              100      0       0      15        0.0%
BITBANK4           100      0       0      12        0.0%
BANK4              100      0       0      13        0.0%
BITBANK3           100      0       0      10        0.0%
BANK3              100      0       0      11        0.0%
BITBANK2           100      0       0       8        0.0%
BANK2              100      0       0       9        0.0%
BITBANK1           100      0       0       6        0.0%
BANK1              100      0       0       7        0.0%
BITBANK0            A0      0       0       4        0.0%
BANK0               A0      0      5C       5       57.5%
BITCOMRAM           5E      0       0       0        0.0%
COMRAM              5E      A      50       1       85.1%
BITSFR               0      0       0     200        0.0%
SFR                  0      0       0     200        0.0%
STACK                0      0       0       2        0.0%
NULL                 0      0       0       0        0.0%
ABS                  0      0      AC      20        0.0%
DATA                 0      0      AC       3        0.0%
CODE                 0      0       0       0        0.0%


Microchip Technology PIC18 Macro Assembler V2.30 build 20200825195618 
Symbol Table                                                                                   Mon Nov 09 18:32:14 2020

          ??i2_EUSART_enviacadena 0049            __size_of_EUSART_config 0012  
                              l43 0346                                l52 02CA  
                              l46 033A                                l70 00F8  
                              l63 0266                                l55 02DC  
                              l49 0342                                l58 02EA  
                              l67 0288                                l75 0322  
                              l76 0322                               l800 033C  
                             l912 0312                               l914 0316  
                             l860 02C6                               l916 031A  
                             l790 032A                               l870 0276  
                             l862 02D8                               l918 031E  
                             l792 0332                               l864 024E  
                             l794 0334                               l866 0256  
                             l890 00BC                               l796 0336  
                             l788 0344                               l868 0274  
                             l892 00CC                               l884 0094  
                             l798 0338                               l894 00E0  
                             l886 00A4                               l896 00E4  
                             l888 00A8                               u120 02D8  
                             u121 02D4                               u130 02EA  
                             u131 02E6                               u140 0274  
                             u141 0270                               u150 0288  
                             u151 0284               __end_ofi2_show_menu 0160  
                            i2l52 02F0                              i2l70 015E  
                            i2l63 02A2                              i2l55 0302  
                            i2l58 0310                              i2l67 02C4  
                            i2l88 0088           ??_EUSART_siguientelinea 004C  
                            _main 0312                              fsr2h 000FDA  
                            indf2 000FDF                              fsr1l 000FE1  
                            fsr2l 000FD9                              btemp 0051  
                            start 000E                      ___param_bank 000000  
                     ?_INT_config 0046                             ?_main 0046  
                           i2l900 010A                             i2l910 014A  
                           i2l902 010E                             i2l904 0122  
                           i2l920 001C                             i2l906 0132  
                           i2l930 004A                             i2l922 001E  
                           i2l908 0146                             i2l940 0084  
                           i2l932 005C                             i2l924 0030  
                           i2l934 005E                             i2l926 0032  
                           i2l880 02B0                             i2l872 02EC  
                           i2l928 0042                             i2l882 02B2  
                           i2l874 02FE                             i2l938 0072  
                           i2l876 028A                             i2l878 0292  
                           i2l898 00FA                             _RCREG 000FAE  
                           _SPBRG 000FAF                             _TXREG 000FAD  
                   _EUSART_config 032A                             _ledof 0060  
                           _ledon 0077                             _menu1 002F  
                           _menu2 0018                             _menu3 0001  
                           _menu4 00A5                             _menu5 008E  
                           tablat 000FF5        __end_of_EUSART_enviacadena 028A  
                           ttemp5 0052                             ttemp6 0055  
                           ttemp7 0059                             status 000FD8  
                           wtemp8 0052                   __initialization 01BC  
                    __end_of_main 032A                       i2_show_menu 00FA  
                          ??_main 0050                     __activetblptr 000000  
                  ?_EUSART_config 0046               __size_of_INT_config 0008  
                          _SPBRGH 000FB0                            _RC_Isr 0008  
                    __pdataCOMRAM 0001                            tblptrh 000FF7  
                          tblptrl 000FF6                            tblptru 000FF8  
                    ?_PORT_config 0046                        __accesstop 0060  
         __end_of__initialization 01FE                     ___rparam_used 000001  
                  __pcstackCOMRAM 0046                      __pidataBANK0 0160  
                 ??_EUSART_config 004C                           ?_RC_Isr 0046  
  __size_of_EUSART_siguientelinea 0026     __end_of_EUSART_siguientelinea 02EC  
                    ??_INT_config 004C     __size_ofi2_EUSART_enviacadena 003C  
              __size_of_show_menu 0066                           i2u20_40 0030  
                         i2u20_41 002C                           i2u21_40 005C  
                         i2u21_41 0058                           i2u22_40 0084  
                         i2u22_41 0080                           i2u16_40 02FE  
                         i2u16_41 02FA                           i2u17_40 0310  
                         i2u17_41 030C                           i2u18_40 02B0  
                         i2u18_41 02AC                           i2u19_40 02C4  
                         i2u19_41 02C0          ?i2_EUSART_siguientelinea 0046  
              __end_of_INT_config 0344                   __size_of_RC_Isr 008C  
                         __Hparam 0000                           __Lparam 0000  
              _EUSART_enviacadena 024E                      ?i2_show_menu 0046  
                         __pcinit 01BC                           __ramtop 0800  
                         __ptext0 0312                           __ptext1 0094  
                         __ptext2 02C6                           __ptext3 024E  
                         __ptext4 0344                           __ptext5 033C  
                         __ptext6 032A                           __ptext8 00FA  
                         __ptext9 02EC               ?_EUSART_enviacadena 004C  
                  __pintcode_body 0012              end_of_initialization 01FE  
            __size_of_PORT_config 0004                           int_func 0012  
            ??_EUSART_enviacadena 004F                 __end_of_show_menu 00FA  
                       _RCSTAbits 000FAB                           postdec1 000FE5  
                         postinc0 000FEE   __end_ofi2_EUSART_siguientelinea 0312  
                       _TRISBbits 000F93                         _TRISCbits 000F94  
      i2EUSART_enviacadena@vector 0046                         _TXSTAbits 000FAC  
                  __end_of_RC_Isr 0094                     __pidataCOMRAM 0208  
             start_initialization 01BC                          ??_RC_Isr 004A  
                     __pdataBANK0 0060              __size_ofi2_show_menu 0066  
                     __pbssCOMRAM 0050             __end_of_EUSART_config 033C  
    __end_ofi2_EUSART_enviacadena 02C6  __size_ofi2_EUSART_siguientelinea 0026  
           _EUSART_siguientelinea 02C6                         __pintcode 0008  
                       _indicador 0050                          _LATBbits 000F8A  
           EUSART_enviacadena@pos 004E                          _PIE1bits 000F9D  
           i2EUSART_enviacadena@x 0049                          _PIR1bits 000F9E  
                       _show_menu 0094                     ??_PORT_config 004C  
        EUSART_enviacadena@vector 004C                         copy_data0 01D0  
                       copy_data1 01F0            ?_EUSART_siguientelinea 0046  
     __size_of_EUSART_enviacadena 003C                          __Hrparam 0000  
                        __Lrparam 0000              i2_EUSART_enviacadena 028A  
                      ?_show_menu 0046                          __ptext10 028A  
                   __size_of_main 0018               __end_of_PORT_config 0348  
         i2_EUSART_siguientelinea 02EC                          int$flags 0051  
           ?i2_EUSART_enviacadena 0046                        _INTCONbits 000FF2  
                        intlevel2 0000           i2EUSART_enviacadena@pos 0048  
             EUSART_enviacadena@x 004F                     ??i2_show_menu 004A  
                     ??_show_menu 0050                        _INT_config 033C  
                     _PORT_config 0344         ??i2_EUSART_siguientelinea 0046  
