

Microchip MPLAB XC8 Assembler V2.36 build 20220127204148 
                                                                                               Tue May 17 21:15:08 2022

Microchip MPLAB XC8 C Compiler v2.36 (Free license) build 20220127204148 Og9 
     1                           	processor	18F4550
     2                           	fnconf	rparam,??,?,0
     3                           	pagewidth 120
     4                           	opt	flic
     5                           	psect	idataCOMRAM,global,class=CODE,delta=1,noexec
     6                           	psect	cinit,global,reloc=2,class=CODE,delta=1
     7                           	psect	dataCOMRAM,global,class=COMRAM,space=1,delta=1,lowdata,noexec
     8                           	psect	cstackCOMRAM,global,class=COMRAM,space=1,delta=1,lowdata,noexec
     9                           	psect	text0,global,reloc=2,class=CODE,delta=1
    10                           	psect	text1,global,reloc=2,class=CODE,delta=1
    11                           	psect	text2,global,reloc=2,class=CODE,delta=1
    12                           	psect	intsave_regs,global,class=BIGRAM,space=1,delta=1,noexec
    13                           	psect	rparam,global,class=COMRAM,space=1,delta=1,noexec
    14                           	psect	idloc,global,abs,ovrld,class=IDLOC,space=5,delta=1,noexec
    15                           	psect	config,global,abs,ovrld,class=CONFIG,space=4,delta=1,noexec
    16  0000                     
    17                           ; Version 2.40
    18                           ; Generated 17/11/2021 GMT
    19                           ; 
    20                           ; Copyright © 2021, Microchip Technology Inc. and its subsidiaries ("Microchip")
    21                           ; All rights reserved.
    22                           ; 
    23                           ; This software is developed by Microchip Technology Inc. and its subsidiaries ("Microch
      +                          ip").
    24                           ; 
    25                           ; Redistribution and use in source and binary forms, with or without modification, are
    26                           ; permitted provided that the following conditions are met:
    27                           ; 
    28                           ;     1. Redistributions of source code must retain the above copyright notice, this lis
      +                          t of
    29                           ;        conditions and the following disclaimer.
    30                           ; 
    31                           ;     2. Redistributions in binary form must reproduce the above copyright notice, this 
      +                          list
    32                           ;        of conditions and the following disclaimer in the documentation and/or other
    33                           ;        materials provided with the distribution. Publication is not required when
    34                           ;        this file is used in an embedded application.
    35                           ; 
    36                           ;     3. Microchip's name may not be used to endorse or promote products derived from th
      +                          is
    37                           ;        software without specific prior written permission.
    38                           ; 
    39                           ; THIS SOFTWARE IS PROVIDED BY MICROCHIP "AS IS" AND ANY EXPRESS OR IMPLIED WARRANTIES,
    40                           ; INCLUDING, BUT NOT LIMITED TO, THE IMPLIED WARRANTIES OF MERCHANTABILITY AND FITNESS F
      +                          OR
    41                           ; PURPOSE ARE DISCLAIMED.  IN NO EVENT SHALL MICROCHIP BE LIABLE FOR ANY DIRECT, INDIREC
      +                          T,
    42                           ; INCIDENTAL, SPECIAL, EXEMPLARY, OR CONSEQUENTIAL DAMAGES (INCLUDING BUT NOT LIMITED TO
    43                           ; PROCUREMENT OF SUBSTITUTE GOODS OR SERVICES; LOSS OF USE, DATA OR PROFITS; OR BUSINESS
    44                           ; INTERRUPTION) HOWSOEVER CAUSED AND ON ANY THEORY OF LIABILITY, WHETHER IN CONTRACT, ST
      +                          RICT
    45                           ; LIABILITY, OR TORT (INCLUDING NEGLIGENCE OR OTHERWISE) ARISING IN ANY WAY OUT OF THE U
      +                          SE OF
    46                           ; THIS SOFTWARE, EVEN IF ADVISED OF THE POSSIBILITY OF SUCH DAMAGE.
    47                           ; 
    48                           ; 
    49                           ; Code-generator required, PIC18F4550 Definitions
    50                           ; 
    51                           ; SFR Addresses
    52  0000                     
    53                           	psect	idataCOMRAM
    54  007F53                     __pidataCOMRAM:
    55                           	callstack 0
    56                           
    57                           ;initializer for _msg_1
    58  007F53  79                 	db	121
    59  007F54  38                 	db	56
    60  007F55  38                 	db	56
    61  007F56  77                 	db	119
    62  007F57  00                 	db	0
    63  007F58  54                 	db	84
    64  007F59  5C                 	db	92
    65  007F5A  00                 	db	0
    66  007F5B  78                 	db	120
    67  007F5C  79                 	db	121
    68  007F5D  00                 	db	0
    69  007F5E  77                 	db	119
    70  007F5F  37                 	db	55
    71  007F60  77                 	db	119
    72  007F61  00                 	db	0
    73  0000                     _PORTCbits	set	3970
    74  0000                     _TRISD	set	3989
    75  0000                     _LATD	set	3980
    76                           
    77                           ; #config settings
    78                           
    79                           	psect	cinit
    80  007F62                     __pcinit:
    81                           	callstack 0
    82  007F62                     start_initialization:
    83                           	callstack 0
    84  007F62                     __initialization:
    85                           	callstack 0
    86                           
    87                           ; Initialize objects allocated to COMRAM (15 bytes)
    88                           ; load TBLPTR registers with __pidataCOMRAM
    89  007F62  0E53               	movlw	low __pidataCOMRAM
    90  007F64  6EF6               	movwf	tblptrl,c
    91  007F66  0E7F               	movlw	high __pidataCOMRAM
    92  007F68  6EF7               	movwf	tblptrh,c
    93  007F6A  0E00               	movlw	low (__pidataCOMRAM shr (0+16))
    94  007F6C  6EF8               	movwf	tblptru,c
    95  007F6E  EE00  F001         	lfsr	0,__pdataCOMRAM
    96  007F72  EE10 F00F          	lfsr	1,15
    97  007F76                     copy_data0:
    98  007F76  0009               	tblrd		*+
    99  007F78  CFF5 FFEE          	movff	tablat,postinc0
   100  007F7C  50E5               	movf	postdec1,w,c
   101  007F7E  50E1               	movf	fsr1l,w,c
   102  007F80  E1FA               	bnz	copy_data0
   103  007F82                     end_of_initialization:
   104                           	callstack 0
   105  007F82                     __end_of__initialization:
   106                           	callstack 0
   107  007F82  0100               	movlb	0
   108  007F84  EFDC  F03F         	goto	_main	;jump to C main() function
   109                           
   110                           	psect	dataCOMRAM
   111  000001                     __pdataCOMRAM:
   112                           	callstack 0
   113  000001                     _msg_1:
   114                           	callstack 0
   115  000001                     	ds	15
   116                           
   117                           	psect	cstackCOMRAM
   118  000010                     __pcstackCOMRAM:
   119                           	callstack 0
   120  000010                     ??_de_cabeza:
   121  000010                     
   122                           ; 1 bytes @ 0x0
   123  000010                     	ds	2
   124  000012                     de_cabeza@salida:
   125                           	callstack 0
   126                           
   127                           ; 1 bytes @ 0x2
   128  000012                     	ds	1
   129  000013                     de_cabeza@dato:
   130                           	callstack 0
   131                           
   132                           ; 1 bytes @ 0x3
   133  000013                     	ds	1
   134  000014                     ??_main:
   135                           
   136                           ; 1 bytes @ 0x4
   137  000014                     	ds	2
   138  000016                     main@x_var:
   139                           	callstack 0
   140                           
   141                           ; 1 bytes @ 0x6
   142  000016                     	ds	1
   143                           
   144 ;;
   145 ;;Main: autosize = 0, tempsize = 2, incstack = 0, save=0
   146 ;;
   147 ;; *************** function _main *****************
   148 ;; Defined at:
   149 ;;		line 18 in file "maincode.c"
   150 ;; Parameters:    Size  Location     Type
   151 ;;		None
   152 ;; Auto vars:     Size  Location     Type
   153 ;;  x_var           1    6[COMRAM] unsigned char 
   154 ;; Return value:  Size  Location     Type
   155 ;;                  1    wreg      void 
   156 ;; Registers used:
   157 ;;		wreg, fsr2l, fsr2h, status,2, status,0, cstack
   158 ;; Tracked objects:
   159 ;;		On entry : 0/0
   160 ;;		On exit  : 0/0
   161 ;;		Unchanged: 0/0
   162 ;; Data sizes:     COMRAM   BANK0   BANK1   BANK2   BANK3   BANK4   BANK5   BANK6   BANK7
   163 ;;      Params:         0       0       0       0       0       0       0       0       0
   164 ;;      Locals:         1       0       0       0       0       0       0       0       0
   165 ;;      Temps:          2       0       0       0       0       0       0       0       0
   166 ;;      Totals:         3       0       0       0       0       0       0       0       0
   167 ;;Total ram usage:        3 bytes
   168 ;; Hardware stack levels required when called: 1
   169 ;; This function calls:
   170 ;;		_configuro
   171 ;;		_de_cabeza
   172 ;; This function is called by:
   173 ;;		Startup code after reset
   174 ;; This function uses a non-reentrant model
   175 ;;
   176                           
   177                           	psect	text0
   178  007FB8                     __ptext0:
   179                           	callstack 0
   180  007FB8                     _main:
   181                           	callstack 30
   182                           
   183                           ;maincode.c: 19:     configuro();
   184                           
   185                           ;incstack = 0
   186  007FB8  ECA6  F03F         	call	_configuro	;wreg free
   187  007FBC                     l716:
   188                           
   189                           ;maincode.c: 22:         for(x_var=0;x_var<15;x_var++){
   190  007FBC  0E00               	movlw	0
   191  007FBE  6E16               	movwf	main@x_var^0,c
   192  007FC0                     l22:
   193                           
   194                           ;maincode.c: 23:             if(PORTCbits.RC0 == 1){
   195  007FC0  A082               	btfss	130,0,c	;volatile
   196  007FC2  D008               	goto	l726
   197                           
   198                           ;maincode.c: 24:                 LATD = de_cabeza(msg_1[x_var]);
   199  007FC4  5016               	movf	main@x_var^0,w,c
   200  007FC6  0F01               	addlw	low _msg_1
   201  007FC8  6ED9               	movwf	fsr2l,c
   202  007FCA  6ADA               	clrf	fsr2h,c
   203  007FCC  50DF               	movf	indf2,w,c
   204  007FCE  ECC4  F03F         	call	_de_cabeza
   205  007FD2  D005               	goto	L1
   206  007FD4                     l726:
   207                           
   208                           ;maincode.c: 27:                 LATD = msg_1[x_var];
   209  007FD4  5016               	movf	main@x_var^0,w,c
   210  007FD6  0F01               	addlw	low _msg_1
   211  007FD8  6ED9               	movwf	fsr2l,c
   212  007FDA  6ADA               	clrf	fsr2h,c
   213  007FDC  50DF               	movf	indf2,w,c
   214  007FDE                     L1:
   215  007FDE  6E8C               	movwf	140,c	;volatile
   216                           
   217                           ;maincode.c: 29:             _delay((unsigned long)((400)*(48000000UL/4000.0)));
   218  007FE0  0E19               	movlw	25
   219  007FE2  6E15               	movwf	(??_main+1)^0,c
   220  007FE4  0E5A               	movlw	90
   221  007FE6  6E14               	movwf	??_main^0,c
   222  007FE8  0EB2               	movlw	178
   223  007FEA                     u37:
   224  007FEA  2EE8               	decfsz	wreg,f,c
   225  007FEC  D7FE               	bra	u37
   226  007FEE  2E14               	decfsz	??_main^0,f,c
   227  007FF0  D7FC               	bra	u37
   228  007FF2  2E15               	decfsz	(??_main+1)^0,f,c
   229  007FF4  D7FA               	bra	u37
   230                           
   231                           ;maincode.c: 30:         }
   232  007FF6  2A16               	incf	main@x_var^0,f,c
   233  007FF8  0E0E               	movlw	14
   234  007FFA  6416               	cpfsgt	main@x_var^0,c
   235  007FFC  D7E1               	goto	l22
   236  007FFE  D7DE               	goto	l716
   237  008000                     __end_of_main:
   238                           	callstack 0
   239                           
   240 ;; *************** function _de_cabeza *****************
   241 ;; Defined at:
   242 ;;		line 12 in file "maincode.c"
   243 ;; Parameters:    Size  Location     Type
   244 ;;  dato            1    wreg     unsigned char 
   245 ;; Auto vars:     Size  Location     Type
   246 ;;  dato            1    3[COMRAM] unsigned char 
   247 ;;  salida          1    2[COMRAM] unsigned char 
   248 ;; Return value:  Size  Location     Type
   249 ;;                  1    wreg      unsigned char 
   250 ;; Registers used:
   251 ;;		wreg, status,2, status,0
   252 ;; Tracked objects:
   253 ;;		On entry : 0/0
   254 ;;		On exit  : 0/0
   255 ;;		Unchanged: 0/0
   256 ;; Data sizes:     COMRAM   BANK0   BANK1   BANK2   BANK3   BANK4   BANK5   BANK6   BANK7
   257 ;;      Params:         0       0       0       0       0       0       0       0       0
   258 ;;      Locals:         2       0       0       0       0       0       0       0       0
   259 ;;      Temps:          2       0       0       0       0       0       0       0       0
   260 ;;      Totals:         4       0       0       0       0       0       0       0       0
   261 ;;Total ram usage:        4 bytes
   262 ;; Hardware stack levels used: 1
   263 ;; This function calls:
   264 ;;		Nothing
   265 ;; This function is called by:
   266 ;;		_main
   267 ;; This function uses a non-reentrant model
   268 ;;
   269                           
   270                           	psect	text1
   271  007F88                     __ptext1:
   272                           	callstack 0
   273  007F88                     _de_cabeza:
   274                           	callstack 30
   275                           
   276                           ;incstack = 0
   277                           ;de_cabeza@dato stored from wreg
   278  007F88  6E13               	movwf	de_cabeza@dato^0,c
   279                           
   280                           ;maincode.c: 14:     salida = ((dato << 3) & 0x38) + ((dato >> 3) & 0x07) + (dato & 0x40
      +                          );
   281  007F8A  C013  F010         	movff	de_cabeza@dato,??_de_cabeza
   282  007F8E  0E40               	movlw	64
   283  007F90  1610               	andwf	??_de_cabeza^0,f,c
   284  007F92  C013  F011         	movff	de_cabeza@dato,??_de_cabeza+1
   285  007F96  90D8               	bcf	status,0,c
   286  007F98  3211               	rrcf	(??_de_cabeza+1)^0,f,c
   287  007F9A  90D8               	bcf	status,0,c
   288  007F9C  3211               	rrcf	(??_de_cabeza+1)^0,f,c
   289  007F9E  90D8               	bcf	status,0,c
   290  007FA0  3211               	rrcf	(??_de_cabeza+1)^0,f,c
   291  007FA2  0E07               	movlw	7
   292  007FA4  1611               	andwf	(??_de_cabeza+1)^0,f,c
   293  007FA6  3813               	swapf	de_cabeza@dato^0,w,c
   294  007FA8  42E8               	rrncf	wreg,f,c
   295  007FAA  0BF8               	andlw	248
   296  007FAC  0B38               	andlw	56
   297  007FAE  2411               	addwf	(??_de_cabeza+1)^0,w,c
   298  007FB0  2410               	addwf	??_de_cabeza^0,w,c
   299  007FB2  6E12               	movwf	de_cabeza@salida^0,c
   300                           
   301                           ;maincode.c: 15:     return salida;
   302  007FB4  5012               	movf	de_cabeza@salida^0,w,c
   303  007FB6  0012               	return		;funcret
   304  007FB8                     __end_of_de_cabeza:
   305                           	callstack 0
   306                           
   307 ;; *************** function _configuro *****************
   308 ;; Defined at:
   309 ;;		line 8 in file "maincode.c"
   310 ;; Parameters:    Size  Location     Type
   311 ;;		None
   312 ;; Auto vars:     Size  Location     Type
   313 ;;		None
   314 ;; Return value:  Size  Location     Type
   315 ;;                  1    wreg      void 
   316 ;; Registers used:
   317 ;;		wreg, status,2
   318 ;; Tracked objects:
   319 ;;		On entry : 0/0
   320 ;;		On exit  : 0/0
   321 ;;		Unchanged: 0/0
   322 ;; Data sizes:     COMRAM   BANK0   BANK1   BANK2   BANK3   BANK4   BANK5   BANK6   BANK7
   323 ;;      Params:         0       0       0       0       0       0       0       0       0
   324 ;;      Locals:         0       0       0       0       0       0       0       0       0
   325 ;;      Temps:          0       0       0       0       0       0       0       0       0
   326 ;;      Totals:         0       0       0       0       0       0       0       0       0
   327 ;;Total ram usage:        0 bytes
   328 ;; Hardware stack levels used: 1
   329 ;; This function calls:
   330 ;;		Nothing
   331 ;; This function is called by:
   332 ;;		_main
   333 ;; This function uses a non-reentrant model
   334 ;;
   335                           
   336                           	psect	text2
   337  007F4C                     __ptext2:
   338                           	callstack 0
   339  007F4C                     _configuro:
   340                           	callstack 30
   341                           
   342                           ;maincode.c: 9:     TRISD = 0x80;
   343                           
   344                           ;incstack = 0
   345  007F4C  0E80               	movlw	128
   346  007F4E  6E95               	movwf	149,c	;volatile
   347  007F50  0012               	return		;funcret
   348  007F52                     __end_of_configuro:
   349                           	callstack 0
   350  0000                     
   351                           	psect	rparam
   352  0000                     
   353                           	psect	idloc
   354                           
   355                           ;Config register IDLOC0 @ 0x200000
   356                           ;	unspecified, using default values
   357  200000                     	org	2097152
   358  200000  FF                 	db	255
   359                           
   360                           ;Config register IDLOC1 @ 0x200001
   361                           ;	unspecified, using default values
   362  200001                     	org	2097153
   363  200001  FF                 	db	255
   364                           
   365                           ;Config register IDLOC2 @ 0x200002
   366                           ;	unspecified, using default values
   367  200002                     	org	2097154
   368  200002  FF                 	db	255
   369                           
   370                           ;Config register IDLOC3 @ 0x200003
   371                           ;	unspecified, using default values
   372  200003                     	org	2097155
   373  200003  FF                 	db	255
   374                           
   375                           ;Config register IDLOC4 @ 0x200004
   376                           ;	unspecified, using default values
   377  200004                     	org	2097156
   378  200004  FF                 	db	255
   379                           
   380                           ;Config register IDLOC5 @ 0x200005
   381                           ;	unspecified, using default values
   382  200005                     	org	2097157
   383  200005  FF                 	db	255
   384                           
   385                           ;Config register IDLOC6 @ 0x200006
   386                           ;	unspecified, using default values
   387  200006                     	org	2097158
   388  200006  FF                 	db	255
   389                           
   390                           ;Config register IDLOC7 @ 0x200007
   391                           ;	unspecified, using default values
   392  200007                     	org	2097159
   393  200007  FF                 	db	255
   394                           
   395                           	psect	config
   396                           
   397                           ;Config register CONFIG1L @ 0x300000
   398                           ;	PLL Prescaler Selection bits
   399                           ;	PLLDIV = 1, No prescale (4 MHz oscillator input drives PLL directly)
   400                           ;	System Clock Postscaler Selection bits
   401                           ;	CPUDIV = OSC1_PLL2, [Primary Oscillator Src: /1][96 MHz PLL Src: /2]
   402                           ;	USB Clock Selection bit (used in Full-Speed USB mode only; UCFG:FSEN = 1)
   403                           ;	USBDIV = 1, USB clock source comes directly from the primary oscillator block with no 
      +                          postscale
   404  300000                     	org	3145728
   405  300000  00                 	db	0
   406                           
   407                           ;Config register CONFIG1H @ 0x300001
   408                           ;	Oscillator Selection bits
   409                           ;	FOSC = XTPLL_XT, XT oscillator, PLL enabled (XTPLL)
   410                           ;	Fail-Safe Clock Monitor Enable bit
   411                           ;	FCMEN = OFF, Fail-Safe Clock Monitor disabled
   412                           ;	Internal/External Oscillator Switchover bit
   413                           ;	IESO = OFF, Oscillator Switchover mode disabled
   414  300001                     	org	3145729
   415  300001  02                 	db	2
   416                           
   417                           ;Config register CONFIG2L @ 0x300002
   418                           ;	Power-up Timer Enable bit
   419                           ;	PWRT = ON, PWRT enabled
   420                           ;	Brown-out Reset Enable bits
   421                           ;	BOR = OFF, Brown-out Reset disabled in hardware and software
   422                           ;	Brown-out Reset Voltage bits
   423                           ;	BORV = 3, Minimum setting 2.05V
   424                           ;	USB Voltage Regulator Enable bit
   425                           ;	VREGEN = OFF, USB voltage regulator disabled
   426  300002                     	org	3145730
   427  300002  18                 	db	24
   428                           
   429                           ;Config register CONFIG2H @ 0x300003
   430                           ;	Watchdog Timer Enable bit
   431                           ;	WDT = OFF, WDT disabled (control is placed on the SWDTEN bit)
   432                           ;	Watchdog Timer Postscale Select bits
   433                           ;	WDTPS = 32768, 1:32768
   434  300003                     	org	3145731
   435  300003  1E                 	db	30
   436                           
   437                           ; Padding undefined space
   438  300004                     	org	3145732
   439  300004  FF                 	db	255
   440                           
   441                           ;Config register CONFIG3H @ 0x300005
   442                           ;	CCP2 MUX bit
   443                           ;	CCP2MX = ON, CCP2 input/output is multiplexed with RC1
   444                           ;	PORTB A/D Enable bit
   445                           ;	PBADEN = OFF, PORTB<4:0> pins are configured as digital I/O on Reset
   446                           ;	Low-Power Timer 1 Oscillator Enable bit
   447                           ;	LPT1OSC = OFF, Timer1 configured for higher power operation
   448                           ;	MCLR Pin Enable bit
   449                           ;	MCLRE = ON, MCLR pin enabled; RE3 input pin disabled
   450  300005                     	org	3145733
   451  300005  81                 	db	129
   452                           
   453                           ;Config register CONFIG4L @ 0x300006
   454                           ;	Stack Full/Underflow Reset Enable bit
   455                           ;	STVREN = ON, Stack full/underflow will cause Reset
   456                           ;	Single-Supply ICSP Enable bit
   457                           ;	LVP = OFF, Single-Supply ICSP disabled
   458                           ;	Dedicated In-Circuit Debug/Programming Port (ICPORT) Enable bit
   459                           ;	ICPRT = OFF, ICPORT disabled
   460                           ;	Extended Instruction Set Enable bit
   461                           ;	XINST = OFF, Instruction set extension and Indexed Addressing mode disabled (Legacy mo
      +                          de)
   462                           ;	Background Debugger Enable bit
   463                           ;	DEBUG = 0x1, unprogrammed default
   464  300006                     	org	3145734
   465  300006  81                 	db	129
   466                           
   467                           ; Padding undefined space
   468  300007                     	org	3145735
   469  300007  FF                 	db	255
   470                           
   471                           ;Config register CONFIG5L @ 0x300008
   472                           ;	Code Protection bit
   473                           ;	CP0 = OFF, Block 0 (000800-001FFFh) is not code-protected
   474                           ;	Code Protection bit
   475                           ;	CP1 = OFF, Block 1 (002000-003FFFh) is not code-protected
   476                           ;	Code Protection bit
   477                           ;	CP2 = OFF, Block 2 (004000-005FFFh) is not code-protected
   478                           ;	Code Protection bit
   479                           ;	CP3 = OFF, Block 3 (006000-007FFFh) is not code-protected
   480  300008                     	org	3145736
   481  300008  0F                 	db	15
   482                           
   483                           ;Config register CONFIG5H @ 0x300009
   484                           ;	Boot Block Code Protection bit
   485                           ;	CPB = OFF, Boot block (000000-0007FFh) is not code-protected
   486                           ;	Data EEPROM Code Protection bit
   487                           ;	CPD = OFF, Data EEPROM is not code-protected
   488  300009                     	org	3145737
   489  300009  C0                 	db	192
   490                           
   491                           ;Config register CONFIG6L @ 0x30000A
   492                           ;	Write Protection bit
   493                           ;	WRT0 = OFF, Block 0 (000800-001FFFh) is not write-protected
   494                           ;	Write Protection bit
   495                           ;	WRT1 = OFF, Block 1 (002000-003FFFh) is not write-protected
   496                           ;	Write Protection bit
   497                           ;	WRT2 = OFF, Block 2 (004000-005FFFh) is not write-protected
   498                           ;	Write Protection bit
   499                           ;	WRT3 = OFF, Block 3 (006000-007FFFh) is not write-protected
   500  30000A                     	org	3145738
   501  30000A  0F                 	db	15
   502                           
   503                           ;Config register CONFIG6H @ 0x30000B
   504                           ;	Configuration Register Write Protection bit
   505                           ;	WRTC = OFF, Configuration registers (300000-3000FFh) are not write-protected
   506                           ;	Boot Block Write Protection bit
   507                           ;	WRTB = OFF, Boot block (000000-0007FFh) is not write-protected
   508                           ;	Data EEPROM Write Protection bit
   509                           ;	WRTD = OFF, Data EEPROM is not write-protected
   510  30000B                     	org	3145739
   511  30000B  E0                 	db	224
   512                           
   513                           ;Config register CONFIG7L @ 0x30000C
   514                           ;	Table Read Protection bit
   515                           ;	EBTR0 = OFF, Block 0 (000800-001FFFh) is not protected from table reads executed in ot
      +                          her blocks
   516                           ;	Table Read Protection bit
   517                           ;	EBTR1 = OFF, Block 1 (002000-003FFFh) is not protected from table reads executed in ot
      +                          her blocks
   518                           ;	Table Read Protection bit
   519                           ;	EBTR2 = OFF, Block 2 (004000-005FFFh) is not protected from table reads executed in ot
      +                          her blocks
   520                           ;	Table Read Protection bit
   521                           ;	EBTR3 = OFF, Block 3 (006000-007FFFh) is not protected from table reads executed in ot
      +                          her blocks
   522  30000C                     	org	3145740
   523  30000C  0F                 	db	15
   524                           
   525                           ;Config register CONFIG7H @ 0x30000D
   526                           ;	Boot Block Table Read Protection bit
   527                           ;	EBTRB = OFF, Boot block (000000-0007FFh) is not protected from table reads executed in
      +                           other blocks
   528  30000D                     	org	3145741
   529  30000D  40                 	db	64
   530                           tosu	equ	0xFFF
   531                           tosh	equ	0xFFE
   532                           tosl	equ	0xFFD
   533                           stkptr	equ	0xFFC
   534                           pclatu	equ	0xFFB
   535                           pclath	equ	0xFFA
   536                           pcl	equ	0xFF9
   537                           tblptru	equ	0xFF8
   538                           tblptrh	equ	0xFF7
   539                           tblptrl	equ	0xFF6
   540                           tablat	equ	0xFF5
   541                           prodh	equ	0xFF4
   542                           prodl	equ	0xFF3
   543                           indf0	equ	0xFEF
   544                           postinc0	equ	0xFEE
   545                           postdec0	equ	0xFED
   546                           preinc0	equ	0xFEC
   547                           plusw0	equ	0xFEB
   548                           fsr0h	equ	0xFEA
   549                           fsr0l	equ	0xFE9
   550                           wreg	equ	0xFE8
   551                           indf1	equ	0xFE7
   552                           postinc1	equ	0xFE6
   553                           postdec1	equ	0xFE5
   554                           preinc1	equ	0xFE4
   555                           plusw1	equ	0xFE3
   556                           fsr1h	equ	0xFE2
   557                           fsr1l	equ	0xFE1
   558                           bsr	equ	0xFE0
   559                           indf2	equ	0xFDF
   560                           postinc2	equ	0xFDE
   561                           postdec2	equ	0xFDD
   562                           preinc2	equ	0xFDC
   563                           plusw2	equ	0xFDB
   564                           fsr2h	equ	0xFDA
   565                           fsr2l	equ	0xFD9
   566                           status	equ	0xFD8

Data Sizes:
    Strings     0
    Constant    0
    Data        15
    BSS         0
    Persistent  0
    Stack       0

Auto Spaces:
    Space          Size  Autos    Used
    COMRAM           95      7      22
    BANK0           160      0       0
    BANK1           256      0       0
    BANK2           256      0       0
    BANK3           256      0       0
    BANK4           256      0       0
    BANK5           256      0       0
    BANK6           256      0       0
    BANK7           256      0       0

Pointer List with Targets:

    None.

Critical Paths under _main in COMRAM

    _main->_de_cabeza

Critical Paths under _main in BANK0

    None.

Critical Paths under _main in BANK1

    None.

Critical Paths under _main in BANK2

    None.

Critical Paths under _main in BANK3

    None.

Critical Paths under _main in BANK4

    None.

Critical Paths under _main in BANK5

    None.

Critical Paths under _main in BANK6

    None.

Critical Paths under _main in BANK7

    None.

Call Graph Tables:

 ---------------------------------------------------------------------------------
 (Depth) Function   	        Calls       Base Space   Used Autos Params    Refs
 ---------------------------------------------------------------------------------
 (0) _main                                                 3     3      0     120
                                              4 COMRAM     3     3      0
                          _configuro
                          _de_cabeza
 ---------------------------------------------------------------------------------
 (1) _de_cabeza                                            4     4      0      60
                                              0 COMRAM     4     4      0
 ---------------------------------------------------------------------------------
 (1) _configuro                                            0     0      0       0
 ---------------------------------------------------------------------------------
 Estimated maximum stack depth 1
 ---------------------------------------------------------------------------------

 Call Graph Graphs:

 _main (ROOT)
   _configuro
   _de_cabeza

 Address spaces:
Name               Size   Autos  Total    Cost      Usage
BIGRAM             7FF      0       0      25        0.0%
EEDATA             100      0       0       0        0.0%
BITBANK7           100      0       0      18        0.0%
BANK7              100      0       0      19        0.0%
BITBANK6           100      0       0      16        0.0%
BANK6              100      0       0      17        0.0%
BITBANK5           100      0       0      14        0.0%
BANK5              100      0       0      15        0.0%
BITBANK4           100      0       0      12        0.0%
BANK4              100      0       0      13        0.0%
BITBANK3           100      0       0      10        0.0%
BANK3              100      0       0      11        0.0%
BITBANK2           100      0       0       8        0.0%
BANK2              100      0       0       9        0.0%
BITBANK1           100      0       0       6        0.0%
BANK1              100      0       0       7        0.0%
BITBANK0            A0      0       0       4        0.0%
BANK0               A0      0       0       5        0.0%
BITBIGSFRh          6A      0       0      20        0.0%
BITCOMRAM           5F      0       0       0        0.0%
COMRAM              5F      7      16       1       23.2%
BITBIGSFRll         22      0       0      23        0.0%
BITBIGSFRlhl         9      0       0      22        0.0%
BITBIGSFRlhh         8      0       0      21        0.0%
BIGSFR               0      0       0     200        0.0%
BITSFR               0      0       0     200        0.0%
SFR                  0      0       0     200        0.0%
STACK                0      0       0       2        0.0%
NULL                 0      0       0       0        0.0%
ABS                  0      0      16      24        0.0%
DATA                 0      0      16       3        0.0%
CODE                 0      0       0       0        0.0%


Microchip Technology PIC18 Macro Assembler V2.36 build 20220127204148 
Symbol Table                                                                                   Tue May 17 21:15:08 2022

                     l22 7FC0                       u37 7FEA                      l716 7FBC  
                    l726 7FD4                      wreg 000FE8                     _LATD 000F8C  
                   _main 7FB8                     fsr2h 000FDA                     indf2 000FDF  
                   fsr1l 000FE1                     fsr2l 000FD9                     start 0000  
           ___param_bank 000000                    ?_main 0010                    _TRISD 000F95  
                  _msg_1 0001                    tablat 000FF5                    status 000FD8  
        __initialization 7F62             __end_of_main 8000                   ??_main 0014  
          __activetblptr 000000                   isa$std 000001             __pdataCOMRAM 0001  
                 tblptrh 000FF7                   tblptrl 000FF6                   tblptru 000FF8  
             __accesstop 0060  __end_of__initialization 7F82            ___rparam_used 000001  
         __pcstackCOMRAM 0010        __end_of_de_cabeza 7FB8                  __Hparam 0000  
                __Lparam 0000        __end_of_configuro 7F52                  __pcinit 7F62  
                __ramtop 0800                  __ptext0 7FB8                  __ptext1 7F88  
                __ptext2 7F4C     end_of_initialization 7F82                  postdec1 000FE5  
                postinc0 000FEE                _PORTCbits 000F82            __pidataCOMRAM 7F53  
    start_initialization 7F62                _de_cabeza 7F88                _configuro 7F4C  
             ?_de_cabeza 0010               ?_configuro 0010                main@x_var 0016  
              copy_data0 7F76          de_cabeza@salida 0012                 __Hrparam 0000  
               __Lrparam 0000              ??_de_cabeza 0010                 isa$xinst 000000  
            ??_configuro 0010            de_cabeza@dato 0013  
