

Microchip Technology PIC18 LITE Macro Assembler V1.45 build -152302408 
                                                                                               Tue May 22 10:50:49 2018

Microchip Technology Omniscient Code Generator v1.45 (Free mode) build 201711160504
     1                           	processor	18F4550
     2                           	fnconf	rparam,??,?,0
     3                           	opt	pw 120
     4                           	opt	lm
     5                           	psect	idataCOMRAM,global,class=CODE,delta=1,noexec
     6                           	psect	cinit,global,reloc=2,class=CODE,delta=1
     7                           	psect	bssCOMRAM,global,class=COMRAM,space=1,delta=1,noexec
     8                           	psect	dataCOMRAM,global,class=COMRAM,space=1,delta=1,noexec
     9                           	psect	cstackCOMRAM,global,class=COMRAM,space=1,delta=1,noexec
    10                           	psect	text0,global,reloc=2,class=CODE,delta=1
    11                           	psect	text1,global,reloc=2,class=CODE,delta=1
    12                           	psect	text2,global,reloc=2,class=CODE,delta=1
    13                           	psect	intsave_regs,global,class=BIGRAM,space=1,delta=1,noexec
    14                           	psect	rparam,global,class=COMRAM,space=1,delta=1,noexec
    15  0000                     
    16                           ; Version 1.45
    17                           ; Generated 16/11/2017 GMT
    18                           ; 
    19                           ; Copyright © 2017, Microchip Technology Inc. and its subsidiaries ("Microchip")
    20                           ; All rights reserved.
    21                           ; 
    22                           ; This software is developed by Microchip Technology Inc. and its subsidiaries ("Microch
      +                          ip").
    23                           ; 
    24                           ; Redistribution and use in source and binary forms, with or without modification, are
    25                           ; permitted provided that the following conditions are met:
    26                           ; 
    27                           ;     1. Redistributions of source code must retain the above copyright notice, this lis
      +                          t of
    28                           ;        conditions and the following disclaimer.
    29                           ; 
    30                           ;     2. Redistributions in binary form must reproduce the above copyright notice, this 
      +                          list
    31                           ;        of conditions and the following disclaimer in the documentation and/or other
    32                           ;        materials provided with the distribution.
    33                           ; 
    34                           ;     3. Microchip's name may not be used to endorse or promote products derived from th
      +                          is
    35                           ;        software without specific prior written permission.
    36                           ; 
    37                           ; THIS SOFTWARE IS PROVIDED BY MICROCHIP "AS IS" AND ANY EXPRESS OR IMPLIED WARRANTIES,
    38                           ; INCLUDING, BUT NOT LIMITED TO, THE IMPLIED WARRANTIES OF MERCHANTABILITY AND FITNESS F
      +                          OR
    39                           ; PURPOSE ARE DISCLAIMED.  IN NO EVENT SHALL MICROCHIP BE LIABLE FOR ANY DIRECT, INDIREC
      +                          T,
    40                           ; INCIDENTAL, SPECIAL, EXEMPLARY, OR CONSEQUENTIAL DAMAGES (INCLUDING BUT NOT LIMITED TO
    41                           ; PROCUREMENT OF SUBSTITUTE GOODS OR SERVICES; LOSS OF USE, DATA OR PROFITS; OR BUSINESS
    42                           ; INTERRUPTION) HOWSOEVER CAUSED AND ON ANY THEORY OF LIABILITY, WHETHER IN CONTRACT, ST
      +                          RICT
    43                           ; LIABILITY, OR TORT (INCLUDING NEGLIGENCE OR OTHERWISE) ARISING IN ANY WAY OUT OF THE U
      +                          SE OF
    44                           ; THIS SOFTWARE, EVEN IF ADVISED OF THE POSSIBILITY OF SUCH DAMAGE.
    45                           ; 
    46                           ; 
    47                           ; Code-generator required, PIC18F4550 Definitions
    48                           ; 
    49                           ; SFR Addresses
    50  0000                     
    51                           	psect	idataCOMRAM
    52  007F48                     __pidataCOMRAM:
    53                           	opt stack 0
    54                           
    55                           ;initializer for _tablota
    56  007F48  3E                 	db	62
    57  007F49  73                 	db	115
    58  007F4A  39                 	db	57
    59  007F4B  00                 	db	0
    60  0000                     _LATD	set	3980
    61  0000                     _TRISD	set	3989
    62                           
    63                           ; #config settings
    64  0000                     
    65                           	psect	cinit
    66  007F5E                     __pcinit:
    67                           	opt stack 0
    68  007F5E                     start_initialization:
    69                           	opt stack 0
    70  007F5E                     __initialization:
    71                           	opt stack 0
    72                           
    73                           ; Initialize objects allocated to COMRAM (4 bytes)
    74                           ; load TBLPTR registers with __pidataCOMRAM
    75  007F5E  0E48               	movlw	low __pidataCOMRAM
    76  007F60  6EF6               	movwf	tblptrl,c
    77  007F62  0E7F               	movlw	high __pidataCOMRAM
    78  007F64  6EF7               	movwf	tblptrh,c
    79  007F66  0E00               	movlw	low (__pidataCOMRAM shr (0+16))
    80  007F68  6EF8               	movwf	tblptru,c
    81  007F6A  EE00  F00F         	lfsr	0,__pdataCOMRAM
    82  007F6E  EE10 F004          	lfsr	1,4
    83  007F72                     copy_data0:
    84  007F72  0009               	tblrd		*+
    85  007F74  CFF5 FFEE          	movff	tablat,postinc0
    86  007F78  50E5               	movf	postdec1,w,c
    87  007F7A  50E1               	movf	fsr1l,w,c
    88  007F7C  E1FA               	bnz	copy_data0
    89                           
    90                           ; Clear objects allocated to COMRAM (4 bytes)
    91  007F7E  6A0E               	clrf	(__pbssCOMRAM+3)& (0+255),c
    92  007F80  6A0D               	clrf	(__pbssCOMRAM+2)& (0+255),c
    93  007F82  6A0C               	clrf	(__pbssCOMRAM+1)& (0+255),c
    94  007F84  6A0B               	clrf	__pbssCOMRAM& (0+255),c
    95  007F86                     end_of_initialization:
    96                           	opt stack 0
    97  007F86                     __end_of__initialization:
    98                           	opt stack 0
    99  007F86  0100               	movlb	0
   100  007F88  EFA6  F03F         	goto	_main	;jump to C main() function
   101                           tblptru	equ	0xFF8
   102                           tblptrh	equ	0xFF7
   103                           tblptrl	equ	0xFF6
   104                           tablat	equ	0xFF5
   105                           postinc0	equ	0xFEE
   106                           postdec1	equ	0xFE5
   107                           fsr1l	equ	0xFE1
   108                           
   109                           	psect	bssCOMRAM
   110  00000B                     __pbssCOMRAM:
   111                           	opt stack 0
   112  00000B                     _tiempo:
   113                           	opt stack 0
   114  00000B                     	ds	2
   115  00000D                     _itera:
   116                           	opt stack 0
   117  00000D                     	ds	2
   118                           tblptru	equ	0xFF8
   119                           tblptrh	equ	0xFF7
   120                           tblptrl	equ	0xFF6
   121                           tablat	equ	0xFF5
   122                           postinc0	equ	0xFEE
   123                           postdec1	equ	0xFE5
   124                           fsr1l	equ	0xFE1
   125                           
   126                           	psect	dataCOMRAM
   127  00000F                     __pdataCOMRAM:
   128                           	opt stack 0
   129  00000F                     _tablota:
   130                           	opt stack 0
   131  00000F                     	ds	4
   132                           tblptru	equ	0xFF8
   133                           tblptrh	equ	0xFF7
   134                           tblptrl	equ	0xFF6
   135                           tablat	equ	0xFF5
   136                           postinc0	equ	0xFEE
   137                           postdec1	equ	0xFE5
   138                           fsr1l	equ	0xFE1
   139                           
   140                           	psect	cstackCOMRAM
   141  000001                     __pcstackCOMRAM:
   142                           	opt stack 0
   143  000001                     retardon@tiempo:
   144                           	opt stack 0
   145                           
   146                           ; 2 bytes @ 0x0
   147  000001                     	ds	2
   148  000003                     ??_retardon:
   149                           
   150                           ; 1 bytes @ 0x2
   151  000003                     	ds	1
   152  000004                     retardon@j:
   153                           	opt stack 0
   154                           
   155                           ; 2 bytes @ 0x3
   156  000004                     	ds	2
   157  000006                     upcmon@itera:
   158                           	opt stack 0
   159                           
   160                           ; 2 bytes @ 0x5
   161  000006                     	ds	2
   162  000008                     ??_upcmon:
   163                           
   164                           ; 1 bytes @ 0x7
   165  000008                     	ds	1
   166  000009                     upcmon@i:
   167                           	opt stack 0
   168                           
   169                           ; 2 bytes @ 0x8
   170  000009                     	ds	2
   171  00000B                     tblptru	equ	0xFF8
   172                           tblptrh	equ	0xFF7
   173                           tblptrl	equ	0xFF6
   174                           tablat	equ	0xFF5
   175                           postinc0	equ	0xFEE
   176                           postdec1	equ	0xFE5
   177                           fsr1l	equ	0xFE1
   178                           
   179                           ; 1 bytes @ 0xA
   180 ;;
   181 ;;Main: autosize = 0, tempsize = 0, incstack = 0, save=0
   182 ;;
   183 ;; *************** function _main *****************
   184 ;; Defined at:
   185 ;;		line 22 in file "newmain.c"
   186 ;; Parameters:    Size  Location     Type
   187 ;;		None
   188 ;; Auto vars:     Size  Location     Type
   189 ;;		None
   190 ;; Return value:  Size  Location     Type
   191 ;;                  1    wreg      void 
   192 ;; Registers used:
   193 ;;		wreg, fsr2l, fsr2h, status,2, status,0, cstack
   194 ;; Tracked objects:
   195 ;;		On entry : 0/0
   196 ;;		On exit  : 0/0
   197 ;;		Unchanged: 0/0
   198 ;; Data sizes:     COMRAM   BANK0   BANK1   BANK2   BANK3   BANK4   BANK5   BANK6   BANK7
   199 ;;      Params:         0       0       0       0       0       0       0       0       0
   200 ;;      Locals:         0       0       0       0       0       0       0       0       0
   201 ;;      Temps:          0       0       0       0       0       0       0       0       0
   202 ;;      Totals:         0       0       0       0       0       0       0       0       0
   203 ;;Total ram usage:        0 bytes
   204 ;; Hardware stack levels required when called:    2
   205 ;; This function calls:
   206 ;;		_upcmon
   207 ;; This function is called by:
   208 ;;		Startup code after reset
   209 ;; This function uses a non-reentrant model
   210 ;;
   211                           
   212                           	psect	text0
   213  007F4C                     __ptext0:
   214                           	opt stack 0
   215  007F4C                     _main:
   216                           	opt stack 29
   217                           
   218                           ;newmain.c: 23: TRISD = 0x80;
   219                           
   220                           ;incstack = 0
   221  007F4C  0E80               	movlw	128
   222  007F4E  6E95               	movwf	3989,c	;volatile
   223  007F50                     
   224                           ;newmain.c: 25: upcmon(4);
   225  007F50  0E00               	movlw	0
   226  007F52  6E07               	movwf	upcmon@itera+1,c
   227  007F54  0E04               	movlw	4
   228  007F56  6E06               	movwf	upcmon@itera,c
   229  007F58  ECE0  F03F         	call	_upcmon	;wreg free
   230  007F5C  D7F9               	goto	l21
   231  007F5E                     __end_of_main:
   232                           	opt stack 0
   233                           tblptru	equ	0xFF8
   234                           tblptrh	equ	0xFF7
   235                           tblptrl	equ	0xFF6
   236                           tablat	equ	0xFF5
   237                           postinc0	equ	0xFEE
   238                           postdec1	equ	0xFE5
   239                           fsr1l	equ	0xFE1
   240                           
   241 ;; *************** function _upcmon *****************
   242 ;; Defined at:
   243 ;;		line 29 in file "newmain.c"
   244 ;; Parameters:    Size  Location     Type
   245 ;;  itera           2    5[COMRAM] int 
   246 ;; Auto vars:     Size  Location     Type
   247 ;;  i               2    8[COMRAM] int 
   248 ;; Return value:  Size  Location     Type
   249 ;;                  2    5[COMRAM] int 
   250 ;; Registers used:
   251 ;;		wreg, fsr2l, fsr2h, status,2, status,0, cstack
   252 ;; Tracked objects:
   253 ;;		On entry : 0/0
   254 ;;		On exit  : 0/0
   255 ;;		Unchanged: 0/0
   256 ;; Data sizes:     COMRAM   BANK0   BANK1   BANK2   BANK3   BANK4   BANK5   BANK6   BANK7
   257 ;;      Params:         2       0       0       0       0       0       0       0       0
   258 ;;      Locals:         2       0       0       0       0       0       0       0       0
   259 ;;      Temps:          1       0       0       0       0       0       0       0       0
   260 ;;      Totals:         5       0       0       0       0       0       0       0       0
   261 ;;Total ram usage:        5 bytes
   262 ;; Hardware stack levels used:    1
   263 ;; Hardware stack levels required when called:    1
   264 ;; This function calls:
   265 ;;		_retardon
   266 ;; This function is called by:
   267 ;;		_main
   268 ;; This function uses a non-reentrant model
   269 ;;
   270                           
   271                           	psect	text1
   272  007FC0                     __ptext1:
   273                           	opt stack 0
   274  007FC0                     _upcmon:
   275                           	opt stack 29
   276                           
   277                           ;newmain.c: 30: for (int i=0; i<itera; i++){
   278                           
   279                           ;incstack = 0
   280  007FC0  0E00               	movlw	0
   281  007FC2  6E0A               	movwf	upcmon@i+1,c
   282  007FC4  0E00               	movlw	0
   283  007FC6  6E09               	movwf	upcmon@i,c
   284  007FC8  D010               	goto	l27
   285  007FCA                     
   286                           ;newmain.c: 31: LATD = tablota[i];
   287  007FCA  0E0F               	movlw	low _tablota
   288  007FCC  2409               	addwf	upcmon@i,w,c
   289  007FCE  6ED9               	movwf	fsr2l,c
   290  007FD0  0E00               	movlw	high _tablota
   291  007FD2  200A               	addwfc	upcmon@i+1,w,c
   292  007FD4  6EDA               	movwf	fsr2h,c
   293  007FD6  50DF               	movf	indf2,w,c
   294  007FD8  6E8C               	movwf	3980,c	;volatile
   295                           
   296                           ;newmain.c: 32: retardon(500);
   297  007FDA  0E01               	movlw	1
   298  007FDC  6E02               	movwf	retardon@tiempo+1,c
   299  007FDE  0EF4               	movlw	244
   300  007FE0  6E01               	movwf	retardon@tiempo,c
   301  007FE2  ECC6  F03F         	call	_retardon	;wreg free
   302  007FE6  4A09               	infsnz	upcmon@i,f,c
   303  007FE8  2A0A               	incf	upcmon@i+1,f,c
   304  007FEA                     l27:
   305  007FEA  5006               	movf	upcmon@itera,w,c
   306  007FEC  5C09               	subwf	upcmon@i,w,c
   307  007FEE  500A               	movf	upcmon@i+1,w,c
   308  007FF0  0A80               	xorlw	128
   309  007FF2  6E08               	movwf	??_upcmon& (0+255),c
   310  007FF4  5007               	movf	upcmon@itera+1,w,c
   311  007FF6  0A80               	xorlw	128
   312  007FF8  5808               	subwfb	??_upcmon& (0+255),w,c
   313  007FFA  B0D8               	btfsc	status,0,c
   314  007FFC  0012               	return	
   315  007FFE  D7E5               	goto	l28
   316  008000                     __end_of_upcmon:
   317                           	opt stack 0
   318                           tblptru	equ	0xFF8
   319                           tblptrh	equ	0xFF7
   320                           tblptrl	equ	0xFF6
   321                           tablat	equ	0xFF5
   322                           postinc0	equ	0xFEE
   323                           postdec1	equ	0xFE5
   324                           fsr1l	equ	0xFE1
   325                           indf2	equ	0xFDF
   326                           fsr2h	equ	0xFDA
   327                           fsr2l	equ	0xFD9
   328                           status	equ	0xFD8
   329                           
   330 ;; *************** function _retardon *****************
   331 ;; Defined at:
   332 ;;		line 36 in file "newmain.c"
   333 ;; Parameters:    Size  Location     Type
   334 ;;  tiempo          2    0[COMRAM] int 
   335 ;; Auto vars:     Size  Location     Type
   336 ;;  j               2    3[COMRAM] int 
   337 ;; Return value:  Size  Location     Type
   338 ;;                  2    0[COMRAM] int 
   339 ;; Registers used:
   340 ;;		wreg, status,2, status,0
   341 ;; Tracked objects:
   342 ;;		On entry : 0/0
   343 ;;		On exit  : 0/0
   344 ;;		Unchanged: 0/0
   345 ;; Data sizes:     COMRAM   BANK0   BANK1   BANK2   BANK3   BANK4   BANK5   BANK6   BANK7
   346 ;;      Params:         2       0       0       0       0       0       0       0       0
   347 ;;      Locals:         2       0       0       0       0       0       0       0       0
   348 ;;      Temps:          1       0       0       0       0       0       0       0       0
   349 ;;      Totals:         5       0       0       0       0       0       0       0       0
   350 ;;Total ram usage:        5 bytes
   351 ;; Hardware stack levels used:    1
   352 ;; This function calls:
   353 ;;		Nothing
   354 ;; This function is called by:
   355 ;;		_upcmon
   356 ;; This function uses a non-reentrant model
   357 ;;
   358                           
   359                           	psect	text2
   360  007F8C                     __ptext2:
   361                           	opt stack 0
   362  007F8C                     _retardon:
   363                           	opt stack 29
   364                           
   365                           ;newmain.c: 37: for (int j=0;j<tiempo;j++){
   366                           
   367                           ;incstack = 0
   368  007F8C  0E00               	movlw	0
   369  007F8E  6E05               	movwf	retardon@j+1,c
   370  007F90  0E00               	movlw	0
   371  007F92  6E04               	movwf	retardon@j,c
   372  007F94  D00A               	goto	l33
   373  007F96                     
   374                           ;newmain.c: 38: _delay((unsigned long)((1)*(48000000UL/4000.0)));
   375  007F96  0E10               	movlw	16
   376  007F98  6E03               	movwf	??_retardon& (0+255),c
   377  007F9A  0E94               	movlw	148
   378  007F9C                     u57:
   379  007F9C  2EE8               	decfsz	wreg,f,c
   380  007F9E  D7FE               	bra	u57
   381  007FA0  2E03               	decfsz	??_retardon& (0+255),f,c
   382  007FA2  D7FC               	bra	u57
   383  007FA4  D000               	nop2	
   384  007FA6  4A04               	infsnz	retardon@j,f,c
   385  007FA8  2A05               	incf	retardon@j+1,f,c
   386  007FAA                     l33:
   387  007FAA  5001               	movf	retardon@tiempo,w,c
   388  007FAC  5C04               	subwf	retardon@j,w,c
   389  007FAE  5005               	movf	retardon@j+1,w,c
   390  007FB0  0A80               	xorlw	128
   391  007FB2  6E03               	movwf	??_retardon& (0+255),c
   392  007FB4  5002               	movf	retardon@tiempo+1,w,c
   393  007FB6  0A80               	xorlw	128
   394  007FB8  5803               	subwfb	??_retardon& (0+255),w,c
   395  007FBA  B0D8               	btfsc	status,0,c
   396  007FBC  0012               	return	
   397  007FBE  D7EB               	goto	l34
   398  007FC0                     __end_of_retardon:
   399                           	opt stack 0
   400  0000                     tblptru	equ	0xFF8
   401                           tblptrh	equ	0xFF7
   402                           tblptrl	equ	0xFF6
   403                           tablat	equ	0xFF5
   404                           postinc0	equ	0xFEE
   405                           wreg	equ	0xFE8
   406                           postdec1	equ	0xFE5
   407                           fsr1l	equ	0xFE1
   408                           indf2	equ	0xFDF
   409                           fsr2h	equ	0xFDA
   410                           fsr2l	equ	0xFD9
   411                           status	equ	0xFD8
   412                           tblptru	equ	0xFF8
   413                           tblptrh	equ	0xFF7
   414                           tblptrl	equ	0xFF6
   415                           tablat	equ	0xFF5
   416                           postinc0	equ	0xFEE
   417                           wreg	equ	0xFE8
   418                           postdec1	equ	0xFE5
   419                           fsr1l	equ	0xFE1
   420                           indf2	equ	0xFDF
   421                           fsr2h	equ	0xFDA
   422                           fsr2l	equ	0xFD9
   423                           status	equ	0xFD8
   424                           
   425                           	psect	rparam
   426  0000                     tblptru	equ	0xFF8
   427                           tblptrh	equ	0xFF7
   428                           tblptrl	equ	0xFF6
   429                           tablat	equ	0xFF5
   430                           postinc0	equ	0xFEE
   431                           wreg	equ	0xFE8
   432                           postdec1	equ	0xFE5
   433                           fsr1l	equ	0xFE1
   434                           indf2	equ	0xFDF
   435                           fsr2h	equ	0xFDA
   436                           fsr2l	equ	0xFD9
   437                           status	equ	0xFD8


Data Sizes:
    Strings     0
    Constant    0
    Data        4
    BSS         4
    Persistent  0
    Stack       0

Auto Spaces:
    Space          Size  Autos    Used
    COMRAM           95     10      18
    BANK0           160      0       0
    BANK1           256      0       0
    BANK2           256      0       0
    BANK3           256      0       0
    BANK4           256      0       0
    BANK5           256      0       0
    BANK6           256      0       0
    BANK7           256      0       0

Pointer List with Targets:

    None.

Critical Paths under _main in COMRAM

    _main->_upcmon
    _upcmon->_retardon

Critical Paths under _main in BANK0

    None.

Critical Paths under _main in BANK1

    None.

Critical Paths under _main in BANK2

    None.

Critical Paths under _main in BANK3

    None.

Critical Paths under _main in BANK4

    None.

Critical Paths under _main in BANK5

    None.

Critical Paths under _main in BANK6

    None.

Critical Paths under _main in BANK7

    None.

Call Graph Tables:

 ---------------------------------------------------------------------------------
 (Depth) Function   	        Calls       Base Space   Used Autos Params    Refs
 ---------------------------------------------------------------------------------
 (0) _main                                                 0     0      0     266
                             _upcmon
 ---------------------------------------------------------------------------------
 (1) _upcmon                                               5     3      2     266
                                              5 COMRAM     5     3      2
                           _retardon
 ---------------------------------------------------------------------------------
 (2) _retardon                                             5     3      2     122
                                              0 COMRAM     5     3      2
 ---------------------------------------------------------------------------------
 Estimated maximum stack depth 2
 ---------------------------------------------------------------------------------

 Call Graph Graphs:

 _main (ROOT)
   _upcmon
     _retardon

 Address spaces:
Name               Size   Autos  Total    Cost      Usage
BIGRAM             7FF      0       0      21        0.0%
EEDATA             100      0       0       0        0.0%
BITBANK7           100      0       0      18        0.0%
BANK7              100      0       0      19        0.0%
BITBANK6           100      0       0      16        0.0%
BANK6              100      0       0      17        0.0%
BITBANK5           100      0       0      14        0.0%
BANK5              100      0       0      15        0.0%
BITBANK4           100      0       0      12        0.0%
BANK4              100      0       0      13        0.0%
BITBANK3           100      0       0      10        0.0%
BANK3              100      0       0      11        0.0%
BITBANK2           100      0       0       8        0.0%
BANK2              100      0       0       9        0.0%
BITBANK1           100      0       0       6        0.0%
BANK1              100      0       0       7        0.0%
BITBANK0            A0      0       0       4        0.0%
BANK0               A0      0       0       5        0.0%
BITCOMRAM           5F      0       0       0        0.0%
COMRAM              5F      A      12       1       18.9%
BITSFR               0      0       0     200        0.0%
SFR                  0      0       0     200        0.0%
STACK                0      0       0       2        0.0%
NULL                 0      0       0       0        0.0%
ABS                  0      0      12      20        0.0%
DATA                 0      0      12       3        0.0%
CODE                 0      0       0       0        0.0%


Microchip Technology PIC18 Macro Assembler V1.45 build -152302408 
Symbol Table                                                                                   Tue May 22 10:50:49 2018

                     l21 7F50                       l33 7FAA                       l34 7F96  
                     l27 7FEA                       l28 7FCA                       u57 7F9C  
     __CFG_FOSC$XTPLL_XT 000000             __CFG_BOR$OFF 000000                      wreg 000FE8  
           __CFG_LVP$OFF 000000             __CFG_WDT$OFF 000000                     _LATD 000F8C  
           __CFG_PWRT$ON 000000                     _main 7F4C                     indf2 000FDF  
                   fsr1l 000FE1                     fsr2l 000FD9                     start 0000  
          __CFG_MCLRE$ON 000000             ___param_bank 000000            __CFG_PLLDIV$1 000000  
         __CFG_CCP2MX$ON 000000                    ?_main 0001                    _TRISD 000F95  
                  _itera 000D                    tablat 000FF5                    status 000FD8  
         __CFG_PBADEN$ON 000000          __initialization 7F5E             __end_of_main 7F5E  
                 ??_main 000B            __activetblptr 000000                   _tiempo 000B  
                 _upcmon 7FC0         __end_of_retardon 7FC0             __pdataCOMRAM 000F  
                 tblptrh 000FF7                   tblptrl 000FF6                   tblptru 000FF8  
             __accesstop 0060  __end_of__initialization 7F86            ___rparam_used 000001  
         __pcstackCOMRAM 0001                  ?_upcmon 0006           retardon@tiempo 0001  
                __Hparam 0000                  __Lparam 0000                ?_retardon 0001  
                __pcinit 7F5E                  __ramtop 0800                  __ptext0 7F4C  
                __ptext1 7FC0                  __ptext2 7F8C          __size_of_upcmon 0040  
                _tablota 000F     end_of_initialization 7F86               ??_retardon 0003  
                postdec1 000FE5                  postinc0 000FEE                  upcmon@i 0009  
          __pidataCOMRAM 7F48           __end_of_upcmon 8000      start_initialization 7F5E  
            upcmon@itera 0006                 ??_upcmon 0008              __pbssCOMRAM 000B  
      __size_of_retardon 0034                copy_data0 7F72                 __Hrparam 0000  
               __Lrparam 0000            __size_of_main 0012                retardon@j 0004  
               _retardon 7F8C    __CFG_CPUDIV$OSC1_PLL2 000000  
