

Microchip Technology PIC18 LITE Macro Assembler V1.45 build -152302408 
                                                                                               Tue May 22 23:53:16 2018

Microchip Technology Omniscient Code Generator v1.45 (Free mode) build 201711160504
     1                           	processor	18F4550
     2                           	fnconf	rparam,??,?,0
     3                           	opt	pw 120
     4                           	opt	lm
     5                           	psect	cinit,global,reloc=2,class=CODE,delta=1
     6                           	psect	cstackCOMRAM,global,class=COMRAM,space=1,delta=1,noexec
     7                           	psect	text0,global,reloc=2,class=CODE,delta=1
     8                           	psect	intsave_regs,global,class=BIGRAM,space=1,delta=1,noexec
     9                           	psect	rparam,global,class=COMRAM,space=1,delta=1,noexec
    10  0000                     
    11                           ; Version 1.45
    12                           ; Generated 16/11/2017 GMT
    13                           ; 
    14                           ; Copyright © 2017, Microchip Technology Inc. and its subsidiaries ("Microchip")
    15                           ; All rights reserved.
    16                           ; 
    17                           ; This software is developed by Microchip Technology Inc. and its subsidiaries ("Microch
      +                          ip").
    18                           ; 
    19                           ; Redistribution and use in source and binary forms, with or without modification, are
    20                           ; permitted provided that the following conditions are met:
    21                           ; 
    22                           ;     1. Redistributions of source code must retain the above copyright notice, this lis
      +                          t of
    23                           ;        conditions and the following disclaimer.
    24                           ; 
    25                           ;     2. Redistributions in binary form must reproduce the above copyright notice, this 
      +                          list
    26                           ;        of conditions and the following disclaimer in the documentation and/or other
    27                           ;        materials provided with the distribution.
    28                           ; 
    29                           ;     3. Microchip's name may not be used to endorse or promote products derived from th
      +                          is
    30                           ;        software without specific prior written permission.
    31                           ; 
    32                           ; THIS SOFTWARE IS PROVIDED BY MICROCHIP "AS IS" AND ANY EXPRESS OR IMPLIED WARRANTIES,
    33                           ; INCLUDING, BUT NOT LIMITED TO, THE IMPLIED WARRANTIES OF MERCHANTABILITY AND FITNESS F
      +                          OR
    34                           ; PURPOSE ARE DISCLAIMED.  IN NO EVENT SHALL MICROCHIP BE LIABLE FOR ANY DIRECT, INDIREC
      +                          T,
    35                           ; INCIDENTAL, SPECIAL, EXEMPLARY, OR CONSEQUENTIAL DAMAGES (INCLUDING BUT NOT LIMITED TO
    36                           ; PROCUREMENT OF SUBSTITUTE GOODS OR SERVICES; LOSS OF USE, DATA OR PROFITS; OR BUSINESS
    37                           ; INTERRUPTION) HOWSOEVER CAUSED AND ON ANY THEORY OF LIABILITY, WHETHER IN CONTRACT, ST
      +                          RICT
    38                           ; LIABILITY, OR TORT (INCLUDING NEGLIGENCE OR OTHERWISE) ARISING IN ANY WAY OUT OF THE U
      +                          SE OF
    39                           ; THIS SOFTWARE, EVEN IF ADVISED OF THE POSSIBILITY OF SUCH DAMAGE.
    40                           ; 
    41                           ; 
    42                           ; Code-generator required, PIC18F4550 Definitions
    43                           ; 
    44                           ; SFR Addresses
    45  0000                     _LATBbits	set	3978
    46  0000                     _OSCCON	set	4051
    47  0000                     _TRISBbits	set	3987
    48                           
    49                           ; #config settings
    50  0000                     
    51                           	psect	cinit
    52  007FA0                     __pcinit:
    53                           	opt stack 0
    54  007FA0                     start_initialization:
    55                           	opt stack 0
    56  007FA0                     __initialization:
    57                           	opt stack 0
    58  007FA0                     end_of_initialization:
    59                           	opt stack 0
    60  007FA0                     __end_of__initialization:
    61                           	opt stack 0
    62  007FA0  0100               	movlb	0
    63  007FA2  EFD3  F03F         	goto	_main	;jump to C main() function
    64                           
    65                           	psect	cstackCOMRAM
    66  000001                     __pcstackCOMRAM:
    67                           	opt stack 0
    68  000001                     ??_main:
    69                           
    70                           ; 1 bytes @ 0x0
    71  000001                     	ds	2
    72                           
    73 ;;
    74 ;;Main: autosize = 0, tempsize = 2, incstack = 0, save=0
    75 ;;
    76 ;; *************** function _main *****************
    77 ;; Defined at:
    78 ;;		line 19 in file "maincodemon.c"
    79 ;; Parameters:    Size  Location     Type
    80 ;;		None
    81 ;; Auto vars:     Size  Location     Type
    82 ;;		None
    83 ;; Return value:  Size  Location     Type
    84 ;;                  1    wreg      void 
    85 ;; Registers used:
    86 ;;		wreg, status,2
    87 ;; Tracked objects:
    88 ;;		On entry : 0/0
    89 ;;		On exit  : 0/0
    90 ;;		Unchanged: 0/0
    91 ;; Data sizes:     COMRAM   BANK0   BANK1   BANK2   BANK3   BANK4   BANK5   BANK6   BANK7
    92 ;;      Params:         0       0       0       0       0       0       0       0       0
    93 ;;      Locals:         0       0       0       0       0       0       0       0       0
    94 ;;      Temps:          2       0       0       0       0       0       0       0       0
    95 ;;      Totals:         2       0       0       0       0       0       0       0       0
    96 ;;Total ram usage:        2 bytes
    97 ;; This function calls:
    98 ;;		Nothing
    99 ;; This function is called by:
   100 ;;		Startup code after reset
   101 ;; This function uses a non-reentrant model
   102 ;;
   103                           
   104                           	psect	text0
   105  007FA6                     __ptext0:
   106                           	opt stack 0
   107  007FA6                     _main:
   108                           	opt stack 31
   109                           
   110                           ;maincodemon.c: 20: TRISBbits.RB0 = 0;
   111                           
   112                           ;incstack = 0
   113  007FA6  9093               	bcf	3987,0,c	;volatile
   114                           
   115                           ;maincodemon.c: 21: OSCCON = 0x70;
   116  007FA8  0E70               	movlw	112
   117  007FAA  6ED3               	movwf	4051,c	;volatile
   118  007FAC                     
   119                           ;maincodemon.c: 23: LATBbits.LB0 = 1;
   120  007FAC  808A               	bsf	3978,0,c	;volatile
   121                           
   122                           ;maincodemon.c: 24: _delay((unsigned long)((80)*(8000000UL/4000.0)));
   123  007FAE  0ED0               	movlw	208
   124  007FB0  6E01               	movwf	??_main& (0+255),c
   125  007FB2  0ECA               	movlw	202
   126  007FB4                     u17:
   127  007FB4  2EE8               	decfsz	wreg,f,c
   128  007FB6  D7FE               	bra	u17
   129  007FB8  2E01               	decfsz	??_main& (0+255),f,c
   130  007FBA  D7FC               	bra	u17
   131                           
   132                           ;maincodemon.c: 25: LATBbits.LB0 = 0;
   133  007FBC  908A               	bcf	3978,0,c	;volatile
   134                           
   135                           ;maincodemon.c: 26: _delay((unsigned long)((150)*(8000000UL/4000.0)));
   136  007FBE  0E02               	movlw	2
   137  007FC0  6E02               	movwf	(??_main+1)& (0+255),c
   138  007FC2  0E86               	movlw	134
   139  007FC4  6E01               	movwf	??_main& (0+255),c
   140  007FC6  0E99               	movlw	153
   141  007FC8                     u27:
   142  007FC8  2EE8               	decfsz	wreg,f,c
   143  007FCA  D7FE               	bra	u27
   144  007FCC  2E01               	decfsz	??_main& (0+255),f,c
   145  007FCE  D7FC               	bra	u27
   146  007FD0  2E02               	decfsz	(??_main+1)& (0+255),f,c
   147  007FD2  D7FA               	bra	u27
   148  007FD4  F000               	nop	
   149                           
   150                           ;maincodemon.c: 27: LATBbits.LB0 = 1;
   151  007FD6  808A               	bsf	3978,0,c	;volatile
   152                           
   153                           ;maincodemon.c: 28: _delay((unsigned long)((80)*(8000000UL/4000.0)));
   154  007FD8  0ED0               	movlw	208
   155  007FDA  6E01               	movwf	??_main& (0+255),c
   156  007FDC  0ECA               	movlw	202
   157  007FDE                     u37:
   158  007FDE  2EE8               	decfsz	wreg,f,c
   159  007FE0  D7FE               	bra	u37
   160  007FE2  2E01               	decfsz	??_main& (0+255),f,c
   161  007FE4  D7FC               	bra	u37
   162                           
   163                           ;maincodemon.c: 29: LATBbits.LB0 = 0;
   164  007FE6  908A               	bcf	3978,0,c	;volatile
   165                           
   166                           ;maincodemon.c: 30: _delay((unsigned long)((1000)*(8000000UL/4000.0)));
   167  007FE8  0E0B               	movlw	11
   168  007FEA  6E02               	movwf	(??_main+1)& (0+255),c
   169  007FEC  0E26               	movlw	38
   170  007FEE  6E01               	movwf	??_main& (0+255),c
   171  007FF0  0E5E               	movlw	94
   172  007FF2                     u47:
   173  007FF2  2EE8               	decfsz	wreg,f,c
   174  007FF4  D7FE               	bra	u47
   175  007FF6  2E01               	decfsz	??_main& (0+255),f,c
   176  007FF8  D7FC               	bra	u47
   177  007FFA  2E02               	decfsz	(??_main+1)& (0+255),f,c
   178  007FFC  D7FA               	bra	u47
   179  007FFE  D7D6               	goto	l13
   180  008000                     __end_of_main:
   181                           	opt stack 0
   182  0000                     wreg	equ	0xFE8
   183                           wreg	equ	0xFE8
   184                           
   185                           	psect	rparam
   186  0000                     wreg	equ	0xFE8


Data Sizes:
    Strings     0
    Constant    0
    Data        0
    BSS         0
    Persistent  0
    Stack       0

Auto Spaces:
    Space          Size  Autos    Used
    COMRAM           95      2       2
    BANK0           160      0       0
    BANK1           256      0       0
    BANK2           256      0       0
    BANK3           256      0       0
    BANK4           256      0       0
    BANK5           256      0       0
    BANK6           256      0       0
    BANK7           256      0       0

Pointer List with Targets:

    None.

Critical Paths under _main in COMRAM

    None.

Critical Paths under _main in BANK0

    None.

Critical Paths under _main in BANK1

    None.

Critical Paths under _main in BANK2

    None.

Critical Paths under _main in BANK3

    None.

Critical Paths under _main in BANK4

    None.

Critical Paths under _main in BANK5

    None.

Critical Paths under _main in BANK6

    None.

Critical Paths under _main in BANK7

    None.

Call Graph Tables:

 ---------------------------------------------------------------------------------
 (Depth) Function   	        Calls       Base Space   Used Autos Params    Refs
 ---------------------------------------------------------------------------------
 (0) _main                                                 2     2      0       0
                                              0 COMRAM     2     2      0
 ---------------------------------------------------------------------------------
 Estimated maximum stack depth 0
 ---------------------------------------------------------------------------------

 Call Graph Graphs:

 _main (ROOT)

 Address spaces:
Name               Size   Autos  Total    Cost      Usage
BITCOMRAM           5F      0       0       0        0.0%
EEDATA             100      0       0       0        0.0%
NULL                 0      0       0       0        0.0%
CODE                 0      0       0       0        0.0%
COMRAM              5F      2       2       1        2.1%
STACK                0      0       0       2        0.0%
DATA                 0      0       0       3        0.0%
BITBANK0            A0      0       0       4        0.0%
BANK0               A0      0       0       5        0.0%
BITBANK1           100      0       0       6        0.0%
BANK1              100      0       0       7        0.0%
BITBANK2           100      0       0       8        0.0%
BANK2              100      0       0       9        0.0%
BITBANK3           100      0       0      10        0.0%
BANK3              100      0       0      11        0.0%
BITBANK4           100      0       0      12        0.0%
BANK4              100      0       0      13        0.0%
BITBANK5           100      0       0      14        0.0%
BANK5              100      0       0      15        0.0%
BITBANK6           100      0       0      16        0.0%
BANK6              100      0       0      17        0.0%
BITBANK7           100      0       0      18        0.0%
BANK7              100      0       0      19        0.0%
ABS                  0      0       0      20        0.0%
BIGRAM             7FF      0       0      21        0.0%
BITSFR               0      0       0     200        0.0%
SFR                  0      0       0     200        0.0%


Microchip Technology PIC18 Macro Assembler V1.45 build -152302408 
Symbol Table                                                                                   Tue May 22 23:53:16 2018

                     l13 7FAC                       u17 7FB4                       u27 7FC8  
                     u37 7FDE                       u47 7FF2             __CFG_BOR$OFF 000000  
                    wreg 000FE8             __CFG_LVP$OFF 000000             __CFG_WDT$OFF 000000  
           __CFG_PWRT$ON 000000                     _main 7FA6                     start 0000  
           ___param_bank 000000            __CFG_PLLDIV$1 000000           __CFG_CCP2MX$ON 000000  
                  ?_main 0001           __CFG_MCLRE$OFF 000000          __initialization 7FA0  
           __end_of_main 8000                   ??_main 0001            __activetblptr 000000  
                 _OSCCON 000FD3               __accesstop 0060  __end_of__initialization 7FA0  
        __CFG_PBADEN$OFF 000000            ___rparam_used 000001           __pcstackCOMRAM 0001  
                __Hparam 0000                  __Lparam 0000                  __pcinit 7FA0  
                __ramtop 0800                  __ptext0 7FA6     end_of_initialization 7FA0  
              _TRISBbits 000F93      start_initialization 7FA0                 _LATBbits 000F8A  
               __Hrparam 0000                 __Lrparam 0000    __CFG_FOSC$INTOSCIO_EC 000000  
          __size_of_main 005A    __CFG_CPUDIV$OSC1_PLL2 000000  
