Error[113]   D:\MIERCOCONTROLERS\ADCMONON\ADCMONON.X\LCD_LIB.ASM 79 : Symbol not previously defined (LATD)
Error[113]   D:\MIERCOCONTROLERS\ADCMONON\ADCMONON.X\LCD_LIB.ASM 80 : Symbol not previously defined (LATD)
Error[113]   D:\MIERCOCONTROLERS\ADCMONON\ADCMONON.X\LCD_LIB.ASM 103 : Symbol not previously defined (LATD)
Error[113]   D:\MIERCOCONTROLERS\ADCMONON\ADCMONON.X\LCD_LIB.ASM 107 : Symbol not previously defined (LATD)
Error[113]   D:\MIERCOCONTROLERS\ADCMONON\ADCMONON.X\LCD_LIB.ASM 108 : Symbol not previously defined (LATD)
Error[113]   D:\MIERCOCONTROLERS\ADCMONON\ADCMONON.X\LCD_LIB.ASM 109 : Symbol not previously defined (LATD)
Error[113]   D:\MIERCOCONTROLERS\ADCMONON\ADCMONON.X\LCD_LIB.ASM 114 : Symbol not previously defined (LATD)
Error[113]   D:\MIERCOCONTROLERS\ADCMONON\ADCMONON.X\LCD_LIB.ASM 120 : Symbol not previously defined (TRISD)
Error[113]   D:\MIERCOCONTROLERS\ADCMONON\ADCMONON.X\LCD_LIB.ASM 122 : Symbol not previously defined (LATD)
Error[113]   D:\MIERCOCONTROLERS\ADCMONON\ADCMONON.X\LCD_LIB.ASM 123 : Symbol not previously defined (LATD)
Error[113]   D:\MIERCOCONTROLERS\ADCMONON\ADCMONON.X\LCD_LIB.ASM 124 : Symbol not previously defined (LATD)
Error[113]   D:\MIERCOCONTROLERS\ADCMONON\ADCMONON.X\LCD_LIB.ASM 135 : Symbol not previously defined (LATD)
Error[113]   D:\MIERCOCONTROLERS\ADCMONON\ADCMONON.X\LCD_LIB.ASM 141 : Symbol not previously defined (TRISD)
Error[113]   D:\MIERCOCONTROLERS\ADCMONON\ADCMONON.X\LCD_LIB.ASM 143 : Symbol not previously defined (LATD)
Error[113]   D:\MIERCOCONTROLERS\ADCMONON\ADCMONON.X\LCD_LIB.ASM 144 : Symbol not previously defined (LATD)
Error[113]   D:\MIERCOCONTROLERS\ADCMONON\ADCMONON.X\LCD_LIB.ASM 145 : Symbol not previously defined (LATD)
Error[113]   D:\MIERCOCONTROLERS\ADCMONON\ADCMONON.X\LCD_LIB.ASM 162 : Symbol not previously defined (TABLAT)
Error[113]   D:\MIERCOCONTROLERS\ADCMONON\ADCMONON.X\LCD_LIB.ASM 166 : Symbol not previously defined (Z)
Error[113]   D:\MIERCOCONTROLERS\ADCMONON\ADCMONON.X\LCD_LIB.ASM 166 : Symbol not previously defined (STATUS)
Error[113]   D:\MIERCOCONTROLERS\ADCMONON\ADCMONON.X\LCD_LIB.ASM 240 : Symbol not previously defined (C)
Error[113]   D:\MIERCOCONTROLERS\ADCMONON\ADCMONON.X\LCD_LIB.ASM 240 : Symbol not previously defined (STATUS)
Error[113]   D:\MIERCOCONTROLERS\ADCMONON\ADCMONON.X\LCD_LIB.ASM 244 : Symbol not previously defined (C)
Error[113]   D:\MIERCOCONTROLERS\ADCMONON\ADCMONON.X\LCD_LIB.ASM 244 : Symbol not previously defined (STATUS)
Error[129]   D:\MIERCOCONTROLERS\ADCMONON\ADCMONON.X\LCD_LIB.ASM 262 : Expected (END)
