

Microchip MPLAB XC8 Assembler V2.20 build 20200408173844 
                                                                                               Tue May 26 10:35:47 2020

Microchip MPLAB XC8 C Compiler v2.20 (Free license) build 20200408173844 Og1 
     1                           	processor	18F4550
     2                           	fnconf	rparam,??,?,0
     3                           	pagewidth 120
     4                           	opt	flic
     5                           	psect	cinit,global,reloc=2,class=CODE,delta=1
     6                           	psect	bssCOMRAM,global,class=COMRAM,space=1,delta=1,lowdata,noexec
     7                           	psect	cstackCOMRAM,global,class=COMRAM,space=1,delta=1,lowdata,noexec
     8                           	psect	text0,global,reloc=2,class=CODE,delta=1
     9                           	psect	text1,global,reloc=2,class=CODE,delta=1
    10                           	psect	text2,global,reloc=2,class=CODE,delta=1
    11                           	psect	intsave_regs,global,class=BIGRAM,space=1,delta=1,noexec
    12                           	psect	rparam,global,class=COMRAM,space=1,delta=1,noexec
    13                           	psect	idloc,global,abs,ovrld,class=IDLOC,space=5,delta=1,noexec
    14                           	psect	config,global,abs,ovrld,class=CONFIG,space=4,delta=1,noexec
    15  0000                     
    16                           ; Version 2.20
    17                           ; Generated 12/02/2020 GMT
    18                           ; 
    19                           ; Copyright © 2020, Microchip Technology Inc. and its subsidiaries ("Microchip")
    20                           ; All rights reserved.
    21                           ; 
    22                           ; This software is developed by Microchip Technology Inc. and its subsidiaries ("Microch
      +                          ip").
    23                           ; 
    24                           ; Redistribution and use in source and binary forms, with or without modification, are
    25                           ; permitted provided that the following conditions are met:
    26                           ; 
    27                           ;     1. Redistributions of source code must retain the above copyright notice, this lis
      +                          t of
    28                           ;        conditions and the following disclaimer.
    29                           ; 
    30                           ;     2. Redistributions in binary form must reproduce the above copyright notice, this 
      +                          list
    31                           ;        of conditions and the following disclaimer in the documentation and/or other
    32                           ;        materials provided with the distribution.
    33                           ; 
    34                           ;     3. Microchip's name may not be used to endorse or promote products derived from th
      +                          is
    35                           ;        software without specific prior written permission.
    36                           ; 
    37                           ; THIS SOFTWARE IS PROVIDED BY MICROCHIP "AS IS" AND ANY EXPRESS OR IMPLIED WARRANTIES,
    38                           ; INCLUDING, BUT NOT LIMITED TO, THE IMPLIED WARRANTIES OF MERCHANTABILITY AND FITNESS F
      +                          OR
    39                           ; PURPOSE ARE DISCLAIMED.  IN NO EVENT SHALL MICROCHIP BE LIABLE FOR ANY DIRECT, INDIREC
      +                          T,
    40                           ; INCIDENTAL, SPECIAL, EXEMPLARY, OR CONSEQUENTIAL DAMAGES (INCLUDING BUT NOT LIMITED TO
    41                           ; PROCUREMENT OF SUBSTITUTE GOODS OR SERVICES; LOSS OF USE, DATA OR PROFITS; OR BUSINESS
    42                           ; INTERRUPTION) HOWSOEVER CAUSED AND ON ANY THEORY OF LIABILITY, WHETHER IN CONTRACT, ST
      +                          RICT
    43                           ; LIABILITY, OR TORT (INCLUDING NEGLIGENCE OR OTHERWISE) ARISING IN ANY WAY OUT OF THE U
      +                          SE OF
    44                           ; THIS SOFTWARE, EVEN IF ADVISED OF THE POSSIBILITY OF SUCH DAMAGE.
    45                           ; 
    46                           ; 
    47                           ; Code-generator required, PIC18F4550 Definitions
    48                           ; 
    49                           ; SFR Addresses
    50  0000                     _CMCON	set	4020
    51  0000                     _ADCON1	set	4033
    52  0000                     _TRISD	set	3989
    53                           
    54                           ; #config settings
    55                           
    56                           	psect	cinit
    57  007FEE                     __pcinit:
    58                           	callstack 0
    59  007FEE                     start_initialization:
    60                           	callstack 0
    61  007FEE                     __initialization:
    62                           	callstack 0
    63                           
    64                           ; Clear objects allocated to COMRAM (10 bytes)
    65  007FEE  EE00  F001         	lfsr	0,__pbssCOMRAM
    66  007FF2  0E0A               	movlw	10
    67  007FF4                     clear_0:
    68  007FF4  6AEE               	clrf	postinc0,c
    69  007FF6  06E8               	decf	wreg,f,c
    70  007FF8  E1FD               	bnz	clear_0
    71  007FFA                     end_of_initialization:
    72                           	callstack 0
    73  007FFA                     __end_of__initialization:
    74                           	callstack 0
    75  007FFA  0100               	movlb	0
    76  007FFC  EFEF  F03F         	goto	_main	;jump to C main() function
    77                           
    78                           	psect	bssCOMRAM
    79  000001                     __pbssCOMRAM:
    80                           	callstack 0
    81  000001                     _unidad:
    82                           	callstack 0
    83  000001                     	ds	2
    84  000003                     _decena:
    85                           	callstack 0
    86  000003                     	ds	2
    87  000005                     _centena:
    88                           	callstack 0
    89  000005                     	ds	2
    90  000007                     _millar:
    91                           	callstack 0
    92  000007                     	ds	2
    93  000009                     _diezmillar:
    94                           	callstack 0
    95  000009                     	ds	2
    96                           
    97                           	psect	cstackCOMRAM
    98  000000                     __pcstackCOMRAM:
    99                           	callstack 0
   100  000000                     
   101                           ; 1 bytes @ 0x0
   102 ;;
   103 ;;Main: autosize = 0, tempsize = 0, incstack = 0, save=0
   104 ;;
   105 ;; *************** function _main *****************
   106 ;; Defined at:
   107 ;;		line 52 in file "maincode.c"
   108 ;; Parameters:    Size  Location     Type
   109 ;;		None
   110 ;; Auto vars:     Size  Location     Type
   111 ;;		None
   112 ;; Return value:  Size  Location     Type
   113 ;;                  1    wreg      void 
   114 ;; Registers used:
   115 ;;		wreg, status,2, cstack
   116 ;; Tracked objects:
   117 ;;		On entry : 0/0
   118 ;;		On exit  : 0/0
   119 ;;		Unchanged: 0/0
   120 ;; Data sizes:     COMRAM   BANK0   BANK1   BANK2   BANK3   BANK4   BANK5   BANK6   BANK7
   121 ;;      Params:         0       0       0       0       0       0       0       0       0
   122 ;;      Locals:         0       0       0       0       0       0       0       0       0
   123 ;;      Temps:          0       0       0       0       0       0       0       0       0
   124 ;;      Totals:         0       0       0       0       0       0       0       0       0
   125 ;;Total ram usage:        0 bytes
   126 ;; Hardware stack levels required when called:    1
   127 ;; This function calls:
   128 ;;		_configuracion
   129 ;;		_microrutina
   130 ;; This function is called by:
   131 ;;		Startup code after reset
   132 ;; This function uses a non-reentrant model
   133 ;;
   134                           
   135                           	psect	text0
   136  007FDE                     __ptext0:
   137                           	callstack 0
   138  007FDE                     _main:
   139                           	callstack 30
   140  007FDE                     
   141                           ;maincode.c: 53:     configuracion();
   142  007FDE  ECE8  F03F         	call	_configuracion	;wreg free
   143  007FE2                     
   144                           ;maincode.c: 54:     microrutina();
   145  007FE2  ECE6  F03F         	call	_microrutina	;wreg free
   146  007FE6                     l30:
   147  007FE6  EFF3  F03F         	goto	l30
   148  007FEA  EF00  F000         	goto	start
   149  007FEE                     __end_of_main:
   150                           	callstack 0
   151                           
   152 ;; *************** function _microrutina *****************
   153 ;; Defined at:
   154 ;;		line 48 in file "maincode.c"
   155 ;; Parameters:    Size  Location     Type
   156 ;;		None
   157 ;; Auto vars:     Size  Location     Type
   158 ;;		None
   159 ;; Return value:  Size  Location     Type
   160 ;;                  1    wreg      void 
   161 ;; Registers used:
   162 ;;		None
   163 ;; Tracked objects:
   164 ;;		On entry : 0/0
   165 ;;		On exit  : 0/0
   166 ;;		Unchanged: 0/0
   167 ;; Data sizes:     COMRAM   BANK0   BANK1   BANK2   BANK3   BANK4   BANK5   BANK6   BANK7
   168 ;;      Params:         0       0       0       0       0       0       0       0       0
   169 ;;      Locals:         0       0       0       0       0       0       0       0       0
   170 ;;      Temps:          0       0       0       0       0       0       0       0       0
   171 ;;      Totals:         0       0       0       0       0       0       0       0       0
   172 ;;Total ram usage:        0 bytes
   173 ;; Hardware stack levels used:    1
   174 ;; This function calls:
   175 ;;		Nothing
   176 ;; This function is called by:
   177 ;;		_main
   178 ;; This function uses a non-reentrant model
   179 ;;
   180                           
   181                           	psect	text1
   182  007FCC                     __ptext1:
   183                           	callstack 0
   184  007FCC                     _microrutina:
   185                           	callstack 30
   186  007FCC  F000               	nop		;# 
   187  007FCE  0012               	return		;funcret
   188  007FD0                     __end_of_microrutina:
   189                           	callstack 0
   190                           
   191 ;; *************** function _configuracion *****************
   192 ;; Defined at:
   193 ;;		line 33 in file "maincode.c"
   194 ;; Parameters:    Size  Location     Type
   195 ;;		None
   196 ;; Auto vars:     Size  Location     Type
   197 ;;		None
   198 ;; Return value:  Size  Location     Type
   199 ;;                  1    wreg      void 
   200 ;; Registers used:
   201 ;;		wreg, status,2
   202 ;; Tracked objects:
   203 ;;		On entry : 0/0
   204 ;;		On exit  : 0/0
   205 ;;		Unchanged: 0/0
   206 ;; Data sizes:     COMRAM   BANK0   BANK1   BANK2   BANK3   BANK4   BANK5   BANK6   BANK7
   207 ;;      Params:         0       0       0       0       0       0       0       0       0
   208 ;;      Locals:         0       0       0       0       0       0       0       0       0
   209 ;;      Temps:          0       0       0       0       0       0       0       0       0
   210 ;;      Totals:         0       0       0       0       0       0       0       0       0
   211 ;;Total ram usage:        0 bytes
   212 ;; Hardware stack levels used:    1
   213 ;; This function calls:
   214 ;;		Nothing
   215 ;; This function is called by:
   216 ;;		_main
   217 ;; This function uses a non-reentrant model
   218 ;;
   219                           
   220                           	psect	text2
   221  007FD0                     __ptext2:
   222                           	callstack 0
   223  007FD0                     _configuracion:
   224                           	callstack 30
   225  007FD0                     
   226                           ;maincode.c: 34:     TRISD = 0xFE;
   227  007FD0  0EFE               	movlw	254
   228  007FD2  6E95               	movwf	149,c	;volatile
   229                           
   230                           ;maincode.c: 35:     ADCON1 = 0x0F;
   231  007FD4  0E0F               	movlw	15
   232  007FD6  6EC1               	movwf	193,c	;volatile
   233                           
   234                           ;maincode.c: 36:     CMCON = 0x07;
   235  007FD8  0E07               	movlw	7
   236  007FDA  6EB4               	movwf	180,c	;volatile
   237  007FDC  0012               	return		;funcret
   238  007FDE                     __end_of_configuracion:
   239                           	callstack 0
   240  0000                     
   241                           	psect	rparam
   242  0000                     
   243                           	psect	idloc
   244                           
   245                           ;Config register IDLOC0 @ 0x200000
   246                           ;	unspecified, using default values
   247  200000                     	org	2097152
   248  200000  FF                 	db	255
   249                           
   250                           ;Config register IDLOC1 @ 0x200001
   251                           ;	unspecified, using default values
   252  200001                     	org	2097153
   253  200001  FF                 	db	255
   254                           
   255                           ;Config register IDLOC2 @ 0x200002
   256                           ;	unspecified, using default values
   257  200002                     	org	2097154
   258  200002  FF                 	db	255
   259                           
   260                           ;Config register IDLOC3 @ 0x200003
   261                           ;	unspecified, using default values
   262  200003                     	org	2097155
   263  200003  FF                 	db	255
   264                           
   265                           ;Config register IDLOC4 @ 0x200004
   266                           ;	unspecified, using default values
   267  200004                     	org	2097156
   268  200004  FF                 	db	255
   269                           
   270                           ;Config register IDLOC5 @ 0x200005
   271                           ;	unspecified, using default values
   272  200005                     	org	2097157
   273  200005  FF                 	db	255
   274                           
   275                           ;Config register IDLOC6 @ 0x200006
   276                           ;	unspecified, using default values
   277  200006                     	org	2097158
   278  200006  FF                 	db	255
   279                           
   280                           ;Config register IDLOC7 @ 0x200007
   281                           ;	unspecified, using default values
   282  200007                     	org	2097159
   283  200007  FF                 	db	255
   284                           
   285                           	psect	config
   286                           
   287                           ;Config register CONFIG1L @ 0x300000
   288                           ;	PLL Prescaler Selection bits
   289                           ;	PLLDIV = 1, No prescale (4 MHz oscillator input drives PLL directly)
   290                           ;	System Clock Postscaler Selection bits
   291                           ;	CPUDIV = OSC1_PLL2, [Primary Oscillator Src: /1][96 MHz PLL Src: /2]
   292                           ;	USB Clock Selection bit (used in Full-Speed USB mode only; UCFG:FSEN = 1)
   293                           ;	USBDIV = 0x0, unprogrammed default
   294  300000                     	org	3145728
   295  300000  00                 	db	0
   296                           
   297                           ;Config register CONFIG1H @ 0x300001
   298                           ;	Oscillator Selection bits
   299                           ;	FOSC = XTPLL_XT, XT oscillator, PLL enabled (XTPLL)
   300                           ;	Fail-Safe Clock Monitor Enable bit
   301                           ;	FCMEN = 0x0, unprogrammed default
   302                           ;	Internal/External Oscillator Switchover bit
   303                           ;	IESO = 0x0, unprogrammed default
   304  300001                     	org	3145729
   305  300001  02                 	db	2
   306                           
   307                           ;Config register CONFIG2L @ 0x300002
   308                           ;	Power-up Timer Enable bit
   309                           ;	PWRT = ON, PWRT enabled
   310                           ;	Brown-out Reset Enable bits
   311                           ;	BOR = OFF, Brown-out Reset disabled in hardware and software
   312                           ;	Brown-out Reset Voltage bits
   313                           ;	BORV = 3, Minimum setting 2.05V
   314                           ;	USB Voltage Regulator Enable bit
   315                           ;	VREGEN = 0x0, unprogrammed default
   316  300002                     	org	3145730
   317  300002  18                 	db	24
   318                           
   319                           ;Config register CONFIG2H @ 0x300003
   320                           ;	Watchdog Timer Enable bit
   321                           ;	WDT = OFF, WDT disabled (control is placed on the SWDTEN bit)
   322                           ;	Watchdog Timer Postscale Select bits
   323                           ;	WDTPS = 32768, 1:32768
   324  300003                     	org	3145731
   325  300003  1E                 	db	30
   326                           
   327                           ; Padding undefined space
   328  300004                     	org	3145732
   329  300004  FF                 	db	255
   330                           
   331                           ;Config register CONFIG3H @ 0x300005
   332                           ;	CCP2 MUX bit
   333                           ;	CCP2MX = ON, CCP2 input/output is multiplexed with RC1
   334                           ;	PORTB A/D Enable bit
   335                           ;	PBADEN = OFF, PORTB<4:0> pins are configured as digital I/O on Reset
   336                           ;	Low-Power Timer 1 Oscillator Enable bit
   337                           ;	LPT1OSC = 0x0, unprogrammed default
   338                           ;	MCLR Pin Enable bit
   339                           ;	MCLRE = ON, MCLR pin enabled; RE3 input pin disabled
   340  300005                     	org	3145733
   341  300005  81                 	db	129
   342                           
   343                           ;Config register CONFIG4L @ 0x300006
   344                           ;	Stack Full/Underflow Reset Enable bit
   345                           ;	STVREN = 0x1, unprogrammed default
   346                           ;	Single-Supply ICSP Enable bit
   347                           ;	LVP = OFF, Single-Supply ICSP disabled
   348                           ;	Dedicated In-Circuit Debug/Programming Port (ICPORT) Enable bit
   349                           ;	ICPRT = 0x0, unprogrammed default
   350                           ;	Extended Instruction Set Enable bit
   351                           ;	XINST = 0x0, unprogrammed default
   352                           ;	Background Debugger Enable bit
   353                           ;	DEBUG = 0x1, unprogrammed default
   354  300006                     	org	3145734
   355  300006  81                 	db	129
   356                           
   357                           ; Padding undefined space
   358  300007                     	org	3145735
   359  300007  FF                 	db	255
   360                           
   361                           ;Config register CONFIG5L @ 0x300008
   362                           ;	unspecified, using default values
   363                           ;	Code Protection bit
   364                           ;	CP0 = 0x1, unprogrammed default
   365                           ;	Code Protection bit
   366                           ;	CP1 = 0x1, unprogrammed default
   367                           ;	Code Protection bit
   368                           ;	CP2 = 0x1, unprogrammed default
   369                           ;	Code Protection bit
   370                           ;	CP3 = 0x1, unprogrammed default
   371  300008                     	org	3145736
   372  300008  0F                 	db	15
   373                           
   374                           ;Config register CONFIG5H @ 0x300009
   375                           ;	unspecified, using default values
   376                           ;	Boot Block Code Protection bit
   377                           ;	CPB = 0x1, unprogrammed default
   378                           ;	Data EEPROM Code Protection bit
   379                           ;	CPD = 0x1, unprogrammed default
   380  300009                     	org	3145737
   381  300009  C0                 	db	192
   382                           
   383                           ;Config register CONFIG6L @ 0x30000A
   384                           ;	unspecified, using default values
   385                           ;	Write Protection bit
   386                           ;	WRT0 = 0x1, unprogrammed default
   387                           ;	Write Protection bit
   388                           ;	WRT1 = 0x1, unprogrammed default
   389                           ;	Write Protection bit
   390                           ;	WRT2 = 0x1, unprogrammed default
   391                           ;	Write Protection bit
   392                           ;	WRT3 = 0x1, unprogrammed default
   393  30000A                     	org	3145738
   394  30000A  0F                 	db	15
   395                           
   396                           ;Config register CONFIG6H @ 0x30000B
   397                           ;	unspecified, using default values
   398                           ;	Configuration Register Write Protection bit
   399                           ;	WRTC = 0x1, unprogrammed default
   400                           ;	Boot Block Write Protection bit
   401                           ;	WRTB = 0x1, unprogrammed default
   402                           ;	Data EEPROM Write Protection bit
   403                           ;	WRTD = 0x1, unprogrammed default
   404  30000B                     	org	3145739
   405  30000B  E0                 	db	224
   406                           
   407                           ;Config register CONFIG7L @ 0x30000C
   408                           ;	unspecified, using default values
   409                           ;	Table Read Protection bit
   410                           ;	EBTR0 = 0x1, unprogrammed default
   411                           ;	Table Read Protection bit
   412                           ;	EBTR1 = 0x1, unprogrammed default
   413                           ;	Table Read Protection bit
   414                           ;	EBTR2 = 0x1, unprogrammed default
   415                           ;	Table Read Protection bit
   416                           ;	EBTR3 = 0x1, unprogrammed default
   417  30000C                     	org	3145740
   418  30000C  0F                 	db	15
   419                           
   420                           ;Config register CONFIG7H @ 0x30000D
   421                           ;	unspecified, using default values
   422                           ;	Boot Block Table Read Protection bit
   423                           ;	EBTRB = 0x1, unprogrammed default
   424  30000D                     	org	3145741
   425  30000D  40                 	db	64
   426                           tosu	equ	0xFFF
   427                           tosh	equ	0xFFE
   428                           tosl	equ	0xFFD
   429                           stkptr	equ	0xFFC
   430                           pclatu	equ	0xFFB
   431                           pclath	equ	0xFFA
   432                           pcl	equ	0xFF9
   433                           tblptru	equ	0xFF8
   434                           tblptrh	equ	0xFF7
   435                           tblptrl	equ	0xFF6
   436                           tablat	equ	0xFF5
   437                           prodh	equ	0xFF4
   438                           prodl	equ	0xFF3
   439                           indf0	equ	0xFEF
   440                           postinc0	equ	0xFEE
   441                           postdec0	equ	0xFED
   442                           preinc0	equ	0xFEC
   443                           plusw0	equ	0xFEB
   444                           fsr0h	equ	0xFEA
   445                           fsr0l	equ	0xFE9
   446                           wreg	equ	0xFE8
   447                           indf1	equ	0xFE7
   448                           postinc1	equ	0xFE6
   449                           postdec1	equ	0xFE5
   450                           preinc1	equ	0xFE4
   451                           plusw1	equ	0xFE3
   452                           fsr1h	equ	0xFE2
   453                           fsr1l	equ	0xFE1
   454                           bsr	equ	0xFE0
   455                           indf2	equ	0xFDF
   456                           postinc2	equ	0xFDE
   457                           postdec2	equ	0xFDD
   458                           preinc2	equ	0xFDC
   459                           plusw2	equ	0xFDB
   460                           fsr2h	equ	0xFDA
   461                           fsr2l	equ	0xFD9
   462                           status	equ	0xFD8

Data Sizes:
    Strings     0
    Constant    0
    Data        0
    BSS         10
    Persistent  0
    Stack       0

Auto Spaces:
    Space          Size  Autos    Used
    COMRAM           95      0      10
    BANK0           160      0       0
    BANK1           256      0       0
    BANK2           256      0       0
    BANK3           256      0       0
    BANK4           256      0       0
    BANK5           256      0       0
    BANK6           256      0       0
    BANK7           256      0       0

Pointer List with Targets:

    None.

Critical Paths under _main in COMRAM

    None.

Critical Paths under _main in BANK0

    None.

Critical Paths under _main in BANK1

    None.

Critical Paths under _main in BANK2

    None.

Critical Paths under _main in BANK3

    None.

Critical Paths under _main in BANK4

    None.

Critical Paths under _main in BANK5

    None.

Critical Paths under _main in BANK6

    None.

Critical Paths under _main in BANK7

    None.

Call Graph Tables:

 ---------------------------------------------------------------------------------
 (Depth) Function   	        Calls       Base Space   Used Autos Params    Refs
 ---------------------------------------------------------------------------------
 (0) _main                                                 0     0      0       0
                      _configuracion
                        _microrutina
 ---------------------------------------------------------------------------------
 (1) _microrutina                                          0     0      0       0
 ---------------------------------------------------------------------------------
 (1) _configuracion                                        0     0      0       0
 ---------------------------------------------------------------------------------
 Estimated maximum stack depth 1
 ---------------------------------------------------------------------------------

 Call Graph Graphs:

 _main (ROOT)
   _configuracion
   _microrutina

 Address spaces:
Name               Size   Autos  Total    Cost      Usage
BIGRAM             7FF      0       0      21        0.0%
EEDATA             100      0       0       0        0.0%
BITBANK7           100      0       0      18        0.0%
BANK7              100      0       0      19        0.0%
BITBANK6           100      0       0      16        0.0%
BANK6              100      0       0      17        0.0%
BITBANK5           100      0       0      14        0.0%
BANK5              100      0       0      15        0.0%
BITBANK4           100      0       0      12        0.0%
BANK4              100      0       0      13        0.0%
BITBANK3           100      0       0      10        0.0%
BANK3              100      0       0      11        0.0%
BITBANK2           100      0       0       8        0.0%
BANK2              100      0       0       9        0.0%
BITBANK1           100      0       0       6        0.0%
BANK1              100      0       0       7        0.0%
BITBANK0            A0      0       0       4        0.0%
BANK0               A0      0       0       5        0.0%
BITCOMRAM           5F      0       0       0        0.0%
COMRAM              5F      0       A       1       10.5%
BITSFR               0      0       0     200        0.0%
SFR                  0      0       0     200        0.0%
STACK                0      0       0       2        0.0%
NULL                 0      0       0       0        0.0%
ABS                  0      0       A      20        0.0%
DATA                 0      0       A       3        0.0%
CODE                 0      0       0       0        0.0%


Microchip Technology PIC18 Macro Assembler V2.20 build 20200408173844 
Symbol Table                                                                                   Tue May 26 10:35:47 2020

                     l30 7FE6                       l31 7FE6                       l25 7FCE  
                     l19 7FDC           ?_configuracion 0000                      l711 7FCC  
                    l715 7FDE                      l709 7FD0                      l717 7FE2  
                    wreg 000FE8                     _main 7FDE                     start 0000  
           ___param_bank 000000                    ?_main 0000                    _CMCON 000FB4  
                  _TRISD 000F95             ?_microrutina 0000          __initialization 7FEE  
           __end_of_main 7FEE          ??_configuracion 0000                   ??_main 0000  
          __activetblptr 000000                   _ADCON1 000FC1                   _decena 0003  
                 _millar 0007                   clear_0 7FF4                   _unidad 0001  
             __accesstop 0060  __end_of__initialization 7FFA            ___rparam_used 000001  
         __pcstackCOMRAM 0000     __size_of_microrutina 0004               _diezmillar 0009  
                __Hparam 0000                  __Lparam 0000                  __pcinit 7FEE  
                __ramtop 0800                  _centena 0005                  __ptext0 7FDE  
                __ptext1 7FCC                  __ptext2 7FD0     end_of_initialization 7FFA  
                postinc0 000FEE    __end_of_configuracion 7FDE      start_initialization 7FEE  
            __pbssCOMRAM 0001            ??_microrutina 0000      __end_of_microrutina 7FD0  
               __Hrparam 0000                 __Lrparam 0000              _microrutina 7FCC  
 __size_of_configuracion 000E            __size_of_main 0010            _configuracion 7FD0  
