

Microchip MPLAB XC8 Assembler V2.32 build 20210201212658 
                                                                                               Tue Oct 26 11:31:17 2021

Microchip MPLAB XC8 C Compiler v2.32 (Free license) build 20210201212658 Og1 
     1                           	processor	18F4550
     2                           	fnconf	rparam,??,?,0
     3                           	pagewidth 120
     4                           	opt	flic
     5                           	psect	cinit,global,reloc=2,class=CODE,delta=1
     6                           	psect	cstackCOMRAM,global,class=COMRAM,space=1,delta=1,lowdata,noexec
     7                           	psect	text0,global,reloc=2,class=CODE,delta=1
     8                           	psect	text1,global,reloc=2,class=CODE,delta=1
     9                           	psect	intsave_regs,global,class=BIGRAM,space=1,delta=1,noexec
    10                           	psect	rparam,global,class=COMRAM,space=1,delta=1,noexec
    11                           	psect	idloc,global,abs,ovrld,class=IDLOC,space=5,delta=1,noexec
    12                           	psect	config,global,abs,ovrld,class=CONFIG,space=4,delta=1,noexec
    13  0000                     
    14                           ; Version 2.20
    15                           ; Generated 12/02/2020 GMT
    16                           ; 
    17                           ; Copyright © 2020, Microchip Technology Inc. and its subsidiaries ("Microchip")
    18                           ; All rights reserved.
    19                           ; 
    20                           ; This software is developed by Microchip Technology Inc. and its subsidiaries ("Microch
      +                          ip").
    21                           ; 
    22                           ; Redistribution and use in source and binary forms, with or without modification, are
    23                           ; permitted provided that the following conditions are met:
    24                           ; 
    25                           ;     1. Redistributions of source code must retain the above copyright notice, this lis
      +                          t of
    26                           ;        conditions and the following disclaimer.
    27                           ; 
    28                           ;     2. Redistributions in binary form must reproduce the above copyright notice, this 
      +                          list
    29                           ;        of conditions and the following disclaimer in the documentation and/or other
    30                           ;        materials provided with the distribution.
    31                           ; 
    32                           ;     3. Microchip's name may not be used to endorse or promote products derived from th
      +                          is
    33                           ;        software without specific prior written permission.
    34                           ; 
    35                           ; THIS SOFTWARE IS PROVIDED BY MICROCHIP "AS IS" AND ANY EXPRESS OR IMPLIED WARRANTIES,
    36                           ; INCLUDING, BUT NOT LIMITED TO, THE IMPLIED WARRANTIES OF MERCHANTABILITY AND FITNESS F
      +                          OR
    37                           ; PURPOSE ARE DISCLAIMED.  IN NO EVENT SHALL MICROCHIP BE LIABLE FOR ANY DIRECT, INDIREC
      +                          T,
    38                           ; INCIDENTAL, SPECIAL, EXEMPLARY, OR CONSEQUENTIAL DAMAGES (INCLUDING BUT NOT LIMITED TO
    39                           ; PROCUREMENT OF SUBSTITUTE GOODS OR SERVICES; LOSS OF USE, DATA OR PROFITS; OR BUSINESS
    40                           ; INTERRUPTION) HOWSOEVER CAUSED AND ON ANY THEORY OF LIABILITY, WHETHER IN CONTRACT, ST
      +                          RICT
    41                           ; LIABILITY, OR TORT (INCLUDING NEGLIGENCE OR OTHERWISE) ARISING IN ANY WAY OUT OF THE U
      +                          SE OF
    42                           ; THIS SOFTWARE, EVEN IF ADVISED OF THE POSSIBILITY OF SUCH DAMAGE.
    43                           ; 
    44                           ; 
    45                           ; Code-generator required, PIC18F4550 Definitions
    46                           ; 
    47                           ; SFR Addresses
    48  0000                     _PORTD	set	3971
    49  0000                     _LATD	set	3980
    50  0000                     _TRISD	set	3989
    51  0000                     _LATDbits	set	3980
    52  0000                     _ADRESL	set	4035
    53  0000                     _CCP1CONbits	set	4029
    54  0000                     _ADRESH	set	4036
    55  0000                     _ADCON0	set	4034
    56  0000                     _CCP1CON	set	4029
    57  0000                     _T2CON	set	4042
    58  0000                     _TRISCbits	set	3988
    59  0000                     _CCPR1L	set	4030
    60  0000                     _PR2	set	4043
    61  0000                     _ADCON0bits	set	4034
    62  0000                     _ADCON1	set	4033
    63  0000                     _ADCON2	set	4032
    64                           
    65                           ; #config settings
    66                           
    67                           	psect	cinit
    68  007F7E                     __pcinit:
    69                           	callstack 0
    70  007F7E                     start_initialization:
    71                           	callstack 0
    72  007F7E                     __initialization:
    73                           	callstack 0
    74  007F7E                     end_of_initialization:
    75                           	callstack 0
    76  007F7E                     __end_of__initialization:
    77                           	callstack 0
    78  007F7E  0100               	movlb	0
    79  007F80  EFD1  F03F         	goto	_main	;jump to C main() function
    80                           
    81                           	psect	cstackCOMRAM
    82  000001                     __pcstackCOMRAM:
    83                           	callstack 0
    84  000001                     ??_main:
    85                           
    86                           ; 1 bytes @ 0x0
    87  000001                     	ds	2
    88                           
    89 ;;
    90 ;;Main: autosize = 0, tempsize = 2, incstack = 0, save=0
    91 ;;
    92 ;; *************** function _main *****************
    93 ;; Defined at:
    94 ;;		line 17 in file "maincode.c"
    95 ;; Parameters:    Size  Location     Type
    96 ;;		None
    97 ;; Auto vars:     Size  Location     Type
    98 ;;		None
    99 ;; Return value:  Size  Location     Type
   100 ;;                  1    wreg      void 
   101 ;; Registers used:
   102 ;;		wreg, status,2, status,0, cstack
   103 ;; Tracked objects:
   104 ;;		On entry : 0/0
   105 ;;		On exit  : 0/0
   106 ;;		Unchanged: 0/0
   107 ;; Data sizes:     COMRAM   BANK0   BANK1   BANK2   BANK3   BANK4   BANK5   BANK6   BANK7
   108 ;;      Params:         0       0       0       0       0       0       0       0       0
   109 ;;      Locals:         0       0       0       0       0       0       0       0       0
   110 ;;      Temps:          2       0       0       0       0       0       0       0       0
   111 ;;      Totals:         2       0       0       0       0       0       0       0       0
   112 ;;Total ram usage:        2 bytes
   113 ;; Hardware stack levels required when called: 1
   114 ;; This function calls:
   115 ;;		_configuracion
   116 ;; This function is called by:
   117 ;;		Startup code after reset
   118 ;; This function uses a non-reentrant model
   119 ;;
   120                           
   121                           	psect	text0
   122  007FA2                     __ptext0:
   123                           	callstack 0
   124  007FA2                     _main:
   125                           	callstack 30
   126  007FA2                     
   127                           ;maincode.c: 18:     configuracion();
   128  007FA2  ECC2  F03F         	call	_configuracion	;wreg free
   129  007FA6                     l886:
   130                           
   131                           ;maincode.c: 20:         ADCON0 = 0x07;
   132  007FA6  0E07               	movlw	7
   133  007FA8  6EC2               	movwf	194,c	;volatile
   134  007FAA                     l33:
   135  007FAA  B2C2               	btfsc	194,1,c	;volatile
   136  007FAC  EFDA  F03F         	goto	u21
   137  007FB0  EFDC  F03F         	goto	u20
   138  007FB4                     u21:
   139  007FB4  EFD5  F03F         	goto	l33
   140  007FB8                     u20:
   141  007FB8                     
   142                           ;maincode.c: 22:         CCPR1L = ADRESH;
   143  007FB8  CFC4 FFBE          	movff	4036,4030	;volatile
   144  007FBC                     
   145                           ;maincode.c: 23:         CCP1CONbits.DC1B1 = (ADRESL >> 7) & 0x01;
   146  007FBC  6A01               	clrf	??_main^0,c
   147  007FBE  AEC3               	btfss	195,7,c	;volatile
   148  007FC0  D001               	bra	u35
   149  007FC2  2A01               	incf	??_main^0,f,c
   150  007FC4                     u35:
   151  007FC4  0E01               	movlw	1
   152  007FC6  1601               	andwf	??_main^0,f,c
   153  007FC8  3A01               	swapf	??_main^0,f,c
   154  007FCA  4601               	rlncf	??_main^0,f,c
   155  007FCC  50BD               	movf	189,w,c	;volatile
   156  007FCE  1801               	xorwf	??_main^0,w,c
   157  007FD0  0BDF               	andlw	-33
   158  007FD2  1801               	xorwf	??_main^0,w,c
   159  007FD4  6EBD               	movwf	189,c	;volatile
   160                           
   161                           ;maincode.c: 24:         CCP1CONbits.DC1B0 = (ADRESL >> 6) & 0x01;
   162  007FD6  CFC3 F001          	movff	4035,??_main	;volatile
   163  007FDA  0E06               	movlw	6
   164  007FDC  6E02               	movwf	(??_main+1)^0,c
   165  007FDE                     u45:
   166  007FDE  90D8               	bcf	status,0,c
   167  007FE0  3201               	rrcf	??_main^0,f,c
   168  007FE2  2E02               	decfsz	(??_main+1)^0,f,c
   169  007FE4  EFEF  F03F         	goto	u45
   170  007FE8  0E01               	movlw	1
   171  007FEA  1601               	andwf	??_main^0,f,c
   172  007FEC  3A01               	swapf	??_main^0,f,c
   173  007FEE  50BD               	movf	189,w,c	;volatile
   174  007FF0  1801               	xorwf	??_main^0,w,c
   175  007FF2  0BEF               	andlw	-17
   176  007FF4  1801               	xorwf	??_main^0,w,c
   177  007FF6  6EBD               	movwf	189,c	;volatile
   178  007FF8  EFD3  F03F         	goto	l886
   179  007FFC  EF00  F000         	goto	start
   180  008000                     __end_of_main:
   181                           	callstack 0
   182                           
   183 ;; *************** function _configuracion *****************
   184 ;; Defined at:
   185 ;;		line 6 in file "maincode.c"
   186 ;; Parameters:    Size  Location     Type
   187 ;;		None
   188 ;; Auto vars:     Size  Location     Type
   189 ;;		None
   190 ;; Return value:  Size  Location     Type
   191 ;;                  1    wreg      void 
   192 ;; Registers used:
   193 ;;		wreg, status,2
   194 ;; Tracked objects:
   195 ;;		On entry : 0/0
   196 ;;		On exit  : 0/0
   197 ;;		Unchanged: 0/0
   198 ;; Data sizes:     COMRAM   BANK0   BANK1   BANK2   BANK3   BANK4   BANK5   BANK6   BANK7
   199 ;;      Params:         0       0       0       0       0       0       0       0       0
   200 ;;      Locals:         0       0       0       0       0       0       0       0       0
   201 ;;      Temps:          0       0       0       0       0       0       0       0       0
   202 ;;      Totals:         0       0       0       0       0       0       0       0       0
   203 ;;Total ram usage:        0 bytes
   204 ;; Hardware stack levels used: 1
   205 ;; This function calls:
   206 ;;		Nothing
   207 ;; This function is called by:
   208 ;;		_main
   209 ;; This function uses a non-reentrant model
   210 ;;
   211                           
   212                           	psect	text1
   213  007F84                     __ptext1:
   214                           	callstack 0
   215  007F84                     _configuracion:
   216                           	callstack 30
   217  007F84                     
   218                           ;maincode.c: 7:     ADCON2 = 0x24;
   219  007F84  0E24               	movlw	36
   220  007F86  6EC0               	movwf	192,c	;volatile
   221                           
   222                           ;maincode.c: 8:     ADCON1 = 0x0D;
   223  007F88  0E0D               	movlw	13
   224  007F8A  6EC1               	movwf	193,c	;volatile
   225  007F8C                     
   226                           ;maincode.c: 9:     ADCON0bits.ADON = 1;
   227  007F8C  80C2               	bsf	194,0,c	;volatile
   228                           
   229                           ;maincode.c: 10:     PR2 = 155;
   230  007F8E  0E9B               	movlw	155
   231  007F90  6ECB               	movwf	203,c	;volatile
   232                           
   233                           ;maincode.c: 11:     CCPR1L = 77;
   234  007F92  0E4D               	movlw	77
   235  007F94  6EBE               	movwf	190,c	;volatile
   236  007F96                     
   237                           ;maincode.c: 12:     TRISCbits.RC2 = 0;
   238  007F96  9494               	bcf	148,2,c	;volatile
   239                           
   240                           ;maincode.c: 13:     T2CON = 0x07;
   241  007F98  0E07               	movlw	7
   242  007F9A  6ECA               	movwf	202,c	;volatile
   243                           
   244                           ;maincode.c: 14:     CCP1CON = 0x0C;
   245  007F9C  0E0C               	movlw	12
   246  007F9E  6EBD               	movwf	189,c	;volatile
   247  007FA0  0012               	return		;funcret
   248  007FA2                     __end_of_configuracion:
   249                           	callstack 0
   250  0000                     
   251                           	psect	rparam
   252  0000                     
   253                           	psect	idloc
   254                           
   255                           ;Config register IDLOC0 @ 0x200000
   256                           ;	unspecified, using default values
   257  200000                     	org	2097152
   258  200000  FF                 	db	255
   259                           
   260                           ;Config register IDLOC1 @ 0x200001
   261                           ;	unspecified, using default values
   262  200001                     	org	2097153
   263  200001  FF                 	db	255
   264                           
   265                           ;Config register IDLOC2 @ 0x200002
   266                           ;	unspecified, using default values
   267  200002                     	org	2097154
   268  200002  FF                 	db	255
   269                           
   270                           ;Config register IDLOC3 @ 0x200003
   271                           ;	unspecified, using default values
   272  200003                     	org	2097155
   273  200003  FF                 	db	255
   274                           
   275                           ;Config register IDLOC4 @ 0x200004
   276                           ;	unspecified, using default values
   277  200004                     	org	2097156
   278  200004  FF                 	db	255
   279                           
   280                           ;Config register IDLOC5 @ 0x200005
   281                           ;	unspecified, using default values
   282  200005                     	org	2097157
   283  200005  FF                 	db	255
   284                           
   285                           ;Config register IDLOC6 @ 0x200006
   286                           ;	unspecified, using default values
   287  200006                     	org	2097158
   288  200006  FF                 	db	255
   289                           
   290                           ;Config register IDLOC7 @ 0x200007
   291                           ;	unspecified, using default values
   292  200007                     	org	2097159
   293  200007  FF                 	db	255
   294                           
   295                           	psect	config
   296                           
   297                           ;Config register CONFIG1L @ 0x300000
   298                           ;	PLL Prescaler Selection bits
   299                           ;	PLLDIV = 1, No prescale (4 MHz oscillator input drives PLL directly)
   300                           ;	System Clock Postscaler Selection bits
   301                           ;	CPUDIV = OSC1_PLL2, [Primary Oscillator Src: /1][96 MHz PLL Src: /2]
   302                           ;	USB Clock Selection bit (used in Full-Speed USB mode only; UCFG:FSEN = 1)
   303                           ;	USBDIV = 1, USB clock source comes directly from the primary oscillator block with no 
      +                          postscale
   304  300000                     	org	3145728
   305  300000  00                 	db	0
   306                           
   307                           ;Config register CONFIG1H @ 0x300001
   308                           ;	Oscillator Selection bits
   309                           ;	FOSC = XTPLL_XT, XT oscillator, PLL enabled (XTPLL)
   310                           ;	Fail-Safe Clock Monitor Enable bit
   311                           ;	FCMEN = OFF, Fail-Safe Clock Monitor disabled
   312                           ;	Internal/External Oscillator Switchover bit
   313                           ;	IESO = OFF, Oscillator Switchover mode disabled
   314  300001                     	org	3145729
   315  300001  02                 	db	2
   316                           
   317                           ;Config register CONFIG2L @ 0x300002
   318                           ;	Power-up Timer Enable bit
   319                           ;	PWRT = ON, PWRT enabled
   320                           ;	Brown-out Reset Enable bits
   321                           ;	BOR = OFF, Brown-out Reset disabled in hardware and software
   322                           ;	Brown-out Reset Voltage bits
   323                           ;	BORV = 3, Minimum setting 2.05V
   324                           ;	USB Voltage Regulator Enable bit
   325                           ;	VREGEN = OFF, USB voltage regulator disabled
   326  300002                     	org	3145730
   327  300002  18                 	db	24
   328                           
   329                           ;Config register CONFIG2H @ 0x300003
   330                           ;	Watchdog Timer Enable bit
   331                           ;	WDT = OFF, WDT disabled (control is placed on the SWDTEN bit)
   332                           ;	Watchdog Timer Postscale Select bits
   333                           ;	WDTPS = 32768, 1:32768
   334  300003                     	org	3145731
   335  300003  1E                 	db	30
   336                           
   337                           ; Padding undefined space
   338  300004                     	org	3145732
   339  300004  FF                 	db	255
   340                           
   341                           ;Config register CONFIG3H @ 0x300005
   342                           ;	CCP2 MUX bit
   343                           ;	CCP2MX = ON, CCP2 input/output is multiplexed with RC1
   344                           ;	PORTB A/D Enable bit
   345                           ;	PBADEN = OFF, PORTB<4:0> pins are configured as digital I/O on Reset
   346                           ;	Low-Power Timer 1 Oscillator Enable bit
   347                           ;	LPT1OSC = OFF, Timer1 configured for higher power operation
   348                           ;	MCLR Pin Enable bit
   349                           ;	MCLRE = ON, MCLR pin enabled; RE3 input pin disabled
   350  300005                     	org	3145733
   351  300005  81                 	db	129
   352                           
   353                           ;Config register CONFIG4L @ 0x300006
   354                           ;	Stack Full/Underflow Reset Enable bit
   355                           ;	STVREN = ON, Stack full/underflow will cause Reset
   356                           ;	Single-Supply ICSP Enable bit
   357                           ;	LVP = OFF, Single-Supply ICSP disabled
   358                           ;	Dedicated In-Circuit Debug/Programming Port (ICPORT) Enable bit
   359                           ;	ICPRT = OFF, ICPORT disabled
   360                           ;	Extended Instruction Set Enable bit
   361                           ;	XINST = OFF, Instruction set extension and Indexed Addressing mode disabled (Legacy mo
      +                          de)
   362                           ;	Background Debugger Enable bit
   363                           ;	DEBUG = 0x1, unprogrammed default
   364  300006                     	org	3145734
   365  300006  81                 	db	129
   366                           
   367                           ; Padding undefined space
   368  300007                     	org	3145735
   369  300007  FF                 	db	255
   370                           
   371                           ;Config register CONFIG5L @ 0x300008
   372                           ;	Code Protection bit
   373                           ;	CP0 = OFF, Block 0 (000800-001FFFh) is not code-protected
   374                           ;	Code Protection bit
   375                           ;	CP1 = OFF, Block 1 (002000-003FFFh) is not code-protected
   376                           ;	Code Protection bit
   377                           ;	CP2 = OFF, Block 2 (004000-005FFFh) is not code-protected
   378                           ;	Code Protection bit
   379                           ;	CP3 = OFF, Block 3 (006000-007FFFh) is not code-protected
   380  300008                     	org	3145736
   381  300008  0F                 	db	15
   382                           
   383                           ;Config register CONFIG5H @ 0x300009
   384                           ;	Boot Block Code Protection bit
   385                           ;	CPB = OFF, Boot block (000000-0007FFh) is not code-protected
   386                           ;	Data EEPROM Code Protection bit
   387                           ;	CPD = OFF, Data EEPROM is not code-protected
   388  300009                     	org	3145737
   389  300009  C0                 	db	192
   390                           
   391                           ;Config register CONFIG6L @ 0x30000A
   392                           ;	Write Protection bit
   393                           ;	WRT0 = OFF, Block 0 (000800-001FFFh) is not write-protected
   394                           ;	Write Protection bit
   395                           ;	WRT1 = OFF, Block 1 (002000-003FFFh) is not write-protected
   396                           ;	Write Protection bit
   397                           ;	WRT2 = OFF, Block 2 (004000-005FFFh) is not write-protected
   398                           ;	Write Protection bit
   399                           ;	WRT3 = OFF, Block 3 (006000-007FFFh) is not write-protected
   400  30000A                     	org	3145738
   401  30000A  0F                 	db	15
   402                           
   403                           ;Config register CONFIG6H @ 0x30000B
   404                           ;	Configuration Register Write Protection bit
   405                           ;	WRTC = OFF, Configuration registers (300000-3000FFh) are not write-protected
   406                           ;	Boot Block Write Protection bit
   407                           ;	WRTB = OFF, Boot block (000000-0007FFh) is not write-protected
   408                           ;	Data EEPROM Write Protection bit
   409                           ;	WRTD = OFF, Data EEPROM is not write-protected
   410  30000B                     	org	3145739
   411  30000B  E0                 	db	224
   412                           
   413                           ;Config register CONFIG7L @ 0x30000C
   414                           ;	Table Read Protection bit
   415                           ;	EBTR0 = OFF, Block 0 (000800-001FFFh) is not protected from table reads executed in ot
      +                          her blocks
   416                           ;	Table Read Protection bit
   417                           ;	EBTR1 = OFF, Block 1 (002000-003FFFh) is not protected from table reads executed in ot
      +                          her blocks
   418                           ;	Table Read Protection bit
   419                           ;	EBTR2 = OFF, Block 2 (004000-005FFFh) is not protected from table reads executed in ot
      +                          her blocks
   420                           ;	Table Read Protection bit
   421                           ;	EBTR3 = OFF, Block 3 (006000-007FFFh) is not protected from table reads executed in ot
      +                          her blocks
   422  30000C                     	org	3145740
   423  30000C  0F                 	db	15
   424                           
   425                           ;Config register CONFIG7H @ 0x30000D
   426                           ;	Boot Block Table Read Protection bit
   427                           ;	EBTRB = OFF, Boot block (000000-0007FFh) is not protected from table reads executed in
      +                           other blocks
   428  30000D                     	org	3145741
   429  30000D  40                 	db	64
   430                           tosu	equ	0xFFF
   431                           tosh	equ	0xFFE
   432                           tosl	equ	0xFFD
   433                           stkptr	equ	0xFFC
   434                           pclatu	equ	0xFFB
   435                           pclath	equ	0xFFA
   436                           pcl	equ	0xFF9
   437                           tblptru	equ	0xFF8
   438                           tblptrh	equ	0xFF7
   439                           tblptrl	equ	0xFF6
   440                           tablat	equ	0xFF5
   441                           prodh	equ	0xFF4
   442                           prodl	equ	0xFF3
   443                           indf0	equ	0xFEF
   444                           postinc0	equ	0xFEE
   445                           postdec0	equ	0xFED
   446                           preinc0	equ	0xFEC
   447                           plusw0	equ	0xFEB
   448                           fsr0h	equ	0xFEA
   449                           fsr0l	equ	0xFE9
   450                           wreg	equ	0xFE8
   451                           indf1	equ	0xFE7
   452                           postinc1	equ	0xFE6
   453                           postdec1	equ	0xFE5
   454                           preinc1	equ	0xFE4
   455                           plusw1	equ	0xFE3
   456                           fsr1h	equ	0xFE2
   457                           fsr1l	equ	0xFE1
   458                           bsr	equ	0xFE0
   459                           indf2	equ	0xFDF
   460                           postinc2	equ	0xFDE
   461                           postdec2	equ	0xFDD
   462                           preinc2	equ	0xFDC
   463                           plusw2	equ	0xFDB
   464                           fsr2h	equ	0xFDA
   465                           fsr2l	equ	0xFD9
   466                           status	equ	0xFD8

Data Sizes:
    Strings     0
    Constant    0
    Data        0
    BSS         0
    Persistent  0
    Stack       0

Auto Spaces:
    Space          Size  Autos    Used
    COMRAM           95      2       2
    BANK0           160      0       0
    BANK1           256      0       0
    BANK2           256      0       0
    BANK3           256      0       0
    BANK4           256      0       0
    BANK5           256      0       0
    BANK6           256      0       0
    BANK7           256      0       0

Pointer List with Targets:

    None.

Critical Paths under _main in COMRAM

    None.

Critical Paths under _main in BANK0

    None.

Critical Paths under _main in BANK1

    None.

Critical Paths under _main in BANK2

    None.

Critical Paths under _main in BANK3

    None.

Critical Paths under _main in BANK4

    None.

Critical Paths under _main in BANK5

    None.

Critical Paths under _main in BANK6

    None.

Critical Paths under _main in BANK7

    None.

Call Graph Tables:

 ---------------------------------------------------------------------------------
 (Depth) Function   	        Calls       Base Space   Used Autos Params    Refs
 ---------------------------------------------------------------------------------
 (0) _main                                                 2     2      0       0
                                              0 COMRAM     2     2      0
                      _configuracion
 ---------------------------------------------------------------------------------
 (1) _configuracion                                        0     0      0       0
 ---------------------------------------------------------------------------------
 Estimated maximum stack depth 1
 ---------------------------------------------------------------------------------

 Call Graph Graphs:

 _main (ROOT)
   _configuracion

 Address spaces:
Name               Size   Autos  Total    Cost      Usage
BITCOMRAM           5F      0       0       0        0.0%
EEDATA             100      0       0       0        0.0%
NULL                 0      0       0       0        0.0%
CODE                 0      0       0       0        0.0%
COMRAM              5F      2       2       1        2.1%
STACK                0      0       0       2        0.0%
DATA                 0      0       0       3        0.0%
BITBANK0            A0      0       0       4        0.0%
BANK0               A0      0       0       5        0.0%
BITBANK1           100      0       0       6        0.0%
BANK1              100      0       0       7        0.0%
BITBANK2           100      0       0       8        0.0%
BANK2              100      0       0       9        0.0%
BITBANK3           100      0       0      10        0.0%
BANK3              100      0       0      11        0.0%
BITBANK4           100      0       0      12        0.0%
BANK4              100      0       0      13        0.0%
BITBANK5           100      0       0      14        0.0%
BANK5              100      0       0      15        0.0%
BITBANK6           100      0       0      16        0.0%
BANK6              100      0       0      17        0.0%
BITBANK7           100      0       0      18        0.0%
BANK7              100      0       0      19        0.0%
ABS                  0      0       0      20        0.0%
BIGRAM             7FF      0       0      21        0.0%
BITSFR               0      0       0     200        0.0%
SFR                  0      0       0     200        0.0%


Microchip Technology PIC18 Macro Assembler V2.32 build 20210201212658 
Symbol Table                                                                                   Tue Oct 26 11:31:17 2021

                     l33 7FAA                       l27 7FA0                       l35 7FB8  
                     u20 7FB8                       u21 7FB4                       u35 7FC4  
                     u45 7FDE           ?_configuracion 0001                      l834 7F84  
                    l836 7F8C                      l838 7F96                      l884 7FA2  
                    l886 7FA6                      l888 7FBC                      _PR2 000FCB  
                   _LATD 000F8C                     _main 7FA2                     start 0000  
           ___param_bank 000000                    ?_main 0001                    _T2CON 000FCA  
                  _PORTD 000F83                    _TRISD 000F95                    status 000FD8  
        __initialization 7F7E             __end_of_main 8000          ??_configuracion 0001  
                 ??_main 0001            __activetblptr 000000                   _ADCON0 000FC2  
                 _ADCON1 000FC1                   _ADCON2 000FC0                   _ADRESH 000FC4  
                 _ADRESL 000FC3                   _CCPR1L 000FBE                   isa$std 000001  
             __accesstop 0060  __end_of__initialization 7F7E            ___rparam_used 000001  
         __pcstackCOMRAM 0001                  _CCP1CON 000FBD                  __Hparam 0000  
                __Lparam 0000                  __pcinit 7F7E                  __ramtop 0800  
                __ptext0 7FA2                  __ptext1 7F84     end_of_initialization 7F7E  
  __end_of_configuracion 7FA2                _TRISCbits 000F94              _CCP1CONbits 000FBD  
    start_initialization 7F7E                 _LATDbits 000F8C               _ADCON0bits 000FC2  
               __Hrparam 0000                 __Lrparam 0000   __size_of_configuracion 001E  
          __size_of_main 005E                 isa$xinst 000000            _configuracion 7F84  
