

Microchip MPLAB XC8 Assembler V2.32 build 20210201212658 
                                                                                               Wed Jun 09 18:31:42 2021

Microchip MPLAB XC8 C Compiler v2.32 (Free license) build 20210201212658 Og1 
     1                           	processor	18F4550
     2                           	fnconf	rparam,??,?,0
     3                           	pagewidth 120
     4                           	opt	flic
     5                           	psect	idataCOMRAM,global,class=CODE,delta=1,noexec
     6                           	psect	cinit,global,reloc=2,class=CODE,delta=1
     7                           	psect	dataCOMRAM,global,class=COMRAM,space=1,delta=1,lowdata,noexec
     8                           	psect	cstackCOMRAM,global,class=COMRAM,space=1,delta=1,lowdata,noexec
     9                           	psect	text0,global,reloc=2,class=CODE,delta=1
    10                           	psect	text1,global,reloc=2,class=CODE,delta=1
    11                           	psect	text2,global,reloc=2,class=CODE,delta=1
    12                           	psect	intsave_regs,global,class=BIGRAM,space=1,delta=1,noexec
    13                           	psect	rparam,global,class=COMRAM,space=1,delta=1,noexec
    14                           	psect	idloc,global,abs,ovrld,class=IDLOC,space=5,delta=1,noexec
    15                           	psect	config,global,abs,ovrld,class=CONFIG,space=4,delta=1,noexec
    16  0000                     
    17                           ; Version 2.20
    18                           ; Generated 12/02/2020 GMT
    19                           ; 
    20                           ; Copyright © 2020, Microchip Technology Inc. and its subsidiaries ("Microchip")
    21                           ; All rights reserved.
    22                           ; 
    23                           ; This software is developed by Microchip Technology Inc. and its subsidiaries ("Microch
      +                          ip").
    24                           ; 
    25                           ; Redistribution and use in source and binary forms, with or without modification, are
    26                           ; permitted provided that the following conditions are met:
    27                           ; 
    28                           ;     1. Redistributions of source code must retain the above copyright notice, this lis
      +                          t of
    29                           ;        conditions and the following disclaimer.
    30                           ; 
    31                           ;     2. Redistributions in binary form must reproduce the above copyright notice, this 
      +                          list
    32                           ;        of conditions and the following disclaimer in the documentation and/or other
    33                           ;        materials provided with the distribution.
    34                           ; 
    35                           ;     3. Microchip's name may not be used to endorse or promote products derived from th
      +                          is
    36                           ;        software without specific prior written permission.
    37                           ; 
    38                           ; THIS SOFTWARE IS PROVIDED BY MICROCHIP "AS IS" AND ANY EXPRESS OR IMPLIED WARRANTIES,
    39                           ; INCLUDING, BUT NOT LIMITED TO, THE IMPLIED WARRANTIES OF MERCHANTABILITY AND FITNESS F
      +                          OR
    40                           ; PURPOSE ARE DISCLAIMED.  IN NO EVENT SHALL MICROCHIP BE LIABLE FOR ANY DIRECT, INDIREC
      +                          T,
    41                           ; INCIDENTAL, SPECIAL, EXEMPLARY, OR CONSEQUENTIAL DAMAGES (INCLUDING BUT NOT LIMITED TO
    42                           ; PROCUREMENT OF SUBSTITUTE GOODS OR SERVICES; LOSS OF USE, DATA OR PROFITS; OR BUSINESS
    43                           ; INTERRUPTION) HOWSOEVER CAUSED AND ON ANY THEORY OF LIABILITY, WHETHER IN CONTRACT, ST
      +                          RICT
    44                           ; LIABILITY, OR TORT (INCLUDING NEGLIGENCE OR OTHERWISE) ARISING IN ANY WAY OUT OF THE U
      +                          SE OF
    45                           ; THIS SOFTWARE, EVEN IF ADVISED OF THE POSSIBILITY OF SUCH DAMAGE.
    46                           ; 
    47                           ; 
    48                           ; Code-generator required, PIC18F4550 Definitions
    49                           ; 
    50                           ; SFR Addresses
    51  0000                     
    52                           	psect	idataCOMRAM
    53  007F14                     __pidataCOMRAM:
    54                           	callstack 0
    55                           
    56                           ;initializer for _cuenta
    57  007F14  81                 	db	129
    58  007F15  42                 	db	66
    59  007F16  24                 	db	36
    60  007F17  18                 	db	24
    61  007F18  24                 	db	36
    62  007F19  42                 	db	66
    63  0000                     _SSPSTATbits	set	4039
    64  0000                     _SSPBUF	set	4041
    65  0000                     _SSPCON2bits	set	4037
    66  0000                     _SSPADD	set	4040
    67  0000                     _SSPCON1bits	set	4038
    68                           
    69                           ; #config settings
    70                           
    71                           	psect	cinit
    72  007F2A                     __pcinit:
    73                           	callstack 0
    74  007F2A                     start_initialization:
    75                           	callstack 0
    76  007F2A                     __initialization:
    77                           	callstack 0
    78                           
    79                           ; Initialize objects allocated to COMRAM (6 bytes)
    80                           ; load TBLPTR registers with __pidataCOMRAM
    81  007F2A  0E14               	movlw	low __pidataCOMRAM
    82  007F2C  6EF6               	movwf	tblptrl,c
    83  007F2E  0E7F               	movlw	high __pidataCOMRAM
    84  007F30  6EF7               	movwf	tblptrh,c
    85  007F32  0E00               	movlw	low (__pidataCOMRAM shr (0+16))
    86  007F34  6EF8               	movwf	tblptru,c
    87  007F36  EE00  F001         	lfsr	0,__pdataCOMRAM
    88  007F3A  EE10 F006          	lfsr	1,6
    89  007F3E                     copy_data0:
    90  007F3E  0009               	tblrd		*+
    91  007F40  CFF5 FFEE          	movff	tablat,postinc0
    92  007F44  50E5               	movf	postdec1,w,c
    93  007F46  50E1               	movf	fsr1l,w,c
    94  007F48  E1FA               	bnz	copy_data0
    95  007F4A                     end_of_initialization:
    96                           	callstack 0
    97  007F4A                     __end_of__initialization:
    98                           	callstack 0
    99  007F4A  0100               	movlb	0
   100  007F4C  EFA8  F03F         	goto	_main	;jump to C main() function
   101                           
   102                           	psect	dataCOMRAM
   103  000001                     __pdataCOMRAM:
   104                           	callstack 0
   105  000001                     _cuenta:
   106                           	callstack 0
   107  000001                     	ds	6
   108                           
   109                           	psect	cstackCOMRAM
   110  000007                     __pcstackCOMRAM:
   111                           	callstack 0
   112  000007                     pcf8574_write@data:
   113                           	callstack 0
   114                           
   115                           ; 1 bytes @ 0x0
   116  000007                     	ds	1
   117  000008                     ??_main:
   118                           
   119                           ; 1 bytes @ 0x1
   120  000008                     	ds	2
   121  00000A                     main@x:
   122                           	callstack 0
   123                           
   124                           ; 1 bytes @ 0x3
   125  00000A                     	ds	1
   126                           
   127 ;;
   128 ;;Main: autosize = 0, tempsize = 2, incstack = 0, save=0
   129 ;;
   130 ;; *************** function _main *****************
   131 ;; Defined at:
   132 ;;		line 37 in file "maincode2.c"
   133 ;; Parameters:    Size  Location     Type
   134 ;;		None
   135 ;; Auto vars:     Size  Location     Type
   136 ;;  x               1    3[COMRAM] unsigned char 
   137 ;; Return value:  Size  Location     Type
   138 ;;                  1    wreg      void 
   139 ;; Registers used:
   140 ;;		wreg, fsr2l, fsr2h, status,2, status,0, cstack
   141 ;; Tracked objects:
   142 ;;		On entry : 0/0
   143 ;;		On exit  : 0/0
   144 ;;		Unchanged: 0/0
   145 ;; Data sizes:     COMRAM   BANK0   BANK1   BANK2   BANK3   BANK4   BANK5   BANK6   BANK7
   146 ;;      Params:         0       0       0       0       0       0       0       0       0
   147 ;;      Locals:         1       0       0       0       0       0       0       0       0
   148 ;;      Temps:          2       0       0       0       0       0       0       0       0
   149 ;;      Totals:         3       0       0       0       0       0       0       0       0
   150 ;;Total ram usage:        3 bytes
   151 ;; Hardware stack levels required when called: 1
   152 ;; This function calls:
   153 ;;		_mssp_conf
   154 ;;		_pcf8574_write
   155 ;; This function is called by:
   156 ;;		Startup code after reset
   157 ;; This function uses a non-reentrant model
   158 ;;
   159                           
   160                           	psect	text0
   161  007F50                     __ptext0:
   162                           	callstack 0
   163  007F50                     _main:
   164                           	callstack 30
   165  007F50                     
   166                           ;maincode2.c: 38:     mssp_conf();
   167  007F50  EC8D  F03F         	call	_mssp_conf	;wreg free
   168  007F54                     l736:
   169  007F54                     
   170                           ;maincode2.c: 41:         for(x=0;x<6;x++){
   171  007F54  0E00               	movlw	0
   172  007F56  6E0A               	movwf	main@x^0,c
   173  007F58                     l744:
   174                           
   175                           ;maincode2.c: 42:             pcf8574_write(cuenta[x]);
   176  007F58  0E01               	movlw	low _cuenta
   177  007F5A  240A               	addwf	main@x^0,w,c
   178  007F5C  6ED9               	movwf	fsr2l,c
   179  007F5E  6ADA               	clrf	fsr2h,c
   180  007F60  0E00               	movlw	high _cuenta
   181  007F62  22DA               	addwfc	fsr2h,f,c
   182  007F64  50DF               	movf	indf2,w,c
   183  007F66  ECCE  F03F         	call	_pcf8574_write
   184  007F6A                     
   185                           ;maincode2.c: 43:             _delay((unsigned long)((100)*(48000000UL/4000.0)));
   186  007F6A  0E07               	movlw	7
   187  007F6C  6E09               	movwf	(??_main+1)^0,c
   188  007F6E  0E17               	movlw	23
   189  007F70  6E08               	movwf	??_main^0,c
   190  007F72  0E6A               	movlw	106
   191  007F74                     u87:
   192  007F74  2EE8               	decfsz	wreg,f,c
   193  007F76  D7FE               	bra	u87
   194  007F78  2E08               	decfsz	??_main^0,f,c
   195  007F7A  D7FC               	bra	u87
   196  007F7C  2E09               	decfsz	(??_main+1)^0,f,c
   197  007F7E  D7FA               	bra	u87
   198  007F80  D000               	nop2	
   199  007F82                     
   200                           ;maincode2.c: 44:         }
   201  007F82  2A0A               	incf	main@x^0,f,c
   202  007F84  0E05               	movlw	5
   203  007F86  640A               	cpfsgt	main@x^0,c
   204  007F88  EFC8  F03F         	goto	u71
   205  007F8C  EFCA  F03F         	goto	u70
   206  007F90                     u71:
   207  007F90  EFAC  F03F         	goto	l744
   208  007F94                     u70:
   209  007F94  EFAA  F03F         	goto	l736
   210  007F98  EF00  F000         	goto	start
   211  007F9C                     __end_of_main:
   212                           	callstack 0
   213                           
   214 ;; *************** function _pcf8574_write *****************
   215 ;; Defined at:
   216 ;;		line 24 in file "maincode2.c"
   217 ;; Parameters:    Size  Location     Type
   218 ;;  data            1    wreg     unsigned char 
   219 ;; Auto vars:     Size  Location     Type
   220 ;;  data            1    0[COMRAM] unsigned char 
   221 ;; Return value:  Size  Location     Type
   222 ;;                  1    wreg      void 
   223 ;; Registers used:
   224 ;;		wreg, status,2
   225 ;; Tracked objects:
   226 ;;		On entry : 0/0
   227 ;;		On exit  : 0/0
   228 ;;		Unchanged: 0/0
   229 ;; Data sizes:     COMRAM   BANK0   BANK1   BANK2   BANK3   BANK4   BANK5   BANK6   BANK7
   230 ;;      Params:         0       0       0       0       0       0       0       0       0
   231 ;;      Locals:         1       0       0       0       0       0       0       0       0
   232 ;;      Temps:          0       0       0       0       0       0       0       0       0
   233 ;;      Totals:         1       0       0       0       0       0       0       0       0
   234 ;;Total ram usage:        1 bytes
   235 ;; Hardware stack levels used: 1
   236 ;; This function calls:
   237 ;;		Nothing
   238 ;; This function is called by:
   239 ;;		_main
   240 ;; This function uses a non-reentrant model
   241 ;;
   242                           
   243                           	psect	text1
   244  007F9C                     __ptext1:
   245                           	callstack 0
   246  007F9C                     _pcf8574_write:
   247                           	callstack 30
   248                           
   249                           ;incstack = 0
   250                           ;pcf8574_write@data stored from wreg
   251  007F9C  6E07               	movwf	pcf8574_write@data^0,c
   252  007F9E                     
   253                           ;maincode2.c: 25:     SSPCON2bits.SEN = 1;
   254  007F9E  80C5               	bsf	197,0,c	;volatile
   255  007FA0                     l20:
   256  007FA0  B0C5               	btfsc	197,0,c	;volatile
   257  007FA2  EFD5  F03F         	goto	u11
   258  007FA6  EFD7  F03F         	goto	u10
   259  007FAA                     u11:
   260  007FAA  EFD0  F03F         	goto	l20
   261  007FAE                     u10:
   262  007FAE                     
   263                           ;maincode2.c: 27:     SSPBUF = 0x40;
   264  007FAE  0E40               	movlw	64
   265  007FB0  6EC9               	movwf	201,c	;volatile
   266  007FB2                     l23:
   267  007FB2  B0C7               	btfsc	199,0,c	;volatile
   268  007FB4  EFDE  F03F         	goto	u21
   269  007FB8  EFE0  F03F         	goto	u20
   270  007FBC                     u21:
   271  007FBC  EFD9  F03F         	goto	l23
   272  007FC0                     u20:
   273  007FC0                     l26:
   274  007FC0  B4C7               	btfsc	199,2,c	;volatile
   275  007FC2  EFE5  F03F         	goto	u31
   276  007FC6  EFE7  F03F         	goto	u30
   277  007FCA                     u31:
   278  007FCA  EFE0  F03F         	goto	l26
   279  007FCE                     u30:
   280  007FCE                     
   281                           ;maincode2.c: 30:     SSPBUF = data;
   282  007FCE  C007  FFC9         	movff	pcf8574_write@data,4041	;volatile
   283  007FD2                     l29:
   284  007FD2  B0C7               	btfsc	199,0,c	;volatile
   285  007FD4  EFEE  F03F         	goto	u41
   286  007FD8  EFF0  F03F         	goto	u40
   287  007FDC                     u41:
   288  007FDC  EFE9  F03F         	goto	l29
   289  007FE0                     u40:
   290  007FE0                     l32:
   291  007FE0  B4C7               	btfsc	199,2,c	;volatile
   292  007FE2  EFF5  F03F         	goto	u51
   293  007FE6  EFF7  F03F         	goto	u50
   294  007FEA                     u51:
   295  007FEA  EFF0  F03F         	goto	l32
   296  007FEE                     u50:
   297  007FEE                     
   298                           ;maincode2.c: 33:     SSPCON2bits.PEN = 1;
   299  007FEE  84C5               	bsf	197,2,c	;volatile
   300  007FF0                     l35:
   301  007FF0  B4C5               	btfsc	197,2,c	;volatile
   302  007FF2  EFFD  F03F         	goto	u61
   303  007FF6  EFFF  F03F         	goto	u60
   304  007FFA                     u61:
   305  007FFA  EFF8  F03F         	goto	l35
   306  007FFE                     u60:
   307  007FFE  0012               	return		;funcret
   308  008000                     __end_of_pcf8574_write:
   309                           	callstack 0
   310                           
   311 ;; *************** function _mssp_conf *****************
   312 ;; Defined at:
   313 ;;		line 15 in file "maincode2.c"
   314 ;; Parameters:    Size  Location     Type
   315 ;;		None
   316 ;; Auto vars:     Size  Location     Type
   317 ;;		None
   318 ;; Return value:  Size  Location     Type
   319 ;;                  1    wreg      void 
   320 ;; Registers used:
   321 ;;		wreg, status,2
   322 ;; Tracked objects:
   323 ;;		On entry : 0/0
   324 ;;		On exit  : 0/0
   325 ;;		Unchanged: 0/0
   326 ;; Data sizes:     COMRAM   BANK0   BANK1   BANK2   BANK3   BANK4   BANK5   BANK6   BANK7
   327 ;;      Params:         0       0       0       0       0       0       0       0       0
   328 ;;      Locals:         0       0       0       0       0       0       0       0       0
   329 ;;      Temps:          0       0       0       0       0       0       0       0       0
   330 ;;      Totals:         0       0       0       0       0       0       0       0       0
   331 ;;Total ram usage:        0 bytes
   332 ;; Hardware stack levels used: 1
   333 ;; This function calls:
   334 ;;		Nothing
   335 ;; This function is called by:
   336 ;;		_main
   337 ;; This function uses a non-reentrant model
   338 ;;
   339                           
   340                           	psect	text2
   341  007F1A                     __ptext2:
   342                           	callstack 0
   343  007F1A                     _mssp_conf:
   344                           	callstack 30
   345  007F1A                     
   346                           ;maincode2.c: 16:     SSPCON1bits.SSPEN = 1;
   347  007F1A  8AC6               	bsf	198,5,c	;volatile
   348                           
   349                           ;maincode2.c: 17:     SSPCON1bits.SSPM3 = 1;
   350  007F1C  86C6               	bsf	198,3,c	;volatile
   351                           
   352                           ;maincode2.c: 18:     SSPCON1bits.SSPM2 = 0;
   353  007F1E  94C6               	bcf	198,2,c	;volatile
   354                           
   355                           ;maincode2.c: 19:     SSPCON1bits.SSPM1 = 0;
   356  007F20  92C6               	bcf	198,1,c	;volatile
   357                           
   358                           ;maincode2.c: 20:     SSPCON1bits.SSPM0 = 0;
   359  007F22  90C6               	bcf	198,0,c	;volatile
   360  007F24                     
   361                           ;maincode2.c: 21:     SSPADD = 119;
   362  007F24  0E77               	movlw	119
   363  007F26  6EC8               	movwf	200,c	;volatile
   364  007F28  0012               	return		;funcret
   365  007F2A                     __end_of_mssp_conf:
   366                           	callstack 0
   367  0000                     
   368                           	psect	rparam
   369  0000                     
   370                           	psect	idloc
   371                           
   372                           ;Config register IDLOC0 @ 0x200000
   373                           ;	unspecified, using default values
   374  200000                     	org	2097152
   375  200000  FF                 	db	255
   376                           
   377                           ;Config register IDLOC1 @ 0x200001
   378                           ;	unspecified, using default values
   379  200001                     	org	2097153
   380  200001  FF                 	db	255
   381                           
   382                           ;Config register IDLOC2 @ 0x200002
   383                           ;	unspecified, using default values
   384  200002                     	org	2097154
   385  200002  FF                 	db	255
   386                           
   387                           ;Config register IDLOC3 @ 0x200003
   388                           ;	unspecified, using default values
   389  200003                     	org	2097155
   390  200003  FF                 	db	255
   391                           
   392                           ;Config register IDLOC4 @ 0x200004
   393                           ;	unspecified, using default values
   394  200004                     	org	2097156
   395  200004  FF                 	db	255
   396                           
   397                           ;Config register IDLOC5 @ 0x200005
   398                           ;	unspecified, using default values
   399  200005                     	org	2097157
   400  200005  FF                 	db	255
   401                           
   402                           ;Config register IDLOC6 @ 0x200006
   403                           ;	unspecified, using default values
   404  200006                     	org	2097158
   405  200006  FF                 	db	255
   406                           
   407                           ;Config register IDLOC7 @ 0x200007
   408                           ;	unspecified, using default values
   409  200007                     	org	2097159
   410  200007  FF                 	db	255
   411                           
   412                           	psect	config
   413                           
   414                           ;Config register CONFIG1L @ 0x300000
   415                           ;	PLL Prescaler Selection bits
   416                           ;	PLLDIV = 1, No prescale (4 MHz oscillator input drives PLL directly)
   417                           ;	System Clock Postscaler Selection bits
   418                           ;	CPUDIV = OSC1_PLL2, [Primary Oscillator Src: /1][96 MHz PLL Src: /2]
   419                           ;	USB Clock Selection bit (used in Full-Speed USB mode only; UCFG:FSEN = 1)
   420                           ;	USBDIV = 1, USB clock source comes directly from the primary oscillator block with no 
      +                          postscale
   421  300000                     	org	3145728
   422  300000  00                 	db	0
   423                           
   424                           ;Config register CONFIG1H @ 0x300001
   425                           ;	Oscillator Selection bits
   426                           ;	FOSC = XTPLL_XT, XT oscillator, PLL enabled (XTPLL)
   427                           ;	Fail-Safe Clock Monitor Enable bit
   428                           ;	FCMEN = OFF, Fail-Safe Clock Monitor disabled
   429                           ;	Internal/External Oscillator Switchover bit
   430                           ;	IESO = OFF, Oscillator Switchover mode disabled
   431  300001                     	org	3145729
   432  300001  02                 	db	2
   433                           
   434                           ;Config register CONFIG2L @ 0x300002
   435                           ;	Power-up Timer Enable bit
   436                           ;	PWRT = ON, PWRT enabled
   437                           ;	Brown-out Reset Enable bits
   438                           ;	BOR = OFF, Brown-out Reset disabled in hardware and software
   439                           ;	Brown-out Reset Voltage bits
   440                           ;	BORV = 3, Minimum setting 2.05V
   441                           ;	USB Voltage Regulator Enable bit
   442                           ;	VREGEN = OFF, USB voltage regulator disabled
   443  300002                     	org	3145730
   444  300002  18                 	db	24
   445                           
   446                           ;Config register CONFIG2H @ 0x300003
   447                           ;	Watchdog Timer Enable bit
   448                           ;	WDT = OFF, WDT disabled (control is placed on the SWDTEN bit)
   449                           ;	Watchdog Timer Postscale Select bits
   450                           ;	WDTPS = 32768, 1:32768
   451  300003                     	org	3145731
   452  300003  1E                 	db	30
   453                           
   454                           ; Padding undefined space
   455  300004                     	org	3145732
   456  300004  FF                 	db	255
   457                           
   458                           ;Config register CONFIG3H @ 0x300005
   459                           ;	CCP2 MUX bit
   460                           ;	CCP2MX = ON, CCP2 input/output is multiplexed with RC1
   461                           ;	PORTB A/D Enable bit
   462                           ;	PBADEN = OFF, PORTB<4:0> pins are configured as digital I/O on Reset
   463                           ;	Low-Power Timer 1 Oscillator Enable bit
   464                           ;	LPT1OSC = OFF, Timer1 configured for higher power operation
   465                           ;	MCLR Pin Enable bit
   466                           ;	MCLRE = ON, MCLR pin enabled; RE3 input pin disabled
   467  300005                     	org	3145733
   468  300005  81                 	db	129
   469                           
   470                           ;Config register CONFIG4L @ 0x300006
   471                           ;	Stack Full/Underflow Reset Enable bit
   472                           ;	STVREN = ON, Stack full/underflow will cause Reset
   473                           ;	Single-Supply ICSP Enable bit
   474                           ;	LVP = OFF, Single-Supply ICSP disabled
   475                           ;	Dedicated In-Circuit Debug/Programming Port (ICPORT) Enable bit
   476                           ;	ICPRT = OFF, ICPORT disabled
   477                           ;	Extended Instruction Set Enable bit
   478                           ;	XINST = OFF, Instruction set extension and Indexed Addressing mode disabled (Legacy mo
      +                          de)
   479                           ;	Background Debugger Enable bit
   480                           ;	DEBUG = 0x1, unprogrammed default
   481  300006                     	org	3145734
   482  300006  81                 	db	129
   483                           
   484                           ; Padding undefined space
   485  300007                     	org	3145735
   486  300007  FF                 	db	255
   487                           
   488                           ;Config register CONFIG5L @ 0x300008
   489                           ;	Code Protection bit
   490                           ;	CP0 = OFF, Block 0 (000800-001FFFh) is not code-protected
   491                           ;	Code Protection bit
   492                           ;	CP1 = OFF, Block 1 (002000-003FFFh) is not code-protected
   493                           ;	Code Protection bit
   494                           ;	CP2 = OFF, Block 2 (004000-005FFFh) is not code-protected
   495                           ;	Code Protection bit
   496                           ;	CP3 = OFF, Block 3 (006000-007FFFh) is not code-protected
   497  300008                     	org	3145736
   498  300008  0F                 	db	15
   499                           
   500                           ;Config register CONFIG5H @ 0x300009
   501                           ;	Boot Block Code Protection bit
   502                           ;	CPB = OFF, Boot block (000000-0007FFh) is not code-protected
   503                           ;	Data EEPROM Code Protection bit
   504                           ;	CPD = OFF, Data EEPROM is not code-protected
   505  300009                     	org	3145737
   506  300009  C0                 	db	192
   507                           
   508                           ;Config register CONFIG6L @ 0x30000A
   509                           ;	Write Protection bit
   510                           ;	WRT0 = OFF, Block 0 (000800-001FFFh) is not write-protected
   511                           ;	Write Protection bit
   512                           ;	WRT1 = OFF, Block 1 (002000-003FFFh) is not write-protected
   513                           ;	Write Protection bit
   514                           ;	WRT2 = OFF, Block 2 (004000-005FFFh) is not write-protected
   515                           ;	Write Protection bit
   516                           ;	WRT3 = OFF, Block 3 (006000-007FFFh) is not write-protected
   517  30000A                     	org	3145738
   518  30000A  0F                 	db	15
   519                           
   520                           ;Config register CONFIG6H @ 0x30000B
   521                           ;	Configuration Register Write Protection bit
   522                           ;	WRTC = OFF, Configuration registers (300000-3000FFh) are not write-protected
   523                           ;	Boot Block Write Protection bit
   524                           ;	WRTB = OFF, Boot block (000000-0007FFh) is not write-protected
   525                           ;	Data EEPROM Write Protection bit
   526                           ;	WRTD = OFF, Data EEPROM is not write-protected
   527  30000B                     	org	3145739
   528  30000B  E0                 	db	224
   529                           
   530                           ;Config register CONFIG7L @ 0x30000C
   531                           ;	Table Read Protection bit
   532                           ;	EBTR0 = OFF, Block 0 (000800-001FFFh) is not protected from table reads executed in ot
      +                          her blocks
   533                           ;	Table Read Protection bit
   534                           ;	EBTR1 = OFF, Block 1 (002000-003FFFh) is not protected from table reads executed in ot
      +                          her blocks
   535                           ;	Table Read Protection bit
   536                           ;	EBTR2 = OFF, Block 2 (004000-005FFFh) is not protected from table reads executed in ot
      +                          her blocks
   537                           ;	Table Read Protection bit
   538                           ;	EBTR3 = OFF, Block 3 (006000-007FFFh) is not protected from table reads executed in ot
      +                          her blocks
   539  30000C                     	org	3145740
   540  30000C  0F                 	db	15
   541                           
   542                           ;Config register CONFIG7H @ 0x30000D
   543                           ;	Boot Block Table Read Protection bit
   544                           ;	EBTRB = OFF, Boot block (000000-0007FFh) is not protected from table reads executed in
      +                           other blocks
   545  30000D                     	org	3145741
   546  30000D  40                 	db	64
   547                           tosu	equ	0xFFF
   548                           tosh	equ	0xFFE
   549                           tosl	equ	0xFFD
   550                           stkptr	equ	0xFFC
   551                           pclatu	equ	0xFFB
   552                           pclath	equ	0xFFA
   553                           pcl	equ	0xFF9
   554                           tblptru	equ	0xFF8
   555                           tblptrh	equ	0xFF7
   556                           tblptrl	equ	0xFF6
   557                           tablat	equ	0xFF5
   558                           prodh	equ	0xFF4
   559                           prodl	equ	0xFF3
   560                           indf0	equ	0xFEF
   561                           postinc0	equ	0xFEE
   562                           postdec0	equ	0xFED
   563                           preinc0	equ	0xFEC
   564                           plusw0	equ	0xFEB
   565                           fsr0h	equ	0xFEA
   566                           fsr0l	equ	0xFE9
   567                           wreg	equ	0xFE8
   568                           indf1	equ	0xFE7
   569                           postinc1	equ	0xFE6
   570                           postdec1	equ	0xFE5
   571                           preinc1	equ	0xFE4
   572                           plusw1	equ	0xFE3
   573                           fsr1h	equ	0xFE2
   574                           fsr1l	equ	0xFE1
   575                           bsr	equ	0xFE0
   576                           indf2	equ	0xFDF
   577                           postinc2	equ	0xFDE
   578                           postdec2	equ	0xFDD
   579                           preinc2	equ	0xFDC
   580                           plusw2	equ	0xFDB
   581                           fsr2h	equ	0xFDA
   582                           fsr2l	equ	0xFD9
   583                           status	equ	0xFD8

Data Sizes:
    Strings     0
    Constant    0
    Data        6
    BSS         0
    Persistent  0
    Stack       0

Auto Spaces:
    Space          Size  Autos    Used
    COMRAM           95      4      10
    BANK0           160      0       0
    BANK1           256      0       0
    BANK2           256      0       0
    BANK3           256      0       0
    BANK4           256      0       0
    BANK5           256      0       0
    BANK6           256      0       0
    BANK7           256      0       0

Pointer List with Targets:

    None.

Critical Paths under _main in COMRAM

    _main->_pcf8574_write

Critical Paths under _main in BANK0

    None.

Critical Paths under _main in BANK1

    None.

Critical Paths under _main in BANK2

    None.

Critical Paths under _main in BANK3

    None.

Critical Paths under _main in BANK4

    None.

Critical Paths under _main in BANK5

    None.

Critical Paths under _main in BANK6

    None.

Critical Paths under _main in BANK7

    None.

Call Graph Tables:

 ---------------------------------------------------------------------------------
 (Depth) Function   	        Calls       Base Space   Used Autos Params    Refs
 ---------------------------------------------------------------------------------
 (0) _main                                                 3     3      0      60
                                              1 COMRAM     3     3      0
                          _mssp_conf
                      _pcf8574_write
 ---------------------------------------------------------------------------------
 (1) _pcf8574_write                                        1     1      0      15
                                              0 COMRAM     1     1      0
 ---------------------------------------------------------------------------------
 (1) _mssp_conf                                            0     0      0       0
 ---------------------------------------------------------------------------------
 Estimated maximum stack depth 1
 ---------------------------------------------------------------------------------

 Call Graph Graphs:

 _main (ROOT)
   _mssp_conf
   _pcf8574_write

 Address spaces:
Name               Size   Autos  Total    Cost      Usage
BIGRAM             7FF      0       0      21        0.0%
EEDATA             100      0       0       0        0.0%
BITBANK7           100      0       0      18        0.0%
BANK7              100      0       0      19        0.0%
BITBANK6           100      0       0      16        0.0%
BANK6              100      0       0      17        0.0%
BITBANK5           100      0       0      14        0.0%
BANK5              100      0       0      15        0.0%
BITBANK4           100      0       0      12        0.0%
BANK4              100      0       0      13        0.0%
BITBANK3           100      0       0      10        0.0%
BANK3              100      0       0      11        0.0%
BITBANK2           100      0       0       8        0.0%
BANK2              100      0       0       9        0.0%
BITBANK1           100      0       0       6        0.0%
BANK1              100      0       0       7        0.0%
BITBANK0            A0      0       0       4        0.0%
BANK0               A0      0       0       5        0.0%
BITCOMRAM           5F      0       0       0        0.0%
COMRAM              5F      4       A       1       10.5%
BITSFR               0      0       0     200        0.0%
SFR                  0      0       0     200        0.0%
STACK                0      0       0       2        0.0%
NULL                 0      0       0       0        0.0%
ABS                  0      0       A      20        0.0%
DATA                 0      0       A       3        0.0%
CODE                 0      0       0       0        0.0%


Microchip Technology PIC18 Macro Assembler V2.32 build 20210201212658 
Symbol Table                                                                                   Wed Jun 09 18:31:42 2021

            _SSPSTATbits 000FC7                       l20 7FA0                       l23 7FB2  
                     l32 7FE0                       l17 7F28                       l34 7FEE  
                     l26 7FC0                       l35 7FF0                       l29 7FD2  
                     l38 7FFE                       u10 7FAE                       u11 7FAA  
                     u20 7FC0                       u21 7FBC                       u30 7FCE  
                     u31 7FCA                       u40 7FE0                       u41 7FDC  
                     u50 7FEE                       u51 7FEA                       u60 7FFE  
                     u61 7FFA                       u70 7F94                       u71 7F90  
                     u87 7F74                      l730 7FAE                      l724 7F1A  
                    l732 7FCE                      l726 7F24                      l750 7F84  
                    l734 7F50                      l728 7F9E                      l744 7F58  
                    l736 7F54                      l746 7F6A                      l738 7F54  
                    l748 7F82                      wreg 000FE8    __end_of_pcf8574_write 8000  
                   _main 7F50                     indf2 000FDF                     fsr1l 000FE1  
                   fsr2l 000FD9                     start 0000             ___param_bank 000000  
                  ?_main 0007                    main@x 000A                    tablat 000FF5  
        __initialization 7F2A             __end_of_main 7F9C                   ??_main 0008  
          __activetblptr 000000                   _SSPADD 000FC8                   _SSPBUF 000FC9  
                 _cuenta 0001                   isa$std 000001             __pdataCOMRAM 0001  
                 tblptrh 000FF7                   tblptrl 000FF6                   tblptru 000FF8  
             __accesstop 0060  __end_of__initialization 7F4A            ___rparam_used 000001  
         __pcstackCOMRAM 0007       __size_of_mssp_conf 0010                  __Hparam 0000  
                __Lparam 0000   __size_of_pcf8574_write 0064                  __pcinit 7F2A  
                __ramtop 0800                  __ptext0 7F50                  __ptext1 7F9C  
                __ptext2 7F1A     end_of_initialization 7F4A        __end_of_mssp_conf 7F2A  
                postdec1 000FE5                  postinc0 000FEE            _pcf8574_write 7F9C  
      pcf8574_write@data 0007            __pidataCOMRAM 7F14      start_initialization 7F2A  
         ?_pcf8574_write 0007          ??_pcf8574_write 0007                _mssp_conf 7F1A  
              copy_data0 7F3E                 __Hrparam 0000                 __Lrparam 0000  
             ?_mssp_conf 0007            __size_of_main 004C                 isa$xinst 000000  
            ??_mssp_conf 0007              _SSPCON1bits 000FC6              _SSPCON2bits 000FC5  
