

Microchip MPLAB XC8 Assembler V2.05 build -831301201 
                                                                                               Tue Jun 04 21:04:51 2019

Microchip MPLAB XC8 C Compiler v2.05 (Free license) build 20181220022703 Og1 
     1                           	processor	18F4550
     2                           	fnconf	rparam,??,?,0
     3                           	opt	pw 120
     4                           	opt	flic
     5                           	psect	idataCOMRAM,global,class=CODE,delta=1,noexec
     6                           	psect	cinit,global,reloc=2,class=CODE,delta=1
     7                           	psect	dataCOMRAM,global,class=COMRAM,space=1,delta=1,noexec
     8                           	psect	cstackCOMRAM,global,class=COMRAM,space=1,delta=1,noexec
     9                           	psect	text0,global,reloc=2,class=CODE,delta=1
    10                           	psect	intcode,global,reloc=2,class=CODE,delta=1
    11                           	psect	intcode_body,global,reloc=2,class=CODE,delta=1
    12                           	psect	intsave_regs,global,class=BIGRAM,space=1,delta=1,noexec
    13                           	psect	rparam,global,class=COMRAM,space=1,delta=1,noexec
    14                           	psect	temp,global,ovrld,common,class=COMRAM,space=1,delta=1
    15  0000                     
    16                           ; Version 2.05
    17                           ; Generated 20/12/2018 GMT
    18                           ; 
    19                           ; Copyright © 2018, Microchip Technology Inc. and its subsidiaries ("Microchip")
    20                           ; All rights reserved.
    21                           ; 
    22                           ; This software is developed by Microchip Technology Inc. and its subsidiaries ("Microch
      +                          ip").
    23                           ; 
    24                           ; Redistribution and use in source and binary forms, with or without modification, are
    25                           ; permitted provided that the following conditions are met:
    26                           ; 
    27                           ;     1. Redistributions of source code must retain the above copyright notice, this lis
      +                          t of
    28                           ;        conditions and the following disclaimer.
    29                           ; 
    30                           ;     2. Redistributions in binary form must reproduce the above copyright notice, this 
      +                          list
    31                           ;        of conditions and the following disclaimer in the documentation and/or other
    32                           ;        materials provided with the distribution.
    33                           ; 
    34                           ;     3. Microchip's name may not be used to endorse or promote products derived from th
      +                          is
    35                           ;        software without specific prior written permission.
    36                           ; 
    37                           ; THIS SOFTWARE IS PROVIDED BY MICROCHIP "AS IS" AND ANY EXPRESS OR IMPLIED WARRANTIES,
    38                           ; INCLUDING, BUT NOT LIMITED TO, THE IMPLIED WARRANTIES OF MERCHANTABILITY AND FITNESS F
      +                          OR
    39                           ; PURPOSE ARE DISCLAIMED.  IN NO EVENT SHALL MICROCHIP BE LIABLE FOR ANY DIRECT, INDIREC
      +                          T,
    40                           ; INCIDENTAL, SPECIAL, EXEMPLARY, OR CONSEQUENTIAL DAMAGES (INCLUDING BUT NOT LIMITED TO
    41                           ; PROCUREMENT OF SUBSTITUTE GOODS OR SERVICES; LOSS OF USE, DATA OR PROFITS; OR BUSINESS
    42                           ; INTERRUPTION) HOWSOEVER CAUSED AND ON ANY THEORY OF LIABILITY, WHETHER IN CONTRACT, ST
      +                          RICT
    43                           ; LIABILITY, OR TORT (INCLUDING NEGLIGENCE OR OTHERWISE) ARISING IN ANY WAY OUT OF THE U
      +                          SE OF
    44                           ; THIS SOFTWARE, EVEN IF ADVISED OF THE POSSIBILITY OF SUCH DAMAGE.
    45                           ; 
    46                           ; 
    47                           ; Code-generator required, PIC18F4550 Definitions
    48                           ; 
    49                           ; SFR Addresses
    50  0000                     
    51                           	psect	idataCOMRAM
    52  00008A                     __pidataCOMRAM:
    53                           	opt callstack 0
    54                           
    55                           ;initializer for _cadena
    56  00008A  4D                 	db	77
    57  00008B  61                 	db	97
    58  00008C  63                 	db	99
    59  00008D  68                 	db	104
    60  00008E  75                 	db	117
    61  00008F  63                 	db	99
    62  000090  61                 	db	97
    63  000091  20                 	db	32
    64  000092  41                 	db	65
    65  000093  20                 	db	32
    66  000094  70                 	db	112
    67  000095  61                 	db	97
    68  000096  72                 	db	114
    69  000097  61                 	db	97
    70  000098  20                 	db	32
    71  000099  70                 	db	112
    72  00009A  72                 	db	114
    73  00009B  65                 	db	101
    74  00009C  6E                 	db	110
    75  00009D  64                 	db	100
    76  00009E  65                 	db	101
    77  00009F  72                 	db	114
    78  0000A0  20                 	db	32
    79  0000A1  4C                 	db	76
    80  0000A2  45                 	db	69
    81  0000A3  44                 	db	68
    82  0000A4  2C                 	db	44
    83  0000A5  20                 	db	32
    84  0000A6  42                 	db	66
    85  0000A7  20                 	db	32
    86  0000A8  70                 	db	112
    87  0000A9  61                 	db	97
    88  0000AA  72                 	db	114
    89  0000AB  61                 	db	97
    90  0000AC  20                 	db	32
    91  0000AD  61                 	db	97
    92  0000AE  70                 	db	112
    93  0000AF  61                 	db	97
    94  0000B0  67                 	db	103
    95  0000B1  61                 	db	97
    96  0000B2  72                 	db	114
    97  0000B3  6C                 	db	108
    98  0000B4  6F                 	db	111
    99  0000B5  00                 	db	0
   100  0000                     _LATDbits	set	3980
   101  0000                     _RCREG	set	4014
   102  0000                     _PIR1bits	set	3998
   103  0000                     _TXREG	set	4013
   104  0000                     _PIE1bits	set	3997
   105  0000                     _INTCONbits	set	4082
   106  0000                     _RCSTAbits	set	4011
   107  0000                     _SPBRGH	set	4016
   108  0000                     _SPBRG	set	4015
   109  0000                     _TXSTAbits	set	4012
   110  0000                     _BAUDCONbits	set	4024
   111  0000                     _TRISCbits	set	3988
   112  0000                     _TRISDbits	set	3989
   113                           
   114                           ; #config settings
   115  0000                     
   116                           	psect	cinit
   117  0000B6                     __pcinit:
   118                           	opt callstack 0
   119  0000B6                     start_initialization:
   120                           	opt callstack 0
   121  0000B6                     __initialization:
   122                           	opt callstack 0
   123                           
   124                           ; Initialize objects allocated to COMRAM (44 bytes)
   125                           ; load TBLPTR registers with __pidataCOMRAM
   126  0000B6  0E8A               	movlw	low __pidataCOMRAM
   127  0000B8  6EF6               	movwf	tblptrl,c
   128  0000BA  0E00               	movlw	high __pidataCOMRAM
   129  0000BC  6EF7               	movwf	tblptrh,c
   130  0000BE  0E00               	movlw	low (__pidataCOMRAM shr (0+16))
   131  0000C0  6EF8               	movwf	tblptru,c
   132  0000C2  EE00  F001         	lfsr	0,__pdataCOMRAM
   133  0000C6  EE10 F02C          	lfsr	1,44
   134  0000CA                     copy_data0:
   135  0000CA  0009               	tblrd		*+
   136  0000CC  CFF5 FFEE          	movff	tablat,postinc0
   137  0000D0  50E5               	movf	postdec1,w,c
   138  0000D2  50E1               	movf	fsr1l,w,c
   139  0000D4  E1FA               	bnz	copy_data0
   140  0000D6                     end_of_initialization:
   141                           	opt callstack 0
   142  0000D6                     __end_of__initialization:
   143                           	opt callstack 0
   144  0000D6  9031               	bcf	int$flags,0,c	;clear compiler interrupt flag (level 1)
   145  0000D8  9231               	bcf	int$flags,1,c	;clear compiler interrupt flag (level 2)
   146  0000DA  0100               	movlb	0
   147  0000DC  EF09  F000         	goto	_main	;jump to C main() function
   148                           
   149                           	psect	dataCOMRAM
   150  000001                     __pdataCOMRAM:
   151                           	opt callstack 0
   152  000001                     _cadena:
   153                           	opt callstack 0
   154  000001                     	ds	44
   155                           
   156                           	psect	cstackCOMRAM
   157  00002D                     __pcstackCOMRAM:
   158                           	opt callstack 0
   159  00002D                     ??_main:
   160  00002D                     
   161                           ; 1 bytes @ 0x0
   162  00002D                     	ds	2
   163  00002F                     main@c:
   164                           	opt callstack 0
   165                           
   166                           ; 2 bytes @ 0x2
   167  00002F                     	ds	2
   168                           
   169 ;;
   170 ;;Main: autosize = 0, tempsize = 2, incstack = 0, save=0
   171 ;;
   172 ;; *************** function _main *****************
   173 ;; Defined at:
   174 ;;		line 19 in file "tengohambre.c"
   175 ;; Parameters:    Size  Location     Type
   176 ;;		None
   177 ;; Auto vars:     Size  Location     Type
   178 ;;  c               2    2[COMRAM] int 
   179 ;; Return value:  Size  Location     Type
   180 ;;                  1    wreg      void 
   181 ;; Registers used:
   182 ;;		wreg, fsr2l, fsr2h, status,2, status,0
   183 ;; Tracked objects:
   184 ;;		On entry : 0/0
   185 ;;		On exit  : 0/0
   186 ;;		Unchanged: 0/0
   187 ;; Data sizes:     COMRAM   BANK0   BANK1   BANK2   BANK3   BANK4   BANK5   BANK6   BANK7
   188 ;;      Params:         0       0       0       0       0       0       0       0       0
   189 ;;      Locals:         2       0       0       0       0       0       0       0       0
   190 ;;      Temps:          2       0       0       0       0       0       0       0       0
   191 ;;      Totals:         4       0       0       0       0       0       0       0       0
   192 ;;Total ram usage:        4 bytes
   193 ;; Hardware stack levels required when called:    1
   194 ;; This function calls:
   195 ;;		Nothing
   196 ;; This function is called by:
   197 ;;		Startup code after reset
   198 ;; This function uses a non-reentrant model
   199 ;;
   200                           
   201                           	psect	text0
   202  000012                     __ptext0:
   203                           	opt callstack 0
   204  000012                     _main:
   205                           	opt callstack 30
   206                           
   207                           ;tengohambre.c: 20:     TRISDbits.RD0 = 0;
   208                           
   209                           ;incstack = 0
   210  000012  9095               	bcf	3989,0,c	;volatile
   211                           
   212                           ;tengohambre.c: 21:     TRISCbits.RC6 = 0;
   213  000014  9C94               	bcf	3988,6,c	;volatile
   214                           
   215                           ;tengohambre.c: 22:     BAUDCONbits.BRG16 = 0;
   216  000016  96B8               	bcf	4024,3,c	;volatile
   217                           
   218                           ;tengohambre.c: 23:     TXSTAbits.SYNC = 0;
   219  000018  98AC               	bcf	4012,4,c	;volatile
   220                           
   221                           ;tengohambre.c: 24:     TXSTAbits.BRGH = 0;
   222  00001A  94AC               	bcf	4012,2,c	;volatile
   223                           
   224                           ;tengohambre.c: 25:     SPBRG = 77;
   225  00001C  0E4D               	movlw	77
   226  00001E  6EAF               	movwf	4015,c	;volatile
   227                           
   228                           ;tengohambre.c: 26:     SPBRGH = 0;
   229  000020  0E00               	movlw	0
   230  000022  6EB0               	movwf	4016,c	;volatile
   231                           
   232                           ;tengohambre.c: 27:     RCSTAbits.SPEN = 1;
   233  000024  8EAB               	bsf	4011,7,c	;volatile
   234                           
   235                           ;tengohambre.c: 28:     RCSTAbits.CREN = 1;
   236  000026  88AB               	bsf	4011,4,c	;volatile
   237                           
   238                           ;tengohambre.c: 29:     TXSTAbits.TXEN = 1;
   239  000028  8AAC               	bsf	4012,5,c	;volatile
   240                           
   241                           ;tengohambre.c: 30:     INTCONbits.GIE = 1;
   242  00002A  8EF2               	bsf	4082,7,c	;volatile
   243                           
   244                           ;tengohambre.c: 31:     INTCONbits.PEIE = 1;
   245  00002C  8CF2               	bsf	4082,6,c	;volatile
   246                           
   247                           ;tengohambre.c: 32:     PIE1bits.RC1IE = 1;
   248  00002E  8A9D               	bsf	3997,5,c	;volatile
   249  000030                     l35:
   250                           
   251                           ;tengohambre.c: 35:         for (int c=0;c<43;c++) {
   252  000030  0E00               	movlw	0
   253  000032  6E30               	movwf	main@c+1,c
   254  000034  0E00               	movlw	0
   255  000036  6E2F               	movwf	main@c,c
   256  000038                     l753:
   257                           
   258                           ;tengohambre.c: 36:             TXREG = cadena[c];
   259  000038  0E01               	movlw	low _cadena
   260  00003A  242F               	addwf	main@c,w,c
   261  00003C  6ED9               	movwf	fsr2l,c
   262  00003E  0E00               	movlw	high _cadena
   263  000040  2030               	addwfc	main@c+1,w,c
   264  000042  6EDA               	movwf	fsr2h,c
   265  000044  50DF               	movf	indf2,w,c
   266  000046  6EAD               	movwf	4013,c	;volatile
   267  000048                     l38:
   268  000048  A2AC               	btfss	4012,1,c	;volatile
   269  00004A  D7FE               	goto	l38
   270                           
   271                           ;tengohambre.c: 38:         }
   272  00004C  4A2F               	infsnz	main@c,f,c
   273  00004E  2A30               	incf	main@c+1,f,c
   274  000050  BE30               	btfsc	main@c+1,7,c
   275  000052  D7F2               	goto	l753
   276  000054  5030               	movf	main@c+1,w,c
   277  000056  E104               	bnz	u20
   278  000058  0E2B               	movlw	43
   279  00005A  5C2F               	subwf	main@c,w,c
   280  00005C  A0D8               	btfss	status,0,c
   281  00005E  D7EC               	goto	l753
   282  000060                     u20:
   283                           
   284                           ;tengohambre.c: 39:         TXREG = 0x0A;
   285  000060  0E0A               	movlw	10
   286  000062  6EAD               	movwf	4013,c	;volatile
   287  000064                     l41:
   288  000064  A2AC               	btfss	4012,1,c	;volatile
   289  000066  D7FE               	goto	l41
   290                           
   291                           ;tengohambre.c: 41:         TXREG = 0x0D;
   292  000068  0E0D               	movlw	13
   293  00006A  6EAD               	movwf	4013,c	;volatile
   294  00006C                     l44:
   295  00006C  A2AC               	btfss	4012,1,c	;volatile
   296  00006E  D7FE               	goto	l44
   297                           
   298                           ;tengohambre.c: 43:         _delay((unsigned long)((500)*(48000000UL/4000.0)));
   299  000070  0E1F               	movlw	31
   300  000072  6E2E               	movwf	(??_main+1)& (0+255),c
   301  000074  0E71               	movlw	113
   302  000076  6E2D               	movwf	??_main& (0+255),c
   303  000078  0E1E               	movlw	30
   304  00007A                     u77:
   305  00007A  2EE8               	decfsz	wreg,f,c
   306  00007C  D7FE               	bra	u77
   307  00007E  2E2D               	decfsz	??_main& (0+255),f,c
   308  000080  D7FC               	bra	u77
   309  000082  2E2E               	decfsz	(??_main+1)& (0+255),f,c
   310  000084  D7FA               	bra	u77
   311  000086  D000               	nop2	
   312  000088  D7D3               	goto	l35
   313  00008A                     __end_of_main:
   314                           	opt callstack 0
   315                           
   316 ;; *************** function _RCIsr *****************
   317 ;; Defined at:
   318 ;;		line 47 in file "tengohambre.c"
   319 ;; Parameters:    Size  Location     Type
   320 ;;		None
   321 ;; Auto vars:     Size  Location     Type
   322 ;;		None
   323 ;; Return value:  Size  Location     Type
   324 ;;                  1    wreg      void 
   325 ;; Registers used:
   326 ;;		wreg, status,2, status,0
   327 ;; Tracked objects:
   328 ;;		On entry : 0/0
   329 ;;		On exit  : 0/0
   330 ;;		Unchanged: 0/0
   331 ;; Data sizes:     COMRAM   BANK0   BANK1   BANK2   BANK3   BANK4   BANK5   BANK6   BANK7
   332 ;;      Params:         0       0       0       0       0       0       0       0       0
   333 ;;      Locals:         0       0       0       0       0       0       0       0       0
   334 ;;      Temps:          0       0       0       0       0       0       0       0       0
   335 ;;      Totals:         0       0       0       0       0       0       0       0       0
   336 ;;Total ram usage:        0 bytes
   337 ;; Hardware stack levels used:    1
   338 ;; This function calls:
   339 ;;		Nothing
   340 ;; This function is called by:
   341 ;;		Interrupt level 2
   342 ;; This function uses a non-reentrant model
   343 ;;
   344                           
   345                           	psect	intcode
   346  000008                     __pintcode:
   347                           	opt callstack 0
   348  000008                     _RCIsr:
   349                           	opt callstack 30
   350                           
   351                           ;incstack = 0
   352  000008  8231               	bsf	btemp,1,c	;set compiler interrupt flag (level 2)
   353  00000A  ED70  F000         	call	int_func,f	;refresh shadow registers
   354                           
   355                           	psect	intcode_body
   356  0000E0                     __pintcode_body:
   357                           	opt callstack 30
   358  0000E0                     int_func:
   359                           	opt callstack 30
   360  0000E0  0006               	pop		; remove dummy address from shadow register refresh
   361                           
   362                           ;tengohambre.c: 48:     PIR1bits.RC1IF = 0;
   363  0000E2  9A9E               	bcf	3998,5,c	;volatile
   364                           
   365                           ;tengohambre.c: 49:     if (RCREG == 0x61){
   366  0000E4  0E61               	movlw	97
   367  0000E6  18AE               	xorwf	4014,w,c	;volatile
   368  0000E8  A4D8               	btfss	status,2,c
   369  0000EA  D002               	goto	i2l771
   370                           
   371                           ;tengohambre.c: 50:         LATDbits.LD0 = 1;
   372  0000EC  808C               	bsf	3980,0,c	;volatile
   373                           
   374                           ;tengohambre.c: 51:     }
   375  0000EE  D004               	goto	i2l57
   376  0000F0                     i2l771:
   377  0000F0  0E62               	movlw	98
   378  0000F2  18AE               	xorwf	4014,w,c	;volatile
   379  0000F4  B4D8               	btfsc	status,2,c
   380                           
   381                           ;tengohambre.c: 53:         LATDbits.LD0 = 0;
   382  0000F6  908C               	bcf	3980,0,c	;volatile
   383  0000F8                     i2l57:
   384  0000F8  9231               	bcf	btemp,1,c	;clear compiler interrupt flag (level 2)
   385  0000FA  0011               	retfie		f
   386  0000FC                     __end_of_RCIsr:
   387                           	opt callstack 0
   388  0000                     
   389                           	psect	rparam
   390  0000                     
   391                           	psect	temp
   392  000031                     btemp:
   393                           	opt callstack 0
   394  000031                     	ds	1
   395  0000                     int$flags	set	btemp
   396  0000                     wtemp8	set	btemp+1
   397  0000                     ttemp5	set	btemp+1
   398  0000                     ttemp6	set	btemp+4
   399  0000                     ttemp7	set	btemp+8
   400                           tosu	equ	0xFFF
   401                           tosh	equ	0xFFE
   402                           tosl	equ	0xFFD
   403                           stkptr	equ	0xFFC
   404                           pclatu	equ	0xFFB
   405                           pclath	equ	0xFFA
   406                           pcl	equ	0xFF9
   407                           tblptru	equ	0xFF8
   408                           tblptrh	equ	0xFF7
   409                           tblptrl	equ	0xFF6
   410                           tablat	equ	0xFF5
   411                           prodh	equ	0xFF4
   412                           prodl	equ	0xFF3
   413                           indf0	equ	0xFEF
   414                           postinc0	equ	0xFEE
   415                           postdec0	equ	0xFED
   416                           preinc0	equ	0xFEC
   417                           plusw0	equ	0xFEB
   418                           fsr0h	equ	0xFEA
   419                           fsr0l	equ	0xFE9
   420                           wreg	equ	0xFE8
   421                           indf1	equ	0xFE7
   422                           postinc1	equ	0xFE6
   423                           postdec1	equ	0xFE5
   424                           preinc1	equ	0xFE4
   425                           plusw1	equ	0xFE3
   426                           fsr1h	equ	0xFE2
   427                           fsr1l	equ	0xFE1
   428                           bsr	equ	0xFE0
   429                           indf2	equ	0xFDF
   430                           postinc2	equ	0xFDE
   431                           postdec2	equ	0xFDD
   432                           preinc2	equ	0xFDC
   433                           plusw2	equ	0xFDB
   434                           fsr2h	equ	0xFDA
   435                           fsr2l	equ	0xFD9
   436                           status	equ	0xFD8


Data Sizes:
    Strings     0
    Constant    0
    Data        44
    BSS         0
    Persistent  0
    Stack       0

Auto Spaces:
    Space          Size  Autos    Used
    COMRAM           94      4      48
    BANK0           160      0       0
    BANK1           256      0       0
    BANK2           256      0       0
    BANK3           256      0       0
    BANK4           256      0       0
    BANK5           256      0       0
    BANK6           256      0       0
    BANK7           256      0       0

Pointer List with Targets:

    None.

Critical Paths under _main in COMRAM

    None.

Critical Paths under _RCIsr in COMRAM

    None.

Critical Paths under _main in BANK0

    None.

Critical Paths under _RCIsr in BANK0

    None.

Critical Paths under _main in BANK1

    None.

Critical Paths under _RCIsr in BANK1

    None.

Critical Paths under _main in BANK2

    None.

Critical Paths under _RCIsr in BANK2

    None.

Critical Paths under _main in BANK3

    None.

Critical Paths under _RCIsr in BANK3

    None.

Critical Paths under _main in BANK4

    None.

Critical Paths under _RCIsr in BANK4

    None.

Critical Paths under _main in BANK5

    None.

Critical Paths under _RCIsr in BANK5

    None.

Critical Paths under _main in BANK6

    None.

Critical Paths under _RCIsr in BANK6

    None.

Critical Paths under _main in BANK7

    None.

Critical Paths under _RCIsr in BANK7

    None.

Call Graph Tables:

 ---------------------------------------------------------------------------------
 (Depth) Function   	        Calls       Base Space   Used Autos Params    Refs
 ---------------------------------------------------------------------------------
 (0) _main                                                 4     4      0      45
                                              0 COMRAM     4     4      0
 ---------------------------------------------------------------------------------
 Estimated maximum stack depth 0
 ---------------------------------------------------------------------------------
 (Depth) Function   	        Calls       Base Space   Used Autos Params    Refs
 ---------------------------------------------------------------------------------
 (1) _RCIsr                                                0     0      0       0
 ---------------------------------------------------------------------------------
 Estimated maximum stack depth 1
 ---------------------------------------------------------------------------------

 Call Graph Graphs:

 _main (ROOT)

 _RCIsr (ROOT)

 Address spaces:
Name               Size   Autos  Total    Cost      Usage
BIGRAM             7FF      0       0      21        0.0%
EEDATA             100      0       0       0        0.0%
BITBANK7           100      0       0      18        0.0%
BANK7              100      0       0      19        0.0%
BITBANK6           100      0       0      16        0.0%
BANK6              100      0       0      17        0.0%
BITBANK5           100      0       0      14        0.0%
BANK5              100      0       0      15        0.0%
BITBANK4           100      0       0      12        0.0%
BANK4              100      0       0      13        0.0%
BITBANK3           100      0       0      10        0.0%
BANK3              100      0       0      11        0.0%
BITBANK2           100      0       0       8        0.0%
BANK2              100      0       0       9        0.0%
BITBANK1           100      0       0       6        0.0%
BANK1              100      0       0       7        0.0%
BITBANK0            A0      0       0       4        0.0%
BANK0               A0      0       0       5        0.0%
BITCOMRAM           5E      0       0       0        0.0%
COMRAM              5E      4      30       1       51.1%
BITSFR               0      0       0     200        0.0%
SFR                  0      0       0     200        0.0%
STACK                0      0       0       2        0.0%
NULL                 0      0       0       0        0.0%
ABS                  0      0      30      20        0.0%
DATA                 0      0      30       3        0.0%
CODE                 0      0       0       0        0.0%


Microchip Technology PIC18 Macro Assembler V2.05 build -831301201 
Symbol Table                                                                                   Tue Jun 04 21:04:51 2019

                     l41 0064                       l35 0030                       l44 006C  
                     l38 0048                       u20 0060                       u77 007A  
     __CFG_FOSC$XTPLL_XT 000000                      l753 0038             __CFG_BOR$OFF 000000  
                    wreg 000FE8             __CFG_LVP$OFF 000000             __CFG_WDT$OFF 000000  
                   i2l57 00F8             __CFG_PWRT$ON 000000                     _main 0012  
                   indf2 000FDF                     fsr1l 000FE1                     fsr2l 000FD9  
                   btemp 0031                     start 000E            __CFG_MCLRE$ON 000000  
           ___param_bank 000000            __CFG_PLLDIV$1 000000           __CFG_CCP2MX$ON 000000  
                  ?_main 002D                    i2l771 00F0                    _RCREG 000FAE  
                  _SPBRG 000FAF                    _RCIsr 0008                    _TXREG 000FAD  
                  main@c 002F                    tablat 000FF5                    ttemp5 0032  
                  ttemp6 0035                    ttemp7 0039                    status 000FD8  
                  wtemp8 0032          __initialization 00B6             __end_of_main 008A  
                 ??_main 002D            __activetblptr 000000                   ?_RCIsr 002D  
                 _SPBRGH 000FB0                   _cadena 0001             __pdataCOMRAM 0001  
                 tblptrh 000FF7                   tblptrl 000FF6                   tblptru 000FF8  
             __accesstop 0060  __end_of__initialization 00D6          __CFG_PBADEN$OFF 000000  
          ___rparam_used 000001            __end_of_RCIsr 00FC           __pcstackCOMRAM 002D  
                ??_RCIsr 002D                  __Hparam 0000                  __Lparam 0000  
                __pcinit 00B6                  __ramtop 0800                  __ptext0 0012  
         __pintcode_body 00E0     end_of_initialization 00D6                  int_func 00E0  
              _RCSTAbits 000FAB                  postdec1 000FE5                  postinc0 000FEE  
              _TRISCbits 000F94                _TRISDbits 000F95                _TXSTAbits 000FAC  
            _BAUDCONbits 000FB8            __pidataCOMRAM 008A      start_initialization 00B6  
              __pintcode 0008           __size_of_RCIsr 00F4                 _LATDbits 000F8C  
               _PIE1bits 000F9D                 _PIR1bits 000F9E                copy_data0 00CA  
               __Hrparam 0000                 __Lrparam 0000            __size_of_main 0078  
               int$flags 0031    __CFG_CPUDIV$OSC1_PLL2 000000               _INTCONbits 000FF2  
               intlevel2 0000  
